<?xml version="1.0" encoding="UTF-8"?>
<!-- Generated by org.testng.reporters.JUnitReportReporter -->
<testsuite hostname="DESKTOP-CLFL9AL" failures="0" tests="5" name="SPZilaSainikBoard.IndianArmedForcesTestCase" time="20.673" errors="0" timestamp="2023-05-02T08:58:03 IST" skipped="0">
  <testcase classname="SPZilaSainikBoard.IndianArmedForcesTestCase" name="allservicesnavigation" time="9.878"/>
  <system-out/>
  <testcase classname="SPZilaSainikBoard.IndianArmedForcesTestCase" name="IndianArmedForcesnavigation" time="5.108"/>
  <system-out/>
  <testcase classname="SPZilaSainikBoard.IndianArmedForcesTestCase" name="IndianArmedForces1TestCases" time="4.285"/>
  <system-out/>
  <testcase classname="SPZilaSainikBoard.IndianArmedForcesTestCase" name="IndianArmedForces2TestCase" time="0.183"/>
  <system-out/>
  <testcase classname="SPZilaSainikBoard.IndianArmedForcesTestCase" name="IMbacktodirectory" time="1.219"/>
  <system-out/>
</testsuite> <!-- SPZilaSainikBoard.IndianArmedForcesTestCase -->
