<?xml version="1.0" encoding="UTF-8"?>
<!-- Generated by org.testng.reporters.JUnitReportReporter -->
<testsuite hostname="DESKTOP-CLFL9AL" failures="0" tests="5" name="InspireManak.InspireManakAwardSanctionsbyDSTTestCases" time="0.001" errors="0" timestamp="2022-12-18T16:48:57 IST" skipped="5">
  <testcase classname="InspireManak.InspireManakAwardSanctionsbyDSTTestCases" name="allservicesnavigation" time="0.000">
    <skipped/>
  </testcase> <!-- allservicesnavigation -->
  <system-out/>
  <testcase classname="InspireManak.InspireManakAwardSanctionsbyDSTTestCases" name="InspireManakdepartmentnavigation" time="0.000">
    <skipped/>
  </testcase> <!-- InspireManakdepartmentnavigation -->
  <system-out/>
  <testcase classname="InspireManak.InspireManakAwardSanctionsbyDSTTestCases" name="InspireManakAwardsSanctionsbyDSTdetails" time="0.000">
    <skipped/>
  </testcase> <!-- InspireManakAwardsSanctionsbyDSTdetails -->
  <system-out/>
  <testcase classname="InspireManak.InspireManakAwardSanctionsbyDSTTestCases" name="InspireManakAwardsSanctionsbyDSTfilter" time="0.001">
    <skipped/>
  </testcase> <!-- InspireManakAwardsSanctionsbyDSTfilter -->
  <system-out/>
  <testcase classname="InspireManak.InspireManakAwardSanctionsbyDSTTestCases" name="IMbacktodirectory" time="0.000">
    <skipped/>
  </testcase> <!-- IMbacktodirectory -->
  <system-out/>
</testsuite> <!-- InspireManak.InspireManakAwardSanctionsbyDSTTestCases -->
