<?xml version="1.0" encoding="UTF-8"?>
<!-- Generated by org.testng.reporters.JUnitReportReporter -->
<testsuite hostname="DESKTOP-CLFL9AL" failures="0" tests="8" name="SPAgricultureDepartment.OnlineSubmissionTestCases" time="28.942" errors="0" timestamp="2024-04-12T00:35:51 IST" skipped="0">
  <testcase classname="SPAgricultureDepartment.OnlineSubmissionTestCases" name="allservicesnavigation" time="6.587"/>
  <system-out/>
  <testcase classname="SPAgricultureDepartment.OnlineSubmissionTestCases" name="DeptNavigation" time="4.495"/>
  <system-out/>
  <testcase classname="SPAgricultureDepartment.OnlineSubmissionTestCases" name="Seeinfoclick" time="3.000"/>
  <system-out/>
  <testcase classname="SPAgricultureDepartment.OnlineSubmissionTestCases" name="VisitServiceclick" time="5.330"/>
  <system-out/>
  <testcase classname="SPAgricultureDepartment.OnlineSubmissionTestCases" name="refreshpage" time="4.765"/>
  <system-out/>
  <testcase classname="SPAgricultureDepartment.OnlineSubmissionTestCases" name="ServiceNavigationTestCase" time="4.378"/>
  <system-out/>
  <testcase classname="SPAgricultureDepartment.OnlineSubmissionTestCases" name="ServicePlusPageTestCase" time="0.205"/>
  <system-out/>
  <testcase classname="SPAgricultureDepartment.OnlineSubmissionTestCases" name="IMbacktodirectory" time="0.182"/>
  <system-out/>
</testsuite> <!-- SPAgricultureDepartment.OnlineSubmissionTestCases -->
