<?xml version="1.0" encoding="UTF-8"?>
<!-- Generated by org.testng.reporters.JUnitReportReporter -->
<testsuite hostname="IN3241737W1" failures="0" tests="5" name="UMANG.Cowintest.PMAYGFTOtrackingnumber" time="8.685" errors="0" timestamp="2022-07-13T12:43:14 IST" skipped="0">
  <testcase classname="UMANG.Cowintest.PMAYGFTOtrackingnumber" name="ServcieDirectorynavigation" time="0.892"/>
  <system-out/>
  <testcase classname="UMANG.Cowintest.PMAYGFTOtrackingnumber" name="PMAYGdepartmentnavigation" time="0.973"/>
  <system-out/>
  <testcase classname="UMANG.Cowintest.PMAYGFTOtrackingnumber" name="FTOServiceNavigation" time="2.650"/>
  <system-out/>
  <testcase classname="UMANG.Cowintest.PMAYGFTOtrackingnumber" name="FTOtrackingnumber" time="2.310"/>
  <system-out/>
  <testcase classname="UMANG.Cowintest.PMAYGFTOtrackingnumber" name="FTOtoPFMSnavigation" time="1.860"/>
  <system-out/>
</testsuite> <!-- UMANG.Cowintest.PMAYGFTOtrackingnumber -->
