<?xml version="1.0" encoding="UTF-8"?>
<!-- Generated by org.testng.reporters.JUnitReportReporter -->
<testsuite hostname="DESKTOP-CLFL9AL" failures="0" tests="6" name="NTA.NTAICCRAIEEAPGTestCases" time="0.001" errors="0" timestamp="2022-12-18T16:49:00 IST" skipped="6">
  <testcase classname="NTA.NTAICCRAIEEAPGTestCases" name="allservicesnavigation" time="0.000">
    <skipped/>
  </testcase> <!-- allservicesnavigation -->
  <system-out/>
  <testcase classname="NTA.NTAICCRAIEEAPGTestCases" name="NTAdeptnavigation" time="0.000">
    <skipped/>
  </testcase> <!-- NTAdeptnavigation -->
  <system-out/>
  <testcase classname="NTA.NTAICCRAIEEAPGTestCases" name="NTAICCRAIEEAPGConfirmationdetailsServiceNavigation" time="0.000">
    <skipped/>
  </testcase> <!-- NTAICCRAIEEAPGConfirmationdetailsServiceNavigation -->
  <system-out/>
  <testcase classname="NTA.NTAICCRAIEEAPGTestCases" name="NTAICCRAIEEAPGconfirmationdetailsvisible" time="0.000">
    <skipped/>
  </testcase> <!-- NTAICCRAIEEAPGconfirmationdetailsvisible -->
  <system-out/>
  <testcase classname="NTA.NTAICCRAIEEAPGTestCases" name="NTAICCRAIEEAPGConfirmationdetailsdownloaddetails" time="0.001">
    <skipped/>
  </testcase> <!-- NTAICCRAIEEAPGConfirmationdetailsdownloaddetails -->
  <system-out/>
  <testcase classname="NTA.NTAICCRAIEEAPGTestCases" name="NTAbacktodirectory" time="0.000">
    <skipped/>
  </testcase> <!-- NTAbacktodirectory -->
  <system-out/>
</testsuite> <!-- NTA.NTAICCRAIEEAPGTestCases -->
