<?xml version="1.0" encoding="UTF-8"?>
<!-- Generated by org.testng.reporters.JUnitReportReporter -->
<testsuite hostname="DESKTOP-CLFL9AL" failures="0" tests="7" name="NSP.NSPImportantdocumentTestcases" time="0.000" errors="0" timestamp="2022-12-18T16:49:00 IST" skipped="7">
  <testcase classname="NSP.NSPImportantdocumentTestcases" name="allservicesnavigation" time="0.000">
    <skipped/>
  </testcase> <!-- allservicesnavigation -->
  <system-out/>
  <testcase classname="NSP.NSPImportantdocumentTestcases" name="nspservicesnavigation" time="0.000">
    <skipped/>
  </testcase> <!-- nspservicesnavigation -->
  <system-out/>
  <testcase classname="NSP.NSPImportantdocumentTestcases" name="importantdocuments" time="0.000">
    <skipped/>
  </testcase> <!-- importantdocuments -->
  <system-out/>
  <testcase classname="NSP.NSPImportantdocumentTestcases" name="NSPImportantdocumentfAQ" time="0.000">
    <skipped/>
  </testcase> <!-- NSPImportantdocumentfAQ -->
  <system-out/>
  <testcase classname="NSP.NSPImportantdocumentTestcases" name="NSPImportantdocumentGuidelines" time="0.000">
    <skipped/>
  </testcase> <!-- NSPImportantdocumentGuidelines -->
  <system-out/>
  <testcase classname="NSP.NSPImportantdocumentTestcases" name="NSPImportantdocumentSOP" time="0.000">
    <skipped/>
  </testcase> <!-- NSPImportantdocumentSOP -->
  <system-out/>
  <testcase classname="NSP.NSPImportantdocumentTestcases" name="NSPbacktodirectory" time="0.000">
    <skipped/>
  </testcase> <!-- NSPbacktodirectory -->
  <system-out/>
</testsuite> <!-- NSP.NSPImportantdocumentTestcases -->
