<?xml version="1.0" encoding="UTF-8"?>
<!-- Generated by org.testng.reporters.JUnitReportReporter -->
<testsuite hostname="DESKTOP-CLFL9AL" failures="0" tests="5" name="SPDirectorateofEducation.CollegeStudentsTestCase" time="18.903" errors="0" timestamp="2023-05-02T07:30:03 IST" skipped="0">
  <testcase classname="SPDirectorateofEducation.CollegeStudentsTestCase" name="allservicesnavigation" time="8.909"/>
  <system-out/>
  <testcase classname="SPDirectorateofEducation.CollegeStudentsTestCase" name="CollegeStudentsnavigation" time="3.151"/>
  <system-out/>
  <testcase classname="SPDirectorateofEducation.CollegeStudentsTestCase" name="CollegeStudents1TestCases" time="4.284"/>
  <system-out/>
  <testcase classname="SPDirectorateofEducation.CollegeStudentsTestCase" name="CollegeStudents2TestCase" time="0.176"/>
  <system-out/>
  <testcase classname="SPDirectorateofEducation.CollegeStudentsTestCase" name="IMbacktodirectory" time="2.383"/>
  <system-out/>
</testsuite> <!-- SPDirectorateofEducation.CollegeStudentsTestCase -->
