<?xml version="1.0" encoding="UTF-8"?>
<!-- Generated by org.testng.reporters.JUnitReportReporter -->
<testsuite hostname="DESKTOP-CLFL9AL" failures="0" tests="6" name="NTA.NTACUETUGScoreCardTestcases" time="0.001" errors="0" timestamp="2022-12-18T16:49:00 IST" skipped="6">
  <testcase classname="NTA.NTACUETUGScoreCardTestcases" name="allservicesnavigation" time="0.000">
    <skipped/>
  </testcase> <!-- allservicesnavigation -->
  <system-out/>
  <testcase classname="NTA.NTACUETUGScoreCardTestcases" name="NTAdepartmentnavigation" time="0.000">
    <skipped/>
  </testcase> <!-- NTAdepartmentnavigation -->
  <system-out/>
  <testcase classname="NTA.NTACUETUGScoreCardTestcases" name="NTACUETUGscorecardServiceNavigation" time="0.000">
    <skipped/>
  </testcase> <!-- NTACUETUGscorecardServiceNavigation -->
  <system-out/>
  <testcase classname="NTA.NTACUETUGScoreCardTestcases" name="NTAscorecardsessionCUETUGcanditatevisible" time="0.000">
    <skipped/>
  </testcase> <!-- NTAscorecardsessionCUETUGcanditatevisible -->
  <system-out/>
  <testcase classname="NTA.NTACUETUGScoreCardTestcases" name="NTAscorecardsessionCUETUGdownloaddetails" time="0.001">
    <skipped/>
  </testcase> <!-- NTAscorecardsessionCUETUGdownloaddetails -->
  <system-out/>
  <testcase classname="NTA.NTACUETUGScoreCardTestcases" name="NTAbacktodirectory" time="0.000">
    <skipped/>
  </testcase> <!-- NTAbacktodirectory -->
  <system-out/>
</testsuite> <!-- NTA.NTACUETUGScoreCardTestcases -->
