<?xml version="1.0" encoding="UTF-8"?>
<!-- Generated by org.testng.reporters.JUnitReportReporter -->
<testsuite hostname="DESKTOP-CLFL9AL" failures="0" tests="5" name="SPDirectorateofFisheries.FishingBoatTestCase" time="21.094" errors="0" timestamp="2023-05-02T07:30:03 IST" skipped="0">
  <testcase classname="SPDirectorateofFisheries.FishingBoatTestCase" name="allservicesnavigation" time="10.321"/>
  <system-out/>
  <testcase classname="SPDirectorateofFisheries.FishingBoatTestCase" name="FishingBoatnavigation" time="5.212"/>
  <system-out/>
  <testcase classname="SPDirectorateofFisheries.FishingBoatTestCase" name="FishingBoat1TestCases" time="4.191"/>
  <system-out/>
  <testcase classname="SPDirectorateofFisheries.FishingBoatTestCase" name="FishingBoat2TestCase" time="0.170"/>
  <system-out/>
  <testcase classname="SPDirectorateofFisheries.FishingBoatTestCase" name="IMbacktodirectory" time="1.200"/>
  <system-out/>
</testsuite> <!-- SPDirectorateofFisheries.FishingBoatTestCase -->
