<?xml version="1.0" encoding="UTF-8"?>
<!-- Generated by org.testng.reporters.JUnitReportReporter -->
<testsuite hostname="DESKTOP-CLFL9AL" failures="0" tests="8" name="SPDepartmentofHealthJammuKashmir.ApplicationformforPhysicallyChallengedCertificateTestCases" time="29.606" errors="0" timestamp="2024-04-12T00:35:51 IST" skipped="0">
  <testcase classname="SPDepartmentofHealthJammuKashmir.ApplicationformforPhysicallyChallengedCertificateTestCases" name="allservicesnavigation" time="6.619"/>
  <system-out/>
  <testcase classname="SPDepartmentofHealthJammuKashmir.ApplicationformforPhysicallyChallengedCertificateTestCases" name="DeptNavigation" time="5.378"/>
  <system-out/>
  <testcase classname="SPDepartmentofHealthJammuKashmir.ApplicationformforPhysicallyChallengedCertificateTestCases" name="Seeinfoclick" time="3.037"/>
  <system-out/>
  <testcase classname="SPDepartmentofHealthJammuKashmir.ApplicationformforPhysicallyChallengedCertificateTestCases" name="VisitServiceclick" time="5.340"/>
  <system-out/>
  <testcase classname="SPDepartmentofHealthJammuKashmir.ApplicationformforPhysicallyChallengedCertificateTestCases" name="refreshpage" time="4.514"/>
  <system-out/>
  <testcase classname="SPDepartmentofHealthJammuKashmir.ApplicationformforPhysicallyChallengedCertificateTestCases" name="ServiceNavigationTestCase" time="4.290"/>
  <system-out/>
  <testcase classname="SPDepartmentofHealthJammuKashmir.ApplicationformforPhysicallyChallengedCertificateTestCases" name="ServicePlusPageTestCase" time="0.245"/>
  <system-out/>
  <testcase classname="SPDepartmentofHealthJammuKashmir.ApplicationformforPhysicallyChallengedCertificateTestCases" name="IMbacktodirectory" time="0.183"/>
  <system-out/>
</testsuite> <!-- SPDepartmentofHealthJammuKashmir.ApplicationformforPhysicallyChallengedCertificateTestCases -->
