<?xml version="1.0" encoding="UTF-8"?>
<!-- Generated by org.testng.reporters.JUnitReportReporter -->
<testsuite hostname="DESKTOP-CLFL9AL" failures="0" tests="8" name="SPDepartmentofHorticulture.Duplicatetestcase" time="16.298" errors="0" timestamp="2024-04-12T00:35:51 IST" skipped="0">
  <testcase classname="SPDepartmentofHorticulture.Duplicatetestcase" name="allservicesnavigation" time="6.655"/>
  <system-out/>
  <testcase classname="SPDepartmentofHorticulture.Duplicatetestcase" name="Deptnavigation" time="5.610"/>
  <system-out/>
  <testcase classname="SPDepartmentofHorticulture.Duplicatetestcase" name="LogocheckTestCases" time="0.087"/>
  <system-out/>
  <testcase classname="SPDepartmentofHorticulture.Duplicatetestcase" name="ServicecountTestCases" time="0.050"/>
  <system-out/>
  <testcase classname="SPDepartmentofHorticulture.Duplicatetestcase" name="duplicateTestCases" time="0.368"/>
  <system-out/>
  <testcase classname="SPDepartmentofHorticulture.Duplicatetestcase" name="servicecountfromexcel" time="0.262"/>
  <system-out/>
  <testcase classname="SPDepartmentofHorticulture.Duplicatetestcase" name="InformationTestCases" time="3.094"/>
  <system-out/>
  <testcase classname="SPDepartmentofHorticulture.Duplicatetestcase" name="IMbacktodirectory" time="0.172"/>
  <system-out/>
</testsuite> <!-- SPDepartmentofHorticulture.Duplicatetestcase -->
