<?xml version="1.0" encoding="UTF-8"?>
<!-- Generated by org.testng.reporters.JUnitReportReporter -->
<testsuite hostname="DESKTOP-CLFL9AL" failures="0" tests="5" name="SPDepartmenOfHome.RevocationofArmsTestCase" time="20.256" errors="0" timestamp="2023-05-02T08:58:03 IST" skipped="0">
  <testcase classname="SPDepartmenOfHome.RevocationofArmsTestCase" name="allservicesnavigation" time="9.458"/>
  <system-out/>
  <testcase classname="SPDepartmenOfHome.RevocationofArmsTestCase" name="RevocationofArmsnavigation" time="5.065"/>
  <system-out/>
  <testcase classname="SPDepartmenOfHome.RevocationofArmsTestCase" name="RevocationofArms1TestCases" time="4.218"/>
  <system-out/>
  <testcase classname="SPDepartmenOfHome.RevocationofArmsTestCase" name="RevocationofArms2TestCase" time="0.178"/>
  <system-out/>
  <testcase classname="SPDepartmenOfHome.RevocationofArmsTestCase" name="IMbacktodirectory" time="1.337"/>
  <system-out/>
</testsuite> <!-- SPDepartmenOfHome.RevocationofArmsTestCase -->
