<?xml version="1.0" encoding="UTF-8"?>
<!-- Generated by org.testng.reporters.JUnitReportReporter -->
<testsuite hostname="DESKTOP-CLFL9AL" failures="0" tests="5" name="SPDirectorateOfSchoolEducation.HarijanWelfareSchemeTestCase" time="18.470" errors="0" timestamp="2023-05-02T07:30:02 IST" skipped="0">
  <testcase classname="SPDirectorateOfSchoolEducation.HarijanWelfareSchemeTestCase" name="allservicesnavigation" time="9.014"/>
  <system-out/>
  <testcase classname="SPDirectorateOfSchoolEducation.HarijanWelfareSchemeTestCase" name="HarijanWelfareSchemenavigation" time="3.099"/>
  <system-out/>
  <testcase classname="SPDirectorateOfSchoolEducation.HarijanWelfareSchemeTestCase" name="HarijanWelfareScheme1TestCases" time="4.188"/>
  <system-out/>
  <testcase classname="SPDirectorateOfSchoolEducation.HarijanWelfareSchemeTestCase" name="HarijanWelfareScheme2TestCase" time="0.169"/>
  <system-out/>
  <testcase classname="SPDirectorateOfSchoolEducation.HarijanWelfareSchemeTestCase" name="IMbacktodirectory" time="2.000"/>
  <system-out/>
</testsuite> <!-- SPDirectorateOfSchoolEducation.HarijanWelfareSchemeTestCase -->
