<?xml version="1.0" encoding="UTF-8"?>
<!-- Generated by org.testng.reporters.JUnitReportReporter -->
<testsuite hostname="IN3241737W1" failures="0" tests="5" name="UMANG.Cowintest.Mergedose2" time="0.000" errors="0" timestamp="2022-08-17T11:27:03 IST" skipped="5">
  <testcase classname="UMANG.Cowintest.Mergedose2" name="ServiceDirectoryDeptnavigation" time="0.000">
    <skipped/>
  </testcase> <!-- ServiceDirectoryDeptnavigation -->
  <system-out/>
  <testcase classname="UMANG.Cowintest.Mergedose2" name="departmentnavigation" time="0.000">
    <skipped/>
  </testcase> <!-- departmentnavigation -->
  <system-out/>
  <testcase classname="UMANG.Cowintest.Mergedose2" name="Mergedose1" time="0.000">
    <skipped/>
  </testcase> <!-- Mergedose1 -->
  <system-out/>
  <testcase classname="UMANG.Cowintest.Mergedose2" name="addbeneficary" time="0.000">
    <skipped/>
  </testcase> <!-- addbeneficary -->
  <system-out/>
  <testcase classname="UMANG.Cowintest.Mergedose2" name="submitdata" time="0.000">
    <skipped/>
  </testcase> <!-- submitdata -->
  <system-out/>
</testsuite> <!-- UMANG.Cowintest.Mergedose2 -->
