<?xml version="1.0" encoding="UTF-8"?>
<!-- Generated by org.testng.reporters.JUnitReportReporter -->
<testsuite hostname="DESKTOP-CLFL9AL" failures="0" tests="5" name="SPDeptOfUrbanAffairs.PaymentForPropertyTaxTestCases" time="22.144" errors="0" timestamp="2023-05-02T07:30:03 IST" skipped="0">
  <testcase classname="SPDeptOfUrbanAffairs.PaymentForPropertyTaxTestCases" name="allservicesnavigation" time="9.824"/>
  <system-out/>
  <testcase classname="SPDeptOfUrbanAffairs.PaymentForPropertyTaxTestCases" name="PaymentForPropertyTaxnavigation" time="6.708"/>
  <system-out/>
  <testcase classname="SPDeptOfUrbanAffairs.PaymentForPropertyTaxTestCases" name="PaymentForPropertyTax1TestCases" time="4.227"/>
  <system-out/>
  <testcase classname="SPDeptOfUrbanAffairs.PaymentForPropertyTaxTestCases" name="PaymentForPropertyTax2TestCase" time="0.178"/>
  <system-out/>
  <testcase classname="SPDeptOfUrbanAffairs.PaymentForPropertyTaxTestCases" name="IMbacktodirectory" time="1.207"/>
  <system-out/>
</testsuite> <!-- SPDeptOfUrbanAffairs.PaymentForPropertyTaxTestCases -->
