<?xml version="1.0" encoding="UTF-8"?>
<!-- Generated by org.testng.reporters.JUnitReportReporter -->
<testsuite hostname="DESKTOP-CLFL9AL" failures="0" tests="5" name="SPDirectorateOfIndustries.EntrepreneurshipDevelopmentTestCases" time="21.851" errors="0" timestamp="2023-05-02T07:30:03 IST" skipped="0">
  <testcase classname="SPDirectorateOfIndustries.EntrepreneurshipDevelopmentTestCases" name="allservicesnavigation" time="10.579"/>
  <system-out/>
  <testcase classname="SPDirectorateOfIndustries.EntrepreneurshipDevelopmentTestCases" name="EntrepreneurshipDevelopmentnavigation" time="5.213"/>
  <system-out/>
  <testcase classname="SPDirectorateOfIndustries.EntrepreneurshipDevelopmentTestCases" name="EntrepreneurshipDevelopment1TestCases" time="4.186"/>
  <system-out/>
  <testcase classname="SPDirectorateOfIndustries.EntrepreneurshipDevelopmentTestCases" name="EntrepreneurshipDevelopment2TestCase" time="0.288"/>
  <system-out/>
  <testcase classname="SPDirectorateOfIndustries.EntrepreneurshipDevelopmentTestCases" name="IMbacktodirectory" time="1.585"/>
  <system-out/>
</testsuite> <!-- SPDirectorateOfIndustries.EntrepreneurshipDevelopmentTestCases -->
