<?xml version="1.0" encoding="UTF-8"?>
<!-- Generated by org.testng.reporters.JUnitReportReporter -->
<testsuite hostname="DESKTOP-CLFL9AL" failures="0" tests="9" name="CPGRAMS.CPGRAMSUserProfileTestCases" time="0.000" errors="0" timestamp="2022-12-18T16:48:57 IST" skipped="9">
  <testcase classname="CPGRAMS.CPGRAMSUserProfileTestCases" name="allservicesnavigation" time="0.000">
    <skipped/>
  </testcase> <!-- allservicesnavigation -->
  <system-out/>
  <testcase classname="CPGRAMS.CPGRAMSUserProfileTestCases" name="CPGRAMSdepartmentnavigation" time="0.000">
    <skipped/>
  </testcase> <!-- CPGRAMSdepartmentnavigation -->
  <system-out/>
  <testcase classname="CPGRAMS.CPGRAMSUserProfileTestCases" name="CPGRAMSUserprofileServicenavigation" time="0.000">
    <skipped/>
  </testcase> <!-- CPGRAMSUserprofileServicenavigation -->
  <system-out/>
  <testcase classname="CPGRAMS.CPGRAMSUserProfileTestCases" name="CPGRAMSUserprofilechangepassword" time="0.000">
    <skipped/>
  </testcase> <!-- CPGRAMSUserprofilechangepassword -->
  <system-out/>
  <testcase classname="CPGRAMS.CPGRAMSUserProfileTestCases" name="CPGRAMSUserprofileseeinfo" time="0.000">
    <skipped/>
  </testcase> <!-- CPGRAMSUserprofileseeinfo -->
  <system-out/>
  <testcase classname="CPGRAMS.CPGRAMSUserProfileTestCases" name="CPGRAMSUserprofileseeinfovisitservice" time="0.000">
    <skipped/>
  </testcase> <!-- CPGRAMSUserprofileseeinfovisitservice -->
  <system-out/>
  <testcase classname="CPGRAMS.CPGRAMSUserProfileTestCases" name="CPGRAMSUserprofileedit" time="0.000">
    <skipped/>
  </testcase> <!-- CPGRAMSUserprofileedit -->
  <system-out/>
  <testcase classname="CPGRAMS.CPGRAMSUserProfileTestCases" name="CPGRAMSUserprofilesicon" time="0.000">
    <skipped/>
  </testcase> <!-- CPGRAMSUserprofilesicon -->
  <system-out/>
  <testcase classname="CPGRAMS.CPGRAMSUserProfileTestCases" name="CPGRAMsbacktohome" time="0.000">
    <skipped/>
  </testcase> <!-- CPGRAMsbacktohome -->
  <system-out/>
</testsuite> <!-- CPGRAMS.CPGRAMSUserProfileTestCases -->
