<?xml version="1.0" encoding="UTF-8"?>
<!-- Generated by org.testng.reporters.JUnitReportReporter -->
<testsuite hostname="DESKTOP-CLFL9AL" failures="0" tests="5" name="SPDepartmentOfLabour.EducationalTestCase" time="21.890" errors="0" timestamp="2023-05-02T08:58:03 IST" skipped="0">
  <testcase classname="SPDepartmentOfLabour.EducationalTestCase" name="allservicesnavigation" time="8.740"/>
  <system-out/>
  <testcase classname="SPDepartmentOfLabour.EducationalTestCase" name="Educationalnavigation" time="6.211"/>
  <system-out/>
  <testcase classname="SPDepartmentOfLabour.EducationalTestCase" name="Educational1TestCases" time="4.282"/>
  <system-out/>
  <testcase classname="SPDepartmentOfLabour.EducationalTestCase" name="Educational2TestCase" time="0.246"/>
  <system-out/>
  <testcase classname="SPDepartmentOfLabour.EducationalTestCase" name="IMbacktodirectory" time="2.411"/>
  <system-out/>
</testsuite> <!-- SPDepartmentOfLabour.EducationalTestCase -->
