<?xml version="1.0" encoding="UTF-8"?>
<!-- Generated by org.testng.reporters.JUnitReportReporter -->
<testsuite hostname="DESKTOP-CLFL9AL" failures="0" tests="5" name="SPDepOfPersonnelAdministrativeReforms.AssetCertificateEWSTestCases" time="21.728" errors="0" timestamp="2023-05-02T08:58:03 IST" skipped="0">
  <testcase classname="SPDepOfPersonnelAdministrativeReforms.AssetCertificateEWSTestCases" name="allservicesnavigation" time="12.955"/>
  <system-out/>
  <testcase classname="SPDepOfPersonnelAdministrativeReforms.AssetCertificateEWSTestCases" name="AssetCertificateEWSnavigation" time="3.165"/>
  <system-out/>
  <testcase classname="SPDepOfPersonnelAdministrativeReforms.AssetCertificateEWSTestCases" name="AssetCertificateEWS1TestCases" time="4.201"/>
  <system-out/>
  <testcase classname="SPDepOfPersonnelAdministrativeReforms.AssetCertificateEWSTestCases" name="AssetCertificateEWS2TestCase" time="0.185"/>
  <system-out/>
  <testcase classname="SPDepOfPersonnelAdministrativeReforms.AssetCertificateEWSTestCases" name="IMbacktodirectory" time="1.222"/>
  <system-out/>
</testsuite> <!-- SPDepOfPersonnelAdministrativeReforms.AssetCertificateEWSTestCases -->
