<?xml version="1.0" encoding="UTF-8"?>
<!-- Generated by org.testng.reporters.JUnitReportReporter -->
<testsuite hostname="DESKTOP-CLFL9AL" failures="0" tests="5" name="SPDepartmenOfHome.ExtensionTestCase" time="18.054" errors="0" timestamp="2023-05-02T08:58:03 IST" skipped="0">
  <testcase classname="SPDepartmenOfHome.ExtensionTestCase" name="allservicesnavigation" time="9.295"/>
  <system-out/>
  <testcase classname="SPDepartmenOfHome.ExtensionTestCase" name="Extensionnavigation" time="3.036"/>
  <system-out/>
  <testcase classname="SPDepartmenOfHome.ExtensionTestCase" name="Extension1TestCases" time="4.218"/>
  <system-out/>
  <testcase classname="SPDepartmenOfHome.ExtensionTestCase" name="Extension2TestCase" time="0.212"/>
  <system-out/>
  <testcase classname="SPDepartmenOfHome.ExtensionTestCase" name="IMbacktodirectory" time="1.293"/>
  <system-out/>
</testsuite> <!-- SPDepartmenOfHome.ExtensionTestCase -->
