<?xml version="1.0" encoding="UTF-8"?>
<!-- Generated by org.testng.reporters.JUnitReportReporter -->
<testsuite hostname="DESKTOP-CLFL9AL" failures="0" tests="5" name="SPRevenueDep.SmallSavingsTestCases" time="19.606" errors="0" timestamp="2023-05-02T08:58:03 IST" skipped="0">
  <testcase classname="SPRevenueDep.SmallSavingsTestCases" name="allservicesnavigation" time="8.899"/>
  <system-out/>
  <testcase classname="SPRevenueDep.SmallSavingsTestCases" name="SmallSavingsnavigation" time="3.018"/>
  <system-out/>
  <testcase classname="SPRevenueDep.SmallSavingsTestCases" name="SmallSavings1TestCases" time="4.192"/>
  <system-out/>
  <testcase classname="SPRevenueDep.SmallSavingsTestCases" name="SmallSavings2TestCase" time="0.449"/>
  <system-out/>
  <testcase classname="SPRevenueDep.SmallSavingsTestCases" name="IMbacktodirectory" time="3.048"/>
  <system-out/>
</testsuite> <!-- SPRevenueDep.SmallSavingsTestCases -->
