<?xml version="1.0" encoding="UTF-8"?>
<!-- Generated by org.testng.reporters.JUnitReportReporter -->
<testsuite hostname="DESKTOP-CLFL9AL" failures="0" tests="5" name="SPDepartmenOfHome.ConversionTestCase" time="20.523" errors="0" timestamp="2023-05-02T08:58:03 IST" skipped="0">
  <testcase classname="SPDepartmenOfHome.ConversionTestCase" name="allservicesnavigation" time="9.737"/>
  <system-out/>
  <testcase classname="SPDepartmenOfHome.ConversionTestCase" name="Conversionnavigation" time="5.142"/>
  <system-out/>
  <testcase classname="SPDepartmenOfHome.ConversionTestCase" name="Conversion1TestCases" time="4.246"/>
  <system-out/>
  <testcase classname="SPDepartmenOfHome.ConversionTestCase" name="Conversion2TestCase" time="0.153"/>
  <system-out/>
  <testcase classname="SPDepartmenOfHome.ConversionTestCase" name="IMbacktodirectory" time="1.245"/>
  <system-out/>
</testsuite> <!-- SPDepartmenOfHome.ConversionTestCase -->
