<?xml version="1.0" encoding="UTF-8"?>
<!-- Generated by org.testng.reporters.JUnitReportReporter -->
<testsuite hostname="DESKTOP-CLFL9AL" failures="0" tests="7" name="SamagraShiksha.SamagraShikhsaTrackyourstipenddetailsTestcases" time="0.000" errors="0" timestamp="2022-12-18T16:48:59 IST" skipped="7">
  <testcase classname="SamagraShiksha.SamagraShikhsaTrackyourstipenddetailsTestcases" name="allservicesnavigation" time="0.000">
    <skipped/>
  </testcase> <!-- allservicesnavigation -->
  <system-out/>
  <testcase classname="SamagraShiksha.SamagraShikhsaTrackyourstipenddetailsTestcases" name="SamagraShikshadepartmentnavigation" time="0.000">
    <skipped/>
  </testcase> <!-- SamagraShikshadepartmentnavigation -->
  <system-out/>
  <testcase classname="SamagraShiksha.SamagraShikhsaTrackyourstipenddetailsTestcases" name="SamagraShikshaTrackyourstipenddetailsServicenavigation" time="0.000">
    <skipped/>
  </testcase> <!-- SamagraShikshaTrackyourstipenddetailsServicenavigation -->
  <system-out/>
  <testcase classname="SamagraShiksha.SamagraShikhsaTrackyourstipenddetailsTestcases" name="SamagraShikshaTrackyourstipenddetailssubmitdata" time="0.000">
    <skipped/>
  </testcase> <!-- SamagraShikshaTrackyourstipenddetailssubmitdata -->
  <system-out/>
  <testcase classname="SamagraShiksha.SamagraShikhsaTrackyourstipenddetailsTestcases" name="SamagraShikshaTrackyourstipenddetailsseeinfo" time="0.000">
    <skipped/>
  </testcase> <!-- SamagraShikshaTrackyourstipenddetailsseeinfo -->
  <system-out/>
  <testcase classname="SamagraShiksha.SamagraShikhsaTrackyourstipenddetailsTestcases" name="SamagraShikshaTrackyourstipenddetailsseeinfovisitservice" time="0.000">
    <skipped/>
  </testcase> <!-- SamagraShikshaTrackyourstipenddetailsseeinfovisitservice -->
  <system-out/>
  <testcase classname="SamagraShiksha.SamagraShikhsaTrackyourstipenddetailsTestcases" name="SSbacktodirectory" time="0.000">
    <skipped/>
  </testcase> <!-- SSbacktodirectory -->
  <system-out/>
</testsuite> <!-- SamagraShiksha.SamagraShikhsaTrackyourstipenddetailsTestcases -->
