<?xml version="1.0" encoding="UTF-8"?>
<!-- Generated by org.testng.reporters.JUnitReportReporter -->
<testsuite hostname="DESKTOP-CLFL9AL" failures="0" tests="9" name="TNMeeSevaTestCases.TNMeeSevaOnlineSevaPoojaBookingTestCases" time="0.000" errors="0" timestamp="2022-12-18T16:48:59 IST" skipped="9">
  <testcase classname="TNMeeSevaTestCases.TNMeeSevaOnlineSevaPoojaBookingTestCases" name="allservicesnavigation" time="0.000">
    <skipped/>
  </testcase> <!-- allservicesnavigation -->
  <system-out/>
  <testcase classname="TNMeeSevaTestCases.TNMeeSevaOnlineSevaPoojaBookingTestCases" name="TNmeeSevadepartmentnavigation" time="0.000">
    <skipped/>
  </testcase> <!-- TNmeeSevadepartmentnavigation -->
  <system-out/>
  <testcase classname="TNMeeSevaTestCases.TNMeeSevaOnlineSevaPoojaBookingTestCases" name="TNMeesevaOnlineBookingservcienavigation" time="0.000">
    <skipped/>
  </testcase> <!-- TNMeesevaOnlineBookingservcienavigation -->
  <system-out/>
  <testcase classname="TNMeeSevaTestCases.TNMeeSevaOnlineSevaPoojaBookingTestCases" name="TNMeesevaOnlineBookingfillformteleganastateandfamilydetails" time="0.000">
    <skipped/>
  </testcase> <!-- TNMeesevaOnlineBookingfillformteleganastateandfamilydetails -->
  <system-out/>
  <testcase classname="TNMeeSevaTestCases.TNMeeSevaOnlineSevaPoojaBookingTestCases" name="TNMeesevaOnlineBookingfillform" time="0.000">
    <skipped/>
  </testcase> <!-- TNMeesevaOnlineBookingfillform -->
  <system-out/>
  <testcase classname="TNMeeSevaTestCases.TNMeeSevaOnlineSevaPoojaBookingTestCases" name="TNMeesevaConfirmPayment" time="0.000">
    <skipped/>
  </testcase> <!-- TNMeesevaConfirmPayment -->
  <system-out/>
  <testcase classname="TNMeeSevaTestCases.TNMeeSevaOnlineSevaPoojaBookingTestCases" name="TNMeesevaOnlineBookingseeinfo" time="0.000">
    <skipped/>
  </testcase> <!-- TNMeesevaOnlineBookingseeinfo -->
  <system-out/>
  <testcase classname="TNMeeSevaTestCases.TNMeeSevaOnlineSevaPoojaBookingTestCases" name="TNMeesevaOnlineBookingseeinfovisitservice" time="0.000">
    <skipped/>
  </testcase> <!-- TNMeesevaOnlineBookingseeinfovisitservice -->
  <system-out/>
  <testcase classname="TNMeeSevaTestCases.TNMeeSevaOnlineSevaPoojaBookingTestCases" name="TNMeeSevabacktodirectory" time="0.000">
    <skipped/>
  </testcase> <!-- TNMeeSevabacktodirectory -->
  <system-out/>
</testsuite> <!-- TNMeeSevaTestCases.TNMeeSevaOnlineSevaPoojaBookingTestCases -->
