<?xml version="1.0" encoding="UTF-8"?>
<!-- Generated by org.testng.reporters.JUnitReportReporter -->
<testsuite hostname="DESKTOP-CLFL9AL" failures="0" tests="5" name="SPRevenueDep.SCTestCases" time="19.016" errors="0" timestamp="2023-05-02T08:58:03 IST" skipped="0">
  <testcase classname="SPRevenueDep.SCTestCases" name="allservicesnavigation" time="10.269"/>
  <system-out/>
  <testcase classname="SPRevenueDep.SCTestCases" name="SCnavigation" time="3.099"/>
  <system-out/>
  <testcase classname="SPRevenueDep.SCTestCases" name="SC1TestCases" time="4.265"/>
  <system-out/>
  <testcase classname="SPRevenueDep.SCTestCases" name="SC2TestCase" time="0.173"/>
  <system-out/>
  <testcase classname="SPRevenueDep.SCTestCases" name="IMbacktodirectory" time="1.210"/>
  <system-out/>
</testsuite> <!-- SPRevenueDep.SCTestCases -->
