<?xml version="1.0" encoding="UTF-8"?>
<!-- Generated by org.testng.reporters.JUnitReportReporter -->
<testsuite hostname="DESKTOP-CLFL9AL" failures="0" tests="8" name="SPDeptOfRevenue.IncomeCertificateTestCase" time="29.830" errors="0" timestamp="2024-04-12T00:35:51 IST" skipped="0">
  <testcase classname="SPDeptOfRevenue.IncomeCertificateTestCase" name="allservicesnavigation" time="6.670"/>
  <system-out/>
  <testcase classname="SPDeptOfRevenue.IncomeCertificateTestCase" name="DeptNavigation" time="5.224"/>
  <system-out/>
  <testcase classname="SPDeptOfRevenue.IncomeCertificateTestCase" name="Seeinfoclick" time="2.946"/>
  <system-out/>
  <testcase classname="SPDeptOfRevenue.IncomeCertificateTestCase" name="VisitServiceclick" time="5.376"/>
  <system-out/>
  <testcase classname="SPDeptOfRevenue.IncomeCertificateTestCase" name="refreshpage" time="4.828"/>
  <system-out/>
  <testcase classname="SPDeptOfRevenue.IncomeCertificateTestCase" name="ServiceNavigationTestCase" time="4.311"/>
  <system-out/>
  <testcase classname="SPDeptOfRevenue.IncomeCertificateTestCase" name="ServicePlusPageTestCase" time="0.219"/>
  <system-out/>
  <testcase classname="SPDeptOfRevenue.IncomeCertificateTestCase" name="IMbacktodirectory" time="0.256"/>
  <system-out/>
</testsuite> <!-- SPDeptOfRevenue.IncomeCertificateTestCase -->
