<?xml version="1.0" encoding="UTF-8"?>
<!-- Generated by org.testng.reporters.JUnitReportReporter -->
<testsuite hostname="DESKTOP-CLFL9AL" failures="0" tests="5" name="SPDepartmentOfLabour.PensionTestCase" time="19.806" errors="0" timestamp="2023-05-02T08:58:03 IST" skipped="0">
  <testcase classname="SPDepartmentOfLabour.PensionTestCase" name="allservicesnavigation" time="8.877"/>
  <system-out/>
  <testcase classname="SPDepartmentOfLabour.PensionTestCase" name="Pensionnavigation" time="5.284"/>
  <system-out/>
  <testcase classname="SPDepartmentOfLabour.PensionTestCase" name="Pension1TestCases" time="4.215"/>
  <system-out/>
  <testcase classname="SPDepartmentOfLabour.PensionTestCase" name="Pension2TestCase" time="0.186"/>
  <system-out/>
  <testcase classname="SPDepartmentOfLabour.PensionTestCase" name="IMbacktodirectory" time="1.244"/>
  <system-out/>
</testsuite> <!-- SPDepartmentOfLabour.PensionTestCase -->
