<?xml version="1.0" encoding="UTF-8"?>
<!-- Generated by org.testng.reporters.JUnitReportReporter -->
<testsuite hostname="DESKTOP-CLFL9AL" failures="0" tests="5" name="SPDepartmentOfRevenue.LegalHeirCertificateTestCases" time="17.848" errors="0" timestamp="2023-05-02T08:58:03 IST" skipped="0">
  <testcase classname="SPDepartmentOfRevenue.LegalHeirCertificateTestCases" name="allservicesnavigation" time="9.197"/>
  <system-out/>
  <testcase classname="SPDepartmentOfRevenue.LegalHeirCertificateTestCases" name="LegalHeirCertificatenavigation" time="3.075"/>
  <system-out/>
  <testcase classname="SPDepartmentOfRevenue.LegalHeirCertificateTestCases" name="LegalHeirCertificate1TestCases" time="4.215"/>
  <system-out/>
  <testcase classname="SPDepartmentOfRevenue.LegalHeirCertificateTestCases" name="LegalHeirCertificate2TestCase" time="0.155"/>
  <system-out/>
  <testcase classname="SPDepartmentOfRevenue.LegalHeirCertificateTestCases" name="IMbacktodirectory" time="1.206"/>
  <system-out/>
</testsuite> <!-- SPDepartmentOfRevenue.LegalHeirCertificateTestCases -->
