<?xml version="1.0" encoding="UTF-8"?>
<!-- Generated by org.testng.reporters.JUnitReportReporter -->
<testsuite hostname="DESKTOP-CLFL9AL" failures="0" tests="6" name="eGopala.eGopalaSaleofBovinesbyFarmersTestcases" time="0.000" errors="0" timestamp="2022-12-18T16:48:58 IST" skipped="6">
  <testcase classname="eGopala.eGopalaSaleofBovinesbyFarmersTestcases" name="allservicesnavigation" time="0.000">
    <skipped/>
  </testcase> <!-- allservicesnavigation -->
  <system-out/>
  <testcase classname="eGopala.eGopalaSaleofBovinesbyFarmersTestcases" name="eGopaladepartmentnavigation" time="0.000">
    <skipped/>
  </testcase> <!-- eGopaladepartmentnavigation -->
  <system-out/>
  <testcase classname="eGopala.eGopalaSaleofBovinesbyFarmersTestcases" name="eGopalasaleofbovinesservicenavigationaddanimal" time="0.000">
    <skipped/>
  </testcase> <!-- eGopalasaleofbovinesservicenavigationaddanimal -->
  <system-out/>
  <testcase classname="eGopala.eGopalaSaleofBovinesbyFarmersTestcases" name="eGopalasaleofbovinesedit" time="0.000">
    <skipped/>
  </testcase> <!-- eGopalasaleofbovinesedit -->
  <system-out/>
  <testcase classname="eGopala.eGopalaSaleofBovinesbyFarmersTestcases" name="eGopalasaleofbovinesdeactivateanimal" time="0.000">
    <skipped/>
  </testcase> <!-- eGopalasaleofbovinesdeactivateanimal -->
  <system-out/>
  <testcase classname="eGopala.eGopalaSaleofBovinesbyFarmersTestcases" name="eGopalasaleofbovinesbacktodirectory" time="0.000">
    <skipped/>
  </testcase> <!-- eGopalasaleofbovinesbacktodirectory -->
  <system-out/>
</testsuite> <!-- eGopala.eGopalaSaleofBovinesbyFarmersTestcases -->
