<?xml version="1.0" encoding="UTF-8"?>
<!-- Generated by org.testng.reporters.JUnitReportReporter -->
<testsuite hostname="DESKTOP-CLFL9AL" failures="0" tests="5" name="SPSocialJusticeEmpowerment.DISABLEDCHILDRENTestCase" time="20.477" errors="0" timestamp="2023-05-02T08:58:03 IST" skipped="0">
  <testcase classname="SPSocialJusticeEmpowerment.DISABLEDCHILDRENTestCase" name="allservicesnavigation" time="9.519"/>
  <system-out/>
  <testcase classname="SPSocialJusticeEmpowerment.DISABLEDCHILDRENTestCase" name="DISABLEDCHILDRENnavigation" time="5.140"/>
  <system-out/>
  <testcase classname="SPSocialJusticeEmpowerment.DISABLEDCHILDRENTestCase" name="DISABLEDCHILDREN1TestCases" time="4.260"/>
  <system-out/>
  <testcase classname="SPSocialJusticeEmpowerment.DISABLEDCHILDRENTestCase" name="DISABLEDCHILDREN2TestCase" time="0.175"/>
  <system-out/>
  <testcase classname="SPSocialJusticeEmpowerment.DISABLEDCHILDRENTestCase" name="IMbacktodirectory" time="1.383"/>
  <system-out/>
</testsuite> <!-- SPSocialJusticeEmpowerment.DISABLEDCHILDRENTestCase -->
