<?xml version="1.0" encoding="UTF-8"?>
<!-- Generated by org.testng.reporters.JUnitReportReporter -->
<testsuite hostname="DESKTOP-CLFL9AL" failures="0" tests="5" name="GallantaryAwards.GallantaryAwardAboutUsTestCases" time="0.001" errors="0" timestamp="2022-12-18T16:48:57 IST" skipped="5">
  <testcase classname="GallantaryAwards.GallantaryAwardAboutUsTestCases" name="allservicesnavigation" time="0.000">
    <skipped/>
  </testcase> <!-- allservicesnavigation -->
  <system-out/>
  <testcase classname="GallantaryAwards.GallantaryAwardAboutUsTestCases" name="GAdepartmentnavigation" time="0.000">
    <skipped/>
  </testcase> <!-- GAdepartmentnavigation -->
  <system-out/>
  <testcase classname="GallantaryAwards.GallantaryAwardAboutUsTestCases" name="GAmemorialandmuseumservicenavigation" time="0.001">
    <skipped/>
  </testcase> <!-- GAmemorialandmuseumservicenavigation -->
  <system-out/>
  <testcase classname="GallantaryAwards.GallantaryAwardAboutUsTestCases" name="GAaboutusdescription" time="0.000">
    <skipped/>
  </testcase> <!-- GAaboutusdescription -->
  <system-out/>
  <testcase classname="GallantaryAwards.GallantaryAwardAboutUsTestCases" name="GAbacktodirectory" time="0.000">
    <skipped/>
  </testcase> <!-- GAbacktodirectory -->
  <system-out/>
</testsuite> <!-- GallantaryAwards.GallantaryAwardAboutUsTestCases -->
