<?xml version="1.0" encoding="UTF-8"?>
<!-- Generated by org.testng.reporters.JUnitReportReporter -->
<testsuite hostname="DESKTOP-CLFL9AL" failures="0" tests="5" name="SPDirectorateOfSchoolEducation.GirlsStudentsTestCase" time="20.300" errors="0" timestamp="2023-05-02T07:30:02 IST" skipped="0">
  <testcase classname="SPDirectorateOfSchoolEducation.GirlsStudentsTestCase" name="allservicesnavigation" time="10.400"/>
  <system-out/>
  <testcase classname="SPDirectorateOfSchoolEducation.GirlsStudentsTestCase" name="GirlsStudentsnavigation" time="3.188"/>
  <system-out/>
  <testcase classname="SPDirectorateOfSchoolEducation.GirlsStudentsTestCase" name="GirlsStudents1TestCases" time="4.321"/>
  <system-out/>
  <testcase classname="SPDirectorateOfSchoolEducation.GirlsStudentsTestCase" name="GirlsStudents2TestCase" time="0.159"/>
  <system-out/>
  <testcase classname="SPDirectorateOfSchoolEducation.GirlsStudentsTestCase" name="IMbacktodirectory" time="2.232"/>
  <system-out/>
</testsuite> <!-- SPDirectorateOfSchoolEducation.GirlsStudentsTestCase -->
