<?xml version="1.0" encoding="UTF-8"?>
<!-- Generated by org.testng.reporters.JUnitReportReporter -->
<testsuite hostname="DESKTOP-CLFL9AL" failures="0" tests="8" name="SPTourismMeghalaya.ApplicationFormforRecognitionasProvisionalApprovedMeghalayaStateTourOperatortestcase" time="30.294" errors="0" timestamp="2024-04-12T00:35:51 IST" skipped="0">
  <testcase classname="SPTourismMeghalaya.ApplicationFormforRecognitionasProvisionalApprovedMeghalayaStateTourOperatortestcase" name="allservicesnavigation" time="6.659"/>
  <system-out/>
  <testcase classname="SPTourismMeghalaya.ApplicationFormforRecognitionasProvisionalApprovedMeghalayaStateTourOperatortestcase" name="DeptNavigation" time="5.242"/>
  <system-out/>
  <testcase classname="SPTourismMeghalaya.ApplicationFormforRecognitionasProvisionalApprovedMeghalayaStateTourOperatortestcase" name="Seeinfoclick" time="3.126"/>
  <system-out/>
  <testcase classname="SPTourismMeghalaya.ApplicationFormforRecognitionasProvisionalApprovedMeghalayaStateTourOperatortestcase" name="VisitServiceclick" time="5.456"/>
  <system-out/>
  <testcase classname="SPTourismMeghalaya.ApplicationFormforRecognitionasProvisionalApprovedMeghalayaStateTourOperatortestcase" name="refreshpage" time="4.842"/>
  <system-out/>
  <testcase classname="SPTourismMeghalaya.ApplicationFormforRecognitionasProvisionalApprovedMeghalayaStateTourOperatortestcase" name="ServiceNavigationTestCase" time="4.379"/>
  <system-out/>
  <testcase classname="SPTourismMeghalaya.ApplicationFormforRecognitionasProvisionalApprovedMeghalayaStateTourOperatortestcase" name="ServicePlusPageTestCase" time="0.356"/>
  <system-out/>
  <testcase classname="SPTourismMeghalaya.ApplicationFormforRecognitionasProvisionalApprovedMeghalayaStateTourOperatortestcase" name="IMbacktodirectory" time="0.234"/>
  <system-out/>
</testsuite> <!-- SPTourismMeghalaya.ApplicationFormforRecognitionasProvisionalApprovedMeghalayaStateTourOperatortestcase -->
