<?xml version="1.0" encoding="UTF-8"?>
<!-- Generated by org.testng.reporters.JUnitReportReporter -->
<testsuite hostname="DESKTOP-CLFL9AL" failures="0" tests="6" name="NTA.NTACUETUGConfirmationdetailsTestCases" time="0.000" errors="0" timestamp="2022-12-18T16:48:59 IST" skipped="6">
  <testcase classname="NTA.NTACUETUGConfirmationdetailsTestCases" name="allservicesnavigation" time="0.000">
    <skipped/>
  </testcase> <!-- allservicesnavigation -->
  <system-out/>
  <testcase classname="NTA.NTACUETUGConfirmationdetailsTestCases" name="NTAservicesnavigation" time="0.000">
    <skipped/>
  </testcase> <!-- NTAservicesnavigation -->
  <system-out/>
  <testcase classname="NTA.NTACUETUGConfirmationdetailsTestCases" name="NTAcuetUGconfirmationServiceNavigation" time="0.000">
    <skipped/>
  </testcase> <!-- NTAcuetUGconfirmationServiceNavigation -->
  <system-out/>
  <testcase classname="NTA.NTACUETUGConfirmationdetailsTestCases" name="NTAconfirmationCUETUGcanditatevisible" time="0.000">
    <skipped/>
  </testcase> <!-- NTAconfirmationCUETUGcanditatevisible -->
  <system-out/>
  <testcase classname="NTA.NTACUETUGConfirmationdetailsTestCases" name="NTAconfirmationCUETUGdownloaddetails" time="0.000">
    <skipped/>
  </testcase> <!-- NTAconfirmationCUETUGdownloaddetails -->
  <system-out/>
  <testcase classname="NTA.NTACUETUGConfirmationdetailsTestCases" name="NTAbacktodirectory" time="0.000">
    <skipped/>
  </testcase> <!-- NTAbacktodirectory -->
  <system-out/>
</testsuite> <!-- NTA.NTACUETUGConfirmationdetailsTestCases -->
