<?xml version="1.0" encoding="UTF-8"?>
<!-- Generated by org.testng.reporters.JUnitReportReporter -->
<testsuite hostname="DESKTOP-CLFL9AL" failures="0" tests="5" name="SPDepartmenOfHome.NewArmsLicenseTestCase" time="20.207" errors="0" timestamp="2023-05-02T08:58:03 IST" skipped="0">
  <testcase classname="SPDepartmenOfHome.NewArmsLicenseTestCase" name="allservicesnavigation" time="9.186"/>
  <system-out/>
  <testcase classname="SPDepartmenOfHome.NewArmsLicenseTestCase" name="NewArmsLicenseenavigation" time="5.193"/>
  <system-out/>
  <testcase classname="SPDepartmenOfHome.NewArmsLicenseTestCase" name="NewArmsLicense1TestCases" time="4.297"/>
  <system-out/>
  <testcase classname="SPDepartmenOfHome.NewArmsLicenseTestCase" name="NewArmsLicense2TestCase" time="0.172"/>
  <system-out/>
  <testcase classname="SPDepartmenOfHome.NewArmsLicenseTestCase" name="IMbacktodirectory" time="1.359"/>
  <system-out/>
</testsuite> <!-- SPDepartmenOfHome.NewArmsLicenseTestCase -->
