<?xml version="1.0" encoding="UTF-8"?>
<!-- Generated by org.testng.reporters.JUnitReportReporter -->
<testsuite hostname="DESKTOP-CLFL9AL" failures="0" tests="5" name="SPKarbiAnglong.MutationTestCase" time="20.348" errors="0" timestamp="2023-05-02T08:58:03 IST" skipped="0">
  <testcase classname="SPKarbiAnglong.MutationTestCase" name="allservicesnavigation" time="8.996"/>
  <system-out/>
  <testcase classname="SPKarbiAnglong.MutationTestCase" name="Mutationnavigation" time="5.136"/>
  <system-out/>
  <testcase classname="SPKarbiAnglong.MutationTestCase" name="Mutation1TestCases" time="4.183"/>
  <system-out/>
  <testcase classname="SPKarbiAnglong.MutationTestCase" name="Mutation2TestCase" time="0.173"/>
  <system-out/>
  <testcase classname="SPKarbiAnglong.MutationTestCase" name="IMbacktodirectory" time="1.860"/>
  <system-out/>
</testsuite> <!-- SPKarbiAnglong.MutationTestCase -->
