<?xml version="1.0" encoding="UTF-8"?>
<!-- Generated by org.testng.reporters.JUnitReportReporter -->
<testsuite hostname="DESKTOP-CLFL9AL" failures="0" tests="8" name="SPDepartmenOfHome.RenewalofArmsLicenseTestCase" time="28.742" errors="0" timestamp="2024-04-12T00:35:51 IST" skipped="0">
  <testcase classname="SPDepartmenOfHome.RenewalofArmsLicenseTestCase" name="allservicesnavigation" time="6.641"/>
  <system-out/>
  <testcase classname="SPDepartmenOfHome.RenewalofArmsLicenseTestCase" name="DeptNavigation" time="5.242"/>
  <system-out/>
  <testcase classname="SPDepartmenOfHome.RenewalofArmsLicenseTestCase" name="Seeinfoclick" time="3.040"/>
  <system-out/>
  <testcase classname="SPDepartmenOfHome.RenewalofArmsLicenseTestCase" name="VisitServiceclick" time="5.404"/>
  <system-out/>
  <testcase classname="SPDepartmenOfHome.RenewalofArmsLicenseTestCase" name="refreshpage" time="3.693"/>
  <system-out/>
  <testcase classname="SPDepartmenOfHome.RenewalofArmsLicenseTestCase" name="ServiceNavigationTestCase" time="4.326"/>
  <system-out/>
  <testcase classname="SPDepartmenOfHome.RenewalofArmsLicenseTestCase" name="ServicePlusPageTestCase" time="0.228"/>
  <system-out/>
  <testcase classname="SPDepartmenOfHome.RenewalofArmsLicenseTestCase" name="IMbacktodirectory" time="0.168"/>
  <system-out/>
</testsuite> <!-- SPDepartmenOfHome.RenewalofArmsLicenseTestCase -->
