<?xml version="1.0" encoding="UTF-8"?>
<!-- Generated by org.testng.reporters.JUnitReportReporter -->
<testsuite hostname="DESKTOP-CLFL9AL" failures="0" tests="7" name="CISF.CISFLostandFoundTestCases" time="0.000" errors="0" timestamp="2022-12-18T16:49:00 IST" skipped="7">
  <testcase classname="CISF.CISFLostandFoundTestCases" name="allservicesnavigation" time="0.000">
    <skipped/>
  </testcase> <!-- allservicesnavigation -->
  <system-out/>
  <testcase classname="CISF.CISFLostandFoundTestCases" name="CISFdepartmentnavigation" time="0.000">
    <skipped/>
  </testcase> <!-- CISFdepartmentnavigation -->
  <system-out/>
  <testcase classname="CISF.CISFLostandFoundTestCases" name="CISFLostservcienavigation" time="0.000">
    <skipped/>
  </testcase> <!-- CISFLostservcienavigation -->
  <system-out/>
  <testcase classname="CISF.CISFLostandFoundTestCases" name="CISFLostform" time="0.000">
    <skipped/>
  </testcase> <!-- CISFLostform -->
  <system-out/>
  <testcase classname="CISF.CISFLostandFoundTestCases" name="CISFfoundservcienavigation" time="0.000">
    <skipped/>
  </testcase> <!-- CISFfoundservcienavigation -->
  <system-out/>
  <testcase classname="CISF.CISFLostandFoundTestCases" name="CISFFoundform" time="0.000">
    <skipped/>
  </testcase> <!-- CISFFoundform -->
  <system-out/>
  <testcase classname="CISF.CISFLostandFoundTestCases" name="CISFbacktodirectoryagain" time="0.000">
    <skipped/>
  </testcase> <!-- CISFbacktodirectoryagain -->
  <system-out/>
</testsuite> <!-- CISF.CISFLostandFoundTestCases -->
