<?xml version="1.0" encoding="UTF-8"?>
<!-- Generated by org.testng.reporters.JUnitReportReporter -->
<testsuite hostname="DESKTOP-CLFL9AL" failures="0" tests="5" name="SPDepOfPersonnelAdministrativeReforms.CastecertificateSTTestCases" time="19.884" errors="0" timestamp="2023-05-02T08:58:03 IST" skipped="0">
  <testcase classname="SPDepOfPersonnelAdministrativeReforms.CastecertificateSTTestCases" name="allservicesnavigation" time="9.129"/>
  <system-out/>
  <testcase classname="SPDepOfPersonnelAdministrativeReforms.CastecertificateSTTestCases" name="CastecertificateSTnavigation" time="5.166"/>
  <system-out/>
  <testcase classname="SPDepOfPersonnelAdministrativeReforms.CastecertificateSTTestCases" name="CastecertificateSTestCases" time="4.196"/>
  <system-out/>
  <testcase classname="SPDepOfPersonnelAdministrativeReforms.CastecertificateSTTestCases" name="CastecertificateST2TestCase" time="0.169"/>
  <system-out/>
  <testcase classname="SPDepOfPersonnelAdministrativeReforms.CastecertificateSTTestCases" name="IMbacktodirectory" time="1.224"/>
  <system-out/>
</testsuite> <!-- SPDepOfPersonnelAdministrativeReforms.CastecertificateSTTestCases -->
