<?xml version="1.0" encoding="UTF-8"?>
<!-- Generated by org.testng.reporters.JUnitReportReporter -->
<testsuite hostname="IN3241737W1" failures="0" tests="5" name="UMANG.Cowintest.Addpassportdetails2" time="0.000" errors="0" timestamp="2022-08-17T11:27:02 IST" skipped="5">
  <testcase classname="UMANG.Cowintest.Addpassportdetails2" name="ServiceDirectoryDeptnavigation" time="0.000">
    <skipped/>
  </testcase> <!-- ServiceDirectoryDeptnavigation -->
  <system-out/>
  <testcase classname="UMANG.Cowintest.Addpassportdetails2" name="departmentnavigation" time="0.000">
    <skipped/>
  </testcase> <!-- departmentnavigation -->
  <system-out/>
  <testcase classname="UMANG.Cowintest.Addpassportdetails2" name="passportdetails" time="0.000">
    <skipped/>
  </testcase> <!-- passportdetails -->
  <system-out/>
  <testcase classname="UMANG.Cowintest.Addpassportdetails2" name="Adduserandpasportdetails" time="0.000">
    <skipped/>
  </testcase> <!-- Adduserandpasportdetails -->
  <system-out/>
  <testcase classname="UMANG.Cowintest.Addpassportdetails2" name="submitdetails" time="0.000">
    <skipped/>
  </testcase> <!-- submitdetails -->
  <system-out/>
</testsuite> <!-- UMANG.Cowintest.Addpassportdetails2 -->
