<?xml version="1.0" encoding="UTF-8"?>
<!-- Generated by org.testng.reporters.JUnitReportReporter -->
<testsuite hostname="DESKTOP-CLFL9AL" failures="0" tests="8" name="SPFisheriesDepartment.ApplicationforsubsidiyforWelfareofScheduledCasteFamiliesinFisheriesSectorTestCases" time="30.011" errors="0" timestamp="2024-04-12T00:35:51 IST" skipped="0">
  <testcase classname="SPFisheriesDepartment.ApplicationforsubsidiyforWelfareofScheduledCasteFamiliesinFisheriesSectorTestCases" name="allservicesnavigation" time="6.664"/>
  <system-out/>
  <testcase classname="SPFisheriesDepartment.ApplicationforsubsidiyforWelfareofScheduledCasteFamiliesinFisheriesSectorTestCases" name="DeptNavigation" time="4.937"/>
  <system-out/>
  <testcase classname="SPFisheriesDepartment.ApplicationforsubsidiyforWelfareofScheduledCasteFamiliesinFisheriesSectorTestCases" name="Seeinfoclick" time="3.109"/>
  <system-out/>
  <testcase classname="SPFisheriesDepartment.ApplicationforsubsidiyforWelfareofScheduledCasteFamiliesinFisheriesSectorTestCases" name="VisitServiceclick" time="5.458"/>
  <system-out/>
  <testcase classname="SPFisheriesDepartment.ApplicationforsubsidiyforWelfareofScheduledCasteFamiliesinFisheriesSectorTestCases" name="refreshpage" time="4.968"/>
  <system-out/>
  <testcase classname="SPFisheriesDepartment.ApplicationforsubsidiyforWelfareofScheduledCasteFamiliesinFisheriesSectorTestCases" name="ServiceNavigationTestCase" time="4.330"/>
  <system-out/>
  <testcase classname="SPFisheriesDepartment.ApplicationforsubsidiyforWelfareofScheduledCasteFamiliesinFisheriesSectorTestCases" name="ServicePlusPageTestCase" time="0.330"/>
  <system-out/>
  <testcase classname="SPFisheriesDepartment.ApplicationforsubsidiyforWelfareofScheduledCasteFamiliesinFisheriesSectorTestCases" name="IMbacktodirectory" time="0.215"/>
  <system-out/>
</testsuite> <!-- SPFisheriesDepartment.ApplicationforsubsidiyforWelfareofScheduledCasteFamiliesinFisheriesSectorTestCases -->
