<?xml version="1.0" encoding="UTF-8"?>
<!-- Generated by org.testng.reporters.JUnitReportReporter -->
<testsuite hostname="IN3241737W1" failures="0" tests="3" name="eRaktkosh.bloodavailibility" time="5.618" errors="0" timestamp="2022-07-19T16:22:24 IST" skipped="0">
  <testcase classname="eRaktkosh.bloodavailibility" name="ServiceDirectoryDeptnavigation" time="0.874"/>
  <system-out/>
  <testcase classname="eRaktkosh.bloodavailibility" name="eraktdepartmentnavigation" time="1.806"/>
  <system-out/>
  <testcase classname="eRaktkosh.bloodavailibility" name="eraktbloodavailabilityServiceNavigation" time="2.938"/>
  <system-out/>
</testsuite> <!-- eRaktkosh.bloodavailibility -->
