<?xml version="1.0" encoding="UTF-8"?>
<!-- Generated by org.testng.reporters.JUnitReportReporter -->
<testsuite hostname="DESKTOP-CLFL9AL" failures="0" tests="6" name="NTA.NTAJEE2022confirmationDetails1TestCases" time="0.000" errors="0" timestamp="2022-12-18T16:48:57 IST" skipped="6">
  <testcase classname="NTA.NTAJEE2022confirmationDetails1TestCases" name="allservicesnavigation" time="0.000">
    <skipped/>
  </testcase> <!-- allservicesnavigation -->
  <system-out/>
  <testcase classname="NTA.NTAJEE2022confirmationDetails1TestCases" name="NTAservicesnavigation" time="0.000">
    <skipped/>
  </testcase> <!-- NTAservicesnavigation -->
  <system-out/>
  <testcase classname="NTA.NTAJEE2022confirmationDetails1TestCases" name="NTAJEEConfirmationdetails1serviceeclick" time="0.000">
    <skipped/>
  </testcase> <!-- NTAJEEConfirmationdetails1serviceeclick -->
  <system-out/>
  <testcase classname="NTA.NTAJEE2022confirmationDetails1TestCases" name="NTAJEEConfirmationdetails1canditatevisible" time="0.000">
    <skipped/>
  </testcase> <!-- NTAJEEConfirmationdetails1canditatevisible -->
  <system-out/>
  <testcase classname="NTA.NTAJEE2022confirmationDetails1TestCases" name="NTAJEEConfirmationdetails1download" time="0.000">
    <skipped/>
  </testcase> <!-- NTAJEEConfirmationdetails1download -->
  <system-out/>
  <testcase classname="NTA.NTAJEE2022confirmationDetails1TestCases" name="NTAbacktodirectory" time="0.000">
    <skipped/>
  </testcase> <!-- NTAbacktodirectory -->
  <system-out/>
</testsuite> <!-- NTA.NTAJEE2022confirmationDetails1TestCases -->
