<?xml version="1.0" encoding="UTF-8"?>
<!-- Generated by org.testng.reporters.JUnitReportReporter -->
<testsuite hostname="DESKTOP-CLFL9AL" failures="0" tests="5" name="SPDirectorateOfTechnicalEducation.UTChandigarhTestCases" time="21.274" errors="0" timestamp="2023-05-02T07:30:02 IST" skipped="0">
  <testcase classname="SPDirectorateOfTechnicalEducation.UTChandigarhTestCases" name="allservicesnavigation" time="10.326"/>
  <system-out/>
  <testcase classname="SPDirectorateOfTechnicalEducation.UTChandigarhTestCases" name="UTChandigarhnavigation" time="5.327"/>
  <system-out/>
  <testcase classname="SPDirectorateOfTechnicalEducation.UTChandigarhTestCases" name="UTChandigarh1TestCases" time="4.218"/>
  <system-out/>
  <testcase classname="SPDirectorateOfTechnicalEducation.UTChandigarhTestCases" name="UTChandigarh2TestCase" time="0.174"/>
  <system-out/>
  <testcase classname="SPDirectorateOfTechnicalEducation.UTChandigarhTestCases" name="IMbacktodirectory" time="1.229"/>
  <system-out/>
</testsuite> <!-- SPDirectorateOfTechnicalEducation.UTChandigarhTestCases -->
