<?xml version="1.0" encoding="UTF-8"?>
<!-- Generated by org.testng.reporters.JUnitReportReporter -->
<testsuite hostname="DESKTOP-CLFL9AL" failures="0" tests="7" name="UMANG.Cowintest.JASNearbyStoreTestcases" time="0.000" errors="0" timestamp="2022-12-18T16:48:57 IST" skipped="7">
  <testcase classname="UMANG.Cowintest.JASNearbyStoreTestcases" name="allservicesnavigation" time="0.000">
    <skipped/>
  </testcase> <!-- allservicesnavigation -->
  <system-out/>
  <testcase classname="UMANG.Cowintest.JASNearbyStoreTestcases" name="JASdepartmentnavigation" time="0.000">
    <skipped/>
  </testcase> <!-- JASdepartmentnavigation -->
  <system-out/>
  <testcase classname="UMANG.Cowintest.JASNearbyStoreTestcases" name="JASServiceNavigation" time="0.000">
    <skipped/>
  </testcase> <!-- JASServiceNavigation -->
  <system-out/>
  <testcase classname="UMANG.Cowintest.JASNearbyStoreTestcases" name="JASSearchstore" time="0.000">
    <skipped/>
  </testcase> <!-- JASSearchstore -->
  <system-out/>
  <testcase classname="UMANG.Cowintest.JASNearbyStoreTestcases" name="JASnewtabcheckforemail" time="0.000">
    <skipped/>
  </testcase> <!-- JASnewtabcheckforemail -->
  <system-out/>
  <testcase classname="UMANG.Cowintest.JASNearbyStoreTestcases" name="JASnewtabcheckformap" time="0.000">
    <skipped/>
  </testcase> <!-- JASnewtabcheckformap -->
  <system-out/>
  <testcase classname="UMANG.Cowintest.JASNearbyStoreTestcases" name="JASbacktoservicedirectory" time="0.000">
    <skipped/>
  </testcase> <!-- JASbacktoservicedirectory -->
  <system-out/>
</testsuite> <!-- UMANG.Cowintest.JASNearbyStoreTestcases -->
