<?xml version="1.0" encoding="UTF-8"?>
<!-- Generated by org.testng.reporters.JUnitReportReporter -->
<testsuite hostname="DESKTOP-CLFL9AL" failures="0" tests="5" name="SPDepartmenOfHome.AmmunitioninArmTestCase" time="20.030" errors="0" timestamp="2023-05-02T08:58:03 IST" skipped="0">
  <testcase classname="SPDepartmenOfHome.AmmunitioninArmTestCase" name="allservicesnavigation" time="9.207"/>
  <system-out/>
  <testcase classname="SPDepartmenOfHome.AmmunitioninArmTestCase" name="AmmunitioninArmnavigation" time="5.206"/>
  <system-out/>
  <testcase classname="SPDepartmenOfHome.AmmunitioninArmTestCase" name="AmmunitioninArm1TestCases" time="4.232"/>
  <system-out/>
  <testcase classname="SPDepartmenOfHome.AmmunitioninArmTestCase" name="ValidityofArms2TestCase" time="0.169"/>
  <system-out/>
  <testcase classname="SPDepartmenOfHome.AmmunitioninArmTestCase" name="IMbacktodirectory" time="1.216"/>
  <system-out/>
</testsuite> <!-- SPDepartmenOfHome.AmmunitioninArmTestCase -->
