<?xml version="1.0" encoding="UTF-8"?>
<!-- Generated by org.testng.reporters.JUnitReportReporter -->
<testsuite hostname="DESKTOP-CLFL9AL" failures="0" tests="6" name="UMANG.Cowintest.PMAYGFTOtrackingnumberTestCases" time="0.000" errors="0" timestamp="2022-12-18T16:49:00 IST" skipped="6">
  <testcase classname="UMANG.Cowintest.PMAYGFTOtrackingnumberTestCases" name="allservicesnavigation" time="0.000">
    <skipped/>
  </testcase> <!-- allservicesnavigation -->
  <system-out/>
  <testcase classname="UMANG.Cowintest.PMAYGFTOtrackingnumberTestCases" name="PMAYGdepartmentnavigation" time="0.000">
    <skipped/>
  </testcase> <!-- PMAYGdepartmentnavigation -->
  <system-out/>
  <testcase classname="UMANG.Cowintest.PMAYGFTOtrackingnumberTestCases" name="PMAYGFTOServiceNavigation" time="0.000">
    <skipped/>
  </testcase> <!-- PMAYGFTOServiceNavigation -->
  <system-out/>
  <testcase classname="UMANG.Cowintest.PMAYGFTOtrackingnumberTestCases" name="FTOtrackingnumber" time="0.000">
    <skipped/>
  </testcase> <!-- FTOtrackingnumber -->
  <system-out/>
  <testcase classname="UMANG.Cowintest.PMAYGFTOtrackingnumberTestCases" name="FTOtoPFMSnavigation" time="0.000">
    <skipped/>
  </testcase> <!-- FTOtoPFMSnavigation -->
  <system-out/>
  <testcase classname="UMANG.Cowintest.PMAYGFTOtrackingnumberTestCases" name="PMAYGFTObacktoservicedirectory" time="0.000">
    <skipped/>
  </testcase> <!-- PMAYGFTObacktoservicedirectory -->
  <system-out/>
</testsuite> <!-- UMANG.Cowintest.PMAYGFTOtrackingnumberTestCases -->
