<?xml version="1.0" encoding="UTF-8"?>
<!-- Generated by org.testng.reporters.JUnitReportReporter -->
<testsuite hostname="DESKTOP-CLFL9AL" failures="0" tests="5" name="SPKarbiAnglong.ChithaTestCase" time="18.537" errors="0" timestamp="2023-05-02T08:58:03 IST" skipped="0">
  <testcase classname="SPKarbiAnglong.ChithaTestCase" name="allservicesnavigation" time="9.389"/>
  <system-out/>
  <testcase classname="SPKarbiAnglong.ChithaTestCase" name="Chithanavigation" time="3.065"/>
  <system-out/>
  <testcase classname="SPKarbiAnglong.ChithaTestCase" name="Chitha1TestCases" time="4.214"/>
  <system-out/>
  <testcase classname="SPKarbiAnglong.ChithaTestCase" name="Chitha2TestCase" time="0.167"/>
  <system-out/>
  <testcase classname="SPKarbiAnglong.ChithaTestCase" name="IMbacktodirectory" time="1.702"/>
  <system-out/>
</testsuite> <!-- SPKarbiAnglong.ChithaTestCase -->
