<?xml version="1.0" encoding="UTF-8"?>
<!-- Generated by org.testng.reporters.JUnitReportReporter -->
<testsuite hostname="IN3241737W1" failures="0" tests="5" name="RuralDevelopmentDepartment.RDDTrackFTOStatus" time="20.282" errors="0" timestamp="2022-10-28T16:50:38 IST" skipped="0">
  <testcase classname="RuralDevelopmentDepartment.RDDTrackFTOStatus" name="allservicesnavigation" time="8.908"/>
  <system-out/>
  <testcase classname="RuralDevelopmentDepartment.RDDTrackFTOStatus" name="RDDdepartmentnavigation" time="5.543"/>
  <system-out/>
  <testcase classname="RuralDevelopmentDepartment.RDDTrackFTOStatus" name="RDDGFTOServiceNavigation" time="0.528"/>
  <system-out/>
  <testcase classname="RuralDevelopmentDepartment.RDDTrackFTOStatus" name="RDDFTOtrackingnumber" time="4.880"/>
  <system-out/>
  <testcase classname="RuralDevelopmentDepartment.RDDTrackFTOStatus" name="RDDFTOgotoHome" time="0.423"/>
  <system-out/>
</testsuite> <!-- RuralDevelopmentDepartment.RDDTrackFTOStatus -->
