<?xml version="1.0" encoding="UTF-8"?>
<!-- Generated by org.testng.reporters.JUnitReportReporter -->
<testsuite hostname="DESKTOP-CLFL9AL" failures="0" tests="5" name="SPDepOfPersonnelAdministrativeReforms.CasteCertificateTestCases" time="23.344" errors="0" timestamp="2023-05-02T08:58:03 IST" skipped="0">
  <testcase classname="SPDepOfPersonnelAdministrativeReforms.CasteCertificateTestCases" name="allservicesnavigation" time="8.820"/>
  <system-out/>
  <testcase classname="SPDepOfPersonnelAdministrativeReforms.CasteCertificateTestCases" name="CasteCertificatenavigation" time="5.330"/>
  <system-out/>
  <testcase classname="SPDepOfPersonnelAdministrativeReforms.CasteCertificateTestCases" name="CasteCertificate1TestCases" time="4.201"/>
  <system-out/>
  <testcase classname="SPDepOfPersonnelAdministrativeReforms.CasteCertificateTestCases" name="CasteCertificate2TestCase" time="0.415"/>
  <system-out/>
  <testcase classname="SPDepOfPersonnelAdministrativeReforms.CasteCertificateTestCases" name="IMbacktodirectory" time="4.578"/>
  <system-out/>
</testsuite> <!-- SPDepOfPersonnelAdministrativeReforms.CasteCertificateTestCases -->
