<?xml version="1.0" encoding="UTF-8"?>
<!-- Generated by org.testng.reporters.JUnitReportReporter -->
<testsuite hostname="DESKTOP-CLFL9AL" failures="0" tests="8" name="SPCCET.ScholarshipTestCases" time="28.478" errors="0" timestamp="2024-04-12T00:35:51 IST" skipped="0">
  <testcase classname="SPCCET.ScholarshipTestCases" name="allservicesnavigation" time="6.527"/>
  <system-out/>
  <testcase classname="SPCCET.ScholarshipTestCases" name="DeptNavigation" time="4.210"/>
  <system-out/>
  <testcase classname="SPCCET.ScholarshipTestCases" name="Seeinfoclick" time="3.014"/>
  <system-out/>
  <testcase classname="SPCCET.ScholarshipTestCases" name="VisitServiceclick" time="5.381"/>
  <system-out/>
  <testcase classname="SPCCET.ScholarshipTestCases" name="refreshpage" time="4.724"/>
  <system-out/>
  <testcase classname="SPCCET.ScholarshipTestCases" name="ServiceNavigationTestCase" time="4.245"/>
  <system-out/>
  <testcase classname="SPCCET.ScholarshipTestCases" name="ServicePlusPageTestCase" time="0.191"/>
  <system-out/>
  <testcase classname="SPCCET.ScholarshipTestCases" name="IMbacktodirectory" time="0.186"/>
  <system-out/>
</testsuite> <!-- SPCCET.ScholarshipTestCases -->
