<?xml version="1.0" encoding="UTF-8"?>
<!-- Generated by org.testng.reporters.JUnitReportReporter -->
<testsuite hostname="DESKTOP-CLFL9AL" failures="0" tests="5" name="SPDepartmentOfRevenue.SociallyTestCases" time="21.870" errors="0" timestamp="2023-05-02T08:58:03 IST" skipped="0">
  <testcase classname="SPDepartmentOfRevenue.SociallyTestCases" name="allservicesnavigation" time="10.683"/>
  <system-out/>
  <testcase classname="SPDepartmentOfRevenue.SociallyTestCases" name="Sociallynavigation" time="5.489"/>
  <system-out/>
  <testcase classname="SPDepartmentOfRevenue.SociallyTestCases" name="Socially1TestCases" time="4.218"/>
  <system-out/>
  <testcase classname="SPDepartmentOfRevenue.SociallyTestCases" name="Socially2TestCase" time="0.189"/>
  <system-out/>
  <testcase classname="SPDepartmentOfRevenue.SociallyTestCases" name="IMbacktodirectory" time="1.291"/>
  <system-out/>
</testsuite> <!-- SPDepartmentOfRevenue.SociallyTestCases -->
