<?xml version="1.0" encoding="UTF-8"?>
<!-- Generated by org.testng.reporters.JUnitReportReporter -->
<testsuite hostname="DESKTOP-CLFL9AL" failures="0" tests="5" name="SPDepOfPersonnelAdministrativeReforms.ScheduledTribeTestCases" time="20.122" errors="0" timestamp="2023-05-02T08:58:03 IST" skipped="0">
  <testcase classname="SPDepOfPersonnelAdministrativeReforms.ScheduledTribeTestCases" name="allservicesnavigation" time="9.124"/>
  <system-out/>
  <testcase classname="SPDepOfPersonnelAdministrativeReforms.ScheduledTribeTestCases" name="ScheduledTribenavigation" time="5.311"/>
  <system-out/>
  <testcase classname="SPDepOfPersonnelAdministrativeReforms.ScheduledTribeTestCases" name="ScheduledTribe1TestCases" time="4.271"/>
  <system-out/>
  <testcase classname="SPDepOfPersonnelAdministrativeReforms.ScheduledTribeTestCases" name="ScheduledTribe2TestCase" time="0.192"/>
  <system-out/>
  <testcase classname="SPDepOfPersonnelAdministrativeReforms.ScheduledTribeTestCases" name="IMbacktodirectory" time="1.224"/>
  <system-out/>
</testsuite> <!-- SPDepOfPersonnelAdministrativeReforms.ScheduledTribeTestCases -->
