<?xml version="1.0" encoding="UTF-8"?>
<!-- Generated by org.testng.reporters.JUnitReportReporter -->
<testsuite hostname="DESKTOP-CLFL9AL" failures="0" tests="8" name="SPDirectorateofFisheries.FinancialAssistanceforPurchaseofLifeSavingFireFightingNavigationalCommunicationEquipmentTestCase" time="29.897" errors="0" timestamp="2024-04-12T00:35:51 IST" skipped="0">
  <testcase classname="SPDirectorateofFisheries.FinancialAssistanceforPurchaseofLifeSavingFireFightingNavigationalCommunicationEquipmentTestCase" name="allservicesnavigation" time="6.697"/>
  <system-out/>
  <testcase classname="SPDirectorateofFisheries.FinancialAssistanceforPurchaseofLifeSavingFireFightingNavigationalCommunicationEquipmentTestCase" name="DeptNavigation" time="5.136"/>
  <system-out/>
  <testcase classname="SPDirectorateofFisheries.FinancialAssistanceforPurchaseofLifeSavingFireFightingNavigationalCommunicationEquipmentTestCase" name="Seeinfoclick" time="3.069"/>
  <system-out/>
  <testcase classname="SPDirectorateofFisheries.FinancialAssistanceforPurchaseofLifeSavingFireFightingNavigationalCommunicationEquipmentTestCase" name="VisitServiceclick" time="5.416"/>
  <system-out/>
  <testcase classname="SPDirectorateofFisheries.FinancialAssistanceforPurchaseofLifeSavingFireFightingNavigationalCommunicationEquipmentTestCase" name="refreshpage" time="4.757"/>
  <system-out/>
  <testcase classname="SPDirectorateofFisheries.FinancialAssistanceforPurchaseofLifeSavingFireFightingNavigationalCommunicationEquipmentTestCase" name="ServiceNavigationTestCase" time="4.324"/>
  <system-out/>
  <testcase classname="SPDirectorateofFisheries.FinancialAssistanceforPurchaseofLifeSavingFireFightingNavigationalCommunicationEquipmentTestCase" name="ServicePlusPageTestCase" time="0.268"/>
  <system-out/>
  <testcase classname="SPDirectorateofFisheries.FinancialAssistanceforPurchaseofLifeSavingFireFightingNavigationalCommunicationEquipmentTestCase" name="IMbacktodirectory" time="0.230"/>
  <system-out/>
</testsuite> <!-- SPDirectorateofFisheries.FinancialAssistanceforPurchaseofLifeSavingFireFightingNavigationalCommunicationEquipmentTestCase -->
