<?xml version="1.0" encoding="UTF-8"?>
<!-- Generated by org.testng.reporters.JUnitReportReporter -->
<testsuite hostname="DESKTOP-CLFL9AL" failures="0" tests="6" name="NTA.NTAUGCNETDEC21n22MergedScoreCardTestCases" time="0.000" errors="0" timestamp="2022-12-18T16:48:59 IST" skipped="6">
  <testcase classname="NTA.NTAUGCNETDEC21n22MergedScoreCardTestCases" name="allservicesnavigation" time="0.000">
    <skipped/>
  </testcase> <!-- allservicesnavigation -->
  <system-out/>
  <testcase classname="NTA.NTAUGCNETDEC21n22MergedScoreCardTestCases" name="NTAdepartmentnavigation" time="0.000">
    <skipped/>
  </testcase> <!-- NTAdepartmentnavigation -->
  <system-out/>
  <testcase classname="NTA.NTAUGCNETDEC21n22MergedScoreCardTestCases" name="NTAUGCNETDEC21n22MergedScorecardserviceclick" time="0.000">
    <skipped/>
  </testcase> <!-- NTAUGCNETDEC21n22MergedScorecardserviceclick -->
  <system-out/>
  <testcase classname="NTA.NTAUGCNETDEC21n22MergedScoreCardTestCases" name="NTAMergedNETScoreCardcanditatevisible" time="0.000">
    <skipped/>
  </testcase> <!-- NTAMergedNETScoreCardcanditatevisible -->
  <system-out/>
  <testcase classname="NTA.NTAUGCNETDEC21n22MergedScoreCardTestCases" name="NTAUGCNETDEC21n22MergedScorecarddownloaddetails" time="0.000">
    <skipped/>
  </testcase> <!-- NTAUGCNETDEC21n22MergedScorecarddownloaddetails -->
  <system-out/>
  <testcase classname="NTA.NTAUGCNETDEC21n22MergedScoreCardTestCases" name="NTAbacktodirectory" time="0.000">
    <skipped/>
  </testcase> <!-- NTAbacktodirectory -->
  <system-out/>
</testsuite> <!-- NTA.NTAUGCNETDEC21n22MergedScoreCardTestCases -->
