<?xml version="1.0" encoding="UTF-8"?>
<!-- Generated by org.testng.reporters.JUnitReportReporter -->
<testsuite hostname="DESKTOP-CLFL9AL" failures="0" tests="8" name="SPEducationDepartment.RegistrationofPreprimaryPlaySchoolEoDBTestCase" time="28.641" errors="0" timestamp="2024-04-12T00:35:51 IST" skipped="0">
  <testcase classname="SPEducationDepartment.RegistrationofPreprimaryPlaySchoolEoDBTestCase" name="allservicesnavigation" time="6.718"/>
  <system-out/>
  <testcase classname="SPEducationDepartment.RegistrationofPreprimaryPlaySchoolEoDBTestCase" name="DeptNavigation" time="4.199"/>
  <system-out/>
  <testcase classname="SPEducationDepartment.RegistrationofPreprimaryPlaySchoolEoDBTestCase" name="Seeinfoclick" time="2.996"/>
  <system-out/>
  <testcase classname="SPEducationDepartment.RegistrationofPreprimaryPlaySchoolEoDBTestCase" name="VisitServiceclick" time="5.434"/>
  <system-out/>
  <testcase classname="SPEducationDepartment.RegistrationofPreprimaryPlaySchoolEoDBTestCase" name="refreshpage" time="4.451"/>
  <system-out/>
  <testcase classname="SPEducationDepartment.RegistrationofPreprimaryPlaySchoolEoDBTestCase" name="ServiceNavigationTestCase" time="4.319"/>
  <system-out/>
  <testcase classname="SPEducationDepartment.RegistrationofPreprimaryPlaySchoolEoDBTestCase" name="ServicePlusPageTestCase" time="0.221"/>
  <system-out/>
  <testcase classname="SPEducationDepartment.RegistrationofPreprimaryPlaySchoolEoDBTestCase" name="IMbacktodirectory" time="0.303"/>
  <system-out/>
</testsuite> <!-- SPEducationDepartment.RegistrationofPreprimaryPlaySchoolEoDBTestCase -->
