<?xml version="1.0" encoding="UTF-8"?>
<!-- Generated by org.testng.reporters.JUnitReportReporter -->
<testsuite hostname="DESKTOP-CLFL9AL" failures="0" tests="5" name="SPDepOfPersonnelAdministrativeReforms.LocalInspectionTestCases" time="20.274" errors="0" timestamp="2023-05-02T08:58:03 IST" skipped="0">
  <testcase classname="SPDepOfPersonnelAdministrativeReforms.LocalInspectionTestCases" name="allservicesnavigation" time="9.422"/>
  <system-out/>
  <testcase classname="SPDepOfPersonnelAdministrativeReforms.LocalInspectionTestCases" name="LocalInspectionnavigation" time="5.190"/>
  <system-out/>
  <testcase classname="SPDepOfPersonnelAdministrativeReforms.LocalInspectionTestCases" name="LocalInspection1TestCases" time="4.209"/>
  <system-out/>
  <testcase classname="SPDepOfPersonnelAdministrativeReforms.LocalInspectionTestCases" name="LocalInspection2TestCase" time="0.175"/>
  <system-out/>
  <testcase classname="SPDepOfPersonnelAdministrativeReforms.LocalInspectionTestCases" name="IMbacktodirectory" time="1.278"/>
  <system-out/>
</testsuite> <!-- SPDepOfPersonnelAdministrativeReforms.LocalInspectionTestCases -->
