<?xml version="1.0" encoding="UTF-8"?>
<!-- Generated by org.testng.reporters.JUnitReportReporter -->
<testsuite hostname="DESKTOP-CLFL9AL" failures="0" tests="8" name="SPDepartmentOfLabour.PensionFinancialAssistanceTestCase" time="31.849" errors="0" timestamp="2024-04-12T00:35:51 IST" skipped="0">
  <testcase classname="SPDepartmentOfLabour.PensionFinancialAssistanceTestCase" name="allservicesnavigation" time="6.597"/>
  <system-out/>
  <testcase classname="SPDepartmentOfLabour.PensionFinancialAssistanceTestCase" name="DeptNavigation" time="5.329"/>
  <system-out/>
  <testcase classname="SPDepartmentOfLabour.PensionFinancialAssistanceTestCase" name="Seeinfoclick" time="5.110"/>
  <system-out/>
  <testcase classname="SPDepartmentOfLabour.PensionFinancialAssistanceTestCase" name="VisitServiceclick" time="5.440"/>
  <system-out/>
  <testcase classname="SPDepartmentOfLabour.PensionFinancialAssistanceTestCase" name="refreshpage" time="4.519"/>
  <system-out/>
  <testcase classname="SPDepartmentOfLabour.PensionFinancialAssistanceTestCase" name="ServiceNavigationTestCase" time="4.354"/>
  <system-out/>
  <testcase classname="SPDepartmentOfLabour.PensionFinancialAssistanceTestCase" name="ServicePlusPageTestCase" time="0.228"/>
  <system-out/>
  <testcase classname="SPDepartmentOfLabour.PensionFinancialAssistanceTestCase" name="IMbacktodirectory" time="0.272"/>
  <system-out/>
</testsuite> <!-- SPDepartmentOfLabour.PensionFinancialAssistanceTestCase -->
