<?xml version="1.0" encoding="UTF-8"?>
<!-- Generated by org.testng.reporters.JUnitReportReporter -->
<testsuite hostname="DESKTOP-CLFL9AL" failures="0" tests="5" name="SPDirectorateofEducation.SchoolStationaryKitsTestCase" time="21.218" errors="0" timestamp="2023-05-02T07:30:02 IST" skipped="0">
  <testcase classname="SPDirectorateofEducation.SchoolStationaryKitsTestCase" name="allservicesnavigation" time="9.996"/>
  <system-out/>
  <testcase classname="SPDirectorateofEducation.SchoolStationaryKitsTestCase" name="SchoolStationaryKitsnavigation" time="5.621"/>
  <system-out/>
  <testcase classname="SPDirectorateofEducation.SchoolStationaryKitsTestCase" name="SchoolStationaryKits1TestCases" time="4.207"/>
  <system-out/>
  <testcase classname="SPDirectorateofEducation.SchoolStationaryKitsTestCase" name="SchoolStationaryKits2TestCase" time="0.179"/>
  <system-out/>
  <testcase classname="SPDirectorateofEducation.SchoolStationaryKitsTestCase" name="IMbacktodirectory" time="1.215"/>
  <system-out/>
</testsuite> <!-- SPDirectorateofEducation.SchoolStationaryKitsTestCase -->
