<?xml version="1.0" encoding="UTF-8"?>
<!-- Generated by org.testng.reporters.JUnitReportReporter -->
<testsuite hostname="DESKTOP-CLFL9AL" failures="0" tests="8" name="SPAgricultureDepartmentHaryana.LicenseofPesticidesDistrictLevelTestCases" time="29.311" errors="0" timestamp="2024-04-12T00:35:51 IST" skipped="0">
  <testcase classname="SPAgricultureDepartmentHaryana.LicenseofPesticidesDistrictLevelTestCases" name="allservicesnavigation" time="6.806"/>
  <system-out/>
  <testcase classname="SPAgricultureDepartmentHaryana.LicenseofPesticidesDistrictLevelTestCases" name="Deptnavigation" time="4.673"/>
  <system-out/>
  <testcase classname="SPAgricultureDepartmentHaryana.LicenseofPesticidesDistrictLevelTestCases" name="Seeinfoclick" time="2.974"/>
  <system-out/>
  <testcase classname="SPAgricultureDepartmentHaryana.LicenseofPesticidesDistrictLevelTestCases" name="VisitServiceclick" time="5.334"/>
  <system-out/>
  <testcase classname="SPAgricultureDepartmentHaryana.LicenseofPesticidesDistrictLevelTestCases" name="refreshpage" time="4.859"/>
  <system-out/>
  <testcase classname="SPAgricultureDepartmentHaryana.LicenseofPesticidesDistrictLevelTestCases" name="ServiceNavigationTestCase" time="4.268"/>
  <system-out/>
  <testcase classname="SPAgricultureDepartmentHaryana.LicenseofPesticidesDistrictLevelTestCases" name="ServicePlusPageTestCase" time="0.201"/>
  <system-out/>
  <testcase classname="SPAgricultureDepartmentHaryana.LicenseofPesticidesDistrictLevelTestCases" name="IMbacktodirectory" time="0.196"/>
  <system-out/>
</testsuite> <!-- SPAgricultureDepartmentHaryana.LicenseofPesticidesDistrictLevelTestCases -->
