<?xml version="1.0" encoding="UTF-8"?>
<!-- Generated by org.testng.reporters.JUnitReportReporter -->
<testsuite hostname="DESKTOP-CLFL9AL" failures="0" tests="5" name="SPRevenueDep.DistanceTestCases" time="21.279" errors="0" timestamp="2023-05-02T08:58:03 IST" skipped="0">
  <testcase classname="SPRevenueDep.DistanceTestCases" name="allservicesnavigation" time="10.546"/>
  <system-out/>
  <testcase classname="SPRevenueDep.DistanceTestCases" name="Distancenavigation" time="5.111"/>
  <system-out/>
  <testcase classname="SPRevenueDep.DistanceTestCases" name="Distance1TestCases" time="4.205"/>
  <system-out/>
  <testcase classname="SPRevenueDep.DistanceTestCases" name="Distance2TestCase" time="0.176"/>
  <system-out/>
  <testcase classname="SPRevenueDep.DistanceTestCases" name="IMbacktodirectory" time="1.241"/>
  <system-out/>
</testsuite> <!-- SPRevenueDep.DistanceTestCases -->
