<?xml version="1.0" encoding="UTF-8"?>
<!-- Generated by org.testng.reporters.JUnitReportReporter -->
<testsuite hostname="DESKTOP-CLFL9AL" failures="0" tests="7" name="Coffeeboard.CoffeeboardGrowerApplicationstatusTestcases" time="0.000" errors="0" timestamp="2022-12-18T16:48:58 IST" skipped="7">
  <testcase classname="Coffeeboard.CoffeeboardGrowerApplicationstatusTestcases" name="allservicesnavigation" time="0.000">
    <skipped/>
  </testcase> <!-- allservicesnavigation -->
  <system-out/>
  <testcase classname="Coffeeboard.CoffeeboardGrowerApplicationstatusTestcases" name="Coffeeboarddepartmentnavigation" time="0.000">
    <skipped/>
  </testcase> <!-- Coffeeboarddepartmentnavigation -->
  <system-out/>
  <testcase classname="Coffeeboard.CoffeeboardGrowerApplicationstatusTestcases" name="CoffeeboardGrowerApplicationstatusServiceNavigation" time="0.000">
    <skipped/>
  </testcase> <!-- CoffeeboardGrowerApplicationstatusServiceNavigation -->
  <system-out/>
  <testcase classname="Coffeeboard.CoffeeboardGrowerApplicationstatusTestcases" name="CoffeeboardGrowerApplicationstatuscheckdetails" time="0.000">
    <skipped/>
  </testcase> <!-- CoffeeboardGrowerApplicationstatuscheckdetails -->
  <system-out/>
  <testcase classname="Coffeeboard.CoffeeboardGrowerApplicationstatusTestcases" name="CoffeeboardGrowerApplicationstatusseeinfo" time="0.000">
    <skipped/>
  </testcase> <!-- CoffeeboardGrowerApplicationstatusseeinfo -->
  <system-out/>
  <testcase classname="Coffeeboard.CoffeeboardGrowerApplicationstatusTestcases" name="CoffeeboardGrowerApplicationstatusseeinfovisitservice" time="0.000">
    <skipped/>
  </testcase> <!-- CoffeeboardGrowerApplicationstatusseeinfovisitservice -->
  <system-out/>
  <testcase classname="Coffeeboard.CoffeeboardGrowerApplicationstatusTestcases" name="coffeboardbacktoservicedirectory" time="0.000">
    <skipped/>
  </testcase> <!-- coffeboardbacktoservicedirectory -->
  <system-out/>
</testsuite> <!-- Coffeeboard.CoffeeboardGrowerApplicationstatusTestcases -->
