<?xml version="1.0" encoding="UTF-8"?>
<!-- Generated by org.testng.reporters.JUnitReportReporter -->
<testsuite hostname="DESKTOP-CLFL9AL" failures="0" tests="5" name="Elderline.ElderlineFeildSupportTestCases" time="18.633" errors="0" timestamp="2023-01-06T13:02:24 IST" skipped="0">
  <testcase classname="Elderline.ElderlineFeildSupportTestCases" name="allservicesnavigation" time="10.508"/>
  <system-out/>
  <testcase classname="Elderline.ElderlineFeildSupportTestCases" name="Elderlinedepartmentnavigation" time="4.294"/>
  <system-out/>
  <testcase classname="Elderline.ElderlineFeildSupportTestCases" name="ElderlinefeildsupportTestCases" time="0.472"/>
  <system-out/>
  <testcase classname="Elderline.ElderlineFeildSupportTestCases" name="FeildsupportTestCases" time="1.798"/>
  <system-out/>
  <testcase classname="Elderline.ElderlineFeildSupportTestCases" name="IMbacktodirectory" time="1.561"/>
  <system-out/>
</testsuite> <!-- Elderline.ElderlineFeildSupportTestCases -->
