<?xml version="1.0" encoding="UTF-8"?>
<!-- Generated by org.testng.reporters.JUnitReportReporter -->
<testsuite hostname="DESKTOP-CLFL9AL" failures="0" tests="4" name="UMANG.Cowintest.JASQualityAssuranceTestCases" time="0.000" errors="0" timestamp="2022-12-18T16:48:58 IST" skipped="4">
  <testcase classname="UMANG.Cowintest.JASQualityAssuranceTestCases" name="allservicesnavigation" time="0.000">
    <skipped/>
  </testcase> <!-- allservicesnavigation -->
  <system-out/>
  <testcase classname="UMANG.Cowintest.JASQualityAssuranceTestCases" name="JASdepartmentnavigation" time="0.000">
    <skipped/>
  </testcase> <!-- JASdepartmentnavigation -->
  <system-out/>
  <testcase classname="UMANG.Cowintest.JASQualityAssuranceTestCases" name="JASQualityAssuranceServiceNavigation" time="0.000">
    <skipped/>
  </testcase> <!-- JASQualityAssuranceServiceNavigation -->
  <system-out/>
  <testcase classname="UMANG.Cowintest.JASQualityAssuranceTestCases" name="JASbacktoservicedirectory" time="0.000">
    <skipped/>
  </testcase> <!-- JASbacktoservicedirectory -->
  <system-out/>
</testsuite> <!-- UMANG.Cowintest.JASQualityAssuranceTestCases -->
