<?xml version="1.0" encoding="UTF-8"?>
<!-- Generated by org.testng.reporters.JUnitReportReporter -->
<testsuite hostname="DESKTOP-CLFL9AL" failures="0" tests="8" name="SPDirectorateofEducation.HostelStipendforCollegestudentsofAndamanandNicobarIslandsTestCase" time="29.550" errors="0" timestamp="2024-04-12T00:35:51 IST" skipped="0">
  <testcase classname="SPDirectorateofEducation.HostelStipendforCollegestudentsofAndamanandNicobarIslandsTestCase" name="allservicesnavigation" time="6.625"/>
  <system-out/>
  <testcase classname="SPDirectorateofEducation.HostelStipendforCollegestudentsofAndamanandNicobarIslandsTestCase" name="Deptnavigation" time="5.340"/>
  <system-out/>
  <testcase classname="SPDirectorateofEducation.HostelStipendforCollegestudentsofAndamanandNicobarIslandsTestCase" name="Seeinfoclick" time="3.042"/>
  <system-out/>
  <testcase classname="SPDirectorateofEducation.HostelStipendforCollegestudentsofAndamanandNicobarIslandsTestCase" name="VisitServiceclick" time="5.388"/>
  <system-out/>
  <testcase classname="SPDirectorateofEducation.HostelStipendforCollegestudentsofAndamanandNicobarIslandsTestCase" name="refreshpage" time="4.388"/>
  <system-out/>
  <testcase classname="SPDirectorateofEducation.HostelStipendforCollegestudentsofAndamanandNicobarIslandsTestCase" name="ServiceNavigationTestCase" time="4.316"/>
  <system-out/>
  <testcase classname="SPDirectorateofEducation.HostelStipendforCollegestudentsofAndamanandNicobarIslandsTestCase" name="ServicePlusPageTestCase" time="0.256"/>
  <system-out/>
  <testcase classname="SPDirectorateofEducation.HostelStipendforCollegestudentsofAndamanandNicobarIslandsTestCase" name="IMbacktodirectory" time="0.195"/>
  <system-out/>
</testsuite> <!-- SPDirectorateofEducation.HostelStipendforCollegestudentsofAndamanandNicobarIslandsTestCase -->
