<?xml version="1.0" encoding="UTF-8"?>
<!-- Generated by org.testng.reporters.JUnitReportReporter -->
<testsuite hostname="DESKTOP-CLFL9AL" failures="0" tests="7" name="SamagraShiksha.SamagraShikshaGrievanceUnderInclusiveEducationTestCases" time="0.000" errors="0" timestamp="2022-12-18T16:48:59 IST" skipped="7">
  <testcase classname="SamagraShiksha.SamagraShikshaGrievanceUnderInclusiveEducationTestCases" name="allservicesnavigation" time="0.000">
    <skipped/>
  </testcase> <!-- allservicesnavigation -->
  <system-out/>
  <testcase classname="SamagraShiksha.SamagraShikshaGrievanceUnderInclusiveEducationTestCases" name="SamagraShikshadepartmentnavigation" time="0.000">
    <skipped/>
  </testcase> <!-- SamagraShikshadepartmentnavigation -->
  <system-out/>
  <testcase classname="SamagraShiksha.SamagraShikshaGrievanceUnderInclusiveEducationTestCases" name="SamagraShikshaGrievanceunderInclusiveEducationsubmitdata" time="0.000">
    <skipped/>
  </testcase> <!-- SamagraShikshaGrievanceunderInclusiveEducationsubmitdata -->
  <system-out/>
  <testcase classname="SamagraShiksha.SamagraShikshaGrievanceUnderInclusiveEducationTestCases" name="SamagraShikshaGrievanceunderInclusiveEducationServicenavigation" time="0.000">
    <skipped/>
  </testcase> <!-- SamagraShikshaGrievanceunderInclusiveEducationServicenavigation -->
  <system-out/>
  <testcase classname="SamagraShiksha.SamagraShikshaGrievanceUnderInclusiveEducationTestCases" name="SamagraShikshaGrievanceseeinfo" time="0.000">
    <skipped/>
  </testcase> <!-- SamagraShikshaGrievanceseeinfo -->
  <system-out/>
  <testcase classname="SamagraShiksha.SamagraShikshaGrievanceUnderInclusiveEducationTestCases" name="SamagraShikshaGrievanceseeinfovisitservice" time="0.000">
    <skipped/>
  </testcase> <!-- SamagraShikshaGrievanceseeinfovisitservice -->
  <system-out/>
  <testcase classname="SamagraShiksha.SamagraShikshaGrievanceUnderInclusiveEducationTestCases" name="SSbacktodirectory" time="0.000">
    <skipped/>
  </testcase> <!-- SSbacktodirectory -->
  <system-out/>
</testsuite> <!-- SamagraShiksha.SamagraShikshaGrievanceUnderInclusiveEducationTestCases -->
