<?xml version="1.0" encoding="UTF-8"?>
<!-- Generated by org.testng.reporters.JUnitReportReporter -->
<testsuite hostname="DESKTOP-CLFL9AL" failures="0" tests="5" name="SPDepOfSocialWelfare.UTChandigarhTestCase" time="20.549" errors="0" timestamp="2023-05-02T07:30:02 IST" skipped="0">
  <testcase classname="SPDepOfSocialWelfare.UTChandigarhTestCase" name="allservicesnavigation" time="9.590"/>
  <system-out/>
  <testcase classname="SPDepOfSocialWelfare.UTChandigarhTestCase" name="UTChandigarhnavigation" time="5.336"/>
  <system-out/>
  <testcase classname="SPDepOfSocialWelfare.UTChandigarhTestCase" name="UTChandigarh1TestCases" time="4.213"/>
  <system-out/>
  <testcase classname="SPDepOfSocialWelfare.UTChandigarhTestCase" name="UTChandigarh2TestCase" time="0.202"/>
  <system-out/>
  <testcase classname="SPDepOfSocialWelfare.UTChandigarhTestCase" name="IMbacktodirectory" time="1.208"/>
  <system-out/>
</testsuite> <!-- SPDepOfSocialWelfare.UTChandigarhTestCase -->
