<?xml version="1.0" encoding="UTF-8"?>
<!-- Generated by org.testng.reporters.JUnitReportReporter -->
<testsuite hostname="DESKTOP-CLFL9AL" failures="0" tests="8" name="SPDepartmenOfHome.ConversionofonetypeofweapontoanothertypeTestCase" time="29.715" errors="0" timestamp="2024-04-12T00:35:51 IST" skipped="0">
  <testcase classname="SPDepartmenOfHome.ConversionofonetypeofweapontoanothertypeTestCase" name="allservicesnavigation" time="6.647"/>
  <system-out/>
  <testcase classname="SPDepartmenOfHome.ConversionofonetypeofweapontoanothertypeTestCase" name="DeptNavigation" time="5.526"/>
  <system-out/>
  <testcase classname="SPDepartmenOfHome.ConversionofonetypeofweapontoanothertypeTestCase" name="Seeinfoclick" time="3.018"/>
  <system-out/>
  <testcase classname="SPDepartmenOfHome.ConversionofonetypeofweapontoanothertypeTestCase" name="VisitServiceclick" time="5.381"/>
  <system-out/>
  <testcase classname="SPDepartmenOfHome.ConversionofonetypeofweapontoanothertypeTestCase" name="refreshpage" time="4.500"/>
  <system-out/>
  <testcase classname="SPDepartmenOfHome.ConversionofonetypeofweapontoanothertypeTestCase" name="ServiceNavigationTestCase" time="4.304"/>
  <system-out/>
  <testcase classname="SPDepartmenOfHome.ConversionofonetypeofweapontoanothertypeTestCase" name="ServicePlusPageTestCase" time="0.184"/>
  <system-out/>
  <testcase classname="SPDepartmenOfHome.ConversionofonetypeofweapontoanothertypeTestCase" name="IMbacktodirectory" time="0.155"/>
  <system-out/>
</testsuite> <!-- SPDepartmenOfHome.ConversionofonetypeofweapontoanothertypeTestCase -->
