<?xml version="1.0" encoding="UTF-8"?>
<!-- Generated by org.testng.reporters.JUnitReportReporter -->
<testsuite hostname="DESKTOP-CLFL9AL" failures="0" tests="5" name="UMANG.Cowintest.PMAYGConvervegencedetailsTestcases" time="0.000" errors="0" timestamp="2022-12-18T16:48:57 IST" skipped="5">
  <testcase classname="UMANG.Cowintest.PMAYGConvervegencedetailsTestcases" name="allservicesnavigation" time="0.000">
    <skipped/>
  </testcase> <!-- allservicesnavigation -->
  <system-out/>
  <testcase classname="UMANG.Cowintest.PMAYGConvervegencedetailsTestcases" name="PMAYGdepartmentnavigation" time="0.000">
    <skipped/>
  </testcase> <!-- PMAYGdepartmentnavigation -->
  <system-out/>
  <testcase classname="UMANG.Cowintest.PMAYGConvervegencedetailsTestcases" name="PMaygconvergencedetails" time="0.000">
    <skipped/>
  </testcase> <!-- PMaygconvergencedetails -->
  <system-out/>
  <testcase classname="UMANG.Cowintest.PMAYGConvervegencedetailsTestcases" name="PMaygconvergencedetailssearch" time="0.000">
    <skipped/>
  </testcase> <!-- PMaygconvergencedetailssearch -->
  <system-out/>
  <testcase classname="UMANG.Cowintest.PMAYGConvervegencedetailsTestcases" name="PAMYGbacktoservicedirectory" time="0.000">
    <skipped/>
  </testcase> <!-- PAMYGbacktoservicedirectory -->
  <system-out/>
</testsuite> <!-- UMANG.Cowintest.PMAYGConvervegencedetailsTestcases -->
