<?xml version="1.0" encoding="UTF-8"?>
<!-- Generated by org.testng.reporters.JUnitReportReporter -->
<testsuite hostname="DESKTOP-CLFL9AL" failures="0" tests="7" name="Elderline.ElderlineFAQTestCases" time="37.340" errors="0" timestamp="2023-01-06T13:02:24 IST" skipped="0">
  <testcase classname="Elderline.ElderlineFAQTestCases" name="allservicesnavigation" time="19.162"/>
  <system-out/>
  <testcase classname="Elderline.ElderlineFAQTestCases" name="Elderlinedepartmentnavigation" time="9.342"/>
  <system-out/>
  <testcase classname="Elderline.ElderlineFAQTestCases" name="ElderlineFAQdetails" time="0.587"/>
  <system-out/>
  <testcase classname="Elderline.ElderlineFAQTestCases" name="FAQT1estCases" time="1.475"/>
  <system-out/>
  <testcase classname="Elderline.ElderlineFAQTestCases" name="FAQ2TestCases" time="0.947"/>
  <system-out/>
  <testcase classname="Elderline.ElderlineFAQTestCases" name="FAQ3TestCases" time="4.143"/>
  <system-out/>
  <testcase classname="Elderline.ElderlineFAQTestCases" name="IMbacktodirectory" time="1.684"/>
  <system-out/>
</testsuite> <!-- Elderline.ElderlineFAQTestCases -->
