<?xml version="1.0" encoding="UTF-8"?>
<!-- Generated by org.testng.reporters.JUnitReportReporter -->
<testsuite hostname="DESKTOP-CLFL9AL" failures="0" tests="6" name="NTA.NTACUETUGadmitCardTestcases" time="0.000" errors="0" timestamp="2022-12-18T16:48:59 IST" skipped="6">
  <testcase classname="NTA.NTACUETUGadmitCardTestcases" name="allservicesnavigation" time="0.000">
    <skipped/>
  </testcase> <!-- allservicesnavigation -->
  <system-out/>
  <testcase classname="NTA.NTACUETUGadmitCardTestcases" name="NTAservicesnavigation" time="0.000">
    <skipped/>
  </testcase> <!-- NTAservicesnavigation -->
  <system-out/>
  <testcase classname="NTA.NTACUETUGadmitCardTestcases" name="NTACUETUGadmitcardServiceNavigation" time="0.000">
    <skipped/>
  </testcase> <!-- NTACUETUGadmitcardServiceNavigation -->
  <system-out/>
  <testcase classname="NTA.NTACUETUGadmitCardTestcases" name="NTAadmitcardsessionCUETUGcanditatevisible" time="0.000">
    <skipped/>
  </testcase> <!-- NTAadmitcardsessionCUETUGcanditatevisible -->
  <system-out/>
  <testcase classname="NTA.NTACUETUGadmitCardTestcases" name="NTAadmitcardsessionCUETUGdownloaddetails" time="0.000">
    <skipped/>
  </testcase> <!-- NTAadmitcardsessionCUETUGdownloaddetails -->
  <system-out/>
  <testcase classname="NTA.NTACUETUGadmitCardTestcases" name="NTAbacktodirectory" time="0.000">
    <skipped/>
  </testcase> <!-- NTAbacktodirectory -->
  <system-out/>
</testsuite> <!-- NTA.NTACUETUGadmitCardTestcases -->
