<?xml version="1.0" encoding="UTF-8"?>
<!-- Generated by org.testng.reporters.JUnitReportReporter -->
<testsuite hostname="DESKTOP-CLFL9AL" failures="0" tests="8" name="SPDeptOfScientificAndIndustrial.PromotingInnovationsinIndividualsStartupsandMSMEsTestCase" time="29.813" errors="0" timestamp="2024-04-12T00:35:51 IST" skipped="0">
  <testcase classname="SPDeptOfScientificAndIndustrial.PromotingInnovationsinIndividualsStartupsandMSMEsTestCase" name="allservicesnavigation" time="6.666"/>
  <system-out/>
  <testcase classname="SPDeptOfScientificAndIndustrial.PromotingInnovationsinIndividualsStartupsandMSMEsTestCase" name="DeptNavigation" time="5.325"/>
  <system-out/>
  <testcase classname="SPDeptOfScientificAndIndustrial.PromotingInnovationsinIndividualsStartupsandMSMEsTestCase" name="Seeinfoclick" time="2.981"/>
  <system-out/>
  <testcase classname="SPDeptOfScientificAndIndustrial.PromotingInnovationsinIndividualsStartupsandMSMEsTestCase" name="VisitServiceclick" time="5.324"/>
  <system-out/>
  <testcase classname="SPDeptOfScientificAndIndustrial.PromotingInnovationsinIndividualsStartupsandMSMEsTestCase" name="refreshpage" time="4.761"/>
  <system-out/>
  <testcase classname="SPDeptOfScientificAndIndustrial.PromotingInnovationsinIndividualsStartupsandMSMEsTestCase" name="ServiceNavigationTestCase" time="4.284"/>
  <system-out/>
  <testcase classname="SPDeptOfScientificAndIndustrial.PromotingInnovationsinIndividualsStartupsandMSMEsTestCase" name="ServicePlusPageTestCase" time="0.219"/>
  <system-out/>
  <testcase classname="SPDeptOfScientificAndIndustrial.PromotingInnovationsinIndividualsStartupsandMSMEsTestCase" name="IMbacktodirectory" time="0.253"/>
  <system-out/>
</testsuite> <!-- SPDeptOfScientificAndIndustrial.PromotingInnovationsinIndividualsStartupsandMSMEsTestCase -->
