<?xml version="1.0" encoding="UTF-8"?>
<!-- Generated by org.testng.reporters.JUnitReportReporter -->
<testsuite hostname="DESKTOP-CLFL9AL" failures="0" tests="8" name="SPLabourDepartment.FinancialAssistancetodisabledchildernofregisteredworkerofHBOCWWBoardTestCases" time="29.761" errors="0" timestamp="2024-04-12T00:35:51 IST" skipped="0">
  <testcase classname="SPLabourDepartment.FinancialAssistancetodisabledchildernofregisteredworkerofHBOCWWBoardTestCases" name="allservicesnavigation" time="6.793"/>
  <system-out/>
  <testcase classname="SPLabourDepartment.FinancialAssistancetodisabledchildernofregisteredworkerofHBOCWWBoardTestCases" name="DeptNavigation" time="5.023"/>
  <system-out/>
  <testcase classname="SPLabourDepartment.FinancialAssistancetodisabledchildernofregisteredworkerofHBOCWWBoardTestCases" name="Seeinfoclick" time="3.127"/>
  <system-out/>
  <testcase classname="SPLabourDepartment.FinancialAssistancetodisabledchildernofregisteredworkerofHBOCWWBoardTestCases" name="VisitServiceclick" time="5.439"/>
  <system-out/>
  <testcase classname="SPLabourDepartment.FinancialAssistancetodisabledchildernofregisteredworkerofHBOCWWBoardTestCases" name="refreshpage" time="4.471"/>
  <system-out/>
  <testcase classname="SPLabourDepartment.FinancialAssistancetodisabledchildernofregisteredworkerofHBOCWWBoardTestCases" name="ServiceNavigationTestCase" time="4.425"/>
  <system-out/>
  <testcase classname="SPLabourDepartment.FinancialAssistancetodisabledchildernofregisteredworkerofHBOCWWBoardTestCases" name="ServicePlusPageTestCase" time="0.294"/>
  <system-out/>
  <testcase classname="SPLabourDepartment.FinancialAssistancetodisabledchildernofregisteredworkerofHBOCWWBoardTestCases" name="IMbacktodirectory" time="0.189"/>
  <system-out/>
</testsuite> <!-- SPLabourDepartment.FinancialAssistancetodisabledchildernofregisteredworkerofHBOCWWBoardTestCases -->
