<?xml version="1.0" encoding="UTF-8"?>
<!-- Generated by org.testng.reporters.JUnitReportReporter -->
<testsuite hostname="DESKTOP-CLFL9AL" failures="0" tests="7" name="ORS.ORSBookAppointmentTestCases" time="0.000" errors="0" timestamp="2022-12-18T16:48:59 IST" skipped="7">
  <testcase classname="ORS.ORSBookAppointmentTestCases" name="allservicesnavigation" time="0.000">
    <skipped/>
  </testcase> <!-- allservicesnavigation -->
  <system-out/>
  <testcase classname="ORS.ORSBookAppointmentTestCases" name="ORSdepartmentnavigation" time="0.000">
    <skipped/>
  </testcase> <!-- ORSdepartmentnavigation -->
  <system-out/>
  <testcase classname="ORS.ORSBookAppointmentTestCases" name="ORSBookappointmnetservicenavigation" time="0.000">
    <skipped/>
  </testcase> <!-- ORSBookappointmnetservicenavigation -->
  <system-out/>
  <testcase classname="ORS.ORSBookAppointmentTestCases" name="ORSbookappointmnetsubmit" time="0.000">
    <skipped/>
  </testcase> <!-- ORSbookappointmnetsubmit -->
  <system-out/>
  <testcase classname="ORS.ORSBookAppointmentTestCases" name="ORSbookappointmnetgetOTPmessage" time="0.000">
    <skipped/>
  </testcase> <!-- ORSbookappointmnetgetOTPmessage -->
  <system-out/>
  <testcase classname="ORS.ORSBookAppointmentTestCases" name="ORSbookappointmnetcheckOTP" time="0.000">
    <skipped/>
  </testcase> <!-- ORSbookappointmnetcheckOTP -->
  <system-out/>
  <testcase classname="ORS.ORSBookAppointmentTestCases" name="ORSbacktodirectory" time="0.000">
    <skipped/>
  </testcase> <!-- ORSbacktodirectory -->
  <system-out/>
</testsuite> <!-- ORS.ORSBookAppointmentTestCases -->
