<?xml version="1.0" encoding="UTF-8"?>
<!-- Generated by org.testng.reporters.JUnitReportReporter -->
<testsuite hostname="DESKTOP-CLFL9AL" failures="0" tests="5" name="SPSocialJusticeEmpowerment.DestituteChildrenTestCase" time="19.200" errors="0" timestamp="2023-05-02T08:58:03 IST" skipped="0">
  <testcase classname="SPSocialJusticeEmpowerment.DestituteChildrenTestCase" name="allservicesnavigation" time="7.808"/>
  <system-out/>
  <testcase classname="SPSocialJusticeEmpowerment.DestituteChildrenTestCase" name="DestituteChildrennavigation" time="5.287"/>
  <system-out/>
  <testcase classname="SPSocialJusticeEmpowerment.DestituteChildrenTestCase" name="DestituteChildren1TestCases" time="4.195"/>
  <system-out/>
  <testcase classname="SPSocialJusticeEmpowerment.DestituteChildrenTestCase" name="DestituteChildren2TestCase" time="0.159"/>
  <system-out/>
  <testcase classname="SPSocialJusticeEmpowerment.DestituteChildrenTestCase" name="IMbacktodirectory" time="1.751"/>
  <system-out/>
</testsuite> <!-- SPSocialJusticeEmpowerment.DestituteChildrenTestCase -->
