<?xml version="1.0" encoding="UTF-8"?>
<!-- Generated by org.testng.reporters.JUnitReportReporter -->
<testsuite hostname="DESKTOP-CLFL9AL" failures="0" tests="8" name="SPPoliticalDepartmentMeghalaya.ApplicationforPermissionforHoldingPublicEventstestcase" time="29.878" errors="0" timestamp="2024-04-12T00:35:51 IST" skipped="0">
  <testcase classname="SPPoliticalDepartmentMeghalaya.ApplicationforPermissionforHoldingPublicEventstestcase" name="allservicesnavigation" time="6.822"/>
  <system-out/>
  <testcase classname="SPPoliticalDepartmentMeghalaya.ApplicationforPermissionforHoldingPublicEventstestcase" name="DeptNavigation" time="5.079"/>
  <system-out/>
  <testcase classname="SPPoliticalDepartmentMeghalaya.ApplicationforPermissionforHoldingPublicEventstestcase" name="Seeinfoclick" time="3.103"/>
  <system-out/>
  <testcase classname="SPPoliticalDepartmentMeghalaya.ApplicationforPermissionforHoldingPublicEventstestcase" name="VisitServiceclick" time="5.435"/>
  <system-out/>
  <testcase classname="SPPoliticalDepartmentMeghalaya.ApplicationforPermissionforHoldingPublicEventstestcase" name="refreshpage" time="4.477"/>
  <system-out/>
  <testcase classname="SPPoliticalDepartmentMeghalaya.ApplicationforPermissionforHoldingPublicEventstestcase" name="ServiceNavigationTestCase" time="4.409"/>
  <system-out/>
  <testcase classname="SPPoliticalDepartmentMeghalaya.ApplicationforPermissionforHoldingPublicEventstestcase" name="ServicePlusPageTestCase" time="0.247"/>
  <system-out/>
  <testcase classname="SPPoliticalDepartmentMeghalaya.ApplicationforPermissionforHoldingPublicEventstestcase" name="IMbacktodirectory" time="0.306"/>
  <system-out/>
</testsuite> <!-- SPPoliticalDepartmentMeghalaya.ApplicationforPermissionforHoldingPublicEventstestcase -->
