<?xml version="1.0" encoding="UTF-8"?>
<!-- Generated by org.testng.reporters.JUnitReportReporter -->
<testsuite hostname="DESKTOP-CLFL9AL" failures="0" tests="5" name="SPKarbiAnglong.JamabandiTestCase" time="17.742" errors="0" timestamp="2023-05-02T08:58:02 IST" skipped="0">
  <testcase classname="SPKarbiAnglong.JamabandiTestCase" name="allservicesnavigation" time="9.053"/>
  <system-out/>
  <testcase classname="SPKarbiAnglong.JamabandiTestCase" name="Jamabandinavigation" time="3.016"/>
  <system-out/>
  <testcase classname="SPKarbiAnglong.JamabandiTestCase" name="Jamabandi1TestCases" time="4.223"/>
  <system-out/>
  <testcase classname="SPKarbiAnglong.JamabandiTestCase" name="Jamabandi2TestCase" time="0.175"/>
  <system-out/>
  <testcase classname="SPKarbiAnglong.JamabandiTestCase" name="IMbacktodirectory" time="1.275"/>
  <system-out/>
</testsuite> <!-- SPKarbiAnglong.JamabandiTestCase -->
