<?xml version="1.0" encoding="UTF-8"?>
<!-- Generated by org.testng.reporters.JUnitReportReporter -->
<testsuite hostname="DESKTOP-CLFL9AL" failures="0" tests="4" name="ArundatiGoldScheme.ArundatiGSTrackStatusTestCases" time="0.000" errors="0" timestamp="2022-12-18T16:49:00 IST" skipped="4">
  <testcase classname="ArundatiGoldScheme.ArundatiGSTrackStatusTestCases" name="allservicesnavigation" time="0.000">
    <skipped/>
  </testcase> <!-- allservicesnavigation -->
  <system-out/>
  <testcase classname="ArundatiGoldScheme.ArundatiGSTrackStatusTestCases" name="Arundhatigoldschemedepartmentnavigation" time="0.000">
    <skipped/>
  </testcase> <!-- Arundhatigoldschemedepartmentnavigation -->
  <system-out/>
  <testcase classname="ArundatiGoldScheme.ArundatiGSTrackStatusTestCases" name="ArundhatigoldschemeTrackStatusservcienavigation" time="0.000">
    <skipped/>
  </testcase> <!-- ArundhatigoldschemeTrackStatusservcienavigation -->
  <system-out/>
  <testcase classname="ArundatiGoldScheme.ArundatiGSTrackStatusTestCases" name="ArundhatiGSbacktoservicedirectory" time="0.000">
    <skipped/>
  </testcase> <!-- ArundhatiGSbacktoservicedirectory -->
  <system-out/>
</testsuite> <!-- ArundatiGoldScheme.ArundatiGSTrackStatusTestCases -->
