<?xml version="1.0" encoding="UTF-8"?>
<!-- Generated by org.testng.reporters.JUnitReportReporter -->
<testsuite hostname="DESKTOP-CLFL9AL" failures="0" tests="9" name="CarbonNeutral.CNYourCarbonfootprintTestCases" time="0.000" errors="0" timestamp="2022-12-18T16:48:59 IST" skipped="9">
  <testcase classname="CarbonNeutral.CNYourCarbonfootprintTestCases" name="allservicesnavigation" time="0.000">
    <skipped/>
  </testcase> <!-- allservicesnavigation -->
  <system-out/>
  <testcase classname="CarbonNeutral.CNYourCarbonfootprintTestCases" name="CarbonNeutraldepartmentnavigation" time="0.000">
    <skipped/>
  </testcase> <!-- CarbonNeutraldepartmentnavigation -->
  <system-out/>
  <testcase classname="CarbonNeutral.CNYourCarbonfootprintTestCases" name="CNyourcarbonfootprint" time="0.000">
    <skipped/>
  </testcase> <!-- CNyourcarbonfootprint -->
  <system-out/>
  <testcase classname="CarbonNeutral.CNYourCarbonfootprintTestCases" name="CNyourcarbonfootprintsuminfootprintverification" time="0.000">
    <skipped/>
  </testcase> <!-- CNyourcarbonfootprintsuminfootprintverification -->
  <system-out/>
  <testcase classname="CarbonNeutral.CNYourCarbonfootprintTestCases" name="CNyourcarbonfootprintfiltermonthlyyearly" time="0.000">
    <skipped/>
  </testcase> <!-- CNyourcarbonfootprintfiltermonthlyyearly -->
  <system-out/>
  <testcase classname="CarbonNeutral.CNYourCarbonfootprintTestCases" name="CNyourcarbonfootprinthouseholdnavigation" time="0.000">
    <skipped/>
  </testcase> <!-- CNyourcarbonfootprinthouseholdnavigation -->
  <system-out/>
  <testcase classname="CarbonNeutral.CNYourCarbonfootprintTestCases" name="CNyourcarbonfootprintwastenavigation" time="0.000">
    <skipped/>
  </testcase> <!-- CNyourcarbonfootprintwastenavigation -->
  <system-out/>
  <testcase classname="CarbonNeutral.CNYourCarbonfootprintTestCases" name="CNyourcarbonfootprinttransportnavigation" time="0.000">
    <skipped/>
  </testcase> <!-- CNyourcarbonfootprinttransportnavigation -->
  <system-out/>
  <testcase classname="CarbonNeutral.CNYourCarbonfootprintTestCases" name="CNbacktodirectory" time="0.000">
    <skipped/>
  </testcase> <!-- CNbacktodirectory -->
  <system-out/>
</testsuite> <!-- CarbonNeutral.CNYourCarbonfootprintTestCases -->
