<?xml version="1.0" encoding="UTF-8"?>
<!-- Generated by org.testng.reporters.JUnitReportReporter -->
<testsuite hostname="DESKTOP-CLFL9AL" failures="0" tests="7" name="TNMSME.TNMSMETrackStatusTestCases" time="0.000" errors="0" timestamp="2022-12-18T16:48:59 IST" skipped="7">
  <testcase classname="TNMSME.TNMSMETrackStatusTestCases" name="allservicesnavigation" time="0.000">
    <skipped/>
  </testcase> <!-- allservicesnavigation -->
  <system-out/>
  <testcase classname="TNMSME.TNMSMETrackStatusTestCases" name="TNMSMEdepartmentnavigation" time="0.000">
    <skipped/>
  </testcase> <!-- TNMSMEdepartmentnavigation -->
  <system-out/>
  <testcase classname="TNMSME.TNMSMETrackStatusTestCases" name="TNMSMEtrackstatusservicenavigation" time="0.000">
    <skipped/>
  </testcase> <!-- TNMSMEtrackstatusservicenavigation -->
  <system-out/>
  <testcase classname="TNMSME.TNMSMETrackStatusTestCases" name="TMMSMEtrackstatusdetails" time="0.000">
    <skipped/>
  </testcase> <!-- TMMSMEtrackstatusdetails -->
  <system-out/>
  <testcase classname="TNMSME.TNMSMETrackStatusTestCases" name="TMMSMEtrackstatushomebuttoncheck" time="0.000">
    <skipped/>
  </testcase> <!-- TMMSMEtrackstatushomebuttoncheck -->
  <system-out/>
  <testcase classname="TNMSME.TNMSMETrackStatusTestCases" name="TMMSMElogoutcheck" time="0.000">
    <skipped/>
  </testcase> <!-- TMMSMElogoutcheck -->
  <system-out/>
  <testcase classname="TNMSME.TNMSMETrackStatusTestCases" name="TNMSMEUploadacktodirectory" time="0.000">
    <skipped/>
  </testcase> <!-- TNMSMEUploadacktodirectory -->
  <system-out/>
</testsuite> <!-- TNMSME.TNMSMETrackStatusTestCases -->
