<?xml version="1.0" encoding="UTF-8"?>
<!-- Generated by org.testng.reporters.JUnitReportReporter -->
<testsuite hostname="DESKTOP-CLFL9AL" failures="0" tests="8" name="SPDepartmenOfHome.IssuanceofDuplicateArmLicenseTestCase" time="28.929" errors="0" timestamp="2024-04-12T00:35:51 IST" skipped="0">
  <testcase classname="SPDepartmenOfHome.IssuanceofDuplicateArmLicenseTestCase" name="allservicesnavigation" time="6.717"/>
  <system-out/>
  <testcase classname="SPDepartmenOfHome.IssuanceofDuplicateArmLicenseTestCase" name="DeptNavigation" time="4.420"/>
  <system-out/>
  <testcase classname="SPDepartmenOfHome.IssuanceofDuplicateArmLicenseTestCase" name="Seeinfoclick" time="2.957"/>
  <system-out/>
  <testcase classname="SPDepartmenOfHome.IssuanceofDuplicateArmLicenseTestCase" name="VisitServiceclick" time="5.402"/>
  <system-out/>
  <testcase classname="SPDepartmenOfHome.IssuanceofDuplicateArmLicenseTestCase" name="refreshpage" time="4.764"/>
  <system-out/>
  <testcase classname="SPDepartmenOfHome.IssuanceofDuplicateArmLicenseTestCase" name="ServiceNavigationTestCase" time="4.317"/>
  <system-out/>
  <testcase classname="SPDepartmenOfHome.IssuanceofDuplicateArmLicenseTestCase" name="ServicePlusPageTestCase" time="0.203"/>
  <system-out/>
  <testcase classname="SPDepartmenOfHome.IssuanceofDuplicateArmLicenseTestCase" name="IMbacktodirectory" time="0.149"/>
  <system-out/>
</testsuite> <!-- SPDepartmenOfHome.IssuanceofDuplicateArmLicenseTestCase -->
