<?xml version="1.0" encoding="UTF-8"?>
<!-- Generated by org.testng.reporters.JUnitReportReporter -->
<testsuite hostname="DESKTOP-CLFL9AL" failures="0" tests="6" name="NTA.NTAICARAIEEAPGScoreCardTestCases" time="0.000" errors="0" timestamp="2022-12-18T16:48:59 IST" skipped="6">
  <testcase classname="NTA.NTAICARAIEEAPGScoreCardTestCases" name="allservicesnavigation" time="0.000">
    <skipped/>
  </testcase> <!-- allservicesnavigation -->
  <system-out/>
  <testcase classname="NTA.NTAICARAIEEAPGScoreCardTestCases" name="NTAdeptnavigation" time="0.000">
    <skipped/>
  </testcase> <!-- NTAdeptnavigation -->
  <system-out/>
  <testcase classname="NTA.NTAICARAIEEAPGScoreCardTestCases" name="NTAICARAIEEAPGScoreCardServiceNavigation" time="0.000">
    <skipped/>
  </testcase> <!-- NTAICARAIEEAPGScoreCardServiceNavigation -->
  <system-out/>
  <testcase classname="NTA.NTAICARAIEEAPGScoreCardTestCases" name="NTAICARAIEEAPGScoreCarddetailsvisible" time="0.000">
    <skipped/>
  </testcase> <!-- NTAICARAIEEAPGScoreCarddetailsvisible -->
  <system-out/>
  <testcase classname="NTA.NTAICARAIEEAPGScoreCardTestCases" name="NTAICARAIEEAPGScoreCarddownloaddetails" time="0.000">
    <skipped/>
  </testcase> <!-- NTAICARAIEEAPGScoreCarddownloaddetails -->
  <system-out/>
  <testcase classname="NTA.NTAICARAIEEAPGScoreCardTestCases" name="NTAbacktodirectory" time="0.000">
    <skipped/>
  </testcase> <!-- NTAbacktodirectory -->
  <system-out/>
</testsuite> <!-- NTA.NTAICARAIEEAPGScoreCardTestCases -->
