<?xml version="1.0" encoding="UTF-8"?>
<!-- Generated by org.testng.reporters.JUnitReportReporter -->
<testsuite hostname="DESKTOP-CLFL9AL" failures="0" tests="5" name="DelhiPolice.DPStolenVehicleTestCases" time="0.000" errors="0" timestamp="2022-12-18T16:49:00 IST" skipped="5">
  <testcase classname="DelhiPolice.DPStolenVehicleTestCases" name="allservicesnavigation" time="0.000">
    <skipped/>
  </testcase> <!-- allservicesnavigation -->
  <system-out/>
  <testcase classname="DelhiPolice.DPStolenVehicleTestCases" name="DelhiPolicedepartmentnavigation" time="0.000">
    <skipped/>
  </testcase> <!-- DelhiPolicedepartmentnavigation -->
  <system-out/>
  <testcase classname="DelhiPolice.DPStolenVehicleTestCases" name="DPstolenVehicleservicenavigation" time="0.000">
    <skipped/>
  </testcase> <!-- DPstolenVehicleservicenavigation -->
  <system-out/>
  <testcase classname="DelhiPolice.DPStolenVehicleTestCases" name="DPstolenVehiclefillformandsubmitdata" time="0.000">
    <skipped/>
  </testcase> <!-- DPstolenVehiclefillformandsubmitdata -->
  <system-out/>
  <testcase classname="DelhiPolice.DPStolenVehicleTestCases" name="SSbacktodirectory" time="0.000">
    <skipped/>
  </testcase> <!-- SSbacktodirectory -->
  <system-out/>
</testsuite> <!-- DelhiPolice.DPStolenVehicleTestCases -->
