<?xml version="1.0" encoding="UTF-8"?>
<!-- Generated by org.testng.reporters.JUnitReportReporter -->
<testsuite hostname="DESKTOP-CLFL9AL" failures="0" tests="7" name="SPDepOfScienceAndTechnology.Duplicatetestcase" time="15.978" errors="0" timestamp="2024-04-12T00:35:51 IST" skipped="0">
  <testcase classname="SPDepOfScienceAndTechnology.Duplicatetestcase" name="allservicesnavigation" time="6.685"/>
  <system-out/>
  <testcase classname="SPDepOfScienceAndTechnology.Duplicatetestcase" name="Deptnavigation" time="5.346"/>
  <system-out/>
  <testcase classname="SPDepOfScienceAndTechnology.Duplicatetestcase" name="ServicecountTestCases" time="0.117"/>
  <system-out/>
  <testcase classname="SPDepOfScienceAndTechnology.Duplicatetestcase" name="duplicateTestCases" time="0.100"/>
  <system-out/>
  <testcase classname="SPDepOfScienceAndTechnology.Duplicatetestcase" name="servicecountfromexcel" time="0.231"/>
  <system-out/>
  <testcase classname="SPDepOfScienceAndTechnology.Duplicatetestcase" name="InformationTestCases" time="3.152"/>
  <system-out/>
  <testcase classname="SPDepOfScienceAndTechnology.Duplicatetestcase" name="IMbacktodirectory" time="0.347"/>
  <system-out/>
</testsuite> <!-- SPDepOfScienceAndTechnology.Duplicatetestcase -->
