<?xml version="1.0" encoding="UTF-8"?>
<!-- Generated by org.testng.reporters.JUnitReportReporter -->
<testsuite hostname="DESKTOP-CLFL9AL" failures="0" tests="5" name="SPUrbanDevelopmentDepartment.BirthCertificateTestCases" time="21.961" errors="0" timestamp="2023-05-02T08:58:03 IST" skipped="0">
  <testcase classname="SPUrbanDevelopmentDepartment.BirthCertificateTestCases" name="allservicesnavigation" time="11.158"/>
  <system-out/>
  <testcase classname="SPUrbanDevelopmentDepartment.BirthCertificateTestCases" name="BirthCertificatenavigation" time="5.206"/>
  <system-out/>
  <testcase classname="SPUrbanDevelopmentDepartment.BirthCertificateTestCases" name="BirthCertificate1TestCases" time="4.220"/>
  <system-out/>
  <testcase classname="SPUrbanDevelopmentDepartment.BirthCertificateTestCases" name="BirthCertificate2TestCase" time="0.173"/>
  <system-out/>
  <testcase classname="SPUrbanDevelopmentDepartment.BirthCertificateTestCases" name="IMbacktodirectory" time="1.204"/>
  <system-out/>
</testsuite> <!-- SPUrbanDevelopmentDepartment.BirthCertificateTestCases -->
