<?xml version="1.0" encoding="UTF-8"?>
<!-- Generated by org.testng.reporters.JUnitReportReporter -->
<testsuite hostname="DESKTOP-CLFL9AL" failures="0" tests="5" name="SPDirectorateOfSchoolEducation.SCSTStudentsTestCase" time="21.319" errors="0" timestamp="2023-05-02T07:30:03 IST" skipped="0">
  <testcase classname="SPDirectorateOfSchoolEducation.SCSTStudentsTestCase" name="allservicesnavigation" time="10.324"/>
  <system-out/>
  <testcase classname="SPDirectorateOfSchoolEducation.SCSTStudentsTestCase" name="SCSTStudentsnavigation" time="5.252"/>
  <system-out/>
  <testcase classname="SPDirectorateOfSchoolEducation.SCSTStudentsTestCase" name="SCSTStudents1TestCases" time="4.218"/>
  <system-out/>
  <testcase classname="SPDirectorateOfSchoolEducation.SCSTStudentsTestCase" name="SCSTStudents2TestCase" time="0.146"/>
  <system-out/>
  <testcase classname="SPDirectorateOfSchoolEducation.SCSTStudentsTestCase" name="IMbacktodirectory" time="1.379"/>
  <system-out/>
</testsuite> <!-- SPDirectorateOfSchoolEducation.SCSTStudentsTestCase -->
