<?xml version="1.0" encoding="UTF-8"?>
<!-- Generated by org.testng.reporters.JUnitReportReporter -->
<testsuite hostname="DESKTOP-CLFL9AL" failures="0" tests="8" name="SPDeptOfUrbanAffairs.ApplicationformforCessPoolTestCase" time="29.853" errors="0" timestamp="2024-04-12T00:35:51 IST" skipped="0">
  <testcase classname="SPDeptOfUrbanAffairs.ApplicationformforCessPoolTestCase" name="allservicesnavigation" time="6.671"/>
  <system-out/>
  <testcase classname="SPDeptOfUrbanAffairs.ApplicationformforCessPoolTestCase" name="DeptNavigation" time="5.093"/>
  <system-out/>
  <testcase classname="SPDeptOfUrbanAffairs.ApplicationformforCessPoolTestCase" name="Seeinfoclick" time="3.059"/>
  <system-out/>
  <testcase classname="SPDeptOfUrbanAffairs.ApplicationformforCessPoolTestCase" name="VisitServiceclick" time="5.487"/>
  <system-out/>
  <testcase classname="SPDeptOfUrbanAffairs.ApplicationformforCessPoolTestCase" name="refreshpage" time="4.820"/>
  <system-out/>
  <testcase classname="SPDeptOfUrbanAffairs.ApplicationformforCessPoolTestCase" name="ServiceNavigationTestCase" time="4.317"/>
  <system-out/>
  <testcase classname="SPDeptOfUrbanAffairs.ApplicationformforCessPoolTestCase" name="ServicePlusPageTestCase" time="0.209"/>
  <system-out/>
  <testcase classname="SPDeptOfUrbanAffairs.ApplicationformforCessPoolTestCase" name="IMbacktodirectory" time="0.197"/>
  <system-out/>
</testsuite> <!-- SPDeptOfUrbanAffairs.ApplicationformforCessPoolTestCase -->
