<?xml version="1.0" encoding="UTF-8"?>
<!-- Generated by org.testng.reporters.JUnitReportReporter -->
<testsuite hostname="DESKTOP-CLFL9AL" failures="0" tests="4" name="eGopala.eGopalaIVFEmbryodetailsTestCases" time="0.000" errors="0" timestamp="2022-12-18T16:48:58 IST" skipped="4">
  <testcase classname="eGopala.eGopalaIVFEmbryodetailsTestCases" name="allservicesnavigation" time="0.000">
    <skipped/>
  </testcase> <!-- allservicesnavigation -->
  <system-out/>
  <testcase classname="eGopala.eGopalaIVFEmbryodetailsTestCases" name="eGopaladepartmentnavigation" time="0.000">
    <skipped/>
  </testcase> <!-- eGopaladepartmentnavigation -->
  <system-out/>
  <testcase classname="eGopala.eGopalaIVFEmbryodetailsTestCases" name="eGopalaIVFEmbryodetailsservicenavigation" time="0.000">
    <skipped/>
  </testcase> <!-- eGopalaIVFEmbryodetailsservicenavigation -->
  <system-out/>
  <testcase classname="eGopala.eGopalaIVFEmbryodetailsTestCases" name="eGopalaIVFEmbryodetailsbacktodirectory" time="0.000">
    <skipped/>
  </testcase> <!-- eGopalaIVFEmbryodetailsbacktodirectory -->
  <system-out/>
</testsuite> <!-- eGopala.eGopalaIVFEmbryodetailsTestCases -->
