<?xml version="1.0" encoding="UTF-8"?>
<!-- Generated by org.testng.reporters.JUnitReportReporter -->
<testsuite hostname="DESKTOP-CLFL9AL" failures="0" tests="5" name="DelhiPolice.DPMissingMobileTestCases" time="0.000" errors="0" timestamp="2022-12-18T16:48:59 IST" skipped="5">
  <testcase classname="DelhiPolice.DPMissingMobileTestCases" name="allservicesnavigation" time="0.000">
    <skipped/>
  </testcase> <!-- allservicesnavigation -->
  <system-out/>
  <testcase classname="DelhiPolice.DPMissingMobileTestCases" name="DelhiPolicedepartmentnavigation" time="0.000">
    <skipped/>
  </testcase> <!-- DelhiPolicedepartmentnavigation -->
  <system-out/>
  <testcase classname="DelhiPolice.DPMissingMobileTestCases" name="DPmissingmobileservicenavigation" time="0.000">
    <skipped/>
  </testcase> <!-- DPmissingmobileservicenavigation -->
  <system-out/>
  <testcase classname="DelhiPolice.DPMissingMobileTestCases" name="DPmissingmobilefillformandsubmitdata" time="0.000">
    <skipped/>
  </testcase> <!-- DPmissingmobilefillformandsubmitdata -->
  <system-out/>
  <testcase classname="DelhiPolice.DPMissingMobileTestCases" name="SSbacktodirectory" time="0.000">
    <skipped/>
  </testcase> <!-- SSbacktodirectory -->
  <system-out/>
</testsuite> <!-- DelhiPolice.DPMissingMobileTestCases -->
