<?xml version="1.0" encoding="UTF-8"?>
<!-- Generated by org.testng.reporters.JUnitReportReporter -->
<testsuite hostname="DESKTOP-CLFL9AL" failures="0" tests="6" name="RuralDevelopmentDepartment.RDDTrackFTOStatusTestCases" time="0.000" errors="0" timestamp="2022-12-18T16:48:59 IST" skipped="6">
  <testcase classname="RuralDevelopmentDepartment.RDDTrackFTOStatusTestCases" name="allservicesnavigation" time="0.000">
    <skipped/>
  </testcase> <!-- allservicesnavigation -->
  <system-out/>
  <testcase classname="RuralDevelopmentDepartment.RDDTrackFTOStatusTestCases" name="RDDdepartmentnavigation" time="0.000">
    <skipped/>
  </testcase> <!-- RDDdepartmentnavigation -->
  <system-out/>
  <testcase classname="RuralDevelopmentDepartment.RDDTrackFTOStatusTestCases" name="RDDGFTOServiceNavigation" time="0.000">
    <skipped/>
  </testcase> <!-- RDDGFTOServiceNavigation -->
  <system-out/>
  <testcase classname="RuralDevelopmentDepartment.RDDTrackFTOStatusTestCases" name="RDDFTOtrackingnumber" time="0.000">
    <skipped/>
  </testcase> <!-- RDDFTOtrackingnumber -->
  <system-out/>
  <testcase classname="RuralDevelopmentDepartment.RDDTrackFTOStatusTestCases" name="RDDFTOgotoHome" time="0.000">
    <skipped/>
  </testcase> <!-- RDDFTOgotoHome -->
  <system-out/>
  <testcase classname="RuralDevelopmentDepartment.RDDTrackFTOStatusTestCases" name="RDDbacktoservicedirectory" time="0.000">
    <skipped/>
  </testcase> <!-- RDDbacktoservicedirectory -->
  <system-out/>
</testsuite> <!-- RuralDevelopmentDepartment.RDDTrackFTOStatusTestCases -->
