<?xml version="1.0" encoding="UTF-8"?>
<!-- Generated by org.testng.reporters.JUnitReportReporter -->
<testsuite hostname="IN3241737W1" failures="0" tests="5" name="DeptofMinorityWelfare.ViewandDownloadapplicationTestCases" time="23.768" errors="0" timestamp="2022-11-09T11:52:20 IST" skipped="0">
  <testcase classname="DeptofMinorityWelfare.ViewandDownloadapplicationTestCases" name="allservicesnavigation" time="4.306"/>
  <system-out/>
  <testcase classname="DeptofMinorityWelfare.ViewandDownloadapplicationTestCases" name="UKMinorityAffairdepartmentnavigation" time="3.470"/>
  <system-out/>
  <testcase classname="DeptofMinorityWelfare.ViewandDownloadapplicationTestCases" name="UKMinorityaffairviewanddownloadservicenavigation" time="0.195"/>
  <system-out/>
  <testcase classname="DeptofMinorityWelfare.ViewandDownloadapplicationTestCases" name="UKMinorityaffairviewanddownlaodsubmit" time="3.247"/>
  <system-out/>
  <testcase classname="DeptofMinorityWelfare.ViewandDownloadapplicationTestCases" name="UKMinorityaffairviewanddownlaodfiledownload" time="12.550"/>
  <system-out/>
</testsuite> <!-- DeptofMinorityWelfare.ViewandDownloadapplicationTestCases -->
