<?xml version="1.0" encoding="UTF-8"?>
<!-- Generated by org.testng.reporters.JUnitReportReporter -->
<testsuite hostname="DESKTOP-CLFL9AL" failures="0" tests="8" name="SPLabourDepartment.DeathAssistanceforregisteredworkerofHBOCWWBoardTestCases" time="30.092" errors="0" timestamp="2024-04-12T00:35:51 IST" skipped="0">
  <testcase classname="SPLabourDepartment.DeathAssistanceforregisteredworkerofHBOCWWBoardTestCases" name="allservicesnavigation" time="6.708"/>
  <system-out/>
  <testcase classname="SPLabourDepartment.DeathAssistanceforregisteredworkerofHBOCWWBoardTestCases" name="DeptNavigation" time="5.256"/>
  <system-out/>
  <testcase classname="SPLabourDepartment.DeathAssistanceforregisteredworkerofHBOCWWBoardTestCases" name="Seeinfoclick" time="3.110"/>
  <system-out/>
  <testcase classname="SPLabourDepartment.DeathAssistanceforregisteredworkerofHBOCWWBoardTestCases" name="VisitServiceclick" time="5.432"/>
  <system-out/>
  <testcase classname="SPLabourDepartment.DeathAssistanceforregisteredworkerofHBOCWWBoardTestCases" name="refreshpage" time="4.516"/>
  <system-out/>
  <testcase classname="SPLabourDepartment.DeathAssistanceforregisteredworkerofHBOCWWBoardTestCases" name="ServiceNavigationTestCase" time="4.453"/>
  <system-out/>
  <testcase classname="SPLabourDepartment.DeathAssistanceforregisteredworkerofHBOCWWBoardTestCases" name="ServicePlusPageTestCase" time="0.268"/>
  <system-out/>
  <testcase classname="SPLabourDepartment.DeathAssistanceforregisteredworkerofHBOCWWBoardTestCases" name="IMbacktodirectory" time="0.349"/>
  <system-out/>
</testsuite> <!-- SPLabourDepartment.DeathAssistanceforregisteredworkerofHBOCWWBoardTestCases -->
