<?xml version="1.0" encoding="UTF-8"?>
<!-- Generated by org.testng.reporters.JUnitReportReporter -->
<testsuite hostname="DESKTOP-CLFL9AL" failures="0" tests="5" name="SPUrbanDevelopmentDepartment.DeathCertificateTestCases" time="20.406" errors="0" timestamp="2023-05-02T08:58:03 IST" skipped="0">
  <testcase classname="SPUrbanDevelopmentDepartment.DeathCertificateTestCases" name="allservicesnavigation" time="9.220"/>
  <system-out/>
  <testcase classname="SPUrbanDevelopmentDepartment.DeathCertificateTestCases" name="DeathCertificatenavigation" time="2.918"/>
  <system-out/>
  <testcase classname="SPUrbanDevelopmentDepartment.DeathCertificateTestCases" name="DeathCertificate1TestCases" time="4.195"/>
  <system-out/>
  <testcase classname="SPUrbanDevelopmentDepartment.DeathCertificateTestCases" name="DeathCertificate2TestCase" time="0.341"/>
  <system-out/>
  <testcase classname="SPUrbanDevelopmentDepartment.DeathCertificateTestCases" name="IMbacktodirectory" time="3.732"/>
  <system-out/>
</testsuite> <!-- SPUrbanDevelopmentDepartment.DeathCertificateTestCases -->
