<?xml version="1.0" encoding="UTF-8"?>
<!-- Generated by org.testng.reporters.JUnitReportReporter -->
<testsuite hostname="DESKTOP-CLFL9AL" failures="0" tests="8" name="SPDeptOfRevenue.Duplicatetestcase" time="16.134" errors="0" timestamp="2024-04-12T00:35:51 IST" skipped="0">
  <testcase classname="SPDeptOfRevenue.Duplicatetestcase" name="allservicesnavigation" time="6.766"/>
  <system-out/>
  <testcase classname="SPDeptOfRevenue.Duplicatetestcase" name="Deptnavigation" time="5.608"/>
  <system-out/>
  <testcase classname="SPDeptOfRevenue.Duplicatetestcase" name="LogocheckTestCases" time="0.082"/>
  <system-out/>
  <testcase classname="SPDeptOfRevenue.Duplicatetestcase" name="ServicecountTestCases" time="0.059"/>
  <system-out/>
  <testcase classname="SPDeptOfRevenue.Duplicatetestcase" name="duplicateTestCases" time="0.123"/>
  <system-out/>
  <testcase classname="SPDeptOfRevenue.Duplicatetestcase" name="servicecountfromexcel" time="0.297"/>
  <system-out/>
  <testcase classname="SPDeptOfRevenue.Duplicatetestcase" name="InformationTestCases" time="3.030"/>
  <system-out/>
  <testcase classname="SPDeptOfRevenue.Duplicatetestcase" name="IMbacktodirectory" time="0.169"/>
  <system-out/>
</testsuite> <!-- SPDeptOfRevenue.Duplicatetestcase -->
