<?xml version="1.0" encoding="UTF-8"?>
<!-- Generated by org.testng.reporters.JUnitReportReporter -->
<testsuite hostname="DESKTOP-CLFL9AL" failures="0" tests="5" name="RuralDevelopmentDepartment.RDDViewInstallmentdetailTestCases" time="0.000" errors="0" timestamp="2022-12-18T16:48:57 IST" skipped="5">
  <testcase classname="RuralDevelopmentDepartment.RDDViewInstallmentdetailTestCases" name="allservicesnavigation" time="0.000">
    <skipped/>
  </testcase> <!-- allservicesnavigation -->
  <system-out/>
  <testcase classname="RuralDevelopmentDepartment.RDDViewInstallmentdetailTestCases" name="RDDdepartmentnavigation" time="0.000">
    <skipped/>
  </testcase> <!-- RDDdepartmentnavigation -->
  <system-out/>
  <testcase classname="RuralDevelopmentDepartment.RDDViewInstallmentdetailTestCases" name="RDDViewInstallmentServiceNavigation" time="0.000">
    <skipped/>
  </testcase> <!-- RDDViewInstallmentServiceNavigation -->
  <system-out/>
  <testcase classname="RuralDevelopmentDepartment.RDDViewInstallmentdetailTestCases" name="RDDviewInstallmentregisterationnumber" time="0.000">
    <skipped/>
  </testcase> <!-- RDDviewInstallmentregisterationnumber -->
  <system-out/>
  <testcase classname="RuralDevelopmentDepartment.RDDViewInstallmentdetailTestCases" name="RDDbacktoservicedirectory" time="0.000">
    <skipped/>
  </testcase> <!-- RDDbacktoservicedirectory -->
  <system-out/>
</testsuite> <!-- RuralDevelopmentDepartment.RDDViewInstallmentdetailTestCases -->
