<?xml version="1.0" encoding="UTF-8"?>
<!-- Generated by org.testng.reporters.JUnitReportReporter -->
<testsuite hostname="DESKTOP-CLFL9AL" failures="0" tests="6" name="NTA.NTAJEEScorecardsession1Testcases" time="0.000" errors="0" timestamp="2022-12-18T16:49:00 IST" skipped="6">
  <testcase classname="NTA.NTAJEEScorecardsession1Testcases" name="allservicesnavigation" time="0.000">
    <skipped/>
  </testcase> <!-- allservicesnavigation -->
  <system-out/>
  <testcase classname="NTA.NTAJEEScorecardsession1Testcases" name="NTAservicesnavigation" time="0.000">
    <skipped/>
  </testcase> <!-- NTAservicesnavigation -->
  <system-out/>
  <testcase classname="NTA.NTAJEEScorecardsession1Testcases" name="NTASCorecardsession1servcieclick" time="0.000">
    <skipped/>
  </testcase> <!-- NTASCorecardsession1servcieclick -->
  <system-out/>
  <testcase classname="NTA.NTAJEEScorecardsession1Testcases" name="NTAscorecardsession1canditatevisible" time="0.000">
    <skipped/>
  </testcase> <!-- NTAscorecardsession1canditatevisible -->
  <system-out/>
  <testcase classname="NTA.NTAJEEScorecardsession1Testcases" name="NTAscorecard1downloaddetails" time="0.000">
    <skipped/>
  </testcase> <!-- NTAscorecard1downloaddetails -->
  <system-out/>
  <testcase classname="NTA.NTAJEEScorecardsession1Testcases" name="NTAbacktodirectory" time="0.000">
    <skipped/>
  </testcase> <!-- NTAbacktodirectory -->
  <system-out/>
</testsuite> <!-- NTA.NTAJEEScorecardsession1Testcases -->
