<?xml version="1.0" encoding="UTF-8"?>
<!-- Generated by org.testng.reporters.JUnitReportReporter -->
<testsuite hostname="DESKTOP-CLFL9AL" failures="0" tests="5" name="Elderline.ElderlineOthersTestCases" time="23.198" errors="0" timestamp="2023-01-06T13:02:24 IST" skipped="0">
  <testcase classname="Elderline.ElderlineOthersTestCases" name="allservicesnavigation" time="12.303"/>
  <system-out/>
  <testcase classname="Elderline.ElderlineOthersTestCases" name="Elderlinedepartmentnavigation" time="7.033"/>
  <system-out/>
  <testcase classname="Elderline.ElderlineOthersTestCases" name="ElderlineothersTestCasess" time="0.408"/>
  <system-out/>
  <testcase classname="Elderline.ElderlineOthersTestCases" name="OthersTestCases" time="1.741"/>
  <system-out/>
  <testcase classname="Elderline.ElderlineOthersTestCases" name="IMbacktodirectory" time="1.713"/>
  <system-out/>
</testsuite> <!-- Elderline.ElderlineOthersTestCases -->
