<?xml version="1.0" encoding="UTF-8"?>
<!-- Generated by org.testng.reporters.JUnitReportReporter -->
<testsuite hostname="DESKTOP-CLFL9AL" failures="0" tests="5" name="SPDepOfScienceAndTechnology.ScienceEducationTestCases" time="20.535" errors="0" timestamp="2023-05-02T07:30:03 IST" skipped="0">
  <testcase classname="SPDepOfScienceAndTechnology.ScienceEducationTestCases" name="allservicesnavigation" time="9.743"/>
  <system-out/>
  <testcase classname="SPDepOfScienceAndTechnology.ScienceEducationTestCases" name="ScienceEducationnavigation" time="5.200"/>
  <system-out/>
  <testcase classname="SPDepOfScienceAndTechnology.ScienceEducationTestCases" name="ScienceEducation1TestCases" time="4.188"/>
  <system-out/>
  <testcase classname="SPDepOfScienceAndTechnology.ScienceEducationTestCases" name="ScienceEducation2TestCase" time="0.157"/>
  <system-out/>
  <testcase classname="SPDepOfScienceAndTechnology.ScienceEducationTestCases" name="IMbacktodirectory" time="1.247"/>
  <system-out/>
</testsuite> <!-- SPDepOfScienceAndTechnology.ScienceEducationTestCases -->
