<?xml version="1.0" encoding="UTF-8"?>
<!-- Generated by org.testng.reporters.JUnitReportReporter -->
<testsuite hostname="DESKTOP-CLFL9AL" failures="0" tests="8" name="SPDepartmentOfLabour.Duplicatetestcase" time="15.203" errors="0" timestamp="2024-04-12T00:35:51 IST" skipped="0">
  <testcase classname="SPDepartmentOfLabour.Duplicatetestcase" name="allservicesnavigation" time="6.699"/>
  <system-out/>
  <testcase classname="SPDepartmentOfLabour.Duplicatetestcase" name="Deptnavigation" time="4.395"/>
  <system-out/>
  <testcase classname="SPDepartmentOfLabour.Duplicatetestcase" name="LogocheckTestCases" time="0.073"/>
  <system-out/>
  <testcase classname="SPDepartmentOfLabour.Duplicatetestcase" name="ServicecountTestCases" time="0.056"/>
  <system-out/>
  <testcase classname="SPDepartmentOfLabour.Duplicatetestcase" name="duplicateTestCases" time="0.223"/>
  <system-out/>
  <testcase classname="SPDepartmentOfLabour.Duplicatetestcase" name="servicecountfromexcel" time="0.419"/>
  <system-out/>
  <testcase classname="SPDepartmentOfLabour.Duplicatetestcase" name="InformationTestCases" time="3.073"/>
  <system-out/>
  <testcase classname="SPDepartmentOfLabour.Duplicatetestcase" name="IMbacktodirectory" time="0.265"/>
  <system-out/>
</testsuite> <!-- SPDepartmentOfLabour.Duplicatetestcase -->
