<?xml version="1.0" encoding="UTF-8"?>
<!-- Generated by org.testng.reporters.JUnitReportReporter -->
<testsuite hostname="DESKTOP-CLFL9AL" failures="0" tests="8" name="SPDirectorateOfSchoolEducation.MeritScholarshipto9thClassStudentsonbasisof8thclassAnnualExamTestCase" time="29.909" errors="0" timestamp="2024-04-12T00:35:51 IST" skipped="0">
  <testcase classname="SPDirectorateOfSchoolEducation.MeritScholarshipto9thClassStudentsonbasisof8thclassAnnualExamTestCase" name="allservicesnavigation" time="6.748"/>
  <system-out/>
  <testcase classname="SPDirectorateOfSchoolEducation.MeritScholarshipto9thClassStudentsonbasisof8thclassAnnualExamTestCase" name="DeptNavigation" time="5.174"/>
  <system-out/>
  <testcase classname="SPDirectorateOfSchoolEducation.MeritScholarshipto9thClassStudentsonbasisof8thclassAnnualExamTestCase" name="Seeinfoclick" time="2.983"/>
  <system-out/>
  <testcase classname="SPDirectorateOfSchoolEducation.MeritScholarshipto9thClassStudentsonbasisof8thclassAnnualExamTestCase" name="VisitServiceclick" time="5.503"/>
  <system-out/>
  <testcase classname="SPDirectorateOfSchoolEducation.MeritScholarshipto9thClassStudentsonbasisof8thclassAnnualExamTestCase" name="refreshpage" time="4.668"/>
  <system-out/>
  <testcase classname="SPDirectorateOfSchoolEducation.MeritScholarshipto9thClassStudentsonbasisof8thclassAnnualExamTestCase" name="ServiceNavigationTestCase" time="4.374"/>
  <system-out/>
  <testcase classname="SPDirectorateOfSchoolEducation.MeritScholarshipto9thClassStudentsonbasisof8thclassAnnualExamTestCase" name="ServicePlusPageTestCase" time="0.232"/>
  <system-out/>
  <testcase classname="SPDirectorateOfSchoolEducation.MeritScholarshipto9thClassStudentsonbasisof8thclassAnnualExamTestCase" name="IMbacktodirectory" time="0.227"/>
  <system-out/>
</testsuite> <!-- SPDirectorateOfSchoolEducation.MeritScholarshipto9thClassStudentsonbasisof8thclassAnnualExamTestCase -->
