<?xml version="1.0" encoding="UTF-8"?>
<!-- Generated by org.testng.reporters.JUnitReportReporter -->
<testsuite hostname="DESKTOP-CLFL9AL" failures="0" tests="8" name="SPDepartmentofPanchayatiRajJammuKashmir.Duplicatetestcase" time="15.699" errors="0" timestamp="2024-04-12T00:35:51 IST" skipped="0">
  <testcase classname="SPDepartmentofPanchayatiRajJammuKashmir.Duplicatetestcase" name="allservicesnavigation" time="6.553"/>
  <system-out/>
  <testcase classname="SPDepartmentofPanchayatiRajJammuKashmir.Duplicatetestcase" name="Deptnavigation" time="5.322"/>
  <system-out/>
  <testcase classname="SPDepartmentofPanchayatiRajJammuKashmir.Duplicatetestcase" name="LogocheckTestCases" time="0.181"/>
  <system-out/>
  <testcase classname="SPDepartmentofPanchayatiRajJammuKashmir.Duplicatetestcase" name="ServicecountTestCases" time="0.061"/>
  <system-out/>
  <testcase classname="SPDepartmentofPanchayatiRajJammuKashmir.Duplicatetestcase" name="duplicateTestCases" time="0.083"/>
  <system-out/>
  <testcase classname="SPDepartmentofPanchayatiRajJammuKashmir.Duplicatetestcase" name="servicecountfromexcel" time="0.301"/>
  <system-out/>
  <testcase classname="SPDepartmentofPanchayatiRajJammuKashmir.Duplicatetestcase" name="InformationTestCases" time="3.027"/>
  <system-out/>
  <testcase classname="SPDepartmentofPanchayatiRajJammuKashmir.Duplicatetestcase" name="IMbacktodirectory" time="0.171"/>
  <system-out/>
</testsuite> <!-- SPDepartmentofPanchayatiRajJammuKashmir.Duplicatetestcase -->
