<?xml version="1.0" encoding="UTF-8"?>
<!-- Generated by org.testng.reporters.JUnitReportReporter -->
<testsuite hostname="DESKTOP-CLFL9AL" failures="0" tests="6" name="UMANG.Cowintest.SKillIndiafindtrainingcenterTestcases" time="0.002" errors="0" timestamp="2022-12-18T16:48:56 IST" skipped="6">
  <testcase classname="UMANG.Cowintest.SKillIndiafindtrainingcenterTestcases" name="allservicesnavigation" time="0.002">
    <skipped/>
  </testcase> <!-- allservicesnavigation -->
  <system-out/>
  <testcase classname="UMANG.Cowintest.SKillIndiafindtrainingcenterTestcases" name="SIdepartmentnavigation" time="0.000">
    <skipped/>
  </testcase> <!-- SIdepartmentnavigation -->
  <system-out/>
  <testcase classname="UMANG.Cowintest.SKillIndiafindtrainingcenterTestcases" name="SITrainingCenterServiceNavigation" time="0.000">
    <skipped/>
  </testcase> <!-- SITrainingCenterServiceNavigation -->
  <system-out/>
  <testcase classname="UMANG.Cowintest.SKillIndiafindtrainingcenterTestcases" name="SITrainingCenter" time="0.000">
    <skipped/>
  </testcase> <!-- SITrainingCenter -->
  <system-out/>
  <testcase classname="UMANG.Cowintest.SKillIndiafindtrainingcenterTestcases" name="SITrainingseacrh" time="0.000">
    <skipped/>
  </testcase> <!-- SITrainingseacrh -->
  <system-out/>
  <testcase classname="UMANG.Cowintest.SKillIndiafindtrainingcenterTestcases" name="SIbacktoservicedirectory" time="0.000">
    <skipped/>
  </testcase> <!-- SIbacktoservicedirectory -->
  <system-out/>
</testsuite> <!-- UMANG.Cowintest.SKillIndiafindtrainingcenterTestcases -->
