<?xml version="1.0" encoding="UTF-8"?>
<!-- Generated by org.testng.reporters.JUnitReportReporter -->
<testsuite hostname="IN3241737W1" failures="0" tests="1" name="UMANG.Cowintest.AppTest" time="0.009" errors="0" timestamp="2022-05-19T17:48:23 IST" skipped="0">
  <testcase classname="UMANG.Cowintest.AppTest" name="shouldAnswerWithTrue" time="0.009"/>
  <system-out/>
</testsuite> <!-- UMANG.Cowintest.AppTest -->
