<?xml version="1.0" encoding="UTF-8"?>
<!-- Generated by org.testng.reporters.JUnitReportReporter -->
<testsuite hostname="DESKTOP-CLFL9AL" failures="0" tests="5" name="SPRevenueDep.CentralTestCases" time="21.462" errors="0" timestamp="2023-05-02T08:58:02 IST" skipped="0">
  <testcase classname="SPRevenueDep.CentralTestCases" name="allservicesnavigation" time="10.548"/>
  <system-out/>
  <testcase classname="SPRevenueDep.CentralTestCases" name="Centralnavigation" time="5.261"/>
  <system-out/>
  <testcase classname="SPRevenueDep.CentralTestCases" name="Central1TestCases" time="4.209"/>
  <system-out/>
  <testcase classname="SPRevenueDep.CentralTestCases" name="Central2TestCase" time="0.170"/>
  <system-out/>
  <testcase classname="SPRevenueDep.CentralTestCases" name="IMbacktodirectory" time="1.274"/>
  <system-out/>
</testsuite> <!-- SPRevenueDep.CentralTestCases -->
