<?xml version="1.0" encoding="UTF-8"?>
<!-- Generated by org.testng.reporters.JUnitReportReporter -->
<testsuite hostname="DESKTOP-CLFL9AL" failures="0" tests="8" name="SPEducationDepartment.NoCforSettingupCBSESchoolEoDBTestCase" time="28.978" errors="0" timestamp="2024-04-12T00:35:51 IST" skipped="0">
  <testcase classname="SPEducationDepartment.NoCforSettingupCBSESchoolEoDBTestCase" name="allservicesnavigation" time="6.630"/>
  <system-out/>
  <testcase classname="SPEducationDepartment.NoCforSettingupCBSESchoolEoDBTestCase" name="DeptNavigation" time="4.178"/>
  <system-out/>
  <testcase classname="SPEducationDepartment.NoCforSettingupCBSESchoolEoDBTestCase" name="Seeinfoclick" time="3.035"/>
  <system-out/>
  <testcase classname="SPEducationDepartment.NoCforSettingupCBSESchoolEoDBTestCase" name="VisitServiceclick" time="5.445"/>
  <system-out/>
  <testcase classname="SPEducationDepartment.NoCforSettingupCBSESchoolEoDBTestCase" name="refreshpage" time="4.795"/>
  <system-out/>
  <testcase classname="SPEducationDepartment.NoCforSettingupCBSESchoolEoDBTestCase" name="ServiceNavigationTestCase" time="4.404"/>
  <system-out/>
  <testcase classname="SPEducationDepartment.NoCforSettingupCBSESchoolEoDBTestCase" name="ServicePlusPageTestCase" time="0.251"/>
  <system-out/>
  <testcase classname="SPEducationDepartment.NoCforSettingupCBSESchoolEoDBTestCase" name="IMbacktodirectory" time="0.240"/>
  <system-out/>
</testsuite> <!-- SPEducationDepartment.NoCforSettingupCBSESchoolEoDBTestCase -->
