<?xml version="1.0" encoding="UTF-8"?>
<!-- Generated by org.testng.reporters.JUnitReportReporter -->
<testsuite hostname="DESKTOP-CLFL9AL" failures="0" tests="8" name="SPDepartmentofHealthJammuKashmir.ApplicationFormforAgeCertificateTestCases" time="29.918" errors="0" timestamp="2024-04-12T00:35:51 IST" skipped="0">
  <testcase classname="SPDepartmentofHealthJammuKashmir.ApplicationFormforAgeCertificateTestCases" name="allservicesnavigation" time="6.576"/>
  <system-out/>
  <testcase classname="SPDepartmentofHealthJammuKashmir.ApplicationFormforAgeCertificateTestCases" name="DeptNavigation" time="5.270"/>
  <system-out/>
  <testcase classname="SPDepartmentofHealthJammuKashmir.ApplicationFormforAgeCertificateTestCases" name="Seeinfoclick" time="3.056"/>
  <system-out/>
  <testcase classname="SPDepartmentofHealthJammuKashmir.ApplicationFormforAgeCertificateTestCases" name="VisitServiceclick" time="5.442"/>
  <system-out/>
  <testcase classname="SPDepartmentofHealthJammuKashmir.ApplicationFormforAgeCertificateTestCases" name="refreshpage" time="4.839"/>
  <system-out/>
  <testcase classname="SPDepartmentofHealthJammuKashmir.ApplicationFormforAgeCertificateTestCases" name="ServiceNavigationTestCase" time="4.294"/>
  <system-out/>
  <testcase classname="SPDepartmentofHealthJammuKashmir.ApplicationFormforAgeCertificateTestCases" name="ServicePlusPageTestCase" time="0.200"/>
  <system-out/>
  <testcase classname="SPDepartmentofHealthJammuKashmir.ApplicationFormforAgeCertificateTestCases" name="IMbacktodirectory" time="0.241"/>
  <system-out/>
</testsuite> <!-- SPDepartmentofHealthJammuKashmir.ApplicationFormforAgeCertificateTestCases -->
