<?xml version="1.0" encoding="UTF-8"?>
<!-- Generated by org.testng.reporters.JUnitReportReporter -->
<testsuite hostname="DESKTOP-CLFL9AL" failures="0" tests="5" name="SPDepartmentOfLabour.MaternityTestCase" time="20.729" errors="0" timestamp="2023-05-02T08:58:03 IST" skipped="0">
  <testcase classname="SPDepartmentOfLabour.MaternityTestCase" name="allservicesnavigation" time="9.869"/>
  <system-out/>
  <testcase classname="SPDepartmentOfLabour.MaternityTestCase" name="Maternitynavigation" time="5.245"/>
  <system-out/>
  <testcase classname="SPDepartmentOfLabour.MaternityTestCase" name="Maternity1TestCases" time="4.223"/>
  <system-out/>
  <testcase classname="SPDepartmentOfLabour.MaternityTestCase" name="Maternity2TestCase" time="0.166"/>
  <system-out/>
  <testcase classname="SPDepartmentOfLabour.MaternityTestCase" name="IMbacktodirectory" time="1.226"/>
  <system-out/>
</testsuite> <!-- SPDepartmentOfLabour.MaternityTestCase -->
