<?xml version="1.0" encoding="UTF-8"?>
<!-- Generated by org.testng.reporters.JUnitReportReporter -->
<testsuite hostname="IN3241737W1" failures="0" tests="7" name="UMANG.Cowintest.Mergedose" time="84.346" errors="0" timestamp="2022-06-08T09:01:32 IST" skipped="0">
  <testcase classname="UMANG.Cowintest.Mergedose" name="Login" time="15.218"/>
  <system-out/>
  <testcase classname="UMANG.Cowintest.Mergedose" name="ServiceDirectoryDeptnavigation" time="4.221"/>
  <system-out/>
  <testcase classname="UMANG.Cowintest.Mergedose" name="departmentnavigation" time="0.142"/>
  <system-out/>
  <testcase classname="UMANG.Cowintest.Mergedose" name="Mergedose1" time="0.311"/>
  <system-out/>
  <testcase classname="UMANG.Cowintest.Mergedose" name="SubmitmobileandOTP" time="41.848"/>
  <system-out/>
  <testcase classname="UMANG.Cowintest.Mergedose" name="addbeneficary" time="16.618"/>
  <system-out/>
  <testcase classname="UMANG.Cowintest.Mergedose" name="submitdata" time="5.988"/>
  <system-out/>
</testsuite> <!-- UMANG.Cowintest.Mergedose -->
