<?xml version="1.0" encoding="UTF-8"?>
<!-- Generated by org.testng.reporters.JUnitReportReporter -->
<testsuite hostname="DESKTOP-CLFL9AL" failures="0" tests="6" name="NTA.NTAIIFTConfirmationdetailsTestCases" time="0.000" errors="0" timestamp="2022-12-18T16:49:00 IST" skipped="6">
  <testcase classname="NTA.NTAIIFTConfirmationdetailsTestCases" name="allservicesnavigation" time="0.000">
    <skipped/>
  </testcase> <!-- allservicesnavigation -->
  <system-out/>
  <testcase classname="NTA.NTAIIFTConfirmationdetailsTestCases" name="NTAdepartmentnavigation" time="0.000">
    <skipped/>
  </testcase> <!-- NTAdepartmentnavigation -->
  <system-out/>
  <testcase classname="NTA.NTAIIFTConfirmationdetailsTestCases" name="NTAIIFTConfirmationdetailsserviceeclick" time="0.000">
    <skipped/>
  </testcase> <!-- NTAIIFTConfirmationdetailsserviceeclick -->
  <system-out/>
  <testcase classname="NTA.NTAIIFTConfirmationdetailsTestCases" name="NTAIIFTConfirmationdetailscanditatevisible" time="0.000">
    <skipped/>
  </testcase> <!-- NTAIIFTConfirmationdetailscanditatevisible -->
  <system-out/>
  <testcase classname="NTA.NTAIIFTConfirmationdetailsTestCases" name="NTAIIFTConfirmationdetailsdownload" time="0.000">
    <skipped/>
  </testcase> <!-- NTAIIFTConfirmationdetailsdownload -->
  <system-out/>
  <testcase classname="NTA.NTAIIFTConfirmationdetailsTestCases" name="NTAbacktodirectory" time="0.000">
    <skipped/>
  </testcase> <!-- NTAbacktodirectory -->
  <system-out/>
</testsuite> <!-- NTA.NTAIIFTConfirmationdetailsTestCases -->
