<?xml version="1.0" encoding="UTF-8"?>
<!-- Generated by org.testng.reporters.JUnitReportReporter -->
<testsuite hostname="DESKTOP-CLFL9AL" failures="0" tests="5" name="SPDeptOfAnimalHusbandry.OneMonthTrainingTestCase" time="20.634" errors="0" timestamp="2023-05-02T07:30:03 IST" skipped="0">
  <testcase classname="SPDeptOfAnimalHusbandry.OneMonthTrainingTestCase" name="allservicesnavigation" time="8.756"/>
  <system-out/>
  <testcase classname="SPDeptOfAnimalHusbandry.OneMonthTrainingTestCase" name="OneMonthTrainingnavigation" time="5.272"/>
  <system-out/>
  <testcase classname="SPDeptOfAnimalHusbandry.OneMonthTrainingTestCase" name="OneMonthTraining1TestCases" time="4.250"/>
  <system-out/>
  <testcase classname="SPDeptOfAnimalHusbandry.OneMonthTrainingTestCase" name="OneMonthTraining2TestCase" time="0.390"/>
  <system-out/>
  <testcase classname="SPDeptOfAnimalHusbandry.OneMonthTrainingTestCase" name="IMbacktodirectory" time="1.966"/>
  <system-out/>
</testsuite> <!-- SPDeptOfAnimalHusbandry.OneMonthTrainingTestCase -->
