<?xml version="1.0" encoding="UTF-8"?>
<!-- Generated by org.testng.reporters.JUnitReportReporter -->
<testsuite hostname="DESKTOP-CLFL9AL" failures="0" tests="5" name="SPDepartmentOfRevenue.CharacterCertificateTestCases" time="19.683" errors="0" timestamp="2023-05-02T08:58:03 IST" skipped="0">
  <testcase classname="SPDepartmentOfRevenue.CharacterCertificateTestCases" name="allservicesnavigation" time="8.949"/>
  <system-out/>
  <testcase classname="SPDepartmentOfRevenue.CharacterCertificateTestCases" name="CharacterCertificatenavigation" time="5.179"/>
  <system-out/>
  <testcase classname="SPDepartmentOfRevenue.CharacterCertificateTestCases" name="CharacterCertificate1TestCases" time="4.217"/>
  <system-out/>
  <testcase classname="SPDepartmentOfRevenue.CharacterCertificateTestCases" name="CharacterCertificate2TestCase" time="0.160"/>
  <system-out/>
  <testcase classname="SPDepartmentOfRevenue.CharacterCertificateTestCases" name="IMbacktodirectory" time="1.178"/>
  <system-out/>
</testsuite> <!-- SPDepartmentOfRevenue.CharacterCertificateTestCases -->
