<?xml version="1.0" encoding="UTF-8"?>
<!-- Generated by org.testng.reporters.JUnitReportReporter -->
<testsuite hostname="DESKTOP-CLFL9AL" failures="0" tests="5" name="SPDeptOfScientificAndIndustrial.PromotingInnovationsTestCase" time="18.150" errors="0" timestamp="2023-05-02T07:30:02 IST" skipped="0">
  <testcase classname="SPDeptOfScientificAndIndustrial.PromotingInnovationsTestCase" name="allservicesnavigation" time="8.994"/>
  <system-out/>
  <testcase classname="SPDeptOfScientificAndIndustrial.PromotingInnovationsTestCase" name="PromotingInnovationsnavigation" time="3.210"/>
  <system-out/>
  <testcase classname="SPDeptOfScientificAndIndustrial.PromotingInnovationsTestCase" name="PromotingInnovations1TestCases" time="4.475"/>
  <system-out/>
  <testcase classname="SPDeptOfScientificAndIndustrial.PromotingInnovationsTestCase" name="PromotingInnovations2TestCase" time="0.182"/>
  <system-out/>
  <testcase classname="SPDeptOfScientificAndIndustrial.PromotingInnovationsTestCase" name="IMbacktodirectory" time="1.289"/>
  <system-out/>
</testsuite> <!-- SPDeptOfScientificAndIndustrial.PromotingInnovationsTestCase -->
