<?xml version="1.0" encoding="UTF-8"?>
<!-- Generated by org.testng.reporters.JUnitReportReporter -->
<testsuite hostname="DESKTOP-CLFL9AL" failures="0" tests="8" name="SPLabourDepartment.MukhyaMantriMahilaNirmanShramikSammaanYojnaforregisteredWomenworkersofHBOCWWBoardTestCases" time="28.967" errors="0" timestamp="2024-04-12T00:35:51 IST" skipped="0">
  <testcase classname="SPLabourDepartment.MukhyaMantriMahilaNirmanShramikSammaanYojnaforregisteredWomenworkersofHBOCWWBoardTestCases" name="allservicesnavigation" time="6.808"/>
  <system-out/>
  <testcase classname="SPLabourDepartment.MukhyaMantriMahilaNirmanShramikSammaanYojnaforregisteredWomenworkersofHBOCWWBoardTestCases" name="DeptNavigation" time="4.311"/>
  <system-out/>
  <testcase classname="SPLabourDepartment.MukhyaMantriMahilaNirmanShramikSammaanYojnaforregisteredWomenworkersofHBOCWWBoardTestCases" name="Seeinfoclick" time="3.036"/>
  <system-out/>
  <testcase classname="SPLabourDepartment.MukhyaMantriMahilaNirmanShramikSammaanYojnaforregisteredWomenworkersofHBOCWWBoardTestCases" name="VisitServiceclick" time="5.510"/>
  <system-out/>
  <testcase classname="SPLabourDepartment.MukhyaMantriMahilaNirmanShramikSammaanYojnaforregisteredWomenworkersofHBOCWWBoardTestCases" name="refreshpage" time="4.516"/>
  <system-out/>
  <testcase classname="SPLabourDepartment.MukhyaMantriMahilaNirmanShramikSammaanYojnaforregisteredWomenworkersofHBOCWWBoardTestCases" name="ServiceNavigationTestCase" time="4.325"/>
  <system-out/>
  <testcase classname="SPLabourDepartment.MukhyaMantriMahilaNirmanShramikSammaanYojnaforregisteredWomenworkersofHBOCWWBoardTestCases" name="ServicePlusPageTestCase" time="0.279"/>
  <system-out/>
  <testcase classname="SPLabourDepartment.MukhyaMantriMahilaNirmanShramikSammaanYojnaforregisteredWomenworkersofHBOCWWBoardTestCases" name="IMbacktodirectory" time="0.182"/>
  <system-out/>
</testsuite> <!-- SPLabourDepartment.MukhyaMantriMahilaNirmanShramikSammaanYojnaforregisteredWomenworkersofHBOCWWBoardTestCases -->
