<?xml version="1.0" encoding="UTF-8"?>
<!-- Generated by org.testng.reporters.JUnitReportReporter -->
<testsuite hostname="DESKTOP-CLFL9AL" failures="0" tests="8" name="SPDepartmenOfHome.Duplicatetestcase" time="16.210" errors="0" timestamp="2024-04-12T00:35:51 IST" skipped="0">
  <testcase classname="SPDepartmenOfHome.Duplicatetestcase" name="allservicesnavigation" time="6.613"/>
  <system-out/>
  <testcase classname="SPDepartmenOfHome.Duplicatetestcase" name="Deptnavigation" time="5.608"/>
  <system-out/>
  <testcase classname="SPDepartmenOfHome.Duplicatetestcase" name="LogocheckTestCases" time="0.064"/>
  <system-out/>
  <testcase classname="SPDepartmenOfHome.Duplicatetestcase" name="ServicecountTestCases" time="0.066"/>
  <system-out/>
  <testcase classname="SPDepartmenOfHome.Duplicatetestcase" name="duplicateTestCases" time="0.285"/>
  <system-out/>
  <testcase classname="SPDepartmenOfHome.Duplicatetestcase" name="servicecountfromexcel" time="0.380"/>
  <system-out/>
  <testcase classname="SPDepartmenOfHome.Duplicatetestcase" name="InformationTestCases" time="3.022"/>
  <system-out/>
  <testcase classname="SPDepartmenOfHome.Duplicatetestcase" name="IMbacktodirectory" time="0.172"/>
  <system-out/>
</testsuite> <!-- SPDepartmenOfHome.Duplicatetestcase -->
