<?xml version="1.0" encoding="UTF-8"?>
<!-- Generated by org.testng.reporters.JUnitReportReporter -->
<testsuite hostname="DESKTOP-CLFL9AL" failures="0" tests="8" name="SPDirectorateOfSchoolEducation.AssitancetoPhysicallyHandicappedStudentsfrom1stto8thClassTestCase" time="29.163" errors="0" timestamp="2024-04-12T00:35:51 IST" skipped="0">
  <testcase classname="SPDirectorateOfSchoolEducation.AssitancetoPhysicallyHandicappedStudentsfrom1stto8thClassTestCase" name="allservicesnavigation" time="6.664"/>
  <system-out/>
  <testcase classname="SPDirectorateOfSchoolEducation.AssitancetoPhysicallyHandicappedStudentsfrom1stto8thClassTestCase" name="DeptNavigation" time="4.283"/>
  <system-out/>
  <testcase classname="SPDirectorateOfSchoolEducation.AssitancetoPhysicallyHandicappedStudentsfrom1stto8thClassTestCase" name="Seeinfoclick" time="2.996"/>
  <system-out/>
  <testcase classname="SPDirectorateOfSchoolEducation.AssitancetoPhysicallyHandicappedStudentsfrom1stto8thClassTestCase" name="VisitServiceclick" time="5.457"/>
  <system-out/>
  <testcase classname="SPDirectorateOfSchoolEducation.AssitancetoPhysicallyHandicappedStudentsfrom1stto8thClassTestCase" name="refreshpage" time="4.964"/>
  <system-out/>
  <testcase classname="SPDirectorateOfSchoolEducation.AssitancetoPhysicallyHandicappedStudentsfrom1stto8thClassTestCase" name="ServiceNavigationTestCase" time="4.339"/>
  <system-out/>
  <testcase classname="SPDirectorateOfSchoolEducation.AssitancetoPhysicallyHandicappedStudentsfrom1stto8thClassTestCase" name="ServicePlusPageTestCase" time="0.245"/>
  <system-out/>
  <testcase classname="SPDirectorateOfSchoolEducation.AssitancetoPhysicallyHandicappedStudentsfrom1stto8thClassTestCase" name="IMbacktodirectory" time="0.215"/>
  <system-out/>
</testsuite> <!-- SPDirectorateOfSchoolEducation.AssitancetoPhysicallyHandicappedStudentsfrom1stto8thClassTestCase -->
