<?xml version="1.0" encoding="UTF-8"?>
<!-- Generated by org.testng.reporters.JUnitReportReporter -->
<testsuite hostname="IN3241737W1" failures="0" tests="4" name="UMANG.Cowintest.FAQ2" time="7.880" errors="0" timestamp="2022-08-17T12:23:43 IST" skipped="0">
  <testcase classname="UMANG.Cowintest.FAQ2" name="ServiceDirectoryDeptnavigation" time="0.349"/>
  <system-out/>
  <testcase classname="UMANG.Cowintest.FAQ2" name="departmentnavigation" time="0.798"/>
  <system-out/>
  <testcase classname="UMANG.Cowintest.FAQ2" name="FAQbutton" time="1.258"/>
  <system-out/>
  <testcase classname="UMANG.Cowintest.FAQ2" name="FAQcheck" time="5.475"/>
  <system-out/>
</testsuite> <!-- UMANG.Cowintest.FAQ2 -->
