<?xml version="1.0" encoding="UTF-8"?>
<!-- Generated by org.testng.reporters.JUnitReportReporter -->
<testsuite hostname="DESKTOP-CLFL9AL" failures="0" tests="6" name="NTA.NTAJEEAdmitcardsession2Testcases" time="0.000" errors="0" timestamp="2022-12-18T16:49:00 IST" skipped="6">
  <testcase classname="NTA.NTAJEEAdmitcardsession2Testcases" name="allservicesnavigation" time="0.000">
    <skipped/>
  </testcase> <!-- allservicesnavigation -->
  <system-out/>
  <testcase classname="NTA.NTAJEEAdmitcardsession2Testcases" name="NTAservicesnavigation" time="0.000">
    <skipped/>
  </testcase> <!-- NTAservicesnavigation -->
  <system-out/>
  <testcase classname="NTA.NTAJEEAdmitcardsession2Testcases" name="NTAJEEAdmitcardsession2serviceclick" time="0.000">
    <skipped/>
  </testcase> <!-- NTAJEEAdmitcardsession2serviceclick -->
  <system-out/>
  <testcase classname="NTA.NTAJEEAdmitcardsession2Testcases" name="NTAadmitcardsession2canditatevisible" time="0.000">
    <skipped/>
  </testcase> <!-- NTAadmitcardsession2canditatevisible -->
  <system-out/>
  <testcase classname="NTA.NTAJEEAdmitcardsession2Testcases" name="NTAadmitcardsession2downloaddetails" time="0.000">
    <skipped/>
  </testcase> <!-- NTAadmitcardsession2downloaddetails -->
  <system-out/>
  <testcase classname="NTA.NTAJEEAdmitcardsession2Testcases" name="NTAbacktodirectory" time="0.000">
    <skipped/>
  </testcase> <!-- NTAbacktodirectory -->
  <system-out/>
</testsuite> <!-- NTA.NTAJEEAdmitcardsession2Testcases -->
