<?xml version="1.0" encoding="UTF-8"?>
<!-- Generated by org.testng.reporters.JUnitReportReporter -->
<testsuite hostname="DESKTOP-CLFL9AL" failures="0" tests="5" name="SPRevenueDep.FoodStuffTestCases" time="20.403" errors="0" timestamp="2023-05-02T08:58:02 IST" skipped="0">
  <testcase classname="SPRevenueDep.FoodStuffTestCases" name="allservicesnavigation" time="8.910"/>
  <system-out/>
  <testcase classname="SPRevenueDep.FoodStuffTestCases" name="FoodStuffnavigation" time="5.792"/>
  <system-out/>
  <testcase classname="SPRevenueDep.FoodStuffTestCases" name="FoodStuff1TestCases" time="4.251"/>
  <system-out/>
  <testcase classname="SPRevenueDep.FoodStuffTestCases" name="FoodStuff2TestCase" time="0.178"/>
  <system-out/>
  <testcase classname="SPRevenueDep.FoodStuffTestCases" name="IMbacktodirectory" time="1.272"/>
  <system-out/>
</testsuite> <!-- SPRevenueDep.FoodStuffTestCases -->
