<?xml version="1.0" encoding="UTF-8"?>
<!-- Generated by org.testng.reporters.JUnitReportReporter -->
<testsuite hostname="DESKTOP-CLFL9AL" failures="0" tests="8" name="RuralDevelopmentDepartment.RDDViewCitizendetailsTestCases" time="0.000" errors="0" timestamp="2022-12-18T16:48:57 IST" skipped="8">
  <testcase classname="RuralDevelopmentDepartment.RDDViewCitizendetailsTestCases" name="allservicesnavigation" time="0.000">
    <skipped/>
  </testcase> <!-- allservicesnavigation -->
  <system-out/>
  <testcase classname="RuralDevelopmentDepartment.RDDViewCitizendetailsTestCases" name="RDDdepartmentnavigation" time="0.000">
    <skipped/>
  </testcase> <!-- RDDdepartmentnavigation -->
  <system-out/>
  <testcase classname="RuralDevelopmentDepartment.RDDViewCitizendetailsTestCases" name="RDDViewInstallmentServiceNavigation" time="0.000">
    <skipped/>
  </testcase> <!-- RDDViewInstallmentServiceNavigation -->
  <system-out/>
  <testcase classname="RuralDevelopmentDepartment.RDDViewCitizendetailsTestCases" name="RDDviewInstallmentregisterationnumbersubmit" time="0.000">
    <skipped/>
  </testcase> <!-- RDDviewInstallmentregisterationnumbersubmit -->
  <system-out/>
  <testcase classname="RuralDevelopmentDepartment.RDDViewCitizendetailsTestCases" name="RDDviewInstallmentsanctiondetails" time="0.000">
    <skipped/>
  </testcase> <!-- RDDviewInstallmentsanctiondetails -->
  <system-out/>
  <testcase classname="RuralDevelopmentDepartment.RDDViewCitizendetailsTestCases" name="RDDordersheetdetails" time="0.000">
    <skipped/>
  </testcase> <!-- RDDordersheetdetails -->
  <system-out/>
  <testcase classname="RuralDevelopmentDepartment.RDDViewCitizendetailsTestCases" name="RDDinspectiondetails" time="0.000">
    <skipped/>
  </testcase> <!-- RDDinspectiondetails -->
  <system-out/>
  <testcase classname="RuralDevelopmentDepartment.RDDViewCitizendetailsTestCases" name="RDDbacktoservicedirectory" time="0.000">
    <skipped/>
  </testcase> <!-- RDDbacktoservicedirectory -->
  <system-out/>
</testsuite> <!-- RuralDevelopmentDepartment.RDDViewCitizendetailsTestCases -->
