<?xml version="1.0" encoding="UTF-8"?>
<!-- Generated by org.testng.reporters.JUnitReportReporter -->
<testsuite hostname="DESKTOP-CLFL9AL" failures="0" tests="5" name="SPDepartmentOfLabour.SkillDevelopmentTestCase" time="19.657" errors="0" timestamp="2023-05-02T08:58:03 IST" skipped="0">
  <testcase classname="SPDepartmentOfLabour.SkillDevelopmentTestCase" name="allservicesnavigation" time="8.978"/>
  <system-out/>
  <testcase classname="SPDepartmentOfLabour.SkillDevelopmentTestCase" name="SkillDevelopmentnavigation" time="5.043"/>
  <system-out/>
  <testcase classname="SPDepartmentOfLabour.SkillDevelopmentTestCase" name="SkillDevelopment1TestCases" time="4.197"/>
  <system-out/>
  <testcase classname="SPDepartmentOfLabour.SkillDevelopmentTestCase" name="SkillDevelopment2TestCase" time="0.147"/>
  <system-out/>
  <testcase classname="SPDepartmentOfLabour.SkillDevelopmentTestCase" name="IMbacktodirectory" time="1.292"/>
  <system-out/>
</testsuite> <!-- SPDepartmentOfLabour.SkillDevelopmentTestCase -->
