<?xml version="1.0" encoding="UTF-8"?>
<!-- Generated by org.testng.reporters.JUnitReportReporter -->
<testsuite hostname="DESKTOP-CLFL9AL" failures="0" tests="5" name="SPDirectorateofEducation.SchoolUniformTestCase" time="19.500" errors="0" timestamp="2023-05-02T07:30:03 IST" skipped="0">
  <testcase classname="SPDirectorateofEducation.SchoolUniformTestCase" name="allservicesnavigation" time="8.843"/>
  <system-out/>
  <testcase classname="SPDirectorateofEducation.SchoolUniformTestCase" name="SchoolUniformnavigation" time="5.034"/>
  <system-out/>
  <testcase classname="SPDirectorateofEducation.SchoolUniformTestCase" name="SchoolUniform1TestCases" time="4.277"/>
  <system-out/>
  <testcase classname="SPDirectorateofEducation.SchoolUniformTestCase" name="SchoolUniform2TestCase" time="0.170"/>
  <system-out/>
  <testcase classname="SPDirectorateofEducation.SchoolUniformTestCase" name="IMbacktodirectory" time="1.176"/>
  <system-out/>
</testsuite> <!-- SPDirectorateofEducation.SchoolUniformTestCase -->
