<?xml version="1.0" encoding="UTF-8"?>
<!-- Generated by org.testng.reporters.JUnitReportReporter -->
<testsuite hostname="DESKTOP-CLFL9AL" failures="0" tests="8" name="SPDepofFinance.TaxClearanceCertificateTestCases" time="29.913" errors="0" timestamp="2024-04-12T00:35:51 IST" skipped="0">
  <testcase classname="SPDepofFinance.TaxClearanceCertificateTestCases" name="allservicesnavigation" time="6.634"/>
  <system-out/>
  <testcase classname="SPDepofFinance.TaxClearanceCertificateTestCases" name="DeptNavigation" time="5.309"/>
  <system-out/>
  <testcase classname="SPDepofFinance.TaxClearanceCertificateTestCases" name="Seeinfoclick" time="3.011"/>
  <system-out/>
  <testcase classname="SPDepofFinance.TaxClearanceCertificateTestCases" name="VisitServiceclick" time="5.372"/>
  <system-out/>
  <testcase classname="SPDepofFinance.TaxClearanceCertificateTestCases" name="refreshpage" time="4.918"/>
  <system-out/>
  <testcase classname="SPDepofFinance.TaxClearanceCertificateTestCases" name="ServiceNavigationTestCase" time="4.315"/>
  <system-out/>
  <testcase classname="SPDepofFinance.TaxClearanceCertificateTestCases" name="ServicePlusPageTestCase" time="0.190"/>
  <system-out/>
  <testcase classname="SPDepofFinance.TaxClearanceCertificateTestCases" name="IMbacktodirectory" time="0.164"/>
  <system-out/>
</testsuite> <!-- SPDepofFinance.TaxClearanceCertificateTestCases -->
