<?xml version="1.0" encoding="UTF-8"?>
<!-- Generated by org.testng.reporters.JUnitReportReporter -->
<testsuite hostname="DESKTOP-CLFL9AL" failures="0" tests="5" name="SPDepOfPersonnelAdministrativeReforms.CircleOfficerTestCases" time="23.464" errors="0" timestamp="2023-05-02T08:58:03 IST" skipped="0">
  <testcase classname="SPDepOfPersonnelAdministrativeReforms.CircleOfficerTestCases" name="allservicesnavigation" time="11.975"/>
  <system-out/>
  <testcase classname="SPDepOfPersonnelAdministrativeReforms.CircleOfficerTestCases" name="CircleOfficernavigation" time="3.107"/>
  <system-out/>
  <testcase classname="SPDepOfPersonnelAdministrativeReforms.CircleOfficerTestCases" name="CircleOfficer1TestCases" time="4.199"/>
  <system-out/>
  <testcase classname="SPDepOfPersonnelAdministrativeReforms.CircleOfficerTestCases" name="CircleOfficer2TestCase" time="0.284"/>
  <system-out/>
  <testcase classname="SPDepOfPersonnelAdministrativeReforms.CircleOfficerTestCases" name="IMbacktodirectory" time="3.899"/>
  <system-out/>
</testsuite> <!-- SPDepOfPersonnelAdministrativeReforms.CircleOfficerTestCases -->
