<?xml version="1.0" encoding="UTF-8"?>
<!-- Generated by org.testng.reporters.JUnitReportReporter -->
<testsuite hostname="DESKTOP-CLFL9AL" failures="0" tests="5" name="SPDepartmenOfHome.RenewalofArmsTestCase" time="20.051" errors="0" timestamp="2023-05-02T08:58:03 IST" skipped="0">
  <testcase classname="SPDepartmenOfHome.RenewalofArmsTestCase" name="allservicesnavigation" time="9.160"/>
  <system-out/>
  <testcase classname="SPDepartmenOfHome.RenewalofArmsTestCase" name="RenewalofArmsenavigation" time="5.228"/>
  <system-out/>
  <testcase classname="SPDepartmenOfHome.RenewalofArmsTestCase" name="RenewalofArms1TestCases" time="4.246"/>
  <system-out/>
  <testcase classname="SPDepartmenOfHome.RenewalofArmsTestCase" name="ORenewalofArms2TestCase" time="0.201"/>
  <system-out/>
  <testcase classname="SPDepartmenOfHome.RenewalofArmsTestCase" name="IMbacktodirectory" time="1.216"/>
  <system-out/>
</testsuite> <!-- SPDepartmenOfHome.RenewalofArmsTestCase -->
