<?xml version="1.0" encoding="UTF-8"?>
<!-- Generated by org.testng.reporters.JUnitReportReporter -->
<testsuite hostname="DESKTOP-CLFL9AL" failures="0" tests="8" name="SPDeptOfAnimalHusbandry.Duplicatetestcase" time="15.644" errors="0" timestamp="2024-04-12T00:35:51 IST" skipped="0">
  <testcase classname="SPDeptOfAnimalHusbandry.Duplicatetestcase" name="allservicesnavigation" time="6.606"/>
  <system-out/>
  <testcase classname="SPDeptOfAnimalHusbandry.Duplicatetestcase" name="Deptnavigation" time="5.333"/>
  <system-out/>
  <testcase classname="SPDeptOfAnimalHusbandry.Duplicatetestcase" name="LogocheckTestCases" time="0.050"/>
  <system-out/>
  <testcase classname="SPDeptOfAnimalHusbandry.Duplicatetestcase" name="ServicecountTestCases" time="0.033"/>
  <system-out/>
  <testcase classname="SPDeptOfAnimalHusbandry.Duplicatetestcase" name="duplicateTestCases" time="0.180"/>
  <system-out/>
  <testcase classname="SPDeptOfAnimalHusbandry.Duplicatetestcase" name="servicecountfromexcel" time="0.264"/>
  <system-out/>
  <testcase classname="SPDeptOfAnimalHusbandry.Duplicatetestcase" name="InformationTestCases" time="3.027"/>
  <system-out/>
  <testcase classname="SPDeptOfAnimalHusbandry.Duplicatetestcase" name="IMbacktodirectory" time="0.151"/>
  <system-out/>
</testsuite> <!-- SPDeptOfAnimalHusbandry.Duplicatetestcase -->
