<?xml version="1.0" encoding="UTF-8"?>
<!-- Generated by org.testng.reporters.JUnitReportReporter -->
<testsuite hostname="DESKTOP-CLFL9AL" failures="0" tests="8" name="SPDirectorateOfSchoolEducation.StipendtoSCSTBCstudentsfrom6thto8thClassunderStateHarijanWelfareSchemeTestCase" time="29.960" errors="0" timestamp="2024-04-12T00:35:51 IST" skipped="0">
  <testcase classname="SPDirectorateOfSchoolEducation.StipendtoSCSTBCstudentsfrom6thto8thClassunderStateHarijanWelfareSchemeTestCase" name="allservicesnavigation" time="6.813"/>
  <system-out/>
  <testcase classname="SPDirectorateOfSchoolEducation.StipendtoSCSTBCstudentsfrom6thto8thClassunderStateHarijanWelfareSchemeTestCase" name="DeptNavigation" time="5.312"/>
  <system-out/>
  <testcase classname="SPDirectorateOfSchoolEducation.StipendtoSCSTBCstudentsfrom6thto8thClassunderStateHarijanWelfareSchemeTestCase" name="Seeinfoclick" time="3.125"/>
  <system-out/>
  <testcase classname="SPDirectorateOfSchoolEducation.StipendtoSCSTBCstudentsfrom6thto8thClassunderStateHarijanWelfareSchemeTestCase" name="VisitServiceclick" time="5.434"/>
  <system-out/>
  <testcase classname="SPDirectorateOfSchoolEducation.StipendtoSCSTBCstudentsfrom6thto8thClassunderStateHarijanWelfareSchemeTestCase" name="refreshpage" time="4.425"/>
  <system-out/>
  <testcase classname="SPDirectorateOfSchoolEducation.StipendtoSCSTBCstudentsfrom6thto8thClassunderStateHarijanWelfareSchemeTestCase" name="ServiceNavigationTestCase" time="4.387"/>
  <system-out/>
  <testcase classname="SPDirectorateOfSchoolEducation.StipendtoSCSTBCstudentsfrom6thto8thClassunderStateHarijanWelfareSchemeTestCase" name="ServicePlusPageTestCase" time="0.260"/>
  <system-out/>
  <testcase classname="SPDirectorateOfSchoolEducation.StipendtoSCSTBCstudentsfrom6thto8thClassunderStateHarijanWelfareSchemeTestCase" name="IMbacktodirectory" time="0.204"/>
  <system-out/>
</testsuite> <!-- SPDirectorateOfSchoolEducation.StipendtoSCSTBCstudentsfrom6thto8thClassunderStateHarijanWelfareSchemeTestCase -->
