<?xml version="1.0" encoding="UTF-8"?>
<!-- Generated by org.testng.reporters.JUnitReportReporter -->
<testsuite hostname="DESKTOP-CLFL9AL" failures="0" tests="5" name="Elderline.ElderlineInformationTestcases" time="23.094" errors="0" timestamp="2023-01-06T13:02:24 IST" skipped="0">
  <testcase classname="Elderline.ElderlineInformationTestcases" name="allservicesnavigation" time="12.012"/>
  <system-out/>
  <testcase classname="Elderline.ElderlineInformationTestcases" name="Elderlinedepartmentnavigation" time="6.936"/>
  <system-out/>
  <testcase classname="Elderline.ElderlineInformationTestcases" name="ElderlineInformationTestCases" time="0.442"/>
  <system-out/>
  <testcase classname="Elderline.ElderlineInformationTestcases" name="InformationTestCases" time="2.352"/>
  <system-out/>
  <testcase classname="Elderline.ElderlineInformationTestcases" name="IMbacktodirectory" time="1.352"/>
  <system-out/>
</testsuite> <!-- Elderline.ElderlineInformationTestcases -->
