<?xml version="1.0" encoding="UTF-8"?>
<!-- Generated by org.testng.reporters.JUnitReportReporter -->
<testsuite hostname="DESKTOP-CLFL9AL" failures="0" tests="8" name="SPDepartmentofHealthJammuKashmir.Duplicatetestcase" time="14.984" errors="0" timestamp="2024-04-12T00:35:51 IST" skipped="0">
  <testcase classname="SPDepartmentofHealthJammuKashmir.Duplicatetestcase" name="allservicesnavigation" time="6.670"/>
  <system-out/>
  <testcase classname="SPDepartmentofHealthJammuKashmir.Duplicatetestcase" name="Deptnavigation" time="4.542"/>
  <system-out/>
  <testcase classname="SPDepartmentofHealthJammuKashmir.Duplicatetestcase" name="LogocheckTestCases" time="0.191"/>
  <system-out/>
  <testcase classname="SPDepartmentofHealthJammuKashmir.Duplicatetestcase" name="ServicecountTestCases" time="0.055"/>
  <system-out/>
  <testcase classname="SPDepartmentofHealthJammuKashmir.Duplicatetestcase" name="duplicateTestCases" time="0.091"/>
  <system-out/>
  <testcase classname="SPDepartmentofHealthJammuKashmir.Duplicatetestcase" name="servicecountfromexcel" time="0.207"/>
  <system-out/>
  <testcase classname="SPDepartmentofHealthJammuKashmir.Duplicatetestcase" name="InformationTestCases" time="2.997"/>
  <system-out/>
  <testcase classname="SPDepartmentofHealthJammuKashmir.Duplicatetestcase" name="IMbacktodirectory" time="0.231"/>
  <system-out/>
</testsuite> <!-- SPDepartmentofHealthJammuKashmir.Duplicatetestcase -->
