<?xml version="1.0" encoding="UTF-8"?>
<!-- Generated by org.testng.reporters.JUnitReportReporter -->
<testsuite hostname="DESKTOP-CLFL9AL" failures="0" tests="5" name="DelhiPolice.DPMissingPersonTestCases" time="0.000" errors="0" timestamp="2022-12-18T16:48:58 IST" skipped="5">
  <testcase classname="DelhiPolice.DPMissingPersonTestCases" name="allservicesnavigation" time="0.000">
    <skipped/>
  </testcase> <!-- allservicesnavigation -->
  <system-out/>
  <testcase classname="DelhiPolice.DPMissingPersonTestCases" name="DelhiPolicedepartmentnavigation" time="0.000">
    <skipped/>
  </testcase> <!-- DelhiPolicedepartmentnavigation -->
  <system-out/>
  <testcase classname="DelhiPolice.DPMissingPersonTestCases" name="DPmissingpersonservicenavigation" time="0.000">
    <skipped/>
  </testcase> <!-- DPmissingpersonservicenavigation -->
  <system-out/>
  <testcase classname="DelhiPolice.DPMissingPersonTestCases" name="DPmissingpersonfillformandsubmitdata" time="0.000">
    <skipped/>
  </testcase> <!-- DPmissingpersonfillformandsubmitdata -->
  <system-out/>
  <testcase classname="DelhiPolice.DPMissingPersonTestCases" name="SSbacktodirectory" time="0.000">
    <skipped/>
  </testcase> <!-- SSbacktodirectory -->
  <system-out/>
</testsuite> <!-- DelhiPolice.DPMissingPersonTestCases -->
