<?xml version="1.0" encoding="UTF-8"?>
<!-- Generated by org.testng.reporters.JUnitReportReporter -->
<testsuite hostname="DESKTOP-CLFL9AL" failures="0" tests="5" name="SPKarbiAnglong.LandPattaTestCase" time="20.108" errors="0" timestamp="2023-05-02T08:58:03 IST" skipped="0">
  <testcase classname="SPKarbiAnglong.LandPattaTestCase" name="allservicesnavigation" time="8.979"/>
  <system-out/>
  <testcase classname="SPKarbiAnglong.LandPattaTestCase" name="LandPattanavigation" time="5.446"/>
  <system-out/>
  <testcase classname="SPKarbiAnglong.LandPattaTestCase" name="LandPatta1TestCases" time="4.279"/>
  <system-out/>
  <testcase classname="SPKarbiAnglong.LandPattaTestCase" name="LandPatta2TestCase" time="0.172"/>
  <system-out/>
  <testcase classname="SPKarbiAnglong.LandPattaTestCase" name="IMbacktodirectory" time="1.232"/>
  <system-out/>
</testsuite> <!-- SPKarbiAnglong.LandPattaTestCase -->
