<?xml version="1.0" encoding="UTF-8"?>
<!-- Generated by org.testng.reporters.JUnitReportReporter -->
<testsuite hostname="DESKTOP-CLFL9AL" failures="0" tests="9" name="ORS.ORSMyappointmentsTestCases" time="0.000" errors="0" timestamp="2022-12-18T16:48:57 IST" skipped="9">
  <testcase classname="ORS.ORSMyappointmentsTestCases" name="allservicesnavigation" time="0.000">
    <skipped/>
  </testcase> <!-- allservicesnavigation -->
  <system-out/>
  <testcase classname="ORS.ORSMyappointmentsTestCases" name="ORSdepartmentnavigation" time="0.000">
    <skipped/>
  </testcase> <!-- ORSdepartmentnavigation -->
  <system-out/>
  <testcase classname="ORS.ORSMyappointmentsTestCases" name="ORSMyappointmentsservicenavigation" time="0.000">
    <skipped/>
  </testcase> <!-- ORSMyappointmentsservicenavigation -->
  <system-out/>
  <testcase classname="ORS.ORSMyappointmentsTestCases" name="ORSMyappointmentsbyUHID" time="0.000">
    <skipped/>
  </testcase> <!-- ORSMyappointmentsbyUHID -->
  <system-out/>
  <testcase classname="ORS.ORSMyappointmentsTestCases" name="ORSMyappointmentsbymobile" time="0.000">
    <skipped/>
  </testcase> <!-- ORSMyappointmentsbymobile -->
  <system-out/>
  <testcase classname="ORS.ORSMyappointmentsTestCases" name="ORSMyappointmentssearch" time="0.000">
    <skipped/>
  </testcase> <!-- ORSMyappointmentssearch -->
  <system-out/>
  <testcase classname="ORS.ORSMyappointmentsTestCases" name="ORSMyappointmentscancelmessagecoming" time="0.000">
    <skipped/>
  </testcase> <!-- ORSMyappointmentscancelmessagecoming -->
  <system-out/>
  <testcase classname="ORS.ORSMyappointmentsTestCases" name="ORSMyappointmentscheckOTP" time="0.000">
    <skipped/>
  </testcase> <!-- ORSMyappointmentscheckOTP -->
  <system-out/>
  <testcase classname="ORS.ORSMyappointmentsTestCases" name="ORSbacktodirectory" time="0.000">
    <skipped/>
  </testcase> <!-- ORSbacktodirectory -->
  <system-out/>
</testsuite> <!-- ORS.ORSMyappointmentsTestCases -->
