<?xml version="1.0" encoding="UTF-8"?>
<!-- Generated by org.testng.reporters.JUnitReportReporter -->
<testsuite hostname="IN3241737W1" failures="0" tests="8" name="NTA.NTAScorecardsession1Testcases" time="35.267" errors="0" timestamp="2022-08-01T17:07:26 IST" skipped="0">
  <testcase classname="NTA.NTAScorecardsession1Testcases" name="ServiceDirectoryDeptnavigation" time="0.252"/>
  <system-out/>
  <testcase classname="NTA.NTAScorecardsession1Testcases" name="NTAdepartmentnavigation" time="1.022"/>
  <system-out/>
  <testcase classname="NTA.NTAScorecardsession1Testcases" name="NTAScorecardsession1ServiceNavigation" time="6.761"/>
  <system-out/>
  <testcase classname="NTA.NTAScorecardsession1Testcases" name="NTAscorecardsession1canditatevisible" time="0.039"/>
  <system-out/>
  <testcase classname="NTA.NTAScorecardsession1Testcases" name="NTAscorecarddownloaddetails" time="14.508"/>
  <system-out/>
  <testcase classname="NTA.NTAScorecardsession1Testcases" name="NTAscorecardsession2info" time="5.542"/>
  <system-out/>
  <testcase classname="NTA.NTAScorecardsession1Testcases" name="NTAadmitcardsession2infoinfoservciebutton" time="6.755"/>
  <system-out/>
  <testcase classname="NTA.NTAScorecardsession1Testcases" name="AICTEbacktodirectory" time="0.388"/>
  <system-out/>
</testsuite> <!-- NTA.NTAScorecardsession1Testcases -->
