<?xml version="1.0" encoding="UTF-8"?>
<!-- Generated by org.testng.reporters.JUnitReportReporter -->
<testsuite hostname="DESKTOP-CLFL9AL" failures="0" tests="8" name="SPPublicHealthEngineeringDepartmentHaryana.ApplyNewWaterSewerConnectioninPublicHealthEngineeringDepartmenttestcase" time="30.357" errors="0" timestamp="2024-04-12T00:35:51 IST" skipped="0">
  <testcase classname="SPPublicHealthEngineeringDepartmentHaryana.ApplyNewWaterSewerConnectioninPublicHealthEngineeringDepartmenttestcase" name="allservicesnavigation" time="6.646"/>
  <system-out/>
  <testcase classname="SPPublicHealthEngineeringDepartmentHaryana.ApplyNewWaterSewerConnectioninPublicHealthEngineeringDepartmenttestcase" name="DeptNavigation" time="5.130"/>
  <system-out/>
  <testcase classname="SPPublicHealthEngineeringDepartmentHaryana.ApplyNewWaterSewerConnectioninPublicHealthEngineeringDepartmenttestcase" name="Seeinfoclick" time="3.134"/>
  <system-out/>
  <testcase classname="SPPublicHealthEngineeringDepartmentHaryana.ApplyNewWaterSewerConnectioninPublicHealthEngineeringDepartmenttestcase" name="VisitServiceclick" time="5.465"/>
  <system-out/>
  <testcase classname="SPPublicHealthEngineeringDepartmentHaryana.ApplyNewWaterSewerConnectioninPublicHealthEngineeringDepartmenttestcase" name="refreshpage" time="4.994"/>
  <system-out/>
  <testcase classname="SPPublicHealthEngineeringDepartmentHaryana.ApplyNewWaterSewerConnectioninPublicHealthEngineeringDepartmenttestcase" name="ServiceNavigationTestCase" time="4.306"/>
  <system-out/>
  <testcase classname="SPPublicHealthEngineeringDepartmentHaryana.ApplyNewWaterSewerConnectioninPublicHealthEngineeringDepartmenttestcase" name="ServicePlusPageTestCase" time="0.419"/>
  <system-out/>
  <testcase classname="SPPublicHealthEngineeringDepartmentHaryana.ApplyNewWaterSewerConnectioninPublicHealthEngineeringDepartmenttestcase" name="IMbacktodirectory" time="0.263"/>
  <system-out/>
</testsuite> <!-- SPPublicHealthEngineeringDepartmentHaryana.ApplyNewWaterSewerConnectioninPublicHealthEngineeringDepartmenttestcase -->
