<?xml version="1.0" encoding="UTF-8"?>
<!-- Generated by org.testng.reporters.JUnitReportReporter -->
<testsuite hostname="DESKTOP-CLFL9AL" failures="0" tests="5" name="SPDepartmentOfRevenue.IncomeCertificateTestCases" time="17.604" errors="0" timestamp="2023-05-02T08:58:03 IST" skipped="0">
  <testcase classname="SPDepartmentOfRevenue.IncomeCertificateTestCases" name="allservicesnavigation" time="9.025"/>
  <system-out/>
  <testcase classname="SPDepartmentOfRevenue.IncomeCertificateTestCases" name="IncomeCertificatenavigation" time="3.013"/>
  <system-out/>
  <testcase classname="SPDepartmentOfRevenue.IncomeCertificateTestCases" name="IncomeCertificate1TestCases" time="4.211"/>
  <system-out/>
  <testcase classname="SPDepartmentOfRevenue.IncomeCertificateTestCases" name="IncomeCertificate2TestCase" time="0.199"/>
  <system-out/>
  <testcase classname="SPDepartmentOfRevenue.IncomeCertificateTestCases" name="IMbacktodirectory" time="1.156"/>
  <system-out/>
</testsuite> <!-- SPDepartmentOfRevenue.IncomeCertificateTestCases -->
