<?xml version="1.0" encoding="UTF-8"?>
<!-- Generated by org.testng.reporters.JUnitReportReporter -->
<testsuite hostname="DESKTOP-CLFL9AL" failures="0" tests="5" name="SPDepartmenOfHome.ValidityofArmsTestCase" time="20.038" errors="0" timestamp="2023-05-02T08:58:03 IST" skipped="0">
  <testcase classname="SPDepartmenOfHome.ValidityofArmsTestCase" name="allservicesnavigation" time="9.223"/>
  <system-out/>
  <testcase classname="SPDepartmenOfHome.ValidityofArmsTestCase" name="ValidityofArmsnavigation" time="5.182"/>
  <system-out/>
  <testcase classname="SPDepartmenOfHome.ValidityofArmsTestCase" name="ValidityofArms1TestCases" time="4.211"/>
  <system-out/>
  <testcase classname="SPDepartmenOfHome.ValidityofArmsTestCase" name="ValidityofArms2TestCase" time="0.166"/>
  <system-out/>
  <testcase classname="SPDepartmenOfHome.ValidityofArmsTestCase" name="IMbacktodirectory" time="1.256"/>
  <system-out/>
</testsuite> <!-- SPDepartmenOfHome.ValidityofArmsTestCase -->
