<?xml version="1.0" encoding="UTF-8"?>
<!-- Generated by org.testng.reporters.JUnitReportReporter -->
<testsuite hostname="DESKTOP-CLFL9AL" failures="0" tests="4" name="TNMSME.TNMSMEFAQTestCases" time="0.000" errors="0" timestamp="2022-12-18T16:48:57 IST" skipped="4">
  <testcase classname="TNMSME.TNMSMEFAQTestCases" name="allservicesnavigation" time="0.000">
    <skipped/>
  </testcase> <!-- allservicesnavigation -->
  <system-out/>
  <testcase classname="TNMSME.TNMSMEFAQTestCases" name="TNMSMEdepartmentnavigation" time="0.000">
    <skipped/>
  </testcase> <!-- TNMSMEdepartmentnavigation -->
  <system-out/>
  <testcase classname="TNMSME.TNMSMEFAQTestCases" name="TNMSMEFAQservicenavigation" time="0.000">
    <skipped/>
  </testcase> <!-- TNMSMEFAQservicenavigation -->
  <system-out/>
  <testcase classname="TNMSME.TNMSMEFAQTestCases" name="TNMSMEbacktodirectory" time="0.000">
    <skipped/>
  </testcase> <!-- TNMSMEbacktodirectory -->
  <system-out/>
</testsuite> <!-- TNMSME.TNMSMEFAQTestCases -->
