<?xml version="1.0" encoding="UTF-8"?>
<!-- Generated by org.testng.reporters.JUnitReportReporter -->
<testsuite hostname="DESKTOP-CLFL9AL" failures="0" tests="8" name="SPAgricultureDepartmentHaryana.LicenseofSeedsDistrictLevelTestCases" time="29.114" errors="0" timestamp="2024-04-12T00:35:51 IST" skipped="0">
  <testcase classname="SPAgricultureDepartmentHaryana.LicenseofSeedsDistrictLevelTestCases" name="allservicesnavigation" time="6.592"/>
  <system-out/>
  <testcase classname="SPAgricultureDepartmentHaryana.LicenseofSeedsDistrictLevelTestCases" name="Deptnavigation" time="5.171"/>
  <system-out/>
  <testcase classname="SPAgricultureDepartmentHaryana.LicenseofSeedsDistrictLevelTestCases" name="Seeinfoclick" time="2.920"/>
  <system-out/>
  <testcase classname="SPAgricultureDepartmentHaryana.LicenseofSeedsDistrictLevelTestCases" name="VisitServiceclick" time="5.398"/>
  <system-out/>
  <testcase classname="SPAgricultureDepartmentHaryana.LicenseofSeedsDistrictLevelTestCases" name="refreshpage" time="4.372"/>
  <system-out/>
  <testcase classname="SPAgricultureDepartmentHaryana.LicenseofSeedsDistrictLevelTestCases" name="ServiceNavigationTestCase" time="4.282"/>
  <system-out/>
  <testcase classname="SPAgricultureDepartmentHaryana.LicenseofSeedsDistrictLevelTestCases" name="ServicePlusPageTestCase" time="0.211"/>
  <system-out/>
  <testcase classname="SPAgricultureDepartmentHaryana.LicenseofSeedsDistrictLevelTestCases" name="IMbacktodirectory" time="0.168"/>
  <system-out/>
</testsuite> <!-- SPAgricultureDepartmentHaryana.LicenseofSeedsDistrictLevelTestCases -->
