<?xml version="1.0" encoding="UTF-8"?>
<!-- Generated by org.testng.reporters.JUnitReportReporter -->
<testsuite hostname="DESKTOP-CLFL9AL" failures="0" tests="8" name="SPDeptOfAnimalHusbandry.ProvidingonemonthTrainingonDairyFarmingwithStipendWithoutStipendTestCase" time="29.455" errors="0" timestamp="2024-04-12T00:35:51 IST" skipped="0">
  <testcase classname="SPDeptOfAnimalHusbandry.ProvidingonemonthTrainingonDairyFarmingwithStipendWithoutStipendTestCase" name="allservicesnavigation" time="6.684"/>
  <system-out/>
  <testcase classname="SPDeptOfAnimalHusbandry.ProvidingonemonthTrainingonDairyFarmingwithStipendWithoutStipendTestCase" name="DeptNavigation" time="5.348"/>
  <system-out/>
  <testcase classname="SPDeptOfAnimalHusbandry.ProvidingonemonthTrainingonDairyFarmingwithStipendWithoutStipendTestCase" name="Seeinfoclick" time="2.954"/>
  <system-out/>
  <testcase classname="SPDeptOfAnimalHusbandry.ProvidingonemonthTrainingonDairyFarmingwithStipendWithoutStipendTestCase" name="VisitServiceclick" time="5.364"/>
  <system-out/>
  <testcase classname="SPDeptOfAnimalHusbandry.ProvidingonemonthTrainingonDairyFarmingwithStipendWithoutStipendTestCase" name="refreshpage" time="4.383"/>
  <system-out/>
  <testcase classname="SPDeptOfAnimalHusbandry.ProvidingonemonthTrainingonDairyFarmingwithStipendWithoutStipendTestCase" name="ServiceNavigationTestCase" time="4.342"/>
  <system-out/>
  <testcase classname="SPDeptOfAnimalHusbandry.ProvidingonemonthTrainingonDairyFarmingwithStipendWithoutStipendTestCase" name="ServicePlusPageTestCase" time="0.217"/>
  <system-out/>
  <testcase classname="SPDeptOfAnimalHusbandry.ProvidingonemonthTrainingonDairyFarmingwithStipendWithoutStipendTestCase" name="IMbacktodirectory" time="0.163"/>
  <system-out/>
</testsuite> <!-- SPDeptOfAnimalHusbandry.ProvidingonemonthTrainingonDairyFarmingwithStipendWithoutStipendTestCase -->
