<?xml version="1.0" encoding="UTF-8"?>
<!-- Generated by org.testng.reporters.JUnitReportReporter -->
<testsuite hostname="DESKTOP-CLFL9AL" failures="0" tests="8" name="SPDepartmenOfHome.ChangeofAddressWithintheJurisdictionTestCase" time="29.542" errors="0" timestamp="2024-04-12T00:35:51 IST" skipped="0">
  <testcase classname="SPDepartmenOfHome.ChangeofAddressWithintheJurisdictionTestCase" name="allservicesnavigation" time="6.665"/>
  <system-out/>
  <testcase classname="SPDepartmenOfHome.ChangeofAddressWithintheJurisdictionTestCase" name="DeptNavigation" time="5.340"/>
  <system-out/>
  <testcase classname="SPDepartmenOfHome.ChangeofAddressWithintheJurisdictionTestCase" name="Seeinfoclick" time="3.034"/>
  <system-out/>
  <testcase classname="SPDepartmenOfHome.ChangeofAddressWithintheJurisdictionTestCase" name="VisitServiceclick" time="5.397"/>
  <system-out/>
  <testcase classname="SPDepartmenOfHome.ChangeofAddressWithintheJurisdictionTestCase" name="refreshpage" time="4.391"/>
  <system-out/>
  <testcase classname="SPDepartmenOfHome.ChangeofAddressWithintheJurisdictionTestCase" name="ServiceNavigationTestCase" time="4.279"/>
  <system-out/>
  <testcase classname="SPDepartmenOfHome.ChangeofAddressWithintheJurisdictionTestCase" name="ServicePlusPageTestCase" time="0.221"/>
  <system-out/>
  <testcase classname="SPDepartmenOfHome.ChangeofAddressWithintheJurisdictionTestCase" name="IMbacktodirectory" time="0.215"/>
  <system-out/>
</testsuite> <!-- SPDepartmenOfHome.ChangeofAddressWithintheJurisdictionTestCase -->
