<?xml version="1.0" encoding="UTF-8"?>
<!-- Generated by org.testng.reporters.JUnitReportReporter -->
<testsuite hostname="DESKTOP-CLFL9AL" failures="0" tests="8" name="SPDepartmentofHorticulture.ApplicationforAssistanceonconstructionofHandlingunitsBorewellstubewellswaterstoragetanksandPurchaseofHorti" time="29.869" errors="0" timestamp="2024-04-12T00:35:51 IST" skipped="0">
  <testcase classname="SPDepartmentofHorticulture.ApplicationforAssistanceonconstructionofHandlingunitsBorewellstubewellswaterstoragetanksandPurchaseofHorti" name="allservicesnavigation" time="6.706"/>
  <system-out/>
  <testcase classname="SPDepartmentofHorticulture.ApplicationforAssistanceonconstructionofHandlingunitsBorewellstubewellswaterstoragetanksandPurchaseofHorti" name="Deptnavigation" time="5.144"/>
  <system-out/>
  <testcase classname="SPDepartmentofHorticulture.ApplicationforAssistanceonconstructionofHandlingunitsBorewellstubewellswaterstoragetanksandPurchaseofHorti" name="Seeinfoclick" time="3.073"/>
  <system-out/>
  <testcase classname="SPDepartmentofHorticulture.ApplicationforAssistanceonconstructionofHandlingunitsBorewellstubewellswaterstoragetanksandPurchaseofHorti" name="VisitServiceclick" time="5.388"/>
  <system-out/>
  <testcase classname="SPDepartmentofHorticulture.ApplicationforAssistanceonconstructionofHandlingunitsBorewellstubewellswaterstoragetanksandPurchaseofHorti" name="refreshpage" time="4.810"/>
  <system-out/>
  <testcase classname="SPDepartmentofHorticulture.ApplicationforAssistanceonconstructionofHandlingunitsBorewellstubewellswaterstoragetanksandPurchaseofHorti" name="ServiceNavigationTestCase" time="4.317"/>
  <system-out/>
  <testcase classname="SPDepartmentofHorticulture.ApplicationforAssistanceonconstructionofHandlingunitsBorewellstubewellswaterstoragetanksandPurchaseofHorti" name="ServicePlusPageTestCase" time="0.201"/>
  <system-out/>
  <testcase classname="SPDepartmentofHorticulture.ApplicationforAssistanceonconstructionofHandlingunitsBorewellstubewellswaterstoragetanksandPurchaseofHorti" name="IMbacktodirectory" time="0.230"/>
  <system-out/>
</testsuite> <!-- SPDepartmentofHorticulture.ApplicationforAssistanceonconstructionofHandlingunitsBorewellstubewellswaterstoragetanksandPurchaseofHorti -->
