<?xml version="1.0" encoding="UTF-8"?>
<!-- Generated by org.testng.reporters.JUnitReportReporter -->
<testsuite hostname="DESKTOP-CLFL9AL" failures="0" tests="5" name="SPDirectorateofFisheries.FishingInputsTestCase" time="21.506" errors="0" timestamp="2023-05-02T07:30:03 IST" skipped="0">
  <testcase classname="SPDirectorateofFisheries.FishingInputsTestCase" name="allservicesnavigation" time="8.961"/>
  <system-out/>
  <testcase classname="SPDirectorateofFisheries.FishingInputsTestCase" name="FishingInputsnavigation" time="5.116"/>
  <system-out/>
  <testcase classname="SPDirectorateofFisheries.FishingInputsTestCase" name="FishingInputs1TestCases" time="4.306"/>
  <system-out/>
  <testcase classname="SPDirectorateofFisheries.FishingInputsTestCase" name="FishingInputs2TestCase" time="0.257"/>
  <system-out/>
  <testcase classname="SPDirectorateofFisheries.FishingInputsTestCase" name="IMbacktodirectory" time="2.866"/>
  <system-out/>
</testsuite> <!-- SPDirectorateofFisheries.FishingInputsTestCase -->
