<?xml version="1.0" encoding="UTF-8"?>
<!-- Generated by org.testng.reporters.JUnitReportReporter -->
<testsuite hostname="DESKTOP-CLFL9AL" failures="0" tests="8" name="SPDeptOfRevenue.MarrigeRegestrationTestCases" time="29.475" errors="0" timestamp="2024-04-12T00:35:51 IST" skipped="0">
  <testcase classname="SPDeptOfRevenue.MarrigeRegestrationTestCases" name="allservicesnavigation" time="6.831"/>
  <system-out/>
  <testcase classname="SPDeptOfRevenue.MarrigeRegestrationTestCases" name="DeptNavigation" time="5.111"/>
  <system-out/>
  <testcase classname="SPDeptOfRevenue.MarrigeRegestrationTestCases" name="Seeinfoclick" time="2.951"/>
  <system-out/>
  <testcase classname="SPDeptOfRevenue.MarrigeRegestrationTestCases" name="VisitServiceclick" time="5.363"/>
  <system-out/>
  <testcase classname="SPDeptOfRevenue.MarrigeRegestrationTestCases" name="refreshpage" time="4.422"/>
  <system-out/>
  <testcase classname="SPDeptOfRevenue.MarrigeRegestrationTestCases" name="ServiceNavigationTestCase" time="4.351"/>
  <system-out/>
  <testcase classname="SPDeptOfRevenue.MarrigeRegestrationTestCases" name="ServicePlusPageTestCase" time="0.264"/>
  <system-out/>
  <testcase classname="SPDeptOfRevenue.MarrigeRegestrationTestCases" name="IMbacktodirectory" time="0.182"/>
  <system-out/>
</testsuite> <!-- SPDeptOfRevenue.MarrigeRegestrationTestCases -->
