<?xml version="1.0" encoding="UTF-8"?>
<!-- Generated by org.testng.reporters.JUnitReportReporter -->
<testsuite hostname="DESKTOP-CLFL9AL" failures="0" tests="5" name="Elderline.ElderlineCheckStatusofCase" time="25.010" errors="0" timestamp="2023-01-04T16:18:50 IST" skipped="0">
  <testcase classname="Elderline.ElderlineCheckStatusofCase" name="allservicesnavigation" time="12.298"/>
  <system-out/>
  <testcase classname="Elderline.ElderlineCheckStatusofCase" name="Elderlinedepartmentnavigation" time="7.579"/>
  <system-out/>
  <testcase classname="Elderline.ElderlineCheckStatusofCase" name="ElderlinecheckstatusofcaseTestCases" time="1.275"/>
  <system-out/>
  <testcase classname="Elderline.ElderlineCheckStatusofCase" name="checkstatusofcaseTestCases" time="1.920"/>
  <system-out/>
  <testcase classname="Elderline.ElderlineCheckStatusofCase" name="IMbacktodirectory" time="1.938"/>
  <system-out/>
</testsuite> <!-- Elderline.ElderlineCheckStatusofCase -->
