<?xml version="1.0" encoding="UTF-8"?>
<!-- Generated by org.testng.reporters.JUnitReportReporter -->
<testsuite hostname="DESKTOP-CLFL9AL" failures="0" tests="5" name="SPDepOfPersonnelAdministrativeReforms.AssetCertificateSDOTestCases" time="19.759" errors="0" timestamp="2023-05-02T08:58:03 IST" skipped="0">
  <testcase classname="SPDepOfPersonnelAdministrativeReforms.AssetCertificateSDOTestCases" name="allservicesnavigation" time="8.968"/>
  <system-out/>
  <testcase classname="SPDepOfPersonnelAdministrativeReforms.AssetCertificateSDOTestCases" name="AssetCertificateSDOnavigation" time="5.172"/>
  <system-out/>
  <testcase classname="SPDepOfPersonnelAdministrativeReforms.AssetCertificateSDOTestCases" name="AssetCertificateSDO1TestCases" time="4.219"/>
  <system-out/>
  <testcase classname="SPDepOfPersonnelAdministrativeReforms.AssetCertificateSDOTestCases" name="AssetCertificateSDO2TestCase" time="0.185"/>
  <system-out/>
  <testcase classname="SPDepOfPersonnelAdministrativeReforms.AssetCertificateSDOTestCases" name="IMbacktodirectory" time="1.215"/>
  <system-out/>
</testsuite> <!-- SPDepOfPersonnelAdministrativeReforms.AssetCertificateSDOTestCases -->
