<?xml version="1.0" encoding="UTF-8"?>
<!-- Generated by org.testng.reporters.JUnitReportReporter -->
<testsuite hostname="DESKTOP-CLFL9AL" failures="0" tests="8" name="SPLabourDepartment.FreeTravellingFacilityforregisteredworkerofHBOCWWBoardTestCases" time="29.086" errors="0" timestamp="2024-04-12T00:35:51 IST" skipped="0">
  <testcase classname="SPLabourDepartment.FreeTravellingFacilityforregisteredworkerofHBOCWWBoardTestCases" name="allservicesnavigation" time="6.716"/>
  <system-out/>
  <testcase classname="SPLabourDepartment.FreeTravellingFacilityforregisteredworkerofHBOCWWBoardTestCases" name="DeptNavigation" time="4.454"/>
  <system-out/>
  <testcase classname="SPLabourDepartment.FreeTravellingFacilityforregisteredworkerofHBOCWWBoardTestCases" name="Seeinfoclick" time="3.124"/>
  <system-out/>
  <testcase classname="SPLabourDepartment.FreeTravellingFacilityforregisteredworkerofHBOCWWBoardTestCases" name="VisitServiceclick" time="5.516"/>
  <system-out/>
  <testcase classname="SPLabourDepartment.FreeTravellingFacilityforregisteredworkerofHBOCWWBoardTestCases" name="refreshpage" time="4.379"/>
  <system-out/>
  <testcase classname="SPLabourDepartment.FreeTravellingFacilityforregisteredworkerofHBOCWWBoardTestCases" name="ServiceNavigationTestCase" time="4.346"/>
  <system-out/>
  <testcase classname="SPLabourDepartment.FreeTravellingFacilityforregisteredworkerofHBOCWWBoardTestCases" name="ServicePlusPageTestCase" time="0.266"/>
  <system-out/>
  <testcase classname="SPLabourDepartment.FreeTravellingFacilityforregisteredworkerofHBOCWWBoardTestCases" name="IMbacktodirectory" time="0.285"/>
  <system-out/>
</testsuite> <!-- SPLabourDepartment.FreeTravellingFacilityforregisteredworkerofHBOCWWBoardTestCases -->
