<?xml version="1.0" encoding="UTF-8"?>
<!-- Generated by org.testng.reporters.JUnitReportReporter -->
<testsuite hostname="DESKTOP-CLFL9AL" failures="0" tests="5" name="SPDeptOfAnimalHusbandry.ArtificialInseminationTestCase" time="20.649" errors="0" timestamp="2023-05-02T07:30:03 IST" skipped="0">
  <testcase classname="SPDeptOfAnimalHusbandry.ArtificialInseminationTestCase" name="allservicesnavigation" time="9.270"/>
  <system-out/>
  <testcase classname="SPDeptOfAnimalHusbandry.ArtificialInseminationTestCase" name="ArtificialInseminationenavigation" time="5.309"/>
  <system-out/>
  <testcase classname="SPDeptOfAnimalHusbandry.ArtificialInseminationTestCase" name="ArtificialInsemination1TestCases" time="4.231"/>
  <system-out/>
  <testcase classname="SPDeptOfAnimalHusbandry.ArtificialInseminationTestCase" name="ArtificialInsemination2TestCase" time="0.166"/>
  <system-out/>
  <testcase classname="SPDeptOfAnimalHusbandry.ArtificialInseminationTestCase" name="IMbacktodirectory" time="1.673"/>
  <system-out/>
</testsuite> <!-- SPDeptOfAnimalHusbandry.ArtificialInseminationTestCase -->
