<?xml version="1.0" encoding="UTF-8"?>
<!-- Generated by org.testng.reporters.JUnitReportReporter -->
<testsuite hostname="DESKTOP-CLFL9AL" failures="0" tests="8" name="SPDepartmentOfLabour.EducationalFinancialAssistanceTestCase" time="31.582" errors="0" timestamp="2024-04-12T00:35:51 IST" skipped="0">
  <testcase classname="SPDepartmentOfLabour.EducationalFinancialAssistanceTestCase" name="allservicesnavigation" time="6.607"/>
  <system-out/>
  <testcase classname="SPDepartmentOfLabour.EducationalFinancialAssistanceTestCase" name="DeptNavigation" time="5.321"/>
  <system-out/>
  <testcase classname="SPDepartmentOfLabour.EducationalFinancialAssistanceTestCase" name="Seeinfoclick" time="5.037"/>
  <system-out/>
  <testcase classname="SPDepartmentOfLabour.EducationalFinancialAssistanceTestCase" name="VisitServiceclick" time="5.459"/>
  <system-out/>
  <testcase classname="SPDepartmentOfLabour.EducationalFinancialAssistanceTestCase" name="refreshpage" time="4.414"/>
  <system-out/>
  <testcase classname="SPDepartmentOfLabour.EducationalFinancialAssistanceTestCase" name="ServiceNavigationTestCase" time="4.307"/>
  <system-out/>
  <testcase classname="SPDepartmentOfLabour.EducationalFinancialAssistanceTestCase" name="ServicePlusPageTestCase" time="0.238"/>
  <system-out/>
  <testcase classname="SPDepartmentOfLabour.EducationalFinancialAssistanceTestCase" name="IMbacktodirectory" time="0.199"/>
  <system-out/>
</testsuite> <!-- SPDepartmentOfLabour.EducationalFinancialAssistanceTestCase -->
