<?xml version="1.0" encoding="UTF-8"?>
<!-- Generated by org.testng.reporters.JUnitReportReporter -->
<testsuite hostname="DESKTOP-CLFL9AL" failures="0" tests="5" name="SPDirectorateOfSchoolEducation.PhysicallyHandicappedTestCase" time="21.448" errors="0" timestamp="2023-05-02T07:30:03 IST" skipped="0">
  <testcase classname="SPDirectorateOfSchoolEducation.PhysicallyHandicappedTestCase" name="allservicesnavigation" time="10.499"/>
  <system-out/>
  <testcase classname="SPDirectorateOfSchoolEducation.PhysicallyHandicappedTestCase" name="PhysicallyHandicappednavigation" time="5.267"/>
  <system-out/>
  <testcase classname="SPDirectorateOfSchoolEducation.PhysicallyHandicappedTestCase" name="PhysicallyHandicapped1TestCases" time="4.209"/>
  <system-out/>
  <testcase classname="SPDirectorateOfSchoolEducation.PhysicallyHandicappedTestCase" name="PhysicallyHandicapped2TestCase" time="0.174"/>
  <system-out/>
  <testcase classname="SPDirectorateOfSchoolEducation.PhysicallyHandicappedTestCase" name="IMbacktodirectory" time="1.299"/>
  <system-out/>
</testsuite> <!-- SPDirectorateOfSchoolEducation.PhysicallyHandicappedTestCase -->
