<?xml version="1.0" encoding="UTF-8"?>
<!-- Generated by org.testng.reporters.JUnitReportReporter -->
<testsuite hostname="DESKTOP-CLFL9AL" failures="0" tests="9" name="GallantaryAwards.GallantaryAwardMemorialandMuseumTestCases" time="0.000" errors="0" timestamp="2022-12-18T16:48:56 IST" skipped="9">
  <testcase classname="GallantaryAwards.GallantaryAwardMemorialandMuseumTestCases" name="allservicesnavigation" time="0.000">
    <skipped/>
  </testcase> <!-- allservicesnavigation -->
  <system-out/>
  <testcase classname="GallantaryAwards.GallantaryAwardMemorialandMuseumTestCases" name="GAdepartmentnavigation" time="0.000">
    <skipped/>
  </testcase> <!-- GAdepartmentnavigation -->
  <system-out/>
  <testcase classname="GallantaryAwards.GallantaryAwardMemorialandMuseumTestCases" name="GAmuseumandmemorialservicenavigation" time="0.000">
    <skipped/>
  </testcase> <!-- GAmuseumandmemorialservicenavigation -->
  <system-out/>
  <testcase classname="GallantaryAwards.GallantaryAwardMemorialandMuseumTestCases" name="GAmuseumandmemorialmainimages" time="0.000">
    <skipped/>
  </testcase> <!-- GAmuseumandmemorialmainimages -->
  <system-out/>
  <testcase classname="GallantaryAwards.GallantaryAwardMemorialandMuseumTestCases" name="GAmuseumandmemorialsearch" time="0.000">
    <skipped/>
  </testcase> <!-- GAmuseumandmemorialsearch -->
  <system-out/>
  <testcase classname="GallantaryAwards.GallantaryAwardMemorialandMuseumTestCases" name="GAMuseumandMemorialviewdetailsdescription" time="0.000">
    <skipped/>
  </testcase> <!-- GAMuseumandMemorialviewdetailsdescription -->
  <system-out/>
  <testcase classname="GallantaryAwards.GallantaryAwardMemorialandMuseumTestCases" name="GAMuseumandMemorialViewinnerdetailsmaplink" time="0.000">
    <skipped/>
  </testcase> <!-- GAMuseumandMemorialViewinnerdetailsmaplink -->
  <system-out/>
  <testcase classname="GallantaryAwards.GallantaryAwardMemorialandMuseumTestCases" name="GAMuseumandMemorialViewmoreimages" time="0.000">
    <skipped/>
  </testcase> <!-- GAMuseumandMemorialViewmoreimages -->
  <system-out/>
  <testcase classname="GallantaryAwards.GallantaryAwardMemorialandMuseumTestCases" name="GAbacktodirectory" time="0.000">
    <skipped/>
  </testcase> <!-- GAbacktodirectory -->
  <system-out/>
</testsuite> <!-- GallantaryAwards.GallantaryAwardMemorialandMuseumTestCases -->
