<?xml version="1.0" encoding="UTF-8"?>
<!-- Generated by org.testng.reporters.JUnitReportReporter -->
<testsuite hostname="DESKTOP-CLFL9AL" failures="0" tests="8" name="SPDepartmenOfHome.IssuanceofNewArmsLicenseTestCase" time="28.420" errors="0" timestamp="2024-04-12T00:35:51 IST" skipped="0">
  <testcase classname="SPDepartmenOfHome.IssuanceofNewArmsLicenseTestCase" name="allservicesnavigation" time="6.611"/>
  <system-out/>
  <testcase classname="SPDepartmenOfHome.IssuanceofNewArmsLicenseTestCase" name="DeptNavigation" time="4.374"/>
  <system-out/>
  <testcase classname="SPDepartmenOfHome.IssuanceofNewArmsLicenseTestCase" name="Seeinfoclick" time="2.935"/>
  <system-out/>
  <testcase classname="SPDepartmenOfHome.IssuanceofNewArmsLicenseTestCase" name="VisitServiceclick" time="5.379"/>
  <system-out/>
  <testcase classname="SPDepartmenOfHome.IssuanceofNewArmsLicenseTestCase" name="refreshpage" time="4.389"/>
  <system-out/>
  <testcase classname="SPDepartmenOfHome.IssuanceofNewArmsLicenseTestCase" name="ServiceNavigationTestCase" time="4.283"/>
  <system-out/>
  <testcase classname="SPDepartmenOfHome.IssuanceofNewArmsLicenseTestCase" name="ServicePlusPageTestCase" time="0.282"/>
  <system-out/>
  <testcase classname="SPDepartmenOfHome.IssuanceofNewArmsLicenseTestCase" name="IMbacktodirectory" time="0.167"/>
  <system-out/>
</testsuite> <!-- SPDepartmenOfHome.IssuanceofNewArmsLicenseTestCase -->
