<?xml version="1.0" encoding="UTF-8"?>
<!-- Generated by org.testng.reporters.JUnitReportReporter -->
<testsuite hostname="DESKTOP-CLFL9AL" failures="0" tests="8" name="SPWelfareofSCsBCs.Duplicatetestcase" time="0.002" errors="0" timestamp="2024-04-01T15:58:13 IST" skipped="8">
  <testcase classname="SPWelfareofSCsBCs.Duplicatetestcase" name="allservicesnavigation" time="0.000">
    <skipped/>
  </testcase> <!-- allservicesnavigation -->
  <system-out/>
  <testcase classname="SPWelfareofSCsBCs.Duplicatetestcase" name="Deptnavigation" time="0.000">
    <skipped/>
  </testcase> <!-- Deptnavigation -->
  <system-out/>
  <testcase classname="SPWelfareofSCsBCs.Duplicatetestcase" name="LogocheckTestCases" time="0.000">
    <skipped/>
  </testcase> <!-- LogocheckTestCases -->
  <system-out/>
  <testcase classname="SPWelfareofSCsBCs.Duplicatetestcase" name="ServicecountTestCases" time="0.001">
    <skipped/>
  </testcase> <!-- ServicecountTestCases -->
  <system-out/>
  <testcase classname="SPWelfareofSCsBCs.Duplicatetestcase" name="duplicateTestCases" time="0.001">
    <skipped/>
  </testcase> <!-- duplicateTestCases -->
  <system-out/>
  <testcase classname="SPWelfareofSCsBCs.Duplicatetestcase" name="servicecountfromexcel" time="0.000">
    <skipped/>
  </testcase> <!-- servicecountfromexcel -->
  <system-out/>
  <testcase classname="SPWelfareofSCsBCs.Duplicatetestcase" name="InformationTestCases" time="0.000">
    <skipped/>
  </testcase> <!-- InformationTestCases -->
  <system-out/>
  <testcase classname="SPWelfareofSCsBCs.Duplicatetestcase" name="IMbacktodirectory" time="0.000">
    <skipped/>
  </testcase> <!-- IMbacktodirectory -->
  <system-out/>
</testsuite> <!-- SPWelfareofSCsBCs.Duplicatetestcase -->
