<?xml version="1.0" encoding="UTF-8"?>
<!-- Generated by org.testng.reporters.JUnitReportReporter -->
<testsuite hostname="DESKTOP-CLFL9AL" failures="0" tests="8" name="SPDepartmentOfLabour.DisabilityFinancialAssistanceTestCase" time="31.825" errors="0" timestamp="2024-04-12T00:35:51 IST" skipped="0">
  <testcase classname="SPDepartmentOfLabour.DisabilityFinancialAssistanceTestCase" name="allservicesnavigation" time="6.698"/>
  <system-out/>
  <testcase classname="SPDepartmentOfLabour.DisabilityFinancialAssistanceTestCase" name="DeptNavigation" time="5.355"/>
  <system-out/>
  <testcase classname="SPDepartmentOfLabour.DisabilityFinancialAssistanceTestCase" name="Seeinfoclick" time="5.188"/>
  <system-out/>
  <testcase classname="SPDepartmentOfLabour.DisabilityFinancialAssistanceTestCase" name="VisitServiceclick" time="5.356"/>
  <system-out/>
  <testcase classname="SPDepartmentOfLabour.DisabilityFinancialAssistanceTestCase" name="refreshpage" time="4.447"/>
  <system-out/>
  <testcase classname="SPDepartmentOfLabour.DisabilityFinancialAssistanceTestCase" name="ServiceNavigationTestCase" time="4.301"/>
  <system-out/>
  <testcase classname="SPDepartmentOfLabour.DisabilityFinancialAssistanceTestCase" name="ServicePlusPageTestCase" time="0.225"/>
  <system-out/>
  <testcase classname="SPDepartmentOfLabour.DisabilityFinancialAssistanceTestCase" name="IMbacktodirectory" time="0.255"/>
  <system-out/>
</testsuite> <!-- SPDepartmentOfLabour.DisabilityFinancialAssistanceTestCase -->
