<?xml version="1.0" encoding="UTF-8"?>
<!-- Generated by org.testng.reporters.JUnitReportReporter -->
<testsuite hostname="DESKTOP-CLFL9AL" failures="0" tests="8" name="SPDepofFinance.Duplicatetestcase" time="15.653" errors="0" timestamp="2024-04-12T00:35:51 IST" skipped="0">
  <testcase classname="SPDepofFinance.Duplicatetestcase" name="allservicesnavigation" time="6.610"/>
  <system-out/>
  <testcase classname="SPDepofFinance.Duplicatetestcase" name="Deptnavigation" time="5.482"/>
  <system-out/>
  <testcase classname="SPDepofFinance.Duplicatetestcase" name="LogocheckTestCases" time="0.046"/>
  <system-out/>
  <testcase classname="SPDepofFinance.Duplicatetestcase" name="ServicecountTestCases" time="0.043"/>
  <system-out/>
  <testcase classname="SPDepofFinance.Duplicatetestcase" name="duplicateTestCases" time="0.047"/>
  <system-out/>
  <testcase classname="SPDepofFinance.Duplicatetestcase" name="servicecountfromexcel" time="0.193"/>
  <system-out/>
  <testcase classname="SPDepofFinance.Duplicatetestcase" name="InformationTestCases" time="2.954"/>
  <system-out/>
  <testcase classname="SPDepofFinance.Duplicatetestcase" name="IMbacktodirectory" time="0.278"/>
  <system-out/>
</testsuite> <!-- SPDepofFinance.Duplicatetestcase -->
