<?xml version="1.0" encoding="UTF-8"?>
<!-- Generated by org.testng.reporters.JUnitReportReporter -->
<testsuite hostname="DESKTOP-CLFL9AL" failures="0" tests="6" name="NTA.NTAconfirmationdetailsessionNEETTestcases" time="0.000" errors="0" timestamp="2022-12-18T16:48:59 IST" skipped="6">
  <testcase classname="NTA.NTAconfirmationdetailsessionNEETTestcases" name="allservicesnavigation" time="0.000">
    <skipped/>
  </testcase> <!-- allservicesnavigation -->
  <system-out/>
  <testcase classname="NTA.NTAconfirmationdetailsessionNEETTestcases" name="NTAservicesnavigation" time="0.000">
    <skipped/>
  </testcase> <!-- NTAservicesnavigation -->
  <system-out/>
  <testcase classname="NTA.NTAconfirmationdetailsessionNEETTestcases" name="NTAneetconfirmationdetailsNEETServiceNavigation" time="0.000">
    <skipped/>
  </testcase> <!-- NTAneetconfirmationdetailsNEETServiceNavigation -->
  <system-out/>
  <testcase classname="NTA.NTAconfirmationdetailsessionNEETTestcases" name="NTAneetconfirmationdetails1visible" time="0.000">
    <skipped/>
  </testcase> <!-- NTAneetconfirmationdetails1visible -->
  <system-out/>
  <testcase classname="NTA.NTAconfirmationdetailsessionNEETTestcases" name="NTAconfirmationdetails1downloadneetdetails" time="0.000">
    <skipped/>
  </testcase> <!-- NTAconfirmationdetails1downloadneetdetails -->
  <system-out/>
  <testcase classname="NTA.NTAconfirmationdetailsessionNEETTestcases" name="NTAbacktodirectory" time="0.000">
    <skipped/>
  </testcase> <!-- NTAbacktodirectory -->
  <system-out/>
</testsuite> <!-- NTA.NTAconfirmationdetailsessionNEETTestcases -->
