<?xml version="1.0" encoding="UTF-8"?>
<!-- Generated by org.testng.reporters.JUnitReportReporter -->
<testsuite hostname="DESKTOP-CLFL9AL" failures="0" tests="5" name="InspireManak.InspireManakSchoolWiseAwardeeTestCases" time="0.000" errors="0" timestamp="2022-12-18T16:48:58 IST" skipped="5">
  <testcase classname="InspireManak.InspireManakSchoolWiseAwardeeTestCases" name="allservicesnavigation" time="0.000">
    <skipped/>
  </testcase> <!-- allservicesnavigation -->
  <system-out/>
  <testcase classname="InspireManak.InspireManakSchoolWiseAwardeeTestCases" name="InspireManakdepartmentnavigation" time="0.000">
    <skipped/>
  </testcase> <!-- InspireManakdepartmentnavigation -->
  <system-out/>
  <testcase classname="InspireManak.InspireManakSchoolWiseAwardeeTestCases" name="InspireManakSchoolwiseawardeefilter" time="0.000">
    <skipped/>
  </testcase> <!-- InspireManakSchoolwiseawardeefilter -->
  <system-out/>
  <testcase classname="InspireManak.InspireManakSchoolWiseAwardeeTestCases" name="InspireManakSchoolwiseawardeecheckdetails" time="0.000">
    <skipped/>
  </testcase> <!-- InspireManakSchoolwiseawardeecheckdetails -->
  <system-out/>
  <testcase classname="InspireManak.InspireManakSchoolWiseAwardeeTestCases" name="IMbacktodirectory" time="0.000">
    <skipped/>
  </testcase> <!-- IMbacktodirectory -->
  <system-out/>
</testsuite> <!-- InspireManak.InspireManakSchoolWiseAwardeeTestCases -->
