<?xml version="1.0" encoding="UTF-8"?>
<!-- Generated by org.testng.reporters.JUnitReportReporter -->
<testsuite hostname="DESKTOP-CLFL9AL" failures="0" tests="8" name="SPDepartmenOfHome.ExtensionofAreaValidityofArmsLicenseTestCase" time="29.837" errors="0" timestamp="2024-04-12T00:35:51 IST" skipped="0">
  <testcase classname="SPDepartmenOfHome.ExtensionofAreaValidityofArmsLicenseTestCase" name="allservicesnavigation" time="6.614"/>
  <system-out/>
  <testcase classname="SPDepartmenOfHome.ExtensionofAreaValidityofArmsLicenseTestCase" name="DeptNavigation" time="5.446"/>
  <system-out/>
  <testcase classname="SPDepartmenOfHome.ExtensionofAreaValidityofArmsLicenseTestCase" name="Seeinfoclick" time="3.050"/>
  <system-out/>
  <testcase classname="SPDepartmenOfHome.ExtensionofAreaValidityofArmsLicenseTestCase" name="VisitServiceclick" time="5.358"/>
  <system-out/>
  <testcase classname="SPDepartmenOfHome.ExtensionofAreaValidityofArmsLicenseTestCase" name="refreshpage" time="4.648"/>
  <system-out/>
  <testcase classname="SPDepartmenOfHome.ExtensionofAreaValidityofArmsLicenseTestCase" name="ServiceNavigationTestCase" time="4.305"/>
  <system-out/>
  <testcase classname="SPDepartmenOfHome.ExtensionofAreaValidityofArmsLicenseTestCase" name="ServicePlusPageTestCase" time="0.214"/>
  <system-out/>
  <testcase classname="SPDepartmenOfHome.ExtensionofAreaValidityofArmsLicenseTestCase" name="IMbacktodirectory" time="0.202"/>
  <system-out/>
</testsuite> <!-- SPDepartmenOfHome.ExtensionofAreaValidityofArmsLicenseTestCase -->
