<?xml version="1.0" encoding="UTF-8"?>
<!-- Generated by org.testng.reporters.JUnitReportReporter -->
<testsuite hostname="DESKTOP-CLFL9AL" failures="0" tests="5" name="DelhiPolice.DPTrafficComplaintTestCases" time="0.000" errors="0" timestamp="2022-12-18T16:48:58 IST" skipped="5">
  <testcase classname="DelhiPolice.DPTrafficComplaintTestCases" name="allservicesnavigation" time="0.000">
    <skipped/>
  </testcase> <!-- allservicesnavigation -->
  <system-out/>
  <testcase classname="DelhiPolice.DPTrafficComplaintTestCases" name="DelhiPolicedepartmentnavigation" time="0.000">
    <skipped/>
  </testcase> <!-- DelhiPolicedepartmentnavigation -->
  <system-out/>
  <testcase classname="DelhiPolice.DPTrafficComplaintTestCases" name="DPTrafficComplaintservicenavigation" time="0.000">
    <skipped/>
  </testcase> <!-- DPTrafficComplaintservicenavigation -->
  <system-out/>
  <testcase classname="DelhiPolice.DPTrafficComplaintTestCases" name="DPTrafficComplaintfilldata" time="0.000">
    <skipped/>
  </testcase> <!-- DPTrafficComplaintfilldata -->
  <system-out/>
  <testcase classname="DelhiPolice.DPTrafficComplaintTestCases" name="SSbacktodirectory" time="0.000">
    <skipped/>
  </testcase> <!-- SSbacktodirectory -->
  <system-out/>
</testsuite> <!-- DelhiPolice.DPTrafficComplaintTestCases -->
