<?xml version="1.0" encoding="UTF-8"?>
<!-- Generated by org.testng.reporters.JUnitReportReporter -->
<testsuite hostname="DESKTOP-CLFL9AL" failures="0" tests="5" name="AICTE.AICTEapplyforscholarshipTestcases" time="0.000" errors="0" timestamp="2022-12-18T16:48:59 IST" skipped="5">
  <testcase classname="AICTE.AICTEapplyforscholarshipTestcases" name="allservicesnavigation" time="0.000">
    <skipped/>
  </testcase> <!-- allservicesnavigation -->
  <system-out/>
  <testcase classname="AICTE.AICTEapplyforscholarshipTestcases" name="AICTEdepartmentnavigation" time="0.000">
    <skipped/>
  </testcase> <!-- AICTEdepartmentnavigation -->
  <system-out/>
  <testcase classname="AICTE.AICTEapplyforscholarshipTestcases" name="AICTEapplyscholarshipServiceNavigation" time="0.000">
    <skipped/>
  </testcase> <!-- AICTEapplyscholarshipServiceNavigation -->
  <system-out/>
  <testcase classname="AICTE.AICTEapplyforscholarshipTestcases" name="AICTEapplyforschorshipfilldetails" time="0.000">
    <skipped/>
  </testcase> <!-- AICTEapplyforschorshipfilldetails -->
  <system-out/>
  <testcase classname="AICTE.AICTEapplyforscholarshipTestcases" name="AICTEbacktodirectory" time="0.000">
    <skipped/>
  </testcase> <!-- AICTEbacktodirectory -->
  <system-out/>
</testsuite> <!-- AICTE.AICTEapplyforscholarshipTestcases -->
