<?xml version="1.0" encoding="UTF-8"?>
<!-- Generated by org.testng.reporters.JUnitReportReporter -->
<testsuite hostname="DESKTOP-CLFL9AL" failures="0" tests="8" name="SPDepOfSocialWelfare.PostNatalFinancialassistancebelongingtotheSCwomenTestCase" time="29.694" errors="0" timestamp="2024-04-12T00:35:51 IST" skipped="0">
  <testcase classname="SPDepOfSocialWelfare.PostNatalFinancialassistancebelongingtotheSCwomenTestCase" name="allservicesnavigation" time="6.757"/>
  <system-out/>
  <testcase classname="SPDepOfSocialWelfare.PostNatalFinancialassistancebelongingtotheSCwomenTestCase" name="DeptNavigation" time="5.350"/>
  <system-out/>
  <testcase classname="SPDepOfSocialWelfare.PostNatalFinancialassistancebelongingtotheSCwomenTestCase" name="Seeinfoclick" time="3.067"/>
  <system-out/>
  <testcase classname="SPDepOfSocialWelfare.PostNatalFinancialassistancebelongingtotheSCwomenTestCase" name="VisitServiceclick" time="5.409"/>
  <system-out/>
  <testcase classname="SPDepOfSocialWelfare.PostNatalFinancialassistancebelongingtotheSCwomenTestCase" name="refreshpage" time="4.405"/>
  <system-out/>
  <testcase classname="SPDepOfSocialWelfare.PostNatalFinancialassistancebelongingtotheSCwomenTestCase" name="ServiceNavigationTestCase" time="4.302"/>
  <system-out/>
  <testcase classname="SPDepOfSocialWelfare.PostNatalFinancialassistancebelongingtotheSCwomenTestCase" name="ServicePlusPageTestCase" time="0.244"/>
  <system-out/>
  <testcase classname="SPDepOfSocialWelfare.PostNatalFinancialassistancebelongingtotheSCwomenTestCase" name="IMbacktodirectory" time="0.160"/>
  <system-out/>
</testsuite> <!-- SPDepOfSocialWelfare.PostNatalFinancialassistancebelongingtotheSCwomenTestCase -->
