<?xml version="1.0" encoding="UTF-8"?>
<!-- Generated by org.testng.reporters.JUnitReportReporter -->
<testsuite hostname="DESKTOP-CLFL9AL" failures="0" tests="7" name="UMANG.Cowintest.SkillIndiaTrainingStatusTestCases" time="0.000" errors="0" timestamp="2022-12-18T16:48:58 IST" skipped="7">
  <testcase classname="UMANG.Cowintest.SkillIndiaTrainingStatusTestCases" name="allservicesnavigation" time="0.000">
    <skipped/>
  </testcase> <!-- allservicesnavigation -->
  <system-out/>
  <testcase classname="UMANG.Cowintest.SkillIndiaTrainingStatusTestCases" name="SIdepartmentnavigation" time="0.000">
    <skipped/>
  </testcase> <!-- SIdepartmentnavigation -->
  <system-out/>
  <testcase classname="UMANG.Cowintest.SkillIndiaTrainingStatusTestCases" name="SITrainingStatusServiceNavigation" time="0.000">
    <skipped/>
  </testcase> <!-- SITrainingStatusServiceNavigation -->
  <system-out/>
  <testcase classname="UMANG.Cowintest.SkillIndiaTrainingStatusTestCases" name="SITrainingStatusinvalidLogindetails" time="0.000">
    <skipped/>
  </testcase> <!-- SITrainingStatusinvalidLogindetails -->
  <system-out/>
  <testcase classname="UMANG.Cowintest.SkillIndiaTrainingStatusTestCases" name="SITrainingStatusvalidLogindetails" time="0.000">
    <skipped/>
  </testcase> <!-- SITrainingStatusvalidLogindetails -->
  <system-out/>
  <testcase classname="UMANG.Cowintest.SkillIndiaTrainingStatusTestCases" name="SITrainingStatuslogout" time="0.000">
    <skipped/>
  </testcase> <!-- SITrainingStatuslogout -->
  <system-out/>
  <testcase classname="UMANG.Cowintest.SkillIndiaTrainingStatusTestCases" name="SIbacktoservicedirectory" time="0.000">
    <skipped/>
  </testcase> <!-- SIbacktoservicedirectory -->
  <system-out/>
</testsuite> <!-- UMANG.Cowintest.SkillIndiaTrainingStatusTestCases -->
