<?xml version="1.0" encoding="UTF-8"?>
<!-- Generated by org.testng.reporters.JUnitReportReporter -->
<testsuite hostname="DESKTOP-CLFL9AL" failures="0" tests="8" name="SPDirectorateOfSchoolEducation.AttendanceScholarshiptoSCSTStudentsfrom1stto8thClassTestCase" time="30.272" errors="0" timestamp="2024-04-12T00:35:51 IST" skipped="0">
  <testcase classname="SPDirectorateOfSchoolEducation.AttendanceScholarshiptoSCSTStudentsfrom1stto8thClassTestCase" name="allservicesnavigation" time="6.736"/>
  <system-out/>
  <testcase classname="SPDirectorateOfSchoolEducation.AttendanceScholarshiptoSCSTStudentsfrom1stto8thClassTestCase" name="DeptNavigation" time="5.289"/>
  <system-out/>
  <testcase classname="SPDirectorateOfSchoolEducation.AttendanceScholarshiptoSCSTStudentsfrom1stto8thClassTestCase" name="Seeinfoclick" time="2.972"/>
  <system-out/>
  <testcase classname="SPDirectorateOfSchoolEducation.AttendanceScholarshiptoSCSTStudentsfrom1stto8thClassTestCase" name="VisitServiceclick" time="5.399"/>
  <system-out/>
  <testcase classname="SPDirectorateOfSchoolEducation.AttendanceScholarshiptoSCSTStudentsfrom1stto8thClassTestCase" name="refreshpage" time="4.948"/>
  <system-out/>
  <testcase classname="SPDirectorateOfSchoolEducation.AttendanceScholarshiptoSCSTStudentsfrom1stto8thClassTestCase" name="ServiceNavigationTestCase" time="4.382"/>
  <system-out/>
  <testcase classname="SPDirectorateOfSchoolEducation.AttendanceScholarshiptoSCSTStudentsfrom1stto8thClassTestCase" name="ServicePlusPageTestCase" time="0.314"/>
  <system-out/>
  <testcase classname="SPDirectorateOfSchoolEducation.AttendanceScholarshiptoSCSTStudentsfrom1stto8thClassTestCase" name="IMbacktodirectory" time="0.232"/>
  <system-out/>
</testsuite> <!-- SPDirectorateOfSchoolEducation.AttendanceScholarshiptoSCSTStudentsfrom1stto8thClassTestCase -->
