<?xml version="1.0" encoding="UTF-8"?>
<!-- Generated by org.testng.reporters.JUnitReportReporter -->
<testsuite hostname="DESKTOP-CLFL9AL" failures="0" tests="8" name="SPDepOfSocialWelfare.UnemploymentAllowancetophysicallyhandicappedpersonsTestCase" time="29.460" errors="0" timestamp="2024-04-12T00:35:51 IST" skipped="0">
  <testcase classname="SPDepOfSocialWelfare.UnemploymentAllowancetophysicallyhandicappedpersonsTestCase" name="allservicesnavigation" time="6.707"/>
  <system-out/>
  <testcase classname="SPDepOfSocialWelfare.UnemploymentAllowancetophysicallyhandicappedpersonsTestCase" name="DeptNavigation" time="5.329"/>
  <system-out/>
  <testcase classname="SPDepOfSocialWelfare.UnemploymentAllowancetophysicallyhandicappedpersonsTestCase" name="Seeinfoclick" time="2.946"/>
  <system-out/>
  <testcase classname="SPDepOfSocialWelfare.UnemploymentAllowancetophysicallyhandicappedpersonsTestCase" name="VisitServiceclick" time="5.372"/>
  <system-out/>
  <testcase classname="SPDepOfSocialWelfare.UnemploymentAllowancetophysicallyhandicappedpersonsTestCase" name="refreshpage" time="4.379"/>
  <system-out/>
  <testcase classname="SPDepOfSocialWelfare.UnemploymentAllowancetophysicallyhandicappedpersonsTestCase" name="ServiceNavigationTestCase" time="4.368"/>
  <system-out/>
  <testcase classname="SPDepOfSocialWelfare.UnemploymentAllowancetophysicallyhandicappedpersonsTestCase" name="ServicePlusPageTestCase" time="0.188"/>
  <system-out/>
  <testcase classname="SPDepOfSocialWelfare.UnemploymentAllowancetophysicallyhandicappedpersonsTestCase" name="IMbacktodirectory" time="0.171"/>
  <system-out/>
</testsuite> <!-- SPDepOfSocialWelfare.UnemploymentAllowancetophysicallyhandicappedpersonsTestCase -->
