<?xml version="1.0" encoding="UTF-8"?>
<!-- Generated by org.testng.reporters.JUnitReportReporter -->
<testsuite hostname="DESKTOP-CLFL9AL" failures="0" tests="5" name="SPDepartmentOfLabour.ConstructionWorkersTestCase" time="17.862" errors="0" timestamp="2023-05-02T08:58:03 IST" skipped="0">
  <testcase classname="SPDepartmentOfLabour.ConstructionWorkersTestCase" name="allservicesnavigation" time="8.853"/>
  <system-out/>
  <testcase classname="SPDepartmentOfLabour.ConstructionWorkersTestCase" name="ConstructionWorkersnavigation" time="3.214"/>
  <system-out/>
  <testcase classname="SPDepartmentOfLabour.ConstructionWorkersTestCase" name="ConstructionWorkers1TestCases" time="4.308"/>
  <system-out/>
  <testcase classname="SPDepartmentOfLabour.ConstructionWorkersTestCase" name="ConstructionWorkers2TestCase" time="0.208"/>
  <system-out/>
  <testcase classname="SPDepartmentOfLabour.ConstructionWorkersTestCase" name="IMbacktodirectory" time="1.279"/>
  <system-out/>
</testsuite> <!-- SPDepartmentOfLabour.ConstructionWorkersTestCase -->
