<?xml version="1.0" encoding="UTF-8"?>
<!-- Generated by org.testng.reporters.JUnitReportReporter -->
<testsuite hostname="DESKTOP-CLFL9AL" failures="0" tests="8" name="SPFoodSuppliesDepartmentHaryana.IssuanceofNewAbovePovertyLineAPLRationCardTestCases" time="29.917" errors="0" timestamp="2024-04-12T00:35:51 IST" skipped="0">
  <testcase classname="SPFoodSuppliesDepartmentHaryana.IssuanceofNewAbovePovertyLineAPLRationCardTestCases" name="allservicesnavigation" time="6.686"/>
  <system-out/>
  <testcase classname="SPFoodSuppliesDepartmentHaryana.IssuanceofNewAbovePovertyLineAPLRationCardTestCases" name="DeptNavigation" time="5.151"/>
  <system-out/>
  <testcase classname="SPFoodSuppliesDepartmentHaryana.IssuanceofNewAbovePovertyLineAPLRationCardTestCases" name="Seeinfoclick" time="3.108"/>
  <system-out/>
  <testcase classname="SPFoodSuppliesDepartmentHaryana.IssuanceofNewAbovePovertyLineAPLRationCardTestCases" name="VisitServiceclick" time="5.442"/>
  <system-out/>
  <testcase classname="SPFoodSuppliesDepartmentHaryana.IssuanceofNewAbovePovertyLineAPLRationCardTestCases" name="refreshpage" time="4.821"/>
  <system-out/>
  <testcase classname="SPFoodSuppliesDepartmentHaryana.IssuanceofNewAbovePovertyLineAPLRationCardTestCases" name="ServiceNavigationTestCase" time="4.324"/>
  <system-out/>
  <testcase classname="SPFoodSuppliesDepartmentHaryana.IssuanceofNewAbovePovertyLineAPLRationCardTestCases" name="ServicePlusPageTestCase" time="0.265"/>
  <system-out/>
  <testcase classname="SPFoodSuppliesDepartmentHaryana.IssuanceofNewAbovePovertyLineAPLRationCardTestCases" name="IMbacktodirectory" time="0.120"/>
  <system-out/>
</testsuite> <!-- SPFoodSuppliesDepartmentHaryana.IssuanceofNewAbovePovertyLineAPLRationCardTestCases -->
