<?xml version="1.0" encoding="UTF-8"?>
<!-- Generated by org.testng.reporters.JUnitReportReporter -->
<testsuite hostname="DESKTOP-CLFL9AL" failures="0" tests="8" name="SPDirectorateofFisheries.SubsidyforconstructionspurchaseofNewMechanizedMotorizedFishingBoatTestCase" time="29.748" errors="0" timestamp="2024-04-12T00:35:51 IST" skipped="0">
  <testcase classname="SPDirectorateofFisheries.SubsidyforconstructionspurchaseofNewMechanizedMotorizedFishingBoatTestCase" name="allservicesnavigation" time="6.774"/>
  <system-out/>
  <testcase classname="SPDirectorateofFisheries.SubsidyforconstructionspurchaseofNewMechanizedMotorizedFishingBoatTestCase" name="DeptNavigation" time="5.393"/>
  <system-out/>
  <testcase classname="SPDirectorateofFisheries.SubsidyforconstructionspurchaseofNewMechanizedMotorizedFishingBoatTestCase" name="Seeinfoclick" time="2.972"/>
  <system-out/>
  <testcase classname="SPDirectorateofFisheries.SubsidyforconstructionspurchaseofNewMechanizedMotorizedFishingBoatTestCase" name="VisitServiceclick" time="5.390"/>
  <system-out/>
  <testcase classname="SPDirectorateofFisheries.SubsidyforconstructionspurchaseofNewMechanizedMotorizedFishingBoatTestCase" name="refreshpage" time="4.463"/>
  <system-out/>
  <testcase classname="SPDirectorateofFisheries.SubsidyforconstructionspurchaseofNewMechanizedMotorizedFishingBoatTestCase" name="ServiceNavigationTestCase" time="4.298"/>
  <system-out/>
  <testcase classname="SPDirectorateofFisheries.SubsidyforconstructionspurchaseofNewMechanizedMotorizedFishingBoatTestCase" name="ServicePlusPageTestCase" time="0.259"/>
  <system-out/>
  <testcase classname="SPDirectorateofFisheries.SubsidyforconstructionspurchaseofNewMechanizedMotorizedFishingBoatTestCase" name="IMbacktodirectory" time="0.199"/>
  <system-out/>
</testsuite> <!-- SPDirectorateofFisheries.SubsidyforconstructionspurchaseofNewMechanizedMotorizedFishingBoatTestCase -->
