<?xml version="1.0" encoding="UTF-8"?>
<!-- Generated by org.testng.reporters.JUnitReportReporter -->
<testsuite hostname="DESKTOP-CLFL9AL" failures="0" tests="5" name="SPDeptOfScientificAndIndustrial.TechnologyDevelopmentTestCase" time="20.302" errors="0" timestamp="2023-05-02T07:30:03 IST" skipped="0">
  <testcase classname="SPDeptOfScientificAndIndustrial.TechnologyDevelopmentTestCase" name="allservicesnavigation" time="9.360"/>
  <system-out/>
  <testcase classname="SPDeptOfScientificAndIndustrial.TechnologyDevelopmentTestCase" name="TechnologyDevelopmentnavigation" time="5.297"/>
  <system-out/>
  <testcase classname="SPDeptOfScientificAndIndustrial.TechnologyDevelopmentTestCase" name="TechnologyDevelopment1TestCases" time="4.217"/>
  <system-out/>
  <testcase classname="SPDeptOfScientificAndIndustrial.TechnologyDevelopmentTestCase" name="TechnologyDevelopment2TestCase" time="0.208"/>
  <system-out/>
  <testcase classname="SPDeptOfScientificAndIndustrial.TechnologyDevelopmentTestCase" name="IMbacktodirectory" time="1.220"/>
  <system-out/>
</testsuite> <!-- SPDeptOfScientificAndIndustrial.TechnologyDevelopmentTestCase -->
