<?xml version="1.0" encoding="UTF-8"?>
<!-- Generated by org.testng.reporters.JUnitReportReporter -->
<testsuite hostname="DESKTOP-CLFL9AL" failures="0" tests="7" name="eGopala.eGopalaMyPashuAadharTestCases" time="0.000" errors="0" timestamp="2022-12-18T16:49:00 IST" skipped="7">
  <testcase classname="eGopala.eGopalaMyPashuAadharTestCases" name="allservicesnavigation" time="0.000">
    <skipped/>
  </testcase> <!-- allservicesnavigation -->
  <system-out/>
  <testcase classname="eGopala.eGopalaMyPashuAadharTestCases" name="eGopaladepartmentnavigation" time="0.000">
    <skipped/>
  </testcase> <!-- eGopaladepartmentnavigation -->
  <system-out/>
  <testcase classname="eGopala.eGopalaMyPashuAadharTestCases" name="eGopalamypashuadharservicenavigation" time="0.000">
    <skipped/>
  </testcase> <!-- eGopalamypashuadharservicenavigation -->
  <system-out/>
  <testcase classname="eGopala.eGopalaMyPashuAadharTestCases" name="eGopalamypashuaadharcheck" time="0.000">
    <skipped/>
  </testcase> <!-- eGopalamypashuaadharcheck -->
  <system-out/>
  <testcase classname="eGopala.eGopalaMyPashuAadharTestCases" name="eGopalamypashuaadhartagidcheck" time="0.000">
    <skipped/>
  </testcase> <!-- eGopalamypashuaadhartagidcheck -->
  <system-out/>
  <testcase classname="eGopala.eGopalaMyPashuAadharTestCases" name="eGopalamypashuaadharviewdetails" time="0.000">
    <skipped/>
  </testcase> <!-- eGopalamypashuaadharviewdetails -->
  <system-out/>
  <testcase classname="eGopala.eGopalaMyPashuAadharTestCases" name="eGopalabacktodirectory" time="0.000">
    <skipped/>
  </testcase> <!-- eGopalabacktodirectory -->
  <system-out/>
</testsuite> <!-- eGopala.eGopalaMyPashuAadharTestCases -->
