<?xml version="1.0" encoding="UTF-8"?>
<!-- Generated by org.testng.reporters.JUnitReportReporter -->
<testsuite hostname="DESKTOP-CLFL9AL" failures="0" tests="6" name="DeptofMinorityWelfare.UKMAUploadDocumentsTestCases" time="0.000" errors="0" timestamp="2022-12-18T16:48:58 IST" skipped="6">
  <testcase classname="DeptofMinorityWelfare.UKMAUploadDocumentsTestCases" name="allservicesnavigation" time="0.000">
    <skipped/>
  </testcase> <!-- allservicesnavigation -->
  <system-out/>
  <testcase classname="DeptofMinorityWelfare.UKMAUploadDocumentsTestCases" name="UKMinorityAffairdepartmentnavigation" time="0.000">
    <skipped/>
  </testcase> <!-- UKMinorityAffairdepartmentnavigation -->
  <system-out/>
  <testcase classname="DeptofMinorityWelfare.UKMAUploadDocumentsTestCases" name="UKMinorityaffairuploadservicenavigation" time="0.000">
    <skipped/>
  </testcase> <!-- UKMinorityaffairuploadservicenavigation -->
  <system-out/>
  <testcase classname="DeptofMinorityWelfare.UKMAUploadDocumentsTestCases" name="UKMinorityaffairuploadpagecome" time="0.000">
    <skipped/>
  </testcase> <!-- UKMinorityaffairuploadpagecome -->
  <system-out/>
  <testcase classname="DeptofMinorityWelfare.UKMAUploadDocumentsTestCases" name="UKMinorityaffairuploadfile" time="0.000">
    <skipped/>
  </testcase> <!-- UKMinorityaffairuploadfile -->
  <system-out/>
  <testcase classname="DeptofMinorityWelfare.UKMAUploadDocumentsTestCases" name="UKMinorityaffairDbacktodirectory" time="0.000">
    <skipped/>
  </testcase> <!-- UKMinorityaffairDbacktodirectory -->
  <system-out/>
</testsuite> <!-- DeptofMinorityWelfare.UKMAUploadDocumentsTestCases -->
