<?xml version="1.0" encoding="UTF-8"?>
<!-- Generated by org.testng.reporters.JUnitReportReporter -->
<testsuite hostname="DESKTOP-CLFL9AL" failures="0" tests="6" name="NTA.NTACSIRUGCTestCases" time="0.000" errors="0" timestamp="2022-12-18T16:48:58 IST" skipped="6">
  <testcase classname="NTA.NTACSIRUGCTestCases" name="allservicesnavigation" time="0.000">
    <skipped/>
  </testcase> <!-- allservicesnavigation -->
  <system-out/>
  <testcase classname="NTA.NTACSIRUGCTestCases" name="NTAdeptnavigation" time="0.000">
    <skipped/>
  </testcase> <!-- NTAdeptnavigation -->
  <system-out/>
  <testcase classname="NTA.NTACSIRUGCTestCases" name="NTACISRUGCConfirmationdetailsServiceNavigation" time="0.000">
    <skipped/>
  </testcase> <!-- NTACISRUGCConfirmationdetailsServiceNavigation -->
  <system-out/>
  <testcase classname="NTA.NTACSIRUGCTestCases" name="NTACISRUGCConfirmationdetailssvisible" time="0.000">
    <skipped/>
  </testcase> <!-- NTACISRUGCConfirmationdetailssvisible -->
  <system-out/>
  <testcase classname="NTA.NTACSIRUGCTestCases" name="NTACISRUGCConfirmationdetailsdownloaddetails" time="0.000">
    <skipped/>
  </testcase> <!-- NTACISRUGCConfirmationdetailsdownloaddetails -->
  <system-out/>
  <testcase classname="NTA.NTACSIRUGCTestCases" name="NTAbacktodirectory" time="0.000">
    <skipped/>
  </testcase> <!-- NTAbacktodirectory -->
  <system-out/>
</testsuite> <!-- NTA.NTACSIRUGCTestCases -->
