<?xml version="1.0" encoding="UTF-8"?>
<!-- Generated by org.testng.reporters.JUnitReportReporter -->
<testsuite hostname="DESKTOP-CLFL9AL" failures="0" tests="5" name="ORS.ORSBloodAvailabilityTestCases" time="0.000" errors="0" timestamp="2022-12-18T16:48:58 IST" skipped="5">
  <testcase classname="ORS.ORSBloodAvailabilityTestCases" name="allservicesnavigation" time="0.000">
    <skipped/>
  </testcase> <!-- allservicesnavigation -->
  <system-out/>
  <testcase classname="ORS.ORSBloodAvailabilityTestCases" name="ORSdepartmentnavigation" time="0.000">
    <skipped/>
  </testcase> <!-- ORSdepartmentnavigation -->
  <system-out/>
  <testcase classname="ORS.ORSBloodAvailabilityTestCases" name="ORSbloodavailibiltyservicenavigation" time="0.000">
    <skipped/>
  </testcase> <!-- ORSbloodavailibiltyservicenavigation -->
  <system-out/>
  <testcase classname="ORS.ORSBloodAvailabilityTestCases" name="ORSbloodavailibiltysearch" time="0.000">
    <skipped/>
  </testcase> <!-- ORSbloodavailibiltysearch -->
  <system-out/>
  <testcase classname="ORS.ORSBloodAvailabilityTestCases" name="ORSbacktodirectory" time="0.000">
    <skipped/>
  </testcase> <!-- ORSbacktodirectory -->
  <system-out/>
</testsuite> <!-- ORS.ORSBloodAvailabilityTestCases -->
