<?xml version="1.0" encoding="UTF-8"?>
<!-- Generated by org.testng.reporters.JUnitReportReporter -->
<testsuite hostname="DESKTOP-CLFL9AL" failures="0" tests="5" name="SPDepOfPersonnelAdministrativeReforms.EBCITestCases" time="22.113" errors="0" timestamp="2023-05-02T08:58:03 IST" skipped="0">
  <testcase classname="SPDepOfPersonnelAdministrativeReforms.EBCITestCases" name="allservicesnavigation" time="8.825"/>
  <system-out/>
  <testcase classname="SPDepOfPersonnelAdministrativeReforms.EBCITestCases" name="EBCInavigation" time="5.214"/>
  <system-out/>
  <testcase classname="SPDepOfPersonnelAdministrativeReforms.EBCITestCases" name="EBCI1TestCases" time="4.264"/>
  <system-out/>
  <testcase classname="SPDepOfPersonnelAdministrativeReforms.EBCITestCases" name="EBCI2TestCase" time="0.198"/>
  <system-out/>
  <testcase classname="SPDepOfPersonnelAdministrativeReforms.EBCITestCases" name="IMbacktodirectory" time="3.612"/>
  <system-out/>
</testsuite> <!-- SPDepOfPersonnelAdministrativeReforms.EBCITestCases -->
