<?xml version="1.0" encoding="UTF-8"?>
<!-- Generated by org.testng.reporters.JUnitReportReporter -->
<testsuite hostname="DESKTOP-CLFL9AL" failures="0" tests="7" name="SPDepOfSocialWelfare.Duplicatetestcase" time="15.513" errors="0" timestamp="2024-04-12T00:35:51 IST" skipped="0">
  <testcase classname="SPDepOfSocialWelfare.Duplicatetestcase" name="allservicesnavigation" time="6.574"/>
  <system-out/>
  <testcase classname="SPDepOfSocialWelfare.Duplicatetestcase" name="Deptnavigation" time="5.214"/>
  <system-out/>
  <testcase classname="SPDepOfSocialWelfare.Duplicatetestcase" name="ServicecountTestCases" time="0.151"/>
  <system-out/>
  <testcase classname="SPDepOfSocialWelfare.Duplicatetestcase" name="duplicateTestCases" time="0.146"/>
  <system-out/>
  <testcase classname="SPDepOfSocialWelfare.Duplicatetestcase" name="servicecountfromexcel" time="0.241"/>
  <system-out/>
  <testcase classname="SPDepOfSocialWelfare.Duplicatetestcase" name="InformationTestCases" time="3.030"/>
  <system-out/>
  <testcase classname="SPDepOfSocialWelfare.Duplicatetestcase" name="IMbacktodirectory" time="0.157"/>
  <system-out/>
</testsuite> <!-- SPDepOfSocialWelfare.Duplicatetestcase -->
