<?xml version="1.0" encoding="UTF-8"?>
<!-- Generated by org.testng.reporters.JUnitReportReporter -->
<testsuite hostname="DESKTOP-CLFL9AL" failures="0" tests="5" name="SPRevenueDep.RenewalTestCases" time="19.492" errors="0" timestamp="2023-05-02T08:58:03 IST" skipped="0">
  <testcase classname="SPRevenueDep.RenewalTestCases" name="allservicesnavigation" time="8.861"/>
  <system-out/>
  <testcase classname="SPRevenueDep.RenewalTestCases" name="Renewalnavigation" time="5.067"/>
  <system-out/>
  <testcase classname="SPRevenueDep.RenewalTestCases" name="Renewal1TestCases" time="4.219"/>
  <system-out/>
  <testcase classname="SPRevenueDep.RenewalTestCases" name="Central2TestCase" time="0.168"/>
  <system-out/>
  <testcase classname="SPRevenueDep.RenewalTestCases" name="IMbacktodirectory" time="1.177"/>
  <system-out/>
</testsuite> <!-- SPRevenueDep.RenewalTestCases -->
