<?xml version="1.0" encoding="UTF-8"?>
<!-- Generated by org.testng.reporters.JUnitReportReporter -->
<testsuite hostname="DESKTOP-CLFL9AL" failures="0" tests="8" name="SPDepOfSocialWelfare.PetrolsubsidytophysicallyhandicappedpersonTestCase" time="28.772" errors="0" timestamp="2024-04-12T00:35:51 IST" skipped="0">
  <testcase classname="SPDepOfSocialWelfare.PetrolsubsidytophysicallyhandicappedpersonTestCase" name="allservicesnavigation" time="6.712"/>
  <system-out/>
  <testcase classname="SPDepOfSocialWelfare.PetrolsubsidytophysicallyhandicappedpersonTestCase" name="DeptNavigation" time="4.547"/>
  <system-out/>
  <testcase classname="SPDepOfSocialWelfare.PetrolsubsidytophysicallyhandicappedpersonTestCase" name="Seeinfoclick" time="2.980"/>
  <system-out/>
  <testcase classname="SPDepOfSocialWelfare.PetrolsubsidytophysicallyhandicappedpersonTestCase" name="VisitServiceclick" time="5.462"/>
  <system-out/>
  <testcase classname="SPDepOfSocialWelfare.PetrolsubsidytophysicallyhandicappedpersonTestCase" name="refreshpage" time="4.347"/>
  <system-out/>
  <testcase classname="SPDepOfSocialWelfare.PetrolsubsidytophysicallyhandicappedpersonTestCase" name="ServiceNavigationTestCase" time="4.309"/>
  <system-out/>
  <testcase classname="SPDepOfSocialWelfare.PetrolsubsidytophysicallyhandicappedpersonTestCase" name="ServicePlusPageTestCase" time="0.239"/>
  <system-out/>
  <testcase classname="SPDepOfSocialWelfare.PetrolsubsidytophysicallyhandicappedpersonTestCase" name="IMbacktodirectory" time="0.176"/>
  <system-out/>
</testsuite> <!-- SPDepOfSocialWelfare.PetrolsubsidytophysicallyhandicappedpersonTestCase -->
