<?xml version="1.0" encoding="UTF-8"?>
<!-- Generated by org.testng.reporters.JUnitReportReporter -->
<testsuite hostname="DESKTOP-CLFL9AL" failures="0" tests="10" name="UMANG.Cowintest.PMAYGCitizenDetailsTestcases" time="0.000" errors="0" timestamp="2022-12-18T16:48:59 IST" skipped="10">
  <testcase classname="UMANG.Cowintest.PMAYGCitizenDetailsTestcases" name="allservicesnavigation" time="0.000">
    <skipped/>
  </testcase> <!-- allservicesnavigation -->
  <system-out/>
  <testcase classname="UMANG.Cowintest.PMAYGCitizenDetailsTestcases" name="PMAYGdepartmentnavigation" time="0.000">
    <skipped/>
  </testcase> <!-- PMAYGdepartmentnavigation -->
  <system-out/>
  <testcase classname="UMANG.Cowintest.PMAYGCitizenDetailsTestcases" name="PMaygcitizendetails" time="0.000">
    <skipped/>
  </testcase> <!-- PMaygcitizendetails -->
  <system-out/>
  <testcase classname="UMANG.Cowintest.PMAYGCitizenDetailsTestcases" name="PMaygcitizendetailssearch" time="0.000">
    <skipped/>
  </testcase> <!-- PMaygcitizendetailssearch -->
  <system-out/>
  <testcase classname="UMANG.Cowintest.PMAYGCitizenDetailsTestcases" name="PMaygcitizenconvergencedetailssearch" time="0.000">
    <skipped/>
  </testcase> <!-- PMaygcitizenconvergencedetailssearch -->
  <system-out/>
  <testcase classname="UMANG.Cowintest.PMAYGCitizenDetailsTestcases" name="PMAYGSanctionandcompletiondetails" time="0.000">
    <skipped/>
  </testcase> <!-- PMAYGSanctionandcompletiondetails -->
  <system-out/>
  <testcase classname="UMANG.Cowintest.PMAYGCitizenDetailsTestcases" name="PMAYGordersheetdetails" time="0.000">
    <skipped/>
  </testcase> <!-- PMAYGordersheetdetails -->
  <system-out/>
  <testcase classname="UMANG.Cowintest.PMAYGCitizenDetailsTestcases" name="PMAYGphysicalprocess" time="0.000">
    <skipped/>
  </testcase> <!-- PMAYGphysicalprocess -->
  <system-out/>
  <testcase classname="UMANG.Cowintest.PMAYGCitizenDetailsTestcases" name="PMAYGphysicalprocessmap" time="0.000">
    <skipped/>
  </testcase> <!-- PMAYGphysicalprocessmap -->
  <system-out/>
  <testcase classname="UMANG.Cowintest.PMAYGCitizenDetailsTestcases" name="PMAYGbacktoservicedirectory" time="0.000">
    <skipped/>
  </testcase> <!-- PMAYGbacktoservicedirectory -->
  <system-out/>
</testsuite> <!-- UMANG.Cowintest.PMAYGCitizenDetailsTestcases -->
