<?xml version="1.0" encoding="UTF-8"?>
<!-- Generated by org.testng.reporters.JUnitReportReporter -->
<testsuite hostname="IN3241737W1" failures="0" tests="9" name="UMANG.Cowintest.Registerpage2" time="0.000" errors="0" timestamp="2022-08-17T11:27:03 IST" skipped="9">
  <testcase classname="UMANG.Cowintest.Registerpage2" name="ServiceDirectoryDeptnavigation" time="0.000">
    <skipped/>
  </testcase> <!-- ServiceDirectoryDeptnavigation -->
  <system-out/>
  <testcase classname="UMANG.Cowintest.Registerpage2" name="departmentnavigation" time="0.000">
    <skipped/>
  </testcase> <!-- departmentnavigation -->
  <system-out/>
  <testcase classname="UMANG.Cowintest.Registerpage2" name="Registerpage" time="0.000">
    <skipped/>
  </testcase> <!-- Registerpage -->
  <system-out/>
  <testcase classname="UMANG.Cowintest.Registerpage2" name="newpagetoaddbeneficiary" time="0.000">
    <skipped/>
  </testcase> <!-- newpagetoaddbeneficiary -->
  <system-out/>
  <testcase classname="UMANG.Cowintest.Registerpage2" name="addbeneficairy" time="0.000">
    <skipped/>
  </testcase> <!-- addbeneficairy -->
  <system-out/>
  <testcase classname="UMANG.Cowintest.Registerpage2" name="checkoptionviewcenter" time="0.000">
    <skipped/>
  </testcase> <!-- checkoptionviewcenter -->
  <system-out/>
  <testcase classname="UMANG.Cowintest.Registerpage2" name="nearestvaccinationcentrebypin">
    <skipped/>
  </testcase> <!-- nearestvaccinationcentrebypin -->
  <system-out/>
  <testcase classname="UMANG.Cowintest.Registerpage2" name="Selelctslot">
    <skipped/>
  </testcase> <!-- Selelctslot -->
  <system-out/>
  <testcase classname="UMANG.Cowintest.Registerpage2" name="schedule">
    <skipped/>
  </testcase> <!-- schedule -->
  <system-out/>
</testsuite> <!-- UMANG.Cowintest.Registerpage2 -->
