<?xml version="1.0" encoding="UTF-8"?>
<!-- Generated by org.testng.reporters.JUnitReportReporter -->
<testsuite hostname="DESKTOP-CLFL9AL" failures="0" tests="5" name="SPDepartmentOfRevenue.ApplicationforIssuanceofCertificateofBelongingtoSociallyAndEducationallyBackwardClassbyTehsildarTestCases" time="13.784" errors="0" timestamp="2023-10-15T22:29:13 IST" skipped="0">
  <testcase classname="SPDepartmentOfRevenue.ApplicationforIssuanceofCertificateofBelongingtoSociallyAndEducationallyBackwardClassbyTehsildarTestCases" name="allservicesnavigation" time="4.284"/>
  <system-out/>
  <testcase classname="SPDepartmentOfRevenue.ApplicationforIssuanceofCertificateofBelongingtoSociallyAndEducationallyBackwardClassbyTehsildarTestCases" name="DeptNavigation" time="3.241"/>
  <system-out/>
  <testcase classname="SPDepartmentOfRevenue.ApplicationforIssuanceofCertificateofBelongingtoSociallyAndEducationallyBackwardClassbyTehsildarTestCases" name="ServiceNavigationTestCase" time="4.272"/>
  <system-out/>
  <testcase classname="SPDepartmentOfRevenue.ApplicationforIssuanceofCertificateofBelongingtoSociallyAndEducationallyBackwardClassbyTehsildarTestCases" name="ServicePlusPageTestCase" time="0.200"/>
  <system-out/>
  <testcase classname="SPDepartmentOfRevenue.ApplicationforIssuanceofCertificateofBelongingtoSociallyAndEducationallyBackwardClassbyTehsildarTestCases" name="IMbacktodirectory" time="1.787"/>
  <system-out/>
</testsuite> <!-- SPDepartmentOfRevenue.ApplicationforIssuanceofCertificateofBelongingtoSociallyAndEducationallyBackwardClassbyTehsildarTestCases -->
