<?xml version="1.0" encoding="UTF-8"?>
<!-- Generated by org.testng.reporters.JUnitReportReporter -->
<testsuite hostname="DESKTOP-CLFL9AL" failures="0" tests="5" name="ArundatiGoldScheme.ArundatiGSRefixdateforverificationTestcases" time="0.000" errors="0" timestamp="2022-12-18T16:48:59 IST" skipped="5">
  <testcase classname="ArundatiGoldScheme.ArundatiGSRefixdateforverificationTestcases" name="allservicesnavigation" time="0.000">
    <skipped/>
  </testcase> <!-- allservicesnavigation -->
  <system-out/>
  <testcase classname="ArundatiGoldScheme.ArundatiGSRefixdateforverificationTestcases" name="Arundhatigoldschemedepartmentnavigation" time="0.000">
    <skipped/>
  </testcase> <!-- Arundhatigoldschemedepartmentnavigation -->
  <system-out/>
  <testcase classname="ArundatiGoldScheme.ArundatiGSRefixdateforverificationTestcases" name="Arundhatigoldschemerefixdateservcienavigation" time="0.000">
    <skipped/>
  </testcase> <!-- Arundhatigoldschemerefixdateservcienavigation -->
  <system-out/>
  <testcase classname="ArundatiGoldScheme.ArundatiGSRefixdateforverificationTestcases" name="Arundhatirefixdatechangedateoption" time="0.000">
    <skipped/>
  </testcase> <!-- Arundhatirefixdatechangedateoption -->
  <system-out/>
  <testcase classname="ArundatiGoldScheme.ArundatiGSRefixdateforverificationTestcases" name="ArundhatiGSbacktoservicedirectory" time="0.000">
    <skipped/>
  </testcase> <!-- ArundhatiGSbacktoservicedirectory -->
  <system-out/>
</testsuite> <!-- ArundatiGoldScheme.ArundatiGSRefixdateforverificationTestcases -->
