<?xml version="1.0" encoding="UTF-8"?>
<!-- Generated by org.testng.reporters.JUnitReportReporter -->
<testsuite hostname="IN3241737W1" failures="0" tests="3" name="UMANG.Cowintest.JASQualityAssurance" time="10.334" errors="0" timestamp="2022-06-29T17:01:20 IST" skipped="0">
  <testcase classname="UMANG.Cowintest.JASQualityAssurance" name="ServiceDirectoryDeptnavigation" time="7.321"/>
  <system-out/>
  <testcase classname="UMANG.Cowintest.JASQualityAssurance" name="JASdepartmentnavigation" time="0.679"/>
  <system-out/>
  <testcase classname="UMANG.Cowintest.JASQualityAssurance" name="JASServiceNavigation" time="2.334"/>
  <system-out/>
</testsuite> <!-- UMANG.Cowintest.JASQualityAssurance -->
