<?xml version="1.0" encoding="UTF-8"?>
<!-- Generated by org.testng.reporters.JUnitReportReporter -->
<testsuite hostname="DESKTOP-CLFL9AL" failures="0" tests="8" name="SPDepOfEmpowerment.Duplicatetestcase" time="15.877" errors="0" timestamp="2024-04-12T00:35:51 IST" skipped="0">
  <testcase classname="SPDepOfEmpowerment.Duplicatetestcase" name="allservicesnavigation" time="6.662"/>
  <system-out/>
  <testcase classname="SPDepOfEmpowerment.Duplicatetestcase" name="Deptnavigation" time="5.648"/>
  <system-out/>
  <testcase classname="SPDepOfEmpowerment.Duplicatetestcase" name="LogocheckTestCases" time="0.050"/>
  <system-out/>
  <testcase classname="SPDepOfEmpowerment.Duplicatetestcase" name="ServicecountTestCases" time="0.068"/>
  <system-out/>
  <testcase classname="SPDepOfEmpowerment.Duplicatetestcase" name="duplicateTestCases" time="0.049"/>
  <system-out/>
  <testcase classname="SPDepOfEmpowerment.Duplicatetestcase" name="servicecountfromexcel" time="0.210"/>
  <system-out/>
  <testcase classname="SPDepOfEmpowerment.Duplicatetestcase" name="InformationTestCases" time="3.022"/>
  <system-out/>
  <testcase classname="SPDepOfEmpowerment.Duplicatetestcase" name="IMbacktodirectory" time="0.168"/>
  <system-out/>
</testsuite> <!-- SPDepOfEmpowerment.Duplicatetestcase -->
