<?xml version="1.0" encoding="UTF-8"?>
<!-- Generated by org.testng.reporters.JUnitReportReporter -->
<testsuite hostname="DESKTOP-CLFL9AL" failures="0" tests="5" name="SPDirectorateofFisheries.FinancialAssistanceTestCase" time="17.829" errors="0" timestamp="2023-05-02T07:30:02 IST" skipped="0">
  <testcase classname="SPDirectorateofFisheries.FinancialAssistanceTestCase" name="allservicesnavigation" time="9.104"/>
  <system-out/>
  <testcase classname="SPDirectorateofFisheries.FinancialAssistanceTestCase" name="FinancialAssistancenavigation" time="3.148"/>
  <system-out/>
  <testcase classname="SPDirectorateofFisheries.FinancialAssistanceTestCase" name="FinancialAssistance1TestCases" time="4.208"/>
  <system-out/>
  <testcase classname="SPDirectorateofFisheries.FinancialAssistanceTestCase" name="FinancialAssistance2TestCase" time="0.164"/>
  <system-out/>
  <testcase classname="SPDirectorateofFisheries.FinancialAssistanceTestCase" name="IMbacktodirectory" time="1.205"/>
  <system-out/>
</testsuite> <!-- SPDirectorateofFisheries.FinancialAssistanceTestCase -->
