<?xml version="1.0" encoding="UTF-8"?>
<!-- Generated by org.testng.reporters.JUnitReportReporter -->
<testsuite hostname="DESKTOP-CLFL9AL" failures="0" tests="8" name="SPFisheriesDepartment.Duplicatetestcase" time="15.877" errors="0" timestamp="2024-04-12T00:35:51 IST" skipped="0">
  <testcase classname="SPFisheriesDepartment.Duplicatetestcase" name="allservicesnavigation" time="6.699"/>
  <system-out/>
  <testcase classname="SPFisheriesDepartment.Duplicatetestcase" name="Deptnavigation" time="5.190"/>
  <system-out/>
  <testcase classname="SPFisheriesDepartment.Duplicatetestcase" name="LogocheckTestCases" time="0.141"/>
  <system-out/>
  <testcase classname="SPFisheriesDepartment.Duplicatetestcase" name="ServicecountTestCases" time="0.191"/>
  <system-out/>
  <testcase classname="SPFisheriesDepartment.Duplicatetestcase" name="duplicateTestCases" time="0.124"/>
  <system-out/>
  <testcase classname="SPFisheriesDepartment.Duplicatetestcase" name="servicecountfromexcel" time="0.176"/>
  <system-out/>
  <testcase classname="SPFisheriesDepartment.Duplicatetestcase" name="InformationTestCases" time="3.145"/>
  <system-out/>
  <testcase classname="SPFisheriesDepartment.Duplicatetestcase" name="IMbacktodirectory" time="0.211"/>
  <system-out/>
</testsuite> <!-- SPFisheriesDepartment.Duplicatetestcase -->
