<?xml version="1.0" encoding="UTF-8"?>
<!-- Generated by org.testng.reporters.JUnitReportReporter -->
<testsuite hostname="DESKTOP-CLFL9AL" failures="0" tests="7" name="UMANG.Cowintest.PMAYGPanchayatWisePermanentWaitListTestCases" time="0.000" errors="0" timestamp="2022-12-18T16:48:58 IST" skipped="7">
  <testcase classname="UMANG.Cowintest.PMAYGPanchayatWisePermanentWaitListTestCases" name="allservicesnavigation" time="0.000">
    <skipped/>
  </testcase> <!-- allservicesnavigation -->
  <system-out/>
  <testcase classname="UMANG.Cowintest.PMAYGPanchayatWisePermanentWaitListTestCases" name="PMAYGdepartmentnavigation" time="0.000">
    <skipped/>
  </testcase> <!-- PMAYGdepartmentnavigation -->
  <system-out/>
  <testcase classname="UMANG.Cowintest.PMAYGPanchayatWisePermanentWaitListTestCases" name="PMaygwaitlist" time="0.000">
    <skipped/>
  </testcase> <!-- PMaygwaitlist -->
  <system-out/>
  <testcase classname="UMANG.Cowintest.PMAYGPanchayatWisePermanentWaitListTestCases" name="PMAYGwaitlistenterdata" time="0.000">
    <skipped/>
  </testcase> <!-- PMAYGwaitlistenterdata -->
  <system-out/>
  <testcase classname="UMANG.Cowintest.PMAYGPanchayatWisePermanentWaitListTestCases" name="PMAYGwaitlistregfilter" time="0.000">
    <skipped/>
  </testcase> <!-- PMAYGwaitlistregfilter -->
  <system-out/>
  <testcase classname="UMANG.Cowintest.PMAYGPanchayatWisePermanentWaitListTestCases" name="PMAYGwaitlistpriorityfilter" time="0.000">
    <skipped/>
  </testcase> <!-- PMAYGwaitlistpriorityfilter -->
  <system-out/>
  <testcase classname="UMANG.Cowintest.PMAYGPanchayatWisePermanentWaitListTestCases" name="PMAYGbacktoservicedirectory" time="0.000">
    <skipped/>
  </testcase> <!-- PMAYGbacktoservicedirectory -->
  <system-out/>
</testsuite> <!-- UMANG.Cowintest.PMAYGPanchayatWisePermanentWaitListTestCases -->
