<?xml version="1.0" encoding="UTF-8"?>
<!-- Generated by org.testng.reporters.JUnitReportReporter -->
<testsuite hostname="DESKTOP-CLFL9AL" failures="0" tests="5" name="SPRevenueDep.StateTestCases" time="19.614" errors="0" timestamp="2023-05-02T08:58:03 IST" skipped="0">
  <testcase classname="SPRevenueDep.StateTestCases" name="allservicesnavigation" time="8.765"/>
  <system-out/>
  <testcase classname="SPRevenueDep.StateTestCases" name="Statenavigation" time="5.176"/>
  <system-out/>
  <testcase classname="SPRevenueDep.StateTestCases" name="State1TestCases" time="4.219"/>
  <system-out/>
  <testcase classname="SPRevenueDep.StateTestCases" name="State2TestCase" time="0.167"/>
  <system-out/>
  <testcase classname="SPRevenueDep.StateTestCases" name="IMbacktodirectory" time="1.287"/>
  <system-out/>
</testsuite> <!-- SPRevenueDep.StateTestCases -->
