<?xml version="1.0" encoding="UTF-8"?>
<!-- Generated by org.testng.reporters.JUnitReportReporter -->
<testsuite hostname="DESKTOP-CLFL9AL" failures="0" tests="5" name="SPDepartmenOfHome.OutsideArmsLicenseTestCase" time="27.893" errors="0" timestamp="2023-05-02T08:58:02 IST" skipped="0">
  <testcase classname="SPDepartmenOfHome.OutsideArmsLicenseTestCase" name="allservicesnavigation" time="12.662"/>
  <system-out/>
  <testcase classname="SPDepartmenOfHome.OutsideArmsLicenseTestCase" name="OutsideArmsLicensenavigation" time="5.756"/>
  <system-out/>
  <testcase classname="SPDepartmenOfHome.OutsideArmsLicenseTestCase" name="OutsideArmsLicense1TestCases" time="6.036"/>
  <system-out/>
  <testcase classname="SPDepartmenOfHome.OutsideArmsLicenseTestCase" name="OutsideArmsLicense2TestCase" time="1.426"/>
  <system-out/>
  <testcase classname="SPDepartmenOfHome.OutsideArmsLicenseTestCase" name="IMbacktodirectory" time="2.013"/>
  <system-out/>
</testsuite> <!-- SPDepartmenOfHome.OutsideArmsLicenseTestCase -->
