<?xml version="1.0" encoding="UTF-8"?>
<!-- Generated by org.testng.reporters.JUnitReportReporter -->
<testsuite hostname="DESKTOP-CLFL9AL" failures="0" tests="5" name="SPRevenueAndDisasterManagementDep.ExGratiaAssistancetoNextofKinoftheDeceasedbyCOVID19TestCases" time="0.001" errors="0" timestamp="2024-04-01T15:58:13 IST" skipped="5">
  <testcase classname="SPRevenueAndDisasterManagementDep.ExGratiaAssistancetoNextofKinoftheDeceasedbyCOVID19TestCases" name="allservicesnavigation" time="0.000">
    <skipped/>
  </testcase> <!-- allservicesnavigation -->
  <system-out/>
  <testcase classname="SPRevenueAndDisasterManagementDep.ExGratiaAssistancetoNextofKinoftheDeceasedbyCOVID19TestCases" name="DeptNavigation" time="0.000">
    <skipped/>
  </testcase> <!-- DeptNavigation -->
  <system-out/>
  <testcase classname="SPRevenueAndDisasterManagementDep.ExGratiaAssistancetoNextofKinoftheDeceasedbyCOVID19TestCases" name="ServiceNavigationTestCase" time="0.001">
    <skipped/>
  </testcase> <!-- ServiceNavigationTestCase -->
  <system-out/>
  <testcase classname="SPRevenueAndDisasterManagementDep.ExGratiaAssistancetoNextofKinoftheDeceasedbyCOVID19TestCases" name="ServicePlusPageTestCase" time="0.000">
    <skipped/>
  </testcase> <!-- ServicePlusPageTestCase -->
  <system-out/>
  <testcase classname="SPRevenueAndDisasterManagementDep.ExGratiaAssistancetoNextofKinoftheDeceasedbyCOVID19TestCases" name="IMbacktodirectory" time="0.000">
    <skipped/>
  </testcase> <!-- IMbacktodirectory -->
  <system-out/>
</testsuite> <!-- SPRevenueAndDisasterManagementDep.ExGratiaAssistancetoNextofKinoftheDeceasedbyCOVID19TestCases -->
