<?xml version="1.0" encoding="UTF-8"?>
<!-- Generated by org.testng.reporters.JUnitReportReporter -->
<testsuite hostname="DESKTOP-CLFL9AL" failures="0" tests="5" name="SPDirectorateofFisheries.ProductsfromMainlandTestCase" time="21.334" errors="0" timestamp="2023-05-02T07:30:03 IST" skipped="0">
  <testcase classname="SPDirectorateofFisheries.ProductsfromMainlandTestCase" name="allservicesnavigation" time="9.587"/>
  <system-out/>
  <testcase classname="SPDirectorateofFisheries.ProductsfromMainlandTestCase" name="ProductsfromMainlandnavigation" time="5.303"/>
  <system-out/>
  <testcase classname="SPDirectorateofFisheries.ProductsfromMainlandTestCase" name="ProductsfromMainland1TestCases" time="4.634"/>
  <system-out/>
  <testcase classname="SPDirectorateofFisheries.ProductsfromMainlandTestCase" name="ProductsfromMainland2TestCase" time="0.304"/>
  <system-out/>
  <testcase classname="SPDirectorateofFisheries.ProductsfromMainlandTestCase" name="IMbacktodirectory" time="1.506"/>
  <system-out/>
</testsuite> <!-- SPDirectorateofFisheries.ProductsfromMainlandTestCase -->
