<?xml version="1.0" encoding="UTF-8"?>
<!-- Generated by org.testng.reporters.JUnitReportReporter -->
<testsuite hostname="DESKTOP-CLFL9AL" failures="0" tests="7" name="DelhiPolice.DPImportantcontactTestCases" time="0.000" errors="0" timestamp="2022-12-18T16:48:57 IST" skipped="7">
  <testcase classname="DelhiPolice.DPImportantcontactTestCases" name="allservicesnavigation" time="0.000">
    <skipped/>
  </testcase> <!-- allservicesnavigation -->
  <system-out/>
  <testcase classname="DelhiPolice.DPImportantcontactTestCases" name="DelhiPolicedepartmentnavigation" time="0.000">
    <skipped/>
  </testcase> <!-- DelhiPolicedepartmentnavigation -->
  <system-out/>
  <testcase classname="DelhiPolice.DPImportantcontactTestCases" name="DPimportantcontactservicenavigation" time="0.000">
    <skipped/>
  </testcase> <!-- DPimportantcontactservicenavigation -->
  <system-out/>
  <testcase classname="DelhiPolice.DPImportantcontactTestCases" name="DPimportantcontactdata" time="0.000">
    <skipped/>
  </testcase> <!-- DPimportantcontactdata -->
  <system-out/>
  <testcase classname="DelhiPolice.DPImportantcontactTestCases" name="DPimportantcontactdatasearch" time="0.000">
    <skipped/>
  </testcase> <!-- DPimportantcontactdatasearch -->
  <system-out/>
  <testcase classname="DelhiPolice.DPImportantcontactTestCases" name="DPimportantcontactdatasearchhyperlink" time="0.000">
    <skipped/>
  </testcase> <!-- DPimportantcontactdatasearchhyperlink -->
  <system-out/>
  <testcase classname="DelhiPolice.DPImportantcontactTestCases" name="SSbacktodirectory" time="0.000">
    <skipped/>
  </testcase> <!-- SSbacktodirectory -->
  <system-out/>
</testsuite> <!-- DelhiPolice.DPImportantcontactTestCases -->
