<?xml version="1.0" encoding="UTF-8"?>
<!-- Generated by org.testng.reporters.JUnitReportReporter -->
<testsuite hostname="DESKTOP-CLFL9AL" failures="0" tests="8" name="SPHealthDepartment.JananiSurakshaYojnaTestCase" time="0.000" errors="0" timestamp="2024-04-01T15:58:13 IST" skipped="8">
  <testcase classname="SPHealthDepartment.JananiSurakshaYojnaTestCase" name="allservicesnavigation" time="0.000">
    <skipped/>
  </testcase> <!-- allservicesnavigation -->
  <system-out/>
  <testcase classname="SPHealthDepartment.JananiSurakshaYojnaTestCase" name="DeptNavigation" time="0.000">
    <skipped/>
  </testcase> <!-- DeptNavigation -->
  <system-out/>
  <testcase classname="SPHealthDepartment.JananiSurakshaYojnaTestCase" name="Seeinfoclick" time="0.000">
    <skipped/>
  </testcase> <!-- Seeinfoclick -->
  <system-out/>
  <testcase classname="SPHealthDepartment.JananiSurakshaYojnaTestCase" name="VisitServiceclick" time="0.000">
    <skipped/>
  </testcase> <!-- VisitServiceclick -->
  <system-out/>
  <testcase classname="SPHealthDepartment.JananiSurakshaYojnaTestCase" name="refreshpage" time="0.000">
    <skipped/>
  </testcase> <!-- refreshpage -->
  <system-out/>
  <testcase classname="SPHealthDepartment.JananiSurakshaYojnaTestCase" name="ServiceNavigationTestCase" time="0.000">
    <skipped/>
  </testcase> <!-- ServiceNavigationTestCase -->
  <system-out/>
  <testcase classname="SPHealthDepartment.JananiSurakshaYojnaTestCase" name="ServicePlusPageTestCase" time="0.000">
    <skipped/>
  </testcase> <!-- ServicePlusPageTestCase -->
  <system-out/>
  <testcase classname="SPHealthDepartment.JananiSurakshaYojnaTestCase" name="IMbacktodirectory" time="0.000">
    <skipped/>
  </testcase> <!-- IMbacktodirectory -->
  <system-out/>
</testsuite> <!-- SPHealthDepartment.JananiSurakshaYojnaTestCase -->
