<?xml version="1.0" encoding="UTF-8"?>
<!-- Generated by org.testng.reporters.JUnitReportReporter -->
<testsuite hostname="DESKTOP-CLFL9AL" failures="0" tests="7" name="SPDirectorateOfIndustries.Duplicatetestcase" time="15.587" errors="0" timestamp="2024-04-12T00:35:51 IST" skipped="0">
  <testcase classname="SPDirectorateOfIndustries.Duplicatetestcase" name="allservicesnavigation" time="6.620"/>
  <system-out/>
  <testcase classname="SPDirectorateOfIndustries.Duplicatetestcase" name="Deptnavigation" time="5.264"/>
  <system-out/>
  <testcase classname="SPDirectorateOfIndustries.Duplicatetestcase" name="ServicecountTestCases" time="0.167"/>
  <system-out/>
  <testcase classname="SPDirectorateOfIndustries.Duplicatetestcase" name="duplicateTestCases" time="0.084"/>
  <system-out/>
  <testcase classname="SPDirectorateOfIndustries.Duplicatetestcase" name="servicecountfromexcel" time="0.165"/>
  <system-out/>
  <testcase classname="SPDirectorateOfIndustries.Duplicatetestcase" name="InformationTestCases" time="3.106"/>
  <system-out/>
  <testcase classname="SPDirectorateOfIndustries.Duplicatetestcase" name="IMbacktodirectory" time="0.181"/>
  <system-out/>
</testsuite> <!-- SPDirectorateOfIndustries.Duplicatetestcase -->
