<?xml version="1.0" encoding="UTF-8"?>
<!-- Generated by org.testng.reporters.JUnitReportReporter -->
<testsuite hostname="DESKTOP-CLFL9AL" failures="0" tests="16" name="NSP.NSPSchemeInformationTestCases" time="0.002" errors="0" timestamp="2022-12-18T16:48:56 IST" skipped="16">
  <testcase classname="NSP.NSPSchemeInformationTestCases" name="allservicesnavigation" time="0.000">
    <skipped/>
  </testcase> <!-- allservicesnavigation -->
  <system-out/>
  <testcase classname="NSP.NSPSchemeInformationTestCases" name="nspservicesnavigation" time="0.000">
    <skipped/>
  </testcase> <!-- nspservicesnavigation -->
  <system-out/>
  <testcase classname="NSP.NSPSchemeInformationTestCases" name="schemeinformation" time="0.000">
    <skipped/>
  </testcase> <!-- schemeinformation -->
  <system-out/>
  <testcase classname="NSP.NSPSchemeInformationTestCases" name="centralschemes" time="0.000">
    <skipped/>
  </testcase> <!-- centralschemes -->
  <system-out/>
  <testcase classname="NSP.NSPSchemeInformationTestCases" name="centralschemeguidelines" time="0.000">
    <skipped/>
  </testcase> <!-- centralschemeguidelines -->
  <system-out/>
  <testcase classname="NSP.NSPSchemeInformationTestCases" name="centralschemeFAQ" time="0.000">
    <skipped/>
  </testcase> <!-- centralschemeFAQ -->
  <system-out/>
  <testcase classname="NSP.NSPSchemeInformationTestCases" name="UGCschemes" time="0.000">
    <skipped/>
  </testcase> <!-- UGCschemes -->
  <system-out/>
  <testcase classname="NSP.NSPSchemeInformationTestCases" name="UGCschemesguidelines" time="0.000">
    <skipped/>
  </testcase> <!-- UGCschemesguidelines -->
  <system-out/>
  <testcase classname="NSP.NSPSchemeInformationTestCases" name="UGCschemesFAQ" time="0.001">
    <skipped/>
  </testcase> <!-- UGCschemesFAQ -->
  <system-out/>
  <testcase classname="NSP.NSPSchemeInformationTestCases" name="AICTEschemes" time="0.000">
    <skipped/>
  </testcase> <!-- AICTEschemes -->
  <system-out/>
  <testcase classname="NSP.NSPSchemeInformationTestCases" name="AICTEschemesguidelines" time="0.000">
    <skipped/>
  </testcase> <!-- AICTEschemesguidelines -->
  <system-out/>
  <testcase classname="NSP.NSPSchemeInformationTestCases" name="AICTEschemesFAQ" time="0.000">
    <skipped/>
  </testcase> <!-- AICTEschemesFAQ -->
  <system-out/>
  <testcase classname="NSP.NSPSchemeInformationTestCases" name="Stateschemes" time="0.000">
    <skipped/>
  </testcase> <!-- Stateschemes -->
  <system-out/>
  <testcase classname="NSP.NSPSchemeInformationTestCases" name="Stateschemesguidelines" time="0.000">
    <skipped/>
  </testcase> <!-- Stateschemesguidelines -->
  <system-out/>
  <testcase classname="NSP.NSPSchemeInformationTestCases" name="StateschemesFAQ" time="0.001">
    <skipped/>
  </testcase> <!-- StateschemesFAQ -->
  <system-out/>
  <testcase classname="NSP.NSPSchemeInformationTestCases" name="NSPbacktodirectory" time="0.000">
    <skipped/>
  </testcase> <!-- NSPbacktodirectory -->
  <system-out/>
</testsuite> <!-- NSP.NSPSchemeInformationTestCases -->
