<?xml version="1.0" encoding="UTF-8"?>
<!-- Generated by org.testng.reporters.JUnitReportReporter -->
<testsuite hostname="DESKTOP-CLFL9AL" failures="0" tests="8" name="SPDirectorateofEducation.ReimbursementofcashinlieuofschooluniformSchoolUniformTestCase" time="29.630" errors="0" timestamp="2024-04-12T00:35:51 IST" skipped="0">
  <testcase classname="SPDirectorateofEducation.ReimbursementofcashinlieuofschooluniformSchoolUniformTestCase" name="allservicesnavigation" time="6.685"/>
  <system-out/>
  <testcase classname="SPDirectorateofEducation.ReimbursementofcashinlieuofschooluniformSchoolUniformTestCase" name="Deptnavigation" time="5.218"/>
  <system-out/>
  <testcase classname="SPDirectorateofEducation.ReimbursementofcashinlieuofschooluniformSchoolUniformTestCase" name="Seeinfoclick" time="3.044"/>
  <system-out/>
  <testcase classname="SPDirectorateofEducation.ReimbursementofcashinlieuofschooluniformSchoolUniformTestCase" name="VisitServiceclick" time="5.443"/>
  <system-out/>
  <testcase classname="SPDirectorateofEducation.ReimbursementofcashinlieuofschooluniformSchoolUniformTestCase" name="refreshpage" time="4.455"/>
  <system-out/>
  <testcase classname="SPDirectorateofEducation.ReimbursementofcashinlieuofschooluniformSchoolUniformTestCase" name="ServiceNavigationTestCase" time="4.336"/>
  <system-out/>
  <testcase classname="SPDirectorateofEducation.ReimbursementofcashinlieuofschooluniformSchoolUniformTestCase" name="ServicePlusPageTestCase" time="0.239"/>
  <system-out/>
  <testcase classname="SPDirectorateofEducation.ReimbursementofcashinlieuofschooluniformSchoolUniformTestCase" name="IMbacktodirectory" time="0.210"/>
  <system-out/>
</testsuite> <!-- SPDirectorateofEducation.ReimbursementofcashinlieuofschooluniformSchoolUniformTestCase -->
