<?xml version="1.0" encoding="UTF-8"?>
<!-- Generated by org.testng.reporters.JUnitReportReporter -->
<testsuite hostname="DESKTOP-CLFL9AL" failures="0" tests="8" name="SPDeptOfAnimalHusbandry.ImpartingonemonthtrainingonPoultryPiggeryGoatFarmingwithStipendwithoutStipendTestCase" time="29.967" errors="0" timestamp="2024-04-12T00:35:51 IST" skipped="0">
  <testcase classname="SPDeptOfAnimalHusbandry.ImpartingonemonthtrainingonPoultryPiggeryGoatFarmingwithStipendwithoutStipendTestCase" name="allservicesnavigation" time="6.624"/>
  <system-out/>
  <testcase classname="SPDeptOfAnimalHusbandry.ImpartingonemonthtrainingonPoultryPiggeryGoatFarmingwithStipendwithoutStipendTestCase" name="DeptNavigation" time="5.253"/>
  <system-out/>
  <testcase classname="SPDeptOfAnimalHusbandry.ImpartingonemonthtrainingonPoultryPiggeryGoatFarmingwithStipendwithoutStipendTestCase" name="Seeinfoclick" time="3.097"/>
  <system-out/>
  <testcase classname="SPDeptOfAnimalHusbandry.ImpartingonemonthtrainingonPoultryPiggeryGoatFarmingwithStipendwithoutStipendTestCase" name="VisitServiceclick" time="5.441"/>
  <system-out/>
  <testcase classname="SPDeptOfAnimalHusbandry.ImpartingonemonthtrainingonPoultryPiggeryGoatFarmingwithStipendwithoutStipendTestCase" name="refreshpage" time="4.901"/>
  <system-out/>
  <testcase classname="SPDeptOfAnimalHusbandry.ImpartingonemonthtrainingonPoultryPiggeryGoatFarmingwithStipendwithoutStipendTestCase" name="ServiceNavigationTestCase" time="4.270"/>
  <system-out/>
  <testcase classname="SPDeptOfAnimalHusbandry.ImpartingonemonthtrainingonPoultryPiggeryGoatFarmingwithStipendwithoutStipendTestCase" name="ServicePlusPageTestCase" time="0.166"/>
  <system-out/>
  <testcase classname="SPDeptOfAnimalHusbandry.ImpartingonemonthtrainingonPoultryPiggeryGoatFarmingwithStipendwithoutStipendTestCase" name="IMbacktodirectory" time="0.215"/>
  <system-out/>
</testsuite> <!-- SPDeptOfAnimalHusbandry.ImpartingonemonthtrainingonPoultryPiggeryGoatFarmingwithStipendwithoutStipendTestCase -->
