<?xml version="1.0" encoding="UTF-8"?>
<!-- Generated by org.testng.reporters.JUnitReportReporter -->
<testsuite hostname="DESKTOP-CLFL9AL" failures="0" tests="5" name="SPUrbanDevelopmentDepartment.ApplicationforSewerageConnectionforMunicipalCorporationOnlyTestCases" time="0.001" errors="0" timestamp="2023-12-22T13:21:46 IST" skipped="5">
  <testcase classname="SPUrbanDevelopmentDepartment.ApplicationforSewerageConnectionforMunicipalCorporationOnlyTestCases" name="allservicesnavigation" time="0.000">
    <skipped/>
  </testcase> <!-- allservicesnavigation -->
  <system-out/>
  <testcase classname="SPUrbanDevelopmentDepartment.ApplicationforSewerageConnectionforMunicipalCorporationOnlyTestCases" name="DeptNavigation" time="0.000">
    <skipped/>
  </testcase> <!-- DeptNavigation -->
  <system-out/>
  <testcase classname="SPUrbanDevelopmentDepartment.ApplicationforSewerageConnectionforMunicipalCorporationOnlyTestCases" name="ServiceNavigationTestCase" time="0.000">
    <skipped/>
  </testcase> <!-- ServiceNavigationTestCase -->
  <system-out/>
  <testcase classname="SPUrbanDevelopmentDepartment.ApplicationforSewerageConnectionforMunicipalCorporationOnlyTestCases" name="ServicePlusPageTestCase" time="0.001">
    <skipped/>
  </testcase> <!-- ServicePlusPageTestCase -->
  <system-out/>
  <testcase classname="SPUrbanDevelopmentDepartment.ApplicationforSewerageConnectionforMunicipalCorporationOnlyTestCases" name="IMbacktodirectory" time="0.000">
    <skipped/>
  </testcase> <!-- IMbacktodirectory -->
  <system-out/>
</testsuite> <!-- SPUrbanDevelopmentDepartment.ApplicationforSewerageConnectionforMunicipalCorporationOnlyTestCases -->
