<?xml version="1.0" encoding="UTF-8"?>
<!-- Generated by org.testng.reporters.JUnitReportReporter -->
<testsuite hostname="DESKTOP-CLFL9AL" failures="0" tests="8" name="SPDepOfSocialWelfare.FinancialAssistancefortheMarriageofDaughtersofWidowsandDestituteWomenbelongingtoSCTestCase" time="28.911" errors="0" timestamp="2024-04-12T00:35:51 IST" skipped="0">
  <testcase classname="SPDepOfSocialWelfare.FinancialAssistancefortheMarriageofDaughtersofWidowsandDestituteWomenbelongingtoSCTestCase" name="allservicesnavigation" time="6.555"/>
  <system-out/>
  <testcase classname="SPDepOfSocialWelfare.FinancialAssistancefortheMarriageofDaughtersofWidowsandDestituteWomenbelongingtoSCTestCase" name="DeptNavigation" time="4.480"/>
  <system-out/>
  <testcase classname="SPDepOfSocialWelfare.FinancialAssistancefortheMarriageofDaughtersofWidowsandDestituteWomenbelongingtoSCTestCase" name="Seeinfoclick" time="2.916"/>
  <system-out/>
  <testcase classname="SPDepOfSocialWelfare.FinancialAssistancefortheMarriageofDaughtersofWidowsandDestituteWomenbelongingtoSCTestCase" name="VisitServiceclick" time="5.416"/>
  <system-out/>
  <testcase classname="SPDepOfSocialWelfare.FinancialAssistancefortheMarriageofDaughtersofWidowsandDestituteWomenbelongingtoSCTestCase" name="refreshpage" time="4.795"/>
  <system-out/>
  <testcase classname="SPDepOfSocialWelfare.FinancialAssistancefortheMarriageofDaughtersofWidowsandDestituteWomenbelongingtoSCTestCase" name="ServiceNavigationTestCase" time="4.323"/>
  <system-out/>
  <testcase classname="SPDepOfSocialWelfare.FinancialAssistancefortheMarriageofDaughtersofWidowsandDestituteWomenbelongingtoSCTestCase" name="ServicePlusPageTestCase" time="0.234"/>
  <system-out/>
  <testcase classname="SPDepOfSocialWelfare.FinancialAssistancefortheMarriageofDaughtersofWidowsandDestituteWomenbelongingtoSCTestCase" name="IMbacktodirectory" time="0.192"/>
  <system-out/>
</testsuite> <!-- SPDepOfSocialWelfare.FinancialAssistancefortheMarriageofDaughtersofWidowsandDestituteWomenbelongingtoSCTestCase -->
