<?xml version="1.0" encoding="UTF-8"?>
<!-- Generated by org.testng.reporters.JUnitReportReporter -->
<testsuite hostname="DESKTOP-CLFL9AL" failures="0" tests="5" name="DelhiPolice.DPUnclaimedSeizedVehicleTestCases" time="0.000" errors="0" timestamp="2022-12-18T16:48:58 IST" skipped="5">
  <testcase classname="DelhiPolice.DPUnclaimedSeizedVehicleTestCases" name="allservicesnavigation" time="0.000">
    <skipped/>
  </testcase> <!-- allservicesnavigation -->
  <system-out/>
  <testcase classname="DelhiPolice.DPUnclaimedSeizedVehicleTestCases" name="DelhiPolicedepartmentnavigation" time="0.000">
    <skipped/>
  </testcase> <!-- DelhiPolicedepartmentnavigation -->
  <system-out/>
  <testcase classname="DelhiPolice.DPUnclaimedSeizedVehicleTestCases" name="DPUnclaimedVehicleservicenavigation" time="0.000">
    <skipped/>
  </testcase> <!-- DPUnclaimedVehicleservicenavigation -->
  <system-out/>
  <testcase classname="DelhiPolice.DPUnclaimedSeizedVehicleTestCases" name="DPUnclaimedVehiclefillformandsubmitdata" time="0.000">
    <skipped/>
  </testcase> <!-- DPUnclaimedVehiclefillformandsubmitdata -->
  <system-out/>
  <testcase classname="DelhiPolice.DPUnclaimedSeizedVehicleTestCases" name="SSbacktodirectory" time="0.000">
    <skipped/>
  </testcase> <!-- SSbacktodirectory -->
  <system-out/>
</testsuite> <!-- DelhiPolice.DPUnclaimedSeizedVehicleTestCases -->
