<?xml version="1.0" encoding="UTF-8"?>
<!-- Generated by org.testng.reporters.JUnitReportReporter -->
<testsuite hostname="DESKTOP-CLFL9AL" failures="0" tests="5" name="SPDepartmentOfLabour.MarriageTestCase" time="19.914" errors="0" timestamp="2023-05-02T08:58:03 IST" skipped="0">
  <testcase classname="SPDepartmentOfLabour.MarriageTestCase" name="allservicesnavigation" time="9.998"/>
  <system-out/>
  <testcase classname="SPDepartmentOfLabour.MarriageTestCase" name="Marriagenavigation" time="3.345"/>
  <system-out/>
  <testcase classname="SPDepartmentOfLabour.MarriageTestCase" name="Marriage1TestCases" time="4.185"/>
  <system-out/>
  <testcase classname="SPDepartmentOfLabour.MarriageTestCase" name="Marriage2TestCase" time="0.387"/>
  <system-out/>
  <testcase classname="SPDepartmentOfLabour.MarriageTestCase" name="IMbacktodirectory" time="1.999"/>
  <system-out/>
</testsuite> <!-- SPDepartmentOfLabour.MarriageTestCase -->
