<?xml version="1.0" encoding="UTF-8"?>
<!-- Generated by org.testng.reporters.JUnitReportReporter -->
<testsuite hostname="DESKTOP-CLFL9AL" failures="0" tests="7" name="IndianCouncilforCultureRelations.ICCRFAQTestCases" time="0.000" errors="0" timestamp="2022-12-18T16:48:59 IST" skipped="7">
  <testcase classname="IndianCouncilforCultureRelations.ICCRFAQTestCases" name="allservicesnavigation" time="0.000">
    <skipped/>
  </testcase> <!-- allservicesnavigation -->
  <system-out/>
  <testcase classname="IndianCouncilforCultureRelations.ICCRFAQTestCases" name="ICCRdepartmentnavigation" time="0.000">
    <skipped/>
  </testcase> <!-- ICCRdepartmentnavigation -->
  <system-out/>
  <testcase classname="IndianCouncilforCultureRelations.ICCRFAQTestCases" name="ICCRFAQServicenavigation" time="0.000">
    <skipped/>
  </testcase> <!-- ICCRFAQServicenavigation -->
  <system-out/>
  <testcase classname="IndianCouncilforCultureRelations.ICCRFAQTestCases" name="ICCRfAQ" time="0.000">
    <skipped/>
  </testcase> <!-- ICCRfAQ -->
  <system-out/>
  <testcase classname="IndianCouncilforCultureRelations.ICCRFAQTestCases" name="ICCRFAQseeinfo" time="0.000">
    <skipped/>
  </testcase> <!-- ICCRFAQseeinfo -->
  <system-out/>
  <testcase classname="IndianCouncilforCultureRelations.ICCRFAQTestCases" name="ICCRFAQseeinfovisitservice" time="0.000">
    <skipped/>
  </testcase> <!-- ICCRFAQseeinfovisitservice -->
  <system-out/>
  <testcase classname="IndianCouncilforCultureRelations.ICCRFAQTestCases" name="ICCRFAQbacktodirectory" time="0.000">
    <skipped/>
  </testcase> <!-- ICCRFAQbacktodirectory -->
  <system-out/>
</testsuite> <!-- IndianCouncilforCultureRelations.ICCRFAQTestCases -->
