<?xml version="1.0" encoding="UTF-8"?>
<!-- Generated by org.testng.reporters.JUnitReportReporter -->
<testsuite hostname="DESKTOP-CLFL9AL" failures="0" tests="6" name="NTA.NTANEETScoreCardTestCases" time="0.000" errors="0" timestamp="2022-12-18T16:48:56 IST" skipped="6">
  <testcase classname="NTA.NTANEETScoreCardTestCases" name="allservicesnavigation" time="0.000">
    <skipped/>
  </testcase> <!-- allservicesnavigation -->
  <system-out/>
  <testcase classname="NTA.NTANEETScoreCardTestCases" name="NTAdepartmentnavigation" time="0.000">
    <skipped/>
  </testcase> <!-- NTAdepartmentnavigation -->
  <system-out/>
  <testcase classname="NTA.NTANEETScoreCardTestCases" name="NTANEETscorecardservicenavigation" time="0.000">
    <skipped/>
  </testcase> <!-- NTANEETscorecardservicenavigation -->
  <system-out/>
  <testcase classname="NTA.NTANEETScoreCardTestCases" name="NTANEEtscorecardcanditatevisible" time="0.000">
    <skipped/>
  </testcase> <!-- NTANEEtscorecardcanditatevisible -->
  <system-out/>
  <testcase classname="NTA.NTANEETScoreCardTestCases" name="NTANEETSCOREcarddownload" time="0.000">
    <skipped/>
  </testcase> <!-- NTANEETSCOREcarddownload -->
  <system-out/>
  <testcase classname="NTA.NTANEETScoreCardTestCases" name="NTAbacktodirectory" time="0.000">
    <skipped/>
  </testcase> <!-- NTAbacktodirectory -->
  <system-out/>
</testsuite> <!-- NTA.NTANEETScoreCardTestCases -->
