<?xml version="1.0" encoding="UTF-8"?>
<!-- Generated by org.testng.reporters.JUnitReportReporter -->
<testsuite hostname="DESKTOP-CLFL9AL" failures="0" tests="7" name="CPGRAMS.CPGRAMSLodgeGrievanceTestcases" time="0.001" errors="0" timestamp="2022-12-18T16:48:58 IST" skipped="7">
  <testcase classname="CPGRAMS.CPGRAMSLodgeGrievanceTestcases" name="allservicesnavigation" time="0.000">
    <skipped/>
  </testcase> <!-- allservicesnavigation -->
  <system-out/>
  <testcase classname="CPGRAMS.CPGRAMSLodgeGrievanceTestcases" name="CPGRAMSdepartmentnavigation" time="0.000">
    <skipped/>
  </testcase> <!-- CPGRAMSdepartmentnavigation -->
  <system-out/>
  <testcase classname="CPGRAMS.CPGRAMSLodgeGrievanceTestcases" name="CPGRAMSLodgeGrievanceServicenavigation" time="0.000">
    <skipped/>
  </testcase> <!-- CPGRAMSLodgeGrievanceServicenavigation -->
  <system-out/>
  <testcase classname="CPGRAMS.CPGRAMSLodgeGrievanceTestcases" name="CPGRAMSLodgeGrievancefillform" time="0.001">
    <skipped/>
  </testcase> <!-- CPGRAMSLodgeGrievancefillform -->
  <system-out/>
  <testcase classname="CPGRAMS.CPGRAMSLodgeGrievanceTestcases" name="CPGRAMSLodgeGrievanceseeinfo" time="0.000">
    <skipped/>
  </testcase> <!-- CPGRAMSLodgeGrievanceseeinfo -->
  <system-out/>
  <testcase classname="CPGRAMS.CPGRAMSLodgeGrievanceTestcases" name="CPGRAMSLodgeGrievanceseeinfovisitservice" time="0.000">
    <skipped/>
  </testcase> <!-- CPGRAMSLodgeGrievanceseeinfovisitservice -->
  <system-out/>
  <testcase classname="CPGRAMS.CPGRAMSLodgeGrievanceTestcases" name="CPGRAMSbacktoHome" time="0.000">
    <skipped/>
  </testcase> <!-- CPGRAMSbacktoHome -->
  <system-out/>
</testsuite> <!-- CPGRAMS.CPGRAMSLodgeGrievanceTestcases -->
