<?xml version="1.0" encoding="UTF-8"?>
<!-- Generated by org.testng.reporters.JUnitReportReporter -->
<testsuite hostname="IN3241737W1" failures="0" tests="5" name="NTA.UGCNETDEC21n22Mergedconfirmationtestcases" time="34.458" errors="0" timestamp="2022-08-02T13:07:30 IST" skipped="0">
  <testcase classname="NTA.UGCNETDEC21n22Mergedconfirmationtestcases" name="ServiceDirectoryDeptnavigation" time="2.817"/>
  <system-out/>
  <testcase classname="NTA.UGCNETDEC21n22Mergedconfirmationtestcases" name="NTAdepartmentnavigation" time="2.782"/>
  <system-out/>
  <testcase classname="NTA.UGCNETDEC21n22Mergedconfirmationtestcases" name="NTAMergedNETconfirmationdetailsinfo" time="18.356"/>
  <system-out/>
  <testcase classname="NTA.UGCNETDEC21n22Mergedconfirmationtestcases" name="NTAMergedNETconfirmationdetailsinfoinfoinfoservciebutton" time="8.881"/>
  <system-out/>
  <testcase classname="NTA.UGCNETDEC21n22Mergedconfirmationtestcases" name="NTAbacktodirectory" time="1.622"/>
  <system-out/>
</testsuite> <!-- NTA.UGCNETDEC21n22Mergedconfirmationtestcases -->
