<?xml version="1.0" encoding="UTF-8"?>
<!-- Generated by org.testng.reporters.JUnitReportReporter -->
<testsuite hostname="DESKTOP-CLFL9AL" failures="0" tests="8" name="SPLabourDepartment.KanyadaanSchemefordaughtersofregisteredworkerofHBOCWWBoardBicycleSchemeforregisteredworkerofHBOCWWBoardTestCases" time="30.742" errors="0" timestamp="2024-04-12T00:35:51 IST" skipped="0">
  <testcase classname="SPLabourDepartment.KanyadaanSchemefordaughtersofregisteredworkerofHBOCWWBoardBicycleSchemeforregisteredworkerofHBOCWWBoardTestCases" name="allservicesnavigation" time="6.893"/>
  <system-out/>
  <testcase classname="SPLabourDepartment.KanyadaanSchemefordaughtersofregisteredworkerofHBOCWWBoardBicycleSchemeforregisteredworkerofHBOCWWBoardTestCases" name="DeptNavigation" time="5.295"/>
  <system-out/>
  <testcase classname="SPLabourDepartment.KanyadaanSchemefordaughtersofregisteredworkerofHBOCWWBoardBicycleSchemeforregisteredworkerofHBOCWWBoardTestCases" name="Seeinfoclick" time="3.122"/>
  <system-out/>
  <testcase classname="SPLabourDepartment.KanyadaanSchemefordaughtersofregisteredworkerofHBOCWWBoardBicycleSchemeforregisteredworkerofHBOCWWBoardTestCases" name="VisitServiceclick" time="5.531"/>
  <system-out/>
  <testcase classname="SPLabourDepartment.KanyadaanSchemefordaughtersofregisteredworkerofHBOCWWBoardBicycleSchemeforregisteredworkerofHBOCWWBoardTestCases" name="refreshpage" time="5.023"/>
  <system-out/>
  <testcase classname="SPLabourDepartment.KanyadaanSchemefordaughtersofregisteredworkerofHBOCWWBoardBicycleSchemeforregisteredworkerofHBOCWWBoardTestCases" name="ServiceNavigationTestCase" time="4.389"/>
  <system-out/>
  <testcase classname="SPLabourDepartment.KanyadaanSchemefordaughtersofregisteredworkerofHBOCWWBoardBicycleSchemeforregisteredworkerofHBOCWWBoardTestCases" name="ServicePlusPageTestCase" time="0.256"/>
  <system-out/>
  <testcase classname="SPLabourDepartment.KanyadaanSchemefordaughtersofregisteredworkerofHBOCWWBoardBicycleSchemeforregisteredworkerofHBOCWWBoardTestCases" name="IMbacktodirectory" time="0.233"/>
  <system-out/>
</testsuite> <!-- SPLabourDepartment.KanyadaanSchemefordaughtersofregisteredworkerofHBOCWWBoardBicycleSchemeforregisteredworkerofHBOCWWBoardTestCases -->
