<?xml version="1.0" encoding="UTF-8"?>
<!-- Generated by org.testng.reporters.JUnitReportReporter -->
<testsuite hostname="DESKTOP-CLFL9AL" failures="0" tests="5" name="SPDepartmentOfRevenue.BackwardClassesTestCases" time="20.140" errors="0" timestamp="2023-05-02T08:58:03 IST" skipped="0">
  <testcase classname="SPDepartmentOfRevenue.BackwardClassesTestCases" name="allservicesnavigation" time="10.189"/>
  <system-out/>
  <testcase classname="SPDepartmentOfRevenue.BackwardClassesTestCases" name="BackwardClassesnavigation" time="3.084"/>
  <system-out/>
  <testcase classname="SPDepartmentOfRevenue.BackwardClassesTestCases" name="BackwardClasses1TestCases" time="4.288"/>
  <system-out/>
  <testcase classname="SPDepartmentOfRevenue.BackwardClassesTestCases" name="BackwardClasses2TestCase" time="0.158"/>
  <system-out/>
  <testcase classname="SPDepartmentOfRevenue.BackwardClassesTestCases" name="IMbacktodirectory" time="2.421"/>
  <system-out/>
</testsuite> <!-- SPDepartmentOfRevenue.BackwardClassesTestCases -->
