<?xml version="1.0" encoding="UTF-8"?>
<!-- Generated by org.testng.reporters.JUnitReportReporter -->
<testsuite hostname="DESKTOP-CLFL9AL" failures="0" tests="5" name="eGopala.eGopalaEventsTestCases" time="0.000" errors="0" timestamp="2022-12-18T16:48:57 IST" skipped="5">
  <testcase classname="eGopala.eGopalaEventsTestCases" name="allservicesnavigation" time="0.000">
    <skipped/>
  </testcase> <!-- allservicesnavigation -->
  <system-out/>
  <testcase classname="eGopala.eGopalaEventsTestCases" name="eGopaladepartmentnavigation" time="0.000">
    <skipped/>
  </testcase> <!-- eGopaladepartmentnavigation -->
  <system-out/>
  <testcase classname="eGopala.eGopalaEventsTestCases" name="eGopalaeventsservicenavigation" time="0.000">
    <skipped/>
  </testcase> <!-- eGopalaeventsservicenavigation -->
  <system-out/>
  <testcase classname="eGopala.eGopalaEventsTestCases" name="eGopalacheckevents" time="0.000">
    <skipped/>
  </testcase> <!-- eGopalacheckevents -->
  <system-out/>
  <testcase classname="eGopala.eGopalaEventsTestCases" name="eGopalacheckeventsbacktodirectory" time="0.000">
    <skipped/>
  </testcase> <!-- eGopalacheckeventsbacktodirectory -->
  <system-out/>
</testsuite> <!-- eGopala.eGopalaEventsTestCases -->
