<?xml version="1.0" encoding="UTF-8"?>
<!-- Generated by org.testng.reporters.JUnitReportReporter -->
<testsuite hostname="DESKTOP-CLFL9AL" failures="0" tests="5" name="SPRevenueDep.SurvivalTestCases" time="17.212" errors="0" timestamp="2023-05-02T08:58:03 IST" skipped="0">
  <testcase classname="SPRevenueDep.SurvivalTestCases" name="allservicesnavigation" time="8.773"/>
  <system-out/>
  <testcase classname="SPRevenueDep.SurvivalTestCases" name="Survivalnavigation" time="2.869"/>
  <system-out/>
  <testcase classname="SPRevenueDep.SurvivalTestCases" name="Survival1TestCases" time="4.211"/>
  <system-out/>
  <testcase classname="SPRevenueDep.SurvivalTestCases" name="Survival2TestCase" time="0.182"/>
  <system-out/>
  <testcase classname="SPRevenueDep.SurvivalTestCases" name="IMbacktodirectory" time="1.177"/>
  <system-out/>
</testsuite> <!-- SPRevenueDep.SurvivalTestCases -->
