<?xml version="1.0" encoding="UTF-8"?>
<!-- Generated by org.testng.reporters.JUnitReportReporter -->
<testsuite hostname="DESKTOP-CLFL9AL" failures="0" tests="8" name="SPDepartmentofPower.Duplicatetestcas" time="15.780" errors="0" timestamp="2024-04-12T00:35:51 IST" skipped="0">
  <testcase classname="SPDepartmentofPower.Duplicatetestcas" name="allservicesnavigation" time="6.644"/>
  <system-out/>
  <testcase classname="SPDepartmentofPower.Duplicatetestcas" name="deptnavigation" time="5.277"/>
  <system-out/>
  <testcase classname="SPDepartmentofPower.Duplicatetestcas" name="LogocheckTestCases" time="0.175"/>
  <system-out/>
  <testcase classname="SPDepartmentofPower.Duplicatetestcas" name="ServicecountTestCases" time="0.077"/>
  <system-out/>
  <testcase classname="SPDepartmentofPower.Duplicatetestcas" name="duplicateTestCases1" time="0.145"/>
  <system-out/>
  <testcase classname="SPDepartmentofPower.Duplicatetestcas" name="servicecountfromexcel" time="0.213"/>
  <system-out/>
  <testcase classname="SPDepartmentofPower.Duplicatetestcas" name="InformationTestCases" time="3.061"/>
  <system-out/>
  <testcase classname="SPDepartmentofPower.Duplicatetestcas" name="IMbacktodirectory" time="0.188"/>
  <system-out/>
</testsuite> <!-- SPDepartmentofPower.Duplicatetestcas -->
