<?xml version="1.0" encoding="UTF-8"?>
<!-- Generated by org.testng.reporters.JUnitReportReporter -->
<testsuite hostname="DESKTOP-CLFL9AL" failures="0" tests="5" name="SPSocialJusticeEmpowerment.SocialSecurityTestCase" time="20.448" errors="0" timestamp="2023-05-02T08:58:03 IST" skipped="0">
  <testcase classname="SPSocialJusticeEmpowerment.SocialSecurityTestCase" name="allservicesnavigation" time="9.605"/>
  <system-out/>
  <testcase classname="SPSocialJusticeEmpowerment.SocialSecurityTestCase" name="SocialSecuritynavigation" time="5.117"/>
  <system-out/>
  <testcase classname="SPSocialJusticeEmpowerment.SocialSecurityTestCase" name="SocialSecurity1TestCases" time="4.204"/>
  <system-out/>
  <testcase classname="SPSocialJusticeEmpowerment.SocialSecurityTestCase" name="SocialSecurity2TestCase" time="0.155"/>
  <system-out/>
  <testcase classname="SPSocialJusticeEmpowerment.SocialSecurityTestCase" name="IMbacktodirectory" time="1.367"/>
  <system-out/>
</testsuite> <!-- SPSocialJusticeEmpowerment.SocialSecurityTestCase -->
