<?xml version="1.0" encoding="UTF-8"?>
<!-- Generated by org.testng.reporters.JUnitReportReporter -->
<testsuite hostname="DESKTOP-CLFL9AL" failures="0" tests="8" name="SPLabourDepartment.FareforvisitingHomeTownforregisteredworkerofHBOCWWBoardTestCases" time="30.500" errors="0" timestamp="2024-04-12T00:35:51 IST" skipped="0">
  <testcase classname="SPLabourDepartment.FareforvisitingHomeTownforregisteredworkerofHBOCWWBoardTestCases" name="allservicesnavigation" time="6.976"/>
  <system-out/>
  <testcase classname="SPLabourDepartment.FareforvisitingHomeTownforregisteredworkerofHBOCWWBoardTestCases" name="DeptNavigation" time="5.234"/>
  <system-out/>
  <testcase classname="SPLabourDepartment.FareforvisitingHomeTownforregisteredworkerofHBOCWWBoardTestCases" name="Seeinfoclick" time="3.013"/>
  <system-out/>
  <testcase classname="SPLabourDepartment.FareforvisitingHomeTownforregisteredworkerofHBOCWWBoardTestCases" name="VisitServiceclick" time="5.414"/>
  <system-out/>
  <testcase classname="SPLabourDepartment.FareforvisitingHomeTownforregisteredworkerofHBOCWWBoardTestCases" name="refreshpage" time="4.892"/>
  <system-out/>
  <testcase classname="SPLabourDepartment.FareforvisitingHomeTownforregisteredworkerofHBOCWWBoardTestCases" name="ServiceNavigationTestCase" time="4.400"/>
  <system-out/>
  <testcase classname="SPLabourDepartment.FareforvisitingHomeTownforregisteredworkerofHBOCWWBoardTestCases" name="ServicePlusPageTestCase" time="0.260"/>
  <system-out/>
  <testcase classname="SPLabourDepartment.FareforvisitingHomeTownforregisteredworkerofHBOCWWBoardTestCases" name="IMbacktodirectory" time="0.311"/>
  <system-out/>
</testsuite> <!-- SPLabourDepartment.FareforvisitingHomeTownforregisteredworkerofHBOCWWBoardTestCases -->
