<?xml version="1.0" encoding="UTF-8"?>
<!-- Generated by org.testng.reporters.JUnitReportReporter -->
<testsuite hostname="DESKTOP-CLFL9AL" failures="0" tests="6" name="DeptofMinorityWelfare.UKMAViewandDownloadapplicationTestCases" time="0.000" errors="0" timestamp="2022-12-18T16:48:59 IST" skipped="6">
  <testcase classname="DeptofMinorityWelfare.UKMAViewandDownloadapplicationTestCases" name="allservicesnavigation" time="0.000">
    <skipped/>
  </testcase> <!-- allservicesnavigation -->
  <system-out/>
  <testcase classname="DeptofMinorityWelfare.UKMAViewandDownloadapplicationTestCases" name="UKMinorityAffairdepartmentnavigation" time="0.000">
    <skipped/>
  </testcase> <!-- UKMinorityAffairdepartmentnavigation -->
  <system-out/>
  <testcase classname="DeptofMinorityWelfare.UKMAViewandDownloadapplicationTestCases" name="UKMinorityaffairviewanddownloadservicenavigation" time="0.000">
    <skipped/>
  </testcase> <!-- UKMinorityaffairviewanddownloadservicenavigation -->
  <system-out/>
  <testcase classname="DeptofMinorityWelfare.UKMAViewandDownloadapplicationTestCases" name="UKMinorityaffairviewanddownlaodsubmit" time="0.000">
    <skipped/>
  </testcase> <!-- UKMinorityaffairviewanddownlaodsubmit -->
  <system-out/>
  <testcase classname="DeptofMinorityWelfare.UKMAViewandDownloadapplicationTestCases" name="UKMinorityaffairviewanddownlaodfiledownload" time="0.000">
    <skipped/>
  </testcase> <!-- UKMinorityaffairviewanddownlaodfiledownload -->
  <system-out/>
  <testcase classname="DeptofMinorityWelfare.UKMAViewandDownloadapplicationTestCases" name="UKMinorityaffairDbacktodirectory" time="0.000">
    <skipped/>
  </testcase> <!-- UKMinorityaffairDbacktodirectory -->
  <system-out/>
</testsuite> <!-- DeptofMinorityWelfare.UKMAViewandDownloadapplicationTestCases -->
