<?xml version="1.0" encoding="UTF-8"?>
<!-- Generated by org.testng.reporters.JUnitReportReporter -->
<testsuite hostname="DESKTOP-CLFL9AL" failures="0" tests="5" name="SPDepartmentOfRevenue.PropertyCertificateTestCases" time="22.839" errors="0" timestamp="2023-05-02T08:58:03 IST" skipped="0">
  <testcase classname="SPDepartmentOfRevenue.PropertyCertificateTestCases" name="allservicesnavigation" time="11.098"/>
  <system-out/>
  <testcase classname="SPDepartmentOfRevenue.PropertyCertificateTestCases" name="PropertyCertificatenavigation" time="5.531"/>
  <system-out/>
  <testcase classname="SPDepartmentOfRevenue.PropertyCertificateTestCases" name="PropertyCertificate1TestCases" time="4.609"/>
  <system-out/>
  <testcase classname="SPDepartmentOfRevenue.PropertyCertificateTestCases" name="PropertyCertificate2TestCase" time="0.196"/>
  <system-out/>
  <testcase classname="SPDepartmentOfRevenue.PropertyCertificateTestCases" name="IMbacktodirectory" time="1.405"/>
  <system-out/>
</testsuite> <!-- SPDepartmentOfRevenue.PropertyCertificateTestCases -->
