<?xml version="1.0" encoding="UTF-8"?>
<!-- Generated by org.testng.reporters.JUnitReportReporter -->
<testsuite hostname="DESKTOP-CLFL9AL" failures="0" tests="8" name="SPDirectorateOfTechnicalEducation.Duplicatetestcase" time="15.972" errors="0" timestamp="2024-04-12T00:35:51 IST" skipped="0">
  <testcase classname="SPDirectorateOfTechnicalEducation.Duplicatetestcase" name="allservicesnavigation" time="6.826"/>
  <system-out/>
  <testcase classname="SPDirectorateOfTechnicalEducation.Duplicatetestcase" name="Deptnavigation" time="5.333"/>
  <system-out/>
  <testcase classname="SPDirectorateOfTechnicalEducation.Duplicatetestcase" name="LogocheckTestCases" time="0.117"/>
  <system-out/>
  <testcase classname="SPDirectorateOfTechnicalEducation.Duplicatetestcase" name="ServicecountTestCases" time="0.085"/>
  <system-out/>
  <testcase classname="SPDirectorateOfTechnicalEducation.Duplicatetestcase" name="duplicateTestCases" time="0.110"/>
  <system-out/>
  <testcase classname="SPDirectorateOfTechnicalEducation.Duplicatetestcase" name="servicecountfromexcel" time="0.192"/>
  <system-out/>
  <testcase classname="SPDirectorateOfTechnicalEducation.Duplicatetestcase" name="InformationTestCases" time="3.117"/>
  <system-out/>
  <testcase classname="SPDirectorateOfTechnicalEducation.Duplicatetestcase" name="IMbacktodirectory" time="0.192"/>
  <system-out/>
</testsuite> <!-- SPDirectorateOfTechnicalEducation.Duplicatetestcase -->
