<?xml version="1.0" encoding="UTF-8"?>
<!-- Generated by org.testng.reporters.JUnitReportReporter -->
<testsuite hostname="DESKTOP-CLFL9AL" failures="0" tests="5" name="Elderline.ElderlineAboutUsTestCases" time="24.661" errors="0" timestamp="2023-01-04T16:18:50 IST" skipped="0">
  <testcase classname="Elderline.ElderlineAboutUsTestCases" name="allservicesnavigation" time="13.818"/>
  <system-out/>
  <testcase classname="Elderline.ElderlineAboutUsTestCases" name="Elderlinedepartmentnavigation" time="7.263"/>
  <system-out/>
  <testcase classname="Elderline.ElderlineAboutUsTestCases" name="ElderlineaboutUsTestCases" time="1.035"/>
  <system-out/>
  <testcase classname="Elderline.ElderlineAboutUsTestCases" name="aboutusdetailTestCases" time="0.336"/>
  <system-out/>
  <testcase classname="Elderline.ElderlineAboutUsTestCases" name="IMbacktodirectory" time="2.209"/>
  <system-out/>
</testsuite> <!-- Elderline.ElderlineAboutUsTestCases -->
