<?xml version="1.0" encoding="UTF-8"?>
<!-- Generated by org.testng.reporters.JUnitReportReporter -->
<testsuite hostname="DESKTOP-CLFL9AL" failures="0" tests="5" name="SPUrbanDevelopmentDepartment.CommercialEstablishmentsTestCases" time="17.698" errors="0" timestamp="2023-05-02T08:58:03 IST" skipped="0">
  <testcase classname="SPUrbanDevelopmentDepartment.CommercialEstablishmentsTestCases" name="allservicesnavigation" time="8.788"/>
  <system-out/>
  <testcase classname="SPUrbanDevelopmentDepartment.CommercialEstablishmentsTestCases" name="CommercialEstablishmentsnavigation" time="3.152"/>
  <system-out/>
  <testcase classname="SPUrbanDevelopmentDepartment.CommercialEstablishmentsTestCases" name="CommercialEstablishments1TestCases" time="4.390"/>
  <system-out/>
  <testcase classname="SPUrbanDevelopmentDepartment.CommercialEstablishmentsTestCases" name="CommercialEstablishments2TestCase" time="0.180"/>
  <system-out/>
  <testcase classname="SPUrbanDevelopmentDepartment.CommercialEstablishmentsTestCases" name="IMbacktodirectory" time="1.188"/>
  <system-out/>
</testsuite> <!-- SPUrbanDevelopmentDepartment.CommercialEstablishmentsTestCases -->
