<?xml version="1.0" encoding="UTF-8"?>
<!-- Generated by org.testng.reporters.JUnitReportReporter -->
<testsuite hostname="IN3241737W1" failures="0" tests="5" name="UMANG.Cowintest.CertificateCorrection2" time="0.000" errors="0" timestamp="2022-08-17T11:27:03 IST" skipped="5">
  <testcase classname="UMANG.Cowintest.CertificateCorrection2" name="ServiceDirectoryDeptnavigation" time="0.000">
    <skipped/>
  </testcase> <!-- ServiceDirectoryDeptnavigation -->
  <system-out/>
  <testcase classname="UMANG.Cowintest.CertificateCorrection2" name="departmentnavigation" time="0.000">
    <skipped/>
  </testcase> <!-- departmentnavigation -->
  <system-out/>
  <testcase classname="UMANG.Cowintest.CertificateCorrection2" name="Correctioncertificate" time="0.000">
    <skipped/>
  </testcase> <!-- Correctioncertificate -->
  <system-out/>
  <testcase classname="UMANG.Cowintest.CertificateCorrection2" name="correctiondetails" time="0.000">
    <skipped/>
  </testcase> <!-- correctiondetails -->
  <system-out/>
  <testcase classname="UMANG.Cowintest.CertificateCorrection2" name="submitdetails" time="0.000">
    <skipped/>
  </testcase> <!-- submitdetails -->
  <system-out/>
</testsuite> <!-- UMANG.Cowintest.CertificateCorrection2 -->
