<?xml version="1.0" encoding="UTF-8"?>
<!-- Generated by org.testng.reporters.JUnitReportReporter -->
<testsuite hostname="DESKTOP-CLFL9AL" failures="0" tests="4" name="eGopala.eGopalaSexedSortedSemendetailsTestcases" time="0.000" errors="0" timestamp="2022-12-18T16:48:59 IST" skipped="4">
  <testcase classname="eGopala.eGopalaSexedSortedSemendetailsTestcases" name="allservicesnavigation" time="0.000">
    <skipped/>
  </testcase> <!-- allservicesnavigation -->
  <system-out/>
  <testcase classname="eGopala.eGopalaSexedSortedSemendetailsTestcases" name="eGopaladepartmentnavigation" time="0.000">
    <skipped/>
  </testcase> <!-- eGopaladepartmentnavigation -->
  <system-out/>
  <testcase classname="eGopala.eGopalaSexedSortedSemendetailsTestcases" name="eGopalasexedsortedsemendetailsservicenavigation" time="0.000">
    <skipped/>
  </testcase> <!-- eGopalasexedsortedsemendetailsservicenavigation -->
  <system-out/>
  <testcase classname="eGopala.eGopalaSexedSortedSemendetailsTestcases" name="eGopalasextedsortedsemensbacktodirectory" time="0.000">
    <skipped/>
  </testcase> <!-- eGopalasextedsortedsemensbacktodirectory -->
  <system-out/>
</testsuite> <!-- eGopala.eGopalaSexedSortedSemendetailsTestcases -->
