<?xml version="1.0" encoding="UTF-8"?>
<!-- Generated by org.testng.reporters.JUnitReportReporter -->
<testsuite hostname="DESKTOP-CLFL9AL" failures="0" tests="8" name="SPEmploymentDepartment.RegistrationForJobSeekerTestCases" time="29.773" errors="0" timestamp="2024-04-12T00:35:51 IST" skipped="0">
  <testcase classname="SPEmploymentDepartment.RegistrationForJobSeekerTestCases" name="allservicesnavigation" time="6.801"/>
  <system-out/>
  <testcase classname="SPEmploymentDepartment.RegistrationForJobSeekerTestCases" name="DeptNavigation" time="5.122"/>
  <system-out/>
  <testcase classname="SPEmploymentDepartment.RegistrationForJobSeekerTestCases" name="Seeinfoclick" time="3.055"/>
  <system-out/>
  <testcase classname="SPEmploymentDepartment.RegistrationForJobSeekerTestCases" name="VisitServiceclick" time="5.458"/>
  <system-out/>
  <testcase classname="SPEmploymentDepartment.RegistrationForJobSeekerTestCases" name="refreshpage" time="4.479"/>
  <system-out/>
  <testcase classname="SPEmploymentDepartment.RegistrationForJobSeekerTestCases" name="ServiceNavigationTestCase" time="4.324"/>
  <system-out/>
  <testcase classname="SPEmploymentDepartment.RegistrationForJobSeekerTestCases" name="ServicePlusPageTestCase" time="0.320"/>
  <system-out/>
  <testcase classname="SPEmploymentDepartment.RegistrationForJobSeekerTestCases" name="IMbacktodirectory" time="0.214"/>
  <system-out/>
</testsuite> <!-- SPEmploymentDepartment.RegistrationForJobSeekerTestCases -->
