<?xml version="1.0" encoding="UTF-8"?>
<!-- Generated by org.testng.reporters.JUnitReportReporter -->
<testsuite hostname="DESKTOP-CLFL9AL" failures="0" tests="6" name="SPSocialJusticeEmpowerment.Duplicatetestcase" time="0.000" errors="0" timestamp="2023-12-22T13:21:45 IST" skipped="6">
  <testcase classname="SPSocialJusticeEmpowerment.Duplicatetestcase" name="allservicesnavigation" time="0.000">
    <skipped/>
  </testcase> <!-- allservicesnavigation -->
  <system-out/>
  <testcase classname="SPSocialJusticeEmpowerment.Duplicatetestcase" name="Deptnavigation" time="0.000">
    <skipped/>
  </testcase> <!-- Deptnavigation -->
  <system-out/>
  <testcase classname="SPSocialJusticeEmpowerment.Duplicatetestcase" name="LogocheckTestCases" time="0.000">
    <skipped/>
  </testcase> <!-- LogocheckTestCases -->
  <system-out/>
  <testcase classname="SPSocialJusticeEmpowerment.Duplicatetestcase" name="ServicecountTestCases" time="0.000">
    <skipped/>
  </testcase> <!-- ServicecountTestCases -->
  <system-out/>
  <testcase classname="SPSocialJusticeEmpowerment.Duplicatetestcase" name="duplicateTestCases" time="0.000">
    <skipped/>
  </testcase> <!-- duplicateTestCases -->
  <system-out/>
  <testcase classname="SPSocialJusticeEmpowerment.Duplicatetestcase" name="IMbacktodirectory" time="0.000">
    <skipped/>
  </testcase> <!-- IMbacktodirectory -->
  <system-out/>
</testsuite> <!-- SPSocialJusticeEmpowerment.Duplicatetestcase -->
