<?xml version="1.0" encoding="UTF-8"?>
<!-- Generated by org.testng.reporters.JUnitReportReporter -->
<testsuite hostname="DESKTOP-CLFL9AL" failures="0" tests="10" name="UMANG.Cowintest.JASSearchMedicineTestCases" time="0.000" errors="0" timestamp="2022-12-18T16:48:59 IST" skipped="10">
  <testcase classname="UMANG.Cowintest.JASSearchMedicineTestCases" name="Medicinedeletebookmark" time="0.000">
    <skipped/>
  </testcase> <!-- Medicinedeletebookmark -->
  <system-out/>
  <testcase classname="UMANG.Cowintest.JASSearchMedicineTestCases" name="allservicesnavigation" time="0.000">
    <skipped/>
  </testcase> <!-- allservicesnavigation -->
  <system-out/>
  <testcase classname="UMANG.Cowintest.JASSearchMedicineTestCases" name="JASdepartmentnavigation" time="0.000">
    <skipped/>
  </testcase> <!-- JASdepartmentnavigation -->
  <system-out/>
  <testcase classname="UMANG.Cowintest.JASSearchMedicineTestCases" name="JASServiceNavigation" time="0.000">
    <skipped/>
  </testcase> <!-- JASServiceNavigation -->
  <system-out/>
  <testcase classname="UMANG.Cowintest.JASSearchMedicineTestCases" name="JASverifyrecord" time="0.000">
    <skipped/>
  </testcase> <!-- JASverifyrecord -->
  <system-out/>
  <testcase classname="UMANG.Cowintest.JASSearchMedicineTestCases" name="searchrecord" time="0.000">
    <skipped/>
  </testcase> <!-- searchrecord -->
  <system-out/>
  <testcase classname="UMANG.Cowintest.JASSearchMedicineTestCases" name="Medicineotherbrands" time="0.000">
    <skipped/>
  </testcase> <!-- Medicineotherbrands -->
  <system-out/>
  <testcase classname="UMANG.Cowintest.JASSearchMedicineTestCases" name="neareststore" time="0.000">
    <skipped/>
  </testcase> <!-- neareststore -->
  <system-out/>
  <testcase classname="UMANG.Cowintest.JASSearchMedicineTestCases" name="Medicineaddbookmark" time="0.000">
    <skipped/>
  </testcase> <!-- Medicineaddbookmark -->
  <system-out/>
  <testcase classname="UMANG.Cowintest.JASSearchMedicineTestCases" name="GSTNbacktoservicedirectory" time="0.000">
    <skipped/>
  </testcase> <!-- GSTNbacktoservicedirectory -->
  <system-out/>
</testsuite> <!-- UMANG.Cowintest.JASSearchMedicineTestCases -->
