<?xml version="1.0" encoding="UTF-8"?>
<!-- Generated by org.testng.reporters.JUnitReportReporter -->
<testsuite hostname="DESKTOP-CLFL9AL" failures="0" tests="5" name="Elderline.ElderlineContactUsTestCases" time="23.475" errors="0" timestamp="2023-01-04T16:18:50 IST" skipped="0">
  <testcase classname="Elderline.ElderlineContactUsTestCases" name="allservicesnavigation" time="13.113"/>
  <system-out/>
  <testcase classname="Elderline.ElderlineContactUsTestCases" name="Elderlinedepartmentnavigation" time="7.137"/>
  <system-out/>
  <testcase classname="Elderline.ElderlineContactUsTestCases" name="ElderlinecontactusTestCases" time="0.756"/>
  <system-out/>
  <testcase classname="Elderline.ElderlineContactUsTestCases" name="contactusdetailTestCases" time="0.855"/>
  <system-out/>
  <testcase classname="Elderline.ElderlineContactUsTestCases" name="IMbacktodirectory" time="1.614"/>
  <system-out/>
</testsuite> <!-- Elderline.ElderlineContactUsTestCases -->
