<?xml version="1.0" encoding="UTF-8"?>
<!-- Generated by org.testng.reporters.JUnitReportReporter -->
<testsuite hostname="DESKTOP-CLFL9AL" failures="0" tests="8" name="SPDirectorateofFisheries.RegistrationforTransportofFishandFisheryProductsfromIslandsTestCase" time="29.382" errors="0" timestamp="2024-04-12T00:35:51 IST" skipped="0">
  <testcase classname="SPDirectorateofFisheries.RegistrationforTransportofFishandFisheryProductsfromIslandsTestCase" name="allservicesnavigation" time="6.552"/>
  <system-out/>
  <testcase classname="SPDirectorateofFisheries.RegistrationforTransportofFishandFisheryProductsfromIslandsTestCase" name="DeptNavigation" time="5.199"/>
  <system-out/>
  <testcase classname="SPDirectorateofFisheries.RegistrationforTransportofFishandFisheryProductsfromIslandsTestCase" name="Seeinfoclick" time="3.000"/>
  <system-out/>
  <testcase classname="SPDirectorateofFisheries.RegistrationforTransportofFishandFisheryProductsfromIslandsTestCase" name="VisitServiceclick" time="5.428"/>
  <system-out/>
  <testcase classname="SPDirectorateofFisheries.RegistrationforTransportofFishandFisheryProductsfromIslandsTestCase" name="refreshpage" time="4.449"/>
  <system-out/>
  <testcase classname="SPDirectorateofFisheries.RegistrationforTransportofFishandFisheryProductsfromIslandsTestCase" name="ServiceNavigationTestCase" time="4.331"/>
  <system-out/>
  <testcase classname="SPDirectorateofFisheries.RegistrationforTransportofFishandFisheryProductsfromIslandsTestCase" name="ServicePlusPageTestCase" time="0.219"/>
  <system-out/>
  <testcase classname="SPDirectorateofFisheries.RegistrationforTransportofFishandFisheryProductsfromIslandsTestCase" name="IMbacktodirectory" time="0.204"/>
  <system-out/>
</testsuite> <!-- SPDirectorateofFisheries.RegistrationforTransportofFishandFisheryProductsfromIslandsTestCase -->
