<?xml version="1.0" encoding="UTF-8"?>
<!-- Generated by org.testng.reporters.JUnitReportReporter -->
<testsuite hostname="DESKTOP-CLFL9AL" failures="0" tests="5" name="SPDepOfPersonnelAdministrativeReforms.IncomeTestCases" time="22.558" errors="0" timestamp="2023-05-02T08:58:03 IST" skipped="0">
  <testcase classname="SPDepOfPersonnelAdministrativeReforms.IncomeTestCases" name="allservicesnavigation" time="8.902"/>
  <system-out/>
  <testcase classname="SPDepOfPersonnelAdministrativeReforms.IncomeTestCases" name="Incomenavigation" time="5.233"/>
  <system-out/>
  <testcase classname="SPDepOfPersonnelAdministrativeReforms.IncomeTestCases" name="Income1TestCases" time="4.191"/>
  <system-out/>
  <testcase classname="SPDepOfPersonnelAdministrativeReforms.IncomeTestCases" name="Income2TestCase" time="0.365"/>
  <system-out/>
  <testcase classname="SPDepOfPersonnelAdministrativeReforms.IncomeTestCases" name="IMbacktodirectory" time="3.867"/>
  <system-out/>
</testsuite> <!-- SPDepOfPersonnelAdministrativeReforms.IncomeTestCases -->
