<?xml version="1.0" encoding="UTF-8"?>
<!-- Generated by org.testng.reporters.JUnitReportReporter -->
<testsuite hostname="DESKTOP-CLFL9AL" failures="0" tests="5" name="eGopala.eGopalaRegisterationTestCases" time="0.000" errors="0" timestamp="2022-12-18T16:48:58 IST" skipped="5">
  <testcase classname="eGopala.eGopalaRegisterationTestCases" name="allservicesnavigation" time="0.000">
    <skipped/>
  </testcase> <!-- allservicesnavigation -->
  <system-out/>
  <testcase classname="eGopala.eGopalaRegisterationTestCases" name="eGopaladepartmentnavigation" time="0.000">
    <skipped/>
  </testcase> <!-- eGopaladepartmentnavigation -->
  <system-out/>
  <testcase classname="eGopala.eGopalaRegisterationTestCases" name="eGopalaregisterationservicenavigation" time="0.000">
    <skipped/>
  </testcase> <!-- eGopalaregisterationservicenavigation -->
  <system-out/>
  <testcase classname="eGopala.eGopalaRegisterationTestCases" name="eGopalaviewprofile" time="0.000">
    <skipped/>
  </testcase> <!-- eGopalaviewprofile -->
  <system-out/>
  <testcase classname="eGopala.eGopalaRegisterationTestCases" name="eGopalaregisterationbacktodirectory" time="0.000">
    <skipped/>
  </testcase> <!-- eGopalaregisterationbacktodirectory -->
  <system-out/>
</testsuite> <!-- eGopala.eGopalaRegisterationTestCases -->
