<?xml version="1.0" encoding="UTF-8"?>
<!-- Generated by org.testng.reporters.JUnitReportReporter -->
<testsuite hostname="DESKTOP-CLFL9AL" failures="0" tests="5" name="SPDirectorateOfSchoolEducation.AnnualExamTestCase" time="21.444" errors="0" timestamp="2023-05-02T07:30:02 IST" skipped="0">
  <testcase classname="SPDirectorateOfSchoolEducation.AnnualExamTestCase" name="allservicesnavigation" time="9.534"/>
  <system-out/>
  <testcase classname="SPDirectorateOfSchoolEducation.AnnualExamTestCase" name="AnnualExamnavigation" time="5.668"/>
  <system-out/>
  <testcase classname="SPDirectorateOfSchoolEducation.AnnualExamTestCase" name="AnnualExam1TestCases" time="4.833"/>
  <system-out/>
  <testcase classname="SPDirectorateOfSchoolEducation.AnnualExamTestCase" name="AnnualExam2TestCase" time="0.161"/>
  <system-out/>
  <testcase classname="SPDirectorateOfSchoolEducation.AnnualExamTestCase" name="IMbacktodirectory" time="1.248"/>
  <system-out/>
</testsuite> <!-- SPDirectorateOfSchoolEducation.AnnualExamTestCase -->
