<?xml version="1.0" encoding="UTF-8"?>
<!-- Generated by org.testng.reporters.JUnitReportReporter -->
<testsuite hostname="DESKTOP-CLFL9AL" failures="0" tests="6" name="DelhiPolice.DPTowedVehicleTestCases" time="0.000" errors="0" timestamp="2022-12-18T16:48:57 IST" skipped="6">
  <testcase classname="DelhiPolice.DPTowedVehicleTestCases" name="allservicesnavigation" time="0.000">
    <skipped/>
  </testcase> <!-- allservicesnavigation -->
  <system-out/>
  <testcase classname="DelhiPolice.DPTowedVehicleTestCases" name="DelhiPolicedepartmentnavigation" time="0.000">
    <skipped/>
  </testcase> <!-- DelhiPolicedepartmentnavigation -->
  <system-out/>
  <testcase classname="DelhiPolice.DPTowedVehicleTestCases" name="DPtowedvehicleservicenavigation" time="0.000">
    <skipped/>
  </testcase> <!-- DPtowedvehicleservicenavigation -->
  <system-out/>
  <testcase classname="DelhiPolice.DPTowedVehicleTestCases" name="DPtowedvehicledata" time="0.000">
    <skipped/>
  </testcase> <!-- DPtowedvehicledata -->
  <system-out/>
  <testcase classname="DelhiPolice.DPTowedVehicleTestCases" name="DPtowedvehicledatasearch" time="0.000">
    <skipped/>
  </testcase> <!-- DPtowedvehicledatasearch -->
  <system-out/>
  <testcase classname="DelhiPolice.DPTowedVehicleTestCases" name="SSbacktodirectory" time="0.000">
    <skipped/>
  </testcase> <!-- SSbacktodirectory -->
  <system-out/>
</testsuite> <!-- DelhiPolice.DPTowedVehicleTestCases -->
