<?xml version="1.0" encoding="UTF-8"?>
<!-- Generated by org.testng.reporters.JUnitReportReporter -->
<testsuite hostname="DESKTOP-CLFL9AL" failures="0" tests="5" name="SPEducationDepartment.CBSESchoolTestCase" time="21.766" errors="0" timestamp="2023-05-02T07:30:03 IST" skipped="0">
  <testcase classname="SPEducationDepartment.CBSESchoolTestCase" name="allservicesnavigation" time="10.971"/>
  <system-out/>
  <testcase classname="SPEducationDepartment.CBSESchoolTestCase" name="CBSESchoolnavigation" time="5.146"/>
  <system-out/>
  <testcase classname="SPEducationDepartment.CBSESchoolTestCase" name="CBSESchool1TestCases" time="4.217"/>
  <system-out/>
  <testcase classname="SPEducationDepartment.CBSESchoolTestCase" name="CBSESchool2TestCase" time="0.167"/>
  <system-out/>
  <testcase classname="SPEducationDepartment.CBSESchoolTestCase" name="IMbacktodirectory" time="1.265"/>
  <system-out/>
</testsuite> <!-- SPEducationDepartment.CBSESchoolTestCase -->
