<?xml version="1.0" encoding="UTF-8"?>
<!-- Generated by org.testng.reporters.JUnitReportReporter -->
<testsuite hostname="DESKTOP-CLFL9AL" failures="0" tests="7" name="SPDirectorateOfHealthServices.Duplicatetestcase" time="14.782" errors="0" timestamp="2024-04-12T00:35:51 IST" skipped="0">
  <testcase classname="SPDirectorateOfHealthServices.Duplicatetestcase" name="allservicesnavigation" time="6.575"/>
  <system-out/>
  <testcase classname="SPDirectorateOfHealthServices.Duplicatetestcase" name="Deptnavigation" time="4.285"/>
  <system-out/>
  <testcase classname="SPDirectorateOfHealthServices.Duplicatetestcase" name="ServicecountTestCases" time="0.147"/>
  <system-out/>
  <testcase classname="SPDirectorateOfHealthServices.Duplicatetestcase" name="duplicateTestCases" time="0.213"/>
  <system-out/>
  <testcase classname="SPDirectorateOfHealthServices.Duplicatetestcase" name="servicecountfromexcel" time="0.326"/>
  <system-out/>
  <testcase classname="SPDirectorateOfHealthServices.Duplicatetestcase" name="InformationTestCases" time="3.028"/>
  <system-out/>
  <testcase classname="SPDirectorateOfHealthServices.Duplicatetestcase" name="IMbacktodirectory" time="0.208"/>
  <system-out/>
</testsuite> <!-- SPDirectorateOfHealthServices.Duplicatetestcase -->
