<?xml version="1.0" encoding="UTF-8"?>
<!-- Generated by org.testng.reporters.JUnitReportReporter -->
<testsuite hostname="DESKTOP-CLFL9AL" failures="0" tests="8" name="SPLabourDepartment.DisabilityPensionforregisteredworkerofHBOCWWBoardTestCases" time="28.893" errors="0" timestamp="2024-04-12T00:35:51 IST" skipped="0">
  <testcase classname="SPLabourDepartment.DisabilityPensionforregisteredworkerofHBOCWWBoardTestCases" name="allservicesnavigation" time="6.700"/>
  <system-out/>
  <testcase classname="SPLabourDepartment.DisabilityPensionforregisteredworkerofHBOCWWBoardTestCases" name="DeptNavigation" time="4.274"/>
  <system-out/>
  <testcase classname="SPLabourDepartment.DisabilityPensionforregisteredworkerofHBOCWWBoardTestCases" name="Seeinfoclick" time="3.142"/>
  <system-out/>
  <testcase classname="SPLabourDepartment.DisabilityPensionforregisteredworkerofHBOCWWBoardTestCases" name="VisitServiceclick" time="5.503"/>
  <system-out/>
  <testcase classname="SPLabourDepartment.DisabilityPensionforregisteredworkerofHBOCWWBoardTestCases" name="refreshpage" time="4.389"/>
  <system-out/>
  <testcase classname="SPLabourDepartment.DisabilityPensionforregisteredworkerofHBOCWWBoardTestCases" name="ServiceNavigationTestCase" time="4.328"/>
  <system-out/>
  <testcase classname="SPLabourDepartment.DisabilityPensionforregisteredworkerofHBOCWWBoardTestCases" name="ServicePlusPageTestCase" time="0.337"/>
  <system-out/>
  <testcase classname="SPLabourDepartment.DisabilityPensionforregisteredworkerofHBOCWWBoardTestCases" name="IMbacktodirectory" time="0.220"/>
  <system-out/>
</testsuite> <!-- SPLabourDepartment.DisabilityPensionforregisteredworkerofHBOCWWBoardTestCases -->
