<?xml version="1.0" encoding="UTF-8"?>
<!-- Generated by org.testng.reporters.JUnitReportReporter -->
<testsuite hostname="DESKTOP-CLFL9AL" failures="0" tests="8" name="SPAgricultureDep.Duplicatetestcase" time="17.190" errors="0" timestamp="2024-04-12T00:35:51 IST" skipped="0">
  <testcase classname="SPAgricultureDep.Duplicatetestcase" name="allservicesnavigation" time="6.751"/>
  <system-out/>
  <testcase classname="SPAgricultureDep.Duplicatetestcase" name="Deptnavigation" time="4.116"/>
  <system-out/>
  <testcase classname="SPAgricultureDep.Duplicatetestcase" name="LogocheckTestCases" time="1.456"/>
  <system-out/>
  <testcase classname="SPAgricultureDep.Duplicatetestcase" name="ServicecountTestCases" time="0.072"/>
  <system-out/>
  <testcase classname="SPAgricultureDep.Duplicatetestcase" name="duplicateTestCases" time="0.141"/>
  <system-out/>
  <testcase classname="SPAgricultureDep.Duplicatetestcase" name="servicecountfromexcel" time="1.452"/>
  <system-out/>
  <testcase classname="SPAgricultureDep.Duplicatetestcase" name="InformationTestCases" time="2.991"/>
  <system-out/>
  <testcase classname="SPAgricultureDep.Duplicatetestcase" name="IMbacktodirectory" time="0.211"/>
  <system-out/>
</testsuite> <!-- SPAgricultureDep.Duplicatetestcase -->
