<?xml version="1.0" encoding="UTF-8"?>
<!-- Generated by org.testng.reporters.JUnitReportReporter -->
<testsuite hostname="DESKTOP-CLFL9AL" failures="0" tests="8" name="SPLabourDepartment.DisabilityAssistanceforregisteredworkerofHBOCWWBoardTestCases" time="30.009" errors="0" timestamp="2024-04-12T00:35:51 IST" skipped="0">
  <testcase classname="SPLabourDepartment.DisabilityAssistanceforregisteredworkerofHBOCWWBoardTestCases" name="allservicesnavigation" time="6.748"/>
  <system-out/>
  <testcase classname="SPLabourDepartment.DisabilityAssistanceforregisteredworkerofHBOCWWBoardTestCases" name="DeptNavigation" time="5.184"/>
  <system-out/>
  <testcase classname="SPLabourDepartment.DisabilityAssistanceforregisteredworkerofHBOCWWBoardTestCases" name="Seeinfoclick" time="3.126"/>
  <system-out/>
  <testcase classname="SPLabourDepartment.DisabilityAssistanceforregisteredworkerofHBOCWWBoardTestCases" name="VisitServiceclick" time="5.521"/>
  <system-out/>
  <testcase classname="SPLabourDepartment.DisabilityAssistanceforregisteredworkerofHBOCWWBoardTestCases" name="refreshpage" time="4.450"/>
  <system-out/>
  <testcase classname="SPLabourDepartment.DisabilityAssistanceforregisteredworkerofHBOCWWBoardTestCases" name="ServiceNavigationTestCase" time="4.354"/>
  <system-out/>
  <testcase classname="SPLabourDepartment.DisabilityAssistanceforregisteredworkerofHBOCWWBoardTestCases" name="ServicePlusPageTestCase" time="0.378"/>
  <system-out/>
  <testcase classname="SPLabourDepartment.DisabilityAssistanceforregisteredworkerofHBOCWWBoardTestCases" name="IMbacktodirectory" time="0.248"/>
  <system-out/>
</testsuite> <!-- SPLabourDepartment.DisabilityAssistanceforregisteredworkerofHBOCWWBoardTestCases -->
