<?xml version="1.0" encoding="UTF-8"?>
<!-- Generated by org.testng.reporters.JUnitReportReporter -->
<testsuite hostname="DESKTOP-CLFL9AL" failures="0" tests="5" name="SPDepOfSocialWelfare.physicallyhandicappedTestCase" time="20.672" errors="0" timestamp="2023-05-02T07:30:03 IST" skipped="0">
  <testcase classname="SPDepOfSocialWelfare.physicallyhandicappedTestCase" name="allservicesnavigation" time="9.678"/>
  <system-out/>
  <testcase classname="SPDepOfSocialWelfare.physicallyhandicappedTestCase" name="physicallyhandicappednavigation" time="5.302"/>
  <system-out/>
  <testcase classname="SPDepOfSocialWelfare.physicallyhandicappedTestCase" name="physicallyhandicapped1TestCases" time="4.292"/>
  <system-out/>
  <testcase classname="SPDepOfSocialWelfare.physicallyhandicappedTestCase" name="physicallyhandicapped2TestCase" time="0.173"/>
  <system-out/>
  <testcase classname="SPDepOfSocialWelfare.physicallyhandicappedTestCase" name="IMbacktodirectory" time="1.227"/>
  <system-out/>
</testsuite> <!-- SPDepOfSocialWelfare.physicallyhandicappedTestCase -->
