<?xml version="1.0" encoding="UTF-8"?>
<!-- Generated by org.testng.reporters.JUnitReportReporter -->
<testsuite hostname="DESKTOP-CLFL9AL" failures="0" tests="7" name="TNMeeSevaTestCases.TNMeeSevaSearchStatusTestCases" time="0.000" errors="0" timestamp="2022-12-18T16:48:56 IST" skipped="7">
  <testcase classname="TNMeeSevaTestCases.TNMeeSevaSearchStatusTestCases" name="allservicesnavigation" time="0.000">
    <skipped/>
  </testcase> <!-- allservicesnavigation -->
  <system-out/>
  <testcase classname="TNMeeSevaTestCases.TNMeeSevaSearchStatusTestCases" name="TNmeeSevadepartmentnavigation" time="0.000">
    <skipped/>
  </testcase> <!-- TNmeeSevadepartmentnavigation -->
  <system-out/>
  <testcase classname="TNMeeSevaTestCases.TNMeeSevaSearchStatusTestCases" name="TNmeeSevaSearchnavigation" time="0.000">
    <skipped/>
  </testcase> <!-- TNmeeSevaSearchnavigation -->
  <system-out/>
  <testcase classname="TNMeeSevaTestCases.TNMeeSevaSearchStatusTestCases" name="TNmeeSevaSearchstatus" time="0.000">
    <skipped/>
  </testcase> <!-- TNmeeSevaSearchstatus -->
  <system-out/>
  <testcase classname="TNMeeSevaTestCases.TNMeeSevaSearchStatusTestCases" name="TNmeeSevaSearchstatusseeinfo" time="0.000">
    <skipped/>
  </testcase> <!-- TNmeeSevaSearchstatusseeinfo -->
  <system-out/>
  <testcase classname="TNMeeSevaTestCases.TNMeeSevaSearchStatusTestCases" name="TNmeeSevaSearchstatusseeinfovisitservice" time="0.000">
    <skipped/>
  </testcase> <!-- TNmeeSevaSearchstatusseeinfovisitservice -->
  <system-out/>
  <testcase classname="TNMeeSevaTestCases.TNMeeSevaSearchStatusTestCases" name="TNMeeSevabacktodirectory" time="0.000">
    <skipped/>
  </testcase> <!-- TNMeeSevabacktodirectory -->
  <system-out/>
</testsuite> <!-- TNMeeSevaTestCases.TNMeeSevaSearchStatusTestCases -->
