<?xml version="1.0" encoding="UTF-8"?>
<!-- Generated by org.testng.reporters.JUnitReportReporter -->
<testsuite hostname="DESKTOP-CLFL9AL" failures="0" tests="8" name="SPLabourDepartment.BicycleSchemeforregisteredworkerofHBOCWWBoardTestCases" time="29.514" errors="0" timestamp="2024-04-12T00:35:51 IST" skipped="0">
  <testcase classname="SPLabourDepartment.BicycleSchemeforregisteredworkerofHBOCWWBoardTestCases" name="allservicesnavigation" time="6.639"/>
  <system-out/>
  <testcase classname="SPLabourDepartment.BicycleSchemeforregisteredworkerofHBOCWWBoardTestCases" name="DeptNavigation" time="5.439"/>
  <system-out/>
  <testcase classname="SPLabourDepartment.BicycleSchemeforregisteredworkerofHBOCWWBoardTestCases" name="Seeinfoclick" time="3.071"/>
  <system-out/>
  <testcase classname="SPLabourDepartment.BicycleSchemeforregisteredworkerofHBOCWWBoardTestCases" name="VisitServiceclick" time="5.434"/>
  <system-out/>
  <testcase classname="SPLabourDepartment.BicycleSchemeforregisteredworkerofHBOCWWBoardTestCases" name="refreshpage" time="3.961"/>
  <system-out/>
  <testcase classname="SPLabourDepartment.BicycleSchemeforregisteredworkerofHBOCWWBoardTestCases" name="ServiceNavigationTestCase" time="4.412"/>
  <system-out/>
  <testcase classname="SPLabourDepartment.BicycleSchemeforregisteredworkerofHBOCWWBoardTestCases" name="ServicePlusPageTestCase" time="0.327"/>
  <system-out/>
  <testcase classname="SPLabourDepartment.BicycleSchemeforregisteredworkerofHBOCWWBoardTestCases" name="IMbacktodirectory" time="0.231"/>
  <system-out/>
</testsuite> <!-- SPLabourDepartment.BicycleSchemeforregisteredworkerofHBOCWWBoardTestCases -->
