<?xml version="1.0" encoding="UTF-8"?>
<!-- Generated by org.testng.reporters.JUnitReportReporter -->
<testsuite hostname="DESKTOP-CLFL9AL" failures="0" tests="8" name="SPEducationDepartment.RegistrationofElementarySchoolsunderRighttoEducationEoDBTestCase" time="29.646" errors="0" timestamp="2024-04-12T00:35:51 IST" skipped="0">
  <testcase classname="SPEducationDepartment.RegistrationofElementarySchoolsunderRighttoEducationEoDBTestCase" name="allservicesnavigation" time="6.820"/>
  <system-out/>
  <testcase classname="SPEducationDepartment.RegistrationofElementarySchoolsunderRighttoEducationEoDBTestCase" name="DeptNavigation" time="5.151"/>
  <system-out/>
  <testcase classname="SPEducationDepartment.RegistrationofElementarySchoolsunderRighttoEducationEoDBTestCase" name="Seeinfoclick" time="2.999"/>
  <system-out/>
  <testcase classname="SPEducationDepartment.RegistrationofElementarySchoolsunderRighttoEducationEoDBTestCase" name="VisitServiceclick" time="5.434"/>
  <system-out/>
  <testcase classname="SPEducationDepartment.RegistrationofElementarySchoolsunderRighttoEducationEoDBTestCase" name="refreshpage" time="4.462"/>
  <system-out/>
  <testcase classname="SPEducationDepartment.RegistrationofElementarySchoolsunderRighttoEducationEoDBTestCase" name="ServiceNavigationTestCase" time="4.309"/>
  <system-out/>
  <testcase classname="SPEducationDepartment.RegistrationofElementarySchoolsunderRighttoEducationEoDBTestCase" name="ServicePlusPageTestCase" time="0.259"/>
  <system-out/>
  <testcase classname="SPEducationDepartment.RegistrationofElementarySchoolsunderRighttoEducationEoDBTestCase" name="IMbacktodirectory" time="0.212"/>
  <system-out/>
</testsuite> <!-- SPEducationDepartment.RegistrationofElementarySchoolsunderRighttoEducationEoDBTestCase -->
