<?xml version="1.0" encoding="UTF-8"?>
<!-- Generated by org.testng.reporters.JUnitReportReporter -->
<testsuite hostname="DESKTOP-CLFL9AL" failures="0" tests="5" name="eGopala.eGopalaBuyingofBovinesByFarmersTestCases" time="0.000" errors="0" timestamp="2022-12-18T16:48:58 IST" skipped="5">
  <testcase classname="eGopala.eGopalaBuyingofBovinesByFarmersTestCases" name="allservicesnavigation" time="0.000">
    <skipped/>
  </testcase> <!-- allservicesnavigation -->
  <system-out/>
  <testcase classname="eGopala.eGopalaBuyingofBovinesByFarmersTestCases" name="eGopaladepartmentnavigation" time="0.000">
    <skipped/>
  </testcase> <!-- eGopaladepartmentnavigation -->
  <system-out/>
  <testcase classname="eGopala.eGopalaBuyingofBovinesByFarmersTestCases" name="eGopalabuyingbovinesservicenavigation" time="0.000">
    <skipped/>
  </testcase> <!-- eGopalabuyingbovinesservicenavigation -->
  <system-out/>
  <testcase classname="eGopala.eGopalaBuyingofBovinesByFarmersTestCases" name="eGopalabuyingbovinessearchanimal" time="0.000">
    <skipped/>
  </testcase> <!-- eGopalabuyingbovinessearchanimal -->
  <system-out/>
  <testcase classname="eGopala.eGopalaBuyingofBovinesByFarmersTestCases" name="eGopalabuyingbovinebacktodirectory" time="0.000">
    <skipped/>
  </testcase> <!-- eGopalabuyingbovinebacktodirectory -->
  <system-out/>
</testsuite> <!-- eGopala.eGopalaBuyingofBovinesByFarmersTestCases -->
