<?xml version="1.0" encoding="UTF-8"?>
<!-- Generated by org.testng.reporters.JUnitReportReporter -->
<testsuite hostname="DESKTOP-CLFL9AL" failures="0" tests="8" name="SPFisheriesDepartment.ApplicationforsubsidyforSchemefortheIntensiveFisheriesDevelopmentProgrammeinFisheriesSectorTestCases" time="29.849" errors="0" timestamp="2024-04-12T00:35:51 IST" skipped="0">
  <testcase classname="SPFisheriesDepartment.ApplicationforsubsidyforSchemefortheIntensiveFisheriesDevelopmentProgrammeinFisheriesSectorTestCases" name="allservicesnavigation" time="6.697"/>
  <system-out/>
  <testcase classname="SPFisheriesDepartment.ApplicationforsubsidyforSchemefortheIntensiveFisheriesDevelopmentProgrammeinFisheriesSectorTestCases" name="DeptNavigation" time="5.149"/>
  <system-out/>
  <testcase classname="SPFisheriesDepartment.ApplicationforsubsidyforSchemefortheIntensiveFisheriesDevelopmentProgrammeinFisheriesSectorTestCases" name="Seeinfoclick" time="3.077"/>
  <system-out/>
  <testcase classname="SPFisheriesDepartment.ApplicationforsubsidyforSchemefortheIntensiveFisheriesDevelopmentProgrammeinFisheriesSectorTestCases" name="VisitServiceclick" time="5.496"/>
  <system-out/>
  <testcase classname="SPFisheriesDepartment.ApplicationforsubsidyforSchemefortheIntensiveFisheriesDevelopmentProgrammeinFisheriesSectorTestCases" name="refreshpage" time="4.552"/>
  <system-out/>
  <testcase classname="SPFisheriesDepartment.ApplicationforsubsidyforSchemefortheIntensiveFisheriesDevelopmentProgrammeinFisheriesSectorTestCases" name="ServiceNavigationTestCase" time="4.407"/>
  <system-out/>
  <testcase classname="SPFisheriesDepartment.ApplicationforsubsidyforSchemefortheIntensiveFisheriesDevelopmentProgrammeinFisheriesSectorTestCases" name="ServicePlusPageTestCase" time="0.233"/>
  <system-out/>
  <testcase classname="SPFisheriesDepartment.ApplicationforsubsidyforSchemefortheIntensiveFisheriesDevelopmentProgrammeinFisheriesSectorTestCases" name="IMbacktodirectory" time="0.238"/>
  <system-out/>
</testsuite> <!-- SPFisheriesDepartment.ApplicationforsubsidyforSchemefortheIntensiveFisheriesDevelopmentProgrammeinFisheriesSectorTestCases -->
