<?xml version="1.0" encoding="UTF-8"?>
<!-- Generated by org.testng.reporters.JUnitReportReporter -->
<testsuite hostname="DESKTOP-CLFL9AL" failures="0" tests="6" name="UMANG.Cowintest.JASAboutUSTestcases" time="0.000" errors="0" timestamp="2022-12-18T16:48:59 IST" skipped="6">
  <testcase classname="UMANG.Cowintest.JASAboutUSTestcases" name="allservicesnavigation" time="0.000">
    <skipped/>
  </testcase> <!-- allservicesnavigation -->
  <system-out/>
  <testcase classname="UMANG.Cowintest.JASAboutUSTestcases" name="JASdepartmentnavigation" time="0.000">
    <skipped/>
  </testcase> <!-- JASdepartmentnavigation -->
  <system-out/>
  <testcase classname="UMANG.Cowintest.JASAboutUSTestcases" name="JASaboutusServiceNavigation" time="0.000">
    <skipped/>
  </testcase> <!-- JASaboutusServiceNavigation -->
  <system-out/>
  <testcase classname="UMANG.Cowintest.JASAboutUSTestcases" name="JASAboutPMBJP" time="0.000">
    <skipped/>
  </testcase> <!-- JASAboutPMBJP -->
  <system-out/>
  <testcase classname="UMANG.Cowintest.JASAboutUSTestcases" name="JASAboutPMBI" time="0.000">
    <skipped/>
  </testcase> <!-- JASAboutPMBI -->
  <system-out/>
  <testcase classname="UMANG.Cowintest.JASAboutUSTestcases" name="JASbacktoservicedirectory" time="0.000">
    <skipped/>
  </testcase> <!-- JASbacktoservicedirectory -->
  <system-out/>
</testsuite> <!-- UMANG.Cowintest.JASAboutUSTestcases -->
