<?xml version="1.0" encoding="UTF-8"?>
<!-- Generated by org.testng.reporters.JUnitReportReporter -->
<testsuite hostname="DESKTOP-CLFL9AL" failures="0" tests="5" name="SPDepOfPersonnelAdministrativeReforms.ResidentCertificateTestCases" time="17.676" errors="0" timestamp="2023-05-02T08:58:03 IST" skipped="0">
  <testcase classname="SPDepOfPersonnelAdministrativeReforms.ResidentCertificateTestCases" name="allservicesnavigation" time="8.850"/>
  <system-out/>
  <testcase classname="SPDepOfPersonnelAdministrativeReforms.ResidentCertificateTestCases" name="ResidentCertificatenavigation" time="3.168"/>
  <system-out/>
  <testcase classname="SPDepOfPersonnelAdministrativeReforms.ResidentCertificateTestCases" name="ResidentCertificate1TestCases" time="4.223"/>
  <system-out/>
  <testcase classname="SPDepOfPersonnelAdministrativeReforms.ResidentCertificateTestCases" name="ResidentCertificate2TestCase" time="0.254"/>
  <system-out/>
  <testcase classname="SPDepOfPersonnelAdministrativeReforms.ResidentCertificateTestCases" name="IMbacktodirectory" time="1.181"/>
  <system-out/>
</testsuite> <!-- SPDepOfPersonnelAdministrativeReforms.ResidentCertificateTestCases -->
