<?xml version="1.0" encoding="UTF-8"?>
<!-- Generated by org.testng.reporters.JUnitReportReporter -->
<testsuite hostname="DESKTOP-CLFL9AL" failures="0" tests="8" name="SPLabourDepartment.SewingMachineSchemeforregisteredWomenworkersofHBOCWWBoardTestCases" time="28.992" errors="0" timestamp="2024-04-12T00:35:51 IST" skipped="0">
  <testcase classname="SPLabourDepartment.SewingMachineSchemeforregisteredWomenworkersofHBOCWWBoardTestCases" name="allservicesnavigation" time="6.731"/>
  <system-out/>
  <testcase classname="SPLabourDepartment.SewingMachineSchemeforregisteredWomenworkersofHBOCWWBoardTestCases" name="DeptNavigation" time="4.300"/>
  <system-out/>
  <testcase classname="SPLabourDepartment.SewingMachineSchemeforregisteredWomenworkersofHBOCWWBoardTestCases" name="Seeinfoclick" time="3.187"/>
  <system-out/>
  <testcase classname="SPLabourDepartment.SewingMachineSchemeforregisteredWomenworkersofHBOCWWBoardTestCases" name="VisitServiceclick" time="5.470"/>
  <system-out/>
  <testcase classname="SPLabourDepartment.SewingMachineSchemeforregisteredWomenworkersofHBOCWWBoardTestCases" name="refreshpage" time="4.484"/>
  <system-out/>
  <testcase classname="SPLabourDepartment.SewingMachineSchemeforregisteredWomenworkersofHBOCWWBoardTestCases" name="ServiceNavigationTestCase" time="4.340"/>
  <system-out/>
  <testcase classname="SPLabourDepartment.SewingMachineSchemeforregisteredWomenworkersofHBOCWWBoardTestCases" name="ServicePlusPageTestCase" time="0.248"/>
  <system-out/>
  <testcase classname="SPLabourDepartment.SewingMachineSchemeforregisteredWomenworkersofHBOCWWBoardTestCases" name="IMbacktodirectory" time="0.232"/>
  <system-out/>
</testsuite> <!-- SPLabourDepartment.SewingMachineSchemeforregisteredWomenworkersofHBOCWWBoardTestCases -->
