<?xml version="1.0" encoding="UTF-8"?>
<!-- Generated by org.testng.reporters.JUnitReportReporter -->
<testsuite hostname="DESKTOP-CLFL9AL" failures="0" tests="6" name="NTA.NTAJEEPaper2scorecardBAArchandPlanningTestCases" time="0.000" errors="0" timestamp="2022-12-18T16:48:58 IST" skipped="6">
  <testcase classname="NTA.NTAJEEPaper2scorecardBAArchandPlanningTestCases" name="allservicesnavigation" time="0.000">
    <skipped/>
  </testcase> <!-- allservicesnavigation -->
  <system-out/>
  <testcase classname="NTA.NTAJEEPaper2scorecardBAArchandPlanningTestCases" name="NTAservicesnavigation" time="0.000">
    <skipped/>
  </testcase> <!-- NTAservicesnavigation -->
  <system-out/>
  <testcase classname="NTA.NTAJEEPaper2scorecardBAArchandPlanningTestCases" name="NTAJEEpaper2scorecardBAplanningserviceclick" time="0.000">
    <skipped/>
  </testcase> <!-- NTAJEEpaper2scorecardBAplanningserviceclick -->
  <system-out/>
  <testcase classname="NTA.NTAJEEPaper2scorecardBAArchandPlanningTestCases" name="NTAJEEpaper2scorecardcanditatevisible" time="0.000">
    <skipped/>
  </testcase> <!-- NTAJEEpaper2scorecardcanditatevisible -->
  <system-out/>
  <testcase classname="NTA.NTAJEEPaper2scorecardBAArchandPlanningTestCases" name="NTAJEEpaper2scorecardBAplanningserviceclickdownloaddetails" time="0.000">
    <skipped/>
  </testcase> <!-- NTAJEEpaper2scorecardBAplanningserviceclickdownloaddetails -->
  <system-out/>
  <testcase classname="NTA.NTAJEEPaper2scorecardBAArchandPlanningTestCases" name="NTAbacktodirectory" time="0.000">
    <skipped/>
  </testcase> <!-- NTAbacktodirectory -->
  <system-out/>
</testsuite> <!-- NTA.NTAJEEPaper2scorecardBAArchandPlanningTestCases -->
