<?xml version="1.0" encoding="UTF-8"?>
<!-- Generated by org.testng.reporters.JUnitReportReporter -->
<testsuite hostname="DESKTOP-CLFL9AL" failures="0" tests="5" name="GallantaryAwards.GallantaryAwardWarHistoryTestCases" time="0.000" errors="0" timestamp="2022-12-18T16:48:59 IST" skipped="5">
  <testcase classname="GallantaryAwards.GallantaryAwardWarHistoryTestCases" name="allservicesnavigation" time="0.000">
    <skipped/>
  </testcase> <!-- allservicesnavigation -->
  <system-out/>
  <testcase classname="GallantaryAwards.GallantaryAwardWarHistoryTestCases" name="GAdepartmentnavigation" time="0.000">
    <skipped/>
  </testcase> <!-- GAdepartmentnavigation -->
  <system-out/>
  <testcase classname="GallantaryAwards.GallantaryAwardWarHistoryTestCases" name="GAWarhistoryservicenavigation" time="0.000">
    <skipped/>
  </testcase> <!-- GAWarhistoryservicenavigation -->
  <system-out/>
  <testcase classname="GallantaryAwards.GallantaryAwardWarHistoryTestCases" name="GAWarHistorydescription" time="0.000">
    <skipped/>
  </testcase> <!-- GAWarHistorydescription -->
  <system-out/>
  <testcase classname="GallantaryAwards.GallantaryAwardWarHistoryTestCases" name="GAbacktodirectory" time="0.000">
    <skipped/>
  </testcase> <!-- GAbacktodirectory -->
  <system-out/>
</testsuite> <!-- GallantaryAwards.GallantaryAwardWarHistoryTestCases -->
