<?xml version="1.0" encoding="UTF-8"?>
<!-- Generated by org.testng.reporters.JUnitReportReporter -->
<testsuite hostname="DESKTOP-CLFL9AL" failures="0" tests="6" name="GallantaryAwards.GallantaryAwardMotivationalVideosTestCases" time="0.000" errors="0" timestamp="2022-12-18T16:48:58 IST" skipped="6">
  <testcase classname="GallantaryAwards.GallantaryAwardMotivationalVideosTestCases" name="allservicesnavigation" time="0.000">
    <skipped/>
  </testcase> <!-- allservicesnavigation -->
  <system-out/>
  <testcase classname="GallantaryAwards.GallantaryAwardMotivationalVideosTestCases" name="GAdepartmentnavigation" time="0.000">
    <skipped/>
  </testcase> <!-- GAdepartmentnavigation -->
  <system-out/>
  <testcase classname="GallantaryAwards.GallantaryAwardMotivationalVideosTestCases" name="GAmotivationalvideosservicenavigation" time="0.000">
    <skipped/>
  </testcase> <!-- GAmotivationalvideosservicenavigation -->
  <system-out/>
  <testcase classname="GallantaryAwards.GallantaryAwardMotivationalVideosTestCases" name="GAmotivationalvideosvisible" time="0.000">
    <skipped/>
  </testcase> <!-- GAmotivationalvideosvisible -->
  <system-out/>
  <testcase classname="GallantaryAwards.GallantaryAwardMotivationalVideosTestCases" name="GAmotivationalvideossearch" time="0.000">
    <skipped/>
  </testcase> <!-- GAmotivationalvideossearch -->
  <system-out/>
  <testcase classname="GallantaryAwards.GallantaryAwardMotivationalVideosTestCases" name="GAbacktodirectory" time="0.000">
    <skipped/>
  </testcase> <!-- GAbacktodirectory -->
  <system-out/>
</testsuite> <!-- GallantaryAwards.GallantaryAwardMotivationalVideosTestCases -->
