<?xml version="1.0" encoding="UTF-8"?>
<!-- Generated by org.testng.reporters.JUnitReportReporter -->
<testsuite hostname="IN3241737W1" failures="0" tests="7" name="UMANG.Cowintest.DownloadCertificate" time="79.306" errors="0" timestamp="2022-06-08T14:23:22 IST" skipped="0">
  <testcase classname="UMANG.Cowintest.DownloadCertificate" name="Login" time="10.266"/>
  <system-out/>
  <testcase classname="UMANG.Cowintest.DownloadCertificate" name="ServiceDirectoryDeptnavigation" time="8.057"/>
  <system-out/>
  <testcase classname="UMANG.Cowintest.DownloadCertificate" name="departmentnavigation" time="0.114"/>
  <system-out/>
  <testcase classname="UMANG.Cowintest.DownloadCertificate" name="downloadcert" time="0.425"/>
  <system-out/>
  <testcase classname="UMANG.Cowintest.DownloadCertificate" name="SubmitmobileandOTP" time="53.600"/>
  <system-out/>
  <testcase classname="UMANG.Cowintest.DownloadCertificate" name="DownloadCert" time="3.475"/>
  <system-out/>
  <testcase classname="UMANG.Cowintest.DownloadCertificate" name="DownloadCert" time="3.369"/>
  <system-out/>
</testsuite> <!-- UMANG.Cowintest.DownloadCertificate -->
