<?xml version="1.0" encoding="UTF-8"?>
<!-- Generated by org.testng.reporters.JUnitReportReporter -->
<testsuite hostname="DESKTOP-CLFL9AL" failures="0" tests="8" name="SPDeptOfUrbanAffairs.PaymentforPropertyTaxunderMunicipalBoardTestCases" time="28.521" errors="0" timestamp="2024-04-12T00:35:51 IST" skipped="0">
  <testcase classname="SPDeptOfUrbanAffairs.PaymentforPropertyTaxunderMunicipalBoardTestCases" name="allservicesnavigation" time="6.660"/>
  <system-out/>
  <testcase classname="SPDeptOfUrbanAffairs.PaymentforPropertyTaxunderMunicipalBoardTestCases" name="DeptNavigation" time="4.230"/>
  <system-out/>
  <testcase classname="SPDeptOfUrbanAffairs.PaymentforPropertyTaxunderMunicipalBoardTestCases" name="Seeinfoclick" time="3.058"/>
  <system-out/>
  <testcase classname="SPDeptOfUrbanAffairs.PaymentforPropertyTaxunderMunicipalBoardTestCases" name="VisitServiceclick" time="5.416"/>
  <system-out/>
  <testcase classname="SPDeptOfUrbanAffairs.PaymentforPropertyTaxunderMunicipalBoardTestCases" name="refreshpage" time="4.431"/>
  <system-out/>
  <testcase classname="SPDeptOfUrbanAffairs.PaymentforPropertyTaxunderMunicipalBoardTestCases" name="ServiceNavigationTestCase" time="4.296"/>
  <system-out/>
  <testcase classname="SPDeptOfUrbanAffairs.PaymentforPropertyTaxunderMunicipalBoardTestCases" name="ServicePlusPageTestCase" time="0.237"/>
  <system-out/>
  <testcase classname="SPDeptOfUrbanAffairs.PaymentforPropertyTaxunderMunicipalBoardTestCases" name="IMbacktodirectory" time="0.193"/>
  <system-out/>
</testsuite> <!-- SPDeptOfUrbanAffairs.PaymentforPropertyTaxunderMunicipalBoardTestCases -->
