<?xml version="1.0" encoding="UTF-8"?>
<!-- Generated by org.testng.reporters.JUnitReportReporter -->
<testsuite hostname="DESKTOP-CLFL9AL" failures="0" tests="7" name="SPDirectorateofEducation.Duplicatetestcase" time="15.957" errors="0" timestamp="2024-04-12T00:35:51 IST" skipped="0">
  <testcase classname="SPDirectorateofEducation.Duplicatetestcase" name="allservicesnavigation" time="6.697"/>
  <system-out/>
  <testcase classname="SPDirectorateofEducation.Duplicatetestcase" name="Deptnavigation" time="5.493"/>
  <system-out/>
  <testcase classname="SPDirectorateofEducation.Duplicatetestcase" name="ServicecountTestCases" time="0.083"/>
  <system-out/>
  <testcase classname="SPDirectorateofEducation.Duplicatetestcase" name="duplicateTestCases" time="0.199"/>
  <system-out/>
  <testcase classname="SPDirectorateofEducation.Duplicatetestcase" name="servicecountfromexcel" time="0.299"/>
  <system-out/>
  <testcase classname="SPDirectorateofEducation.Duplicatetestcase" name="InformationTestCases" time="2.992"/>
  <system-out/>
  <testcase classname="SPDirectorateofEducation.Duplicatetestcase" name="IMbacktodirectory" time="0.194"/>
  <system-out/>
</testsuite> <!-- SPDirectorateofEducation.Duplicatetestcase -->
