<?xml version="1.0" encoding="UTF-8"?>
<!-- Generated by org.testng.reporters.JUnitReportReporter -->
<testsuite hostname="DESKTOP-CLFL9AL" failures="0" tests="5" name="SPDepartmentOfLabour.FuneralTestCase" time="19.739" errors="0" timestamp="2023-05-02T08:58:03 IST" skipped="0">
  <testcase classname="SPDepartmentOfLabour.FuneralTestCase" name="allservicesnavigation" time="8.873"/>
  <system-out/>
  <testcase classname="SPDepartmentOfLabour.FuneralTestCase" name="Funeralsnavigation" time="5.241"/>
  <system-out/>
  <testcase classname="SPDepartmentOfLabour.FuneralTestCase" name="Funeral1TestCases" time="4.188"/>
  <system-out/>
  <testcase classname="SPDepartmentOfLabour.FuneralTestCase" name="Funeral2TestCase" time="0.145"/>
  <system-out/>
  <testcase classname="SPDepartmentOfLabour.FuneralTestCase" name="IMbacktodirectory" time="1.292"/>
  <system-out/>
</testsuite> <!-- SPDepartmentOfLabour.FuneralTestCase -->
