<?xml version="1.0" encoding="UTF-8"?>
<!-- Generated by org.testng.reporters.JUnitReportReporter -->
<testsuite hostname="DESKTOP-CLFL9AL" failures="0" tests="6" name="NTA.NTACUETPGScoreCardTestcases" time="0.000" errors="0" timestamp="2022-12-18T16:48:57 IST" skipped="6">
  <testcase classname="NTA.NTACUETPGScoreCardTestcases" name="allservicesnavigation" time="0.000">
    <skipped/>
  </testcase> <!-- allservicesnavigation -->
  <system-out/>
  <testcase classname="NTA.NTACUETPGScoreCardTestcases" name="NTAdepartmentnavigation" time="0.000">
    <skipped/>
  </testcase> <!-- NTAdepartmentnavigation -->
  <system-out/>
  <testcase classname="NTA.NTACUETPGScoreCardTestcases" name="NTACUETPGscorecardServiceNavigation" time="0.000">
    <skipped/>
  </testcase> <!-- NTACUETPGscorecardServiceNavigation -->
  <system-out/>
  <testcase classname="NTA.NTACUETPGScoreCardTestcases" name="NTAscorecardsessionCUETPGcanditatevisible" time="0.000">
    <skipped/>
  </testcase> <!-- NTAscorecardsessionCUETPGcanditatevisible -->
  <system-out/>
  <testcase classname="NTA.NTACUETPGScoreCardTestcases" name="NTAscorecardsessionCUETPGdownloaddetails" time="0.000">
    <skipped/>
  </testcase> <!-- NTAscorecardsessionCUETPGdownloaddetails -->
  <system-out/>
  <testcase classname="NTA.NTACUETPGScoreCardTestcases" name="NTAbacktodirectory" time="0.000">
    <skipped/>
  </testcase> <!-- NTAbacktodirectory -->
  <system-out/>
</testsuite> <!-- NTA.NTACUETPGScoreCardTestcases -->
