<?xml version="1.0" encoding="UTF-8"?>
<!-- Generated by org.testng.reporters.JUnitReportReporter -->
<testsuite hostname="DESKTOP-CLFL9AL" failures="0" tests="4" name="eGopala.eGopalaFrozenSemensDetailsTestcases" time="0.000" errors="0" timestamp="2022-12-18T16:48:59 IST" skipped="4">
  <testcase classname="eGopala.eGopalaFrozenSemensDetailsTestcases" name="allservicesnavigation" time="0.000">
    <skipped/>
  </testcase> <!-- allservicesnavigation -->
  <system-out/>
  <testcase classname="eGopala.eGopalaFrozenSemensDetailsTestcases" name="eGopaladepartmentnavigation" time="0.000">
    <skipped/>
  </testcase> <!-- eGopaladepartmentnavigation -->
  <system-out/>
  <testcase classname="eGopala.eGopalaFrozenSemensDetailsTestcases" name="eGopalafrozensemendetailsservicenavigation" time="0.000">
    <skipped/>
  </testcase> <!-- eGopalafrozensemendetailsservicenavigation -->
  <system-out/>
  <testcase classname="eGopala.eGopalaFrozenSemensDetailsTestcases" name="eGopalafrozensemendetailsbacktodirectory" time="0.000">
    <skipped/>
  </testcase> <!-- eGopalafrozensemendetailsbacktodirectory -->
  <system-out/>
</testsuite> <!-- eGopala.eGopalaFrozenSemensDetailsTestcases -->
