<?xml version="1.0" encoding="UTF-8"?>
<!-- Generated by org.testng.reporters.JUnitReportReporter -->
<testsuite hostname="DESKTOP-CLFL9AL" failures="0" tests="8" name="SPDepartmentOfLabour.MaternityFinancialBenefitTestCase" time="31.842" errors="0" timestamp="2024-04-12T00:35:51 IST" skipped="0">
  <testcase classname="SPDepartmentOfLabour.MaternityFinancialBenefitTestCase" name="allservicesnavigation" time="6.811"/>
  <system-out/>
  <testcase classname="SPDepartmentOfLabour.MaternityFinancialBenefitTestCase" name="DeptNavigation" time="5.293"/>
  <system-out/>
  <testcase classname="SPDepartmentOfLabour.MaternityFinancialBenefitTestCase" name="Seeinfoclick" time="5.071"/>
  <system-out/>
  <testcase classname="SPDepartmentOfLabour.MaternityFinancialBenefitTestCase" name="VisitServiceclick" time="5.424"/>
  <system-out/>
  <testcase classname="SPDepartmentOfLabour.MaternityFinancialBenefitTestCase" name="refreshpage" time="4.514"/>
  <system-out/>
  <testcase classname="SPDepartmentOfLabour.MaternityFinancialBenefitTestCase" name="ServiceNavigationTestCase" time="4.319"/>
  <system-out/>
  <testcase classname="SPDepartmentOfLabour.MaternityFinancialBenefitTestCase" name="ServicePlusPageTestCase" time="0.229"/>
  <system-out/>
  <testcase classname="SPDepartmentOfLabour.MaternityFinancialBenefitTestCase" name="IMbacktodirectory" time="0.181"/>
  <system-out/>
</testsuite> <!-- SPDepartmentOfLabour.MaternityFinancialBenefitTestCase -->
