<?xml version="1.0" encoding="UTF-8"?>
<!-- Generated by org.testng.reporters.JUnitReportReporter -->
<testsuite hostname="DESKTOP-CLFL9AL" failures="0" tests="8" name="UMANG.Cowintest.CRISTrainbetweenStationsTestCases" time="0.000" errors="0" timestamp="2022-12-18T16:49:00 IST" skipped="8">
  <testcase classname="UMANG.Cowintest.CRISTrainbetweenStationsTestCases" name="CRISnavigatetoschedule" time="0.000">
    <skipped/>
  </testcase> <!-- CRISnavigatetoschedule -->
  <system-out/>
  <testcase classname="UMANG.Cowintest.CRISTrainbetweenStationsTestCases" name="CRISearch" time="0.000">
    <skipped/>
  </testcase> <!-- CRISearch -->
  <system-out/>
  <testcase classname="UMANG.Cowintest.CRISTrainbetweenStationsTestCases" name="allservicesnavigation" time="0.000">
    <skipped/>
  </testcase> <!-- allservicesnavigation -->
  <system-out/>
  <testcase classname="UMANG.Cowintest.CRISTrainbetweenStationsTestCases" name="CRISdepartmentnavigation" time="0.000">
    <skipped/>
  </testcase> <!-- CRISdepartmentnavigation -->
  <system-out/>
  <testcase classname="UMANG.Cowintest.CRISTrainbetweenStationsTestCases" name="CRISServiceNavigation" time="0.000">
    <skipped/>
  </testcase> <!-- CRISServiceNavigation -->
  <system-out/>
  <testcase classname="UMANG.Cowintest.CRISTrainbetweenStationsTestCases" name="CRISumbitdetailsnoroute" time="0.000">
    <skipped/>
  </testcase> <!-- CRISumbitdetailsnoroute -->
  <system-out/>
  <testcase classname="UMANG.Cowintest.CRISTrainbetweenStationsTestCases" name="CRISumbitdetailsvalid" time="0.000">
    <skipped/>
  </testcase> <!-- CRISumbitdetailsvalid -->
  <system-out/>
  <testcase classname="UMANG.Cowintest.CRISTrainbetweenStationsTestCases" name="Cbacktoservicedirectory" time="0.000">
    <skipped/>
  </testcase> <!-- Cbacktoservicedirectory -->
  <system-out/>
</testsuite> <!-- UMANG.Cowintest.CRISTrainbetweenStationsTestCases -->
