<?xml version="1.0" encoding="UTF-8"?>
<!-- Generated by org.testng.reporters.JUnitReportReporter -->
<testsuite hostname="DESKTOP-CLFL9AL" failures="0" tests="5" name="SPDirectorateOfSchoolEducation.FreeUniformTestCase" time="18.129" errors="0" timestamp="2023-05-02T07:30:03 IST" skipped="0">
  <testcase classname="SPDirectorateOfSchoolEducation.FreeUniformTestCase" name="allservicesnavigation" time="8.909"/>
  <system-out/>
  <testcase classname="SPDirectorateOfSchoolEducation.FreeUniformTestCase" name="FreeUniformnavigation" time="3.073"/>
  <system-out/>
  <testcase classname="SPDirectorateOfSchoolEducation.FreeUniformTestCase" name="FreeUniform1TestCases" time="4.180"/>
  <system-out/>
  <testcase classname="SPDirectorateOfSchoolEducation.FreeUniformTestCase" name="FreeUniform2TestCase" time="0.196"/>
  <system-out/>
  <testcase classname="SPDirectorateOfSchoolEducation.FreeUniformTestCase" name="IMbacktodirectory" time="1.771"/>
  <system-out/>
</testsuite> <!-- SPDirectorateOfSchoolEducation.FreeUniformTestCase -->
