<?xml version="1.0" encoding="UTF-8"?>
<!-- Generated by org.testng.reporters.JUnitReportReporter -->
<testsuite hostname="DESKTOP-CLFL9AL" failures="0" tests="8" name="SPDepartmentOfLabour.StipendtoITITraineesTestCase" time="31.803" errors="0" timestamp="2024-04-12T00:35:51 IST" skipped="0">
  <testcase classname="SPDepartmentOfLabour.StipendtoITITraineesTestCase" name="allservicesnavigation" time="6.718"/>
  <system-out/>
  <testcase classname="SPDepartmentOfLabour.StipendtoITITraineesTestCase" name="DeptNavigation" time="5.313"/>
  <system-out/>
  <testcase classname="SPDepartmentOfLabour.StipendtoITITraineesTestCase" name="Seeinfoclick" time="5.044"/>
  <system-out/>
  <testcase classname="SPDepartmentOfLabour.StipendtoITITraineesTestCase" name="VisitServiceclick" time="5.620"/>
  <system-out/>
  <testcase classname="SPDepartmentOfLabour.StipendtoITITraineesTestCase" name="refreshpage" time="4.418"/>
  <system-out/>
  <testcase classname="SPDepartmentOfLabour.StipendtoITITraineesTestCase" name="ServiceNavigationTestCase" time="4.303"/>
  <system-out/>
  <testcase classname="SPDepartmentOfLabour.StipendtoITITraineesTestCase" name="ServicePlusPageTestCase" time="0.222"/>
  <system-out/>
  <testcase classname="SPDepartmentOfLabour.StipendtoITITraineesTestCase" name="IMbacktodirectory" time="0.165"/>
  <system-out/>
</testsuite> <!-- SPDepartmentOfLabour.StipendtoITITraineesTestCase -->
