<?xml version="1.0" encoding="UTF-8"?>
<!-- Generated by org.testng.reporters.JUnitReportReporter -->
<testsuite hostname="DESKTOP-CLFL9AL" failures="0" tests="7" name="UMANG.Cowintest.PMAYGInstallmentdetailsTestcases" time="0.000" errors="0" timestamp="2022-12-18T16:48:57 IST" skipped="7">
  <testcase classname="UMANG.Cowintest.PMAYGInstallmentdetailsTestcases" name="allservicesnavigation" time="0.000">
    <skipped/>
  </testcase> <!-- allservicesnavigation -->
  <system-out/>
  <testcase classname="UMANG.Cowintest.PMAYGInstallmentdetailsTestcases" name="PMAYGdepartmentnavigation" time="0.000">
    <skipped/>
  </testcase> <!-- PMAYGdepartmentnavigation -->
  <system-out/>
  <testcase classname="UMANG.Cowintest.PMAYGInstallmentdetailsTestcases" name="PMayginstallemtdetails" time="0.000">
    <skipped/>
  </testcase> <!-- PMayginstallemtdetails -->
  <system-out/>
  <testcase classname="UMANG.Cowintest.PMAYGInstallmentdetailsTestcases" name="PMayginstallemtdetailssearch" time="0.000">
    <skipped/>
  </testcase> <!-- PMayginstallemtdetailssearch -->
  <system-out/>
  <testcase classname="UMANG.Cowintest.PMAYGInstallmentdetailsTestcases" name="PMaygfilterFTO" time="0.000">
    <skipped/>
  </testcase> <!-- PMaygfilterFTO -->
  <system-out/>
  <testcase classname="UMANG.Cowintest.PMAYGInstallmentdetailsTestcases" name="PMayginstallemnttoFtotrackingdetails" time="0.000">
    <skipped/>
  </testcase> <!-- PMayginstallemnttoFtotrackingdetails -->
  <system-out/>
  <testcase classname="UMANG.Cowintest.PMAYGInstallmentdetailsTestcases" name="PAMYGbacktoservicedirectory" time="0.000">
    <skipped/>
  </testcase> <!-- PAMYGbacktoservicedirectory -->
  <system-out/>
</testsuite> <!-- UMANG.Cowintest.PMAYGInstallmentdetailsTestcases -->
