<?xml version="1.0" encoding="UTF-8"?>
<!-- Generated by org.testng.reporters.JUnitReportReporter -->
<testsuite hostname="DESKTOP-CLFL9AL" failures="0" tests="6" name="NTA.NTANEETadmitacardTestcases" time="0.000" errors="0" timestamp="2022-12-18T16:48:59 IST" skipped="6">
  <testcase classname="NTA.NTANEETadmitacardTestcases" name="allservicesnavigation" time="0.000">
    <skipped/>
  </testcase> <!-- allservicesnavigation -->
  <system-out/>
  <testcase classname="NTA.NTANEETadmitacardTestcases" name="NTAservicesnavigation" time="0.000">
    <skipped/>
  </testcase> <!-- NTAservicesnavigation -->
  <system-out/>
  <testcase classname="NTA.NTANEETadmitacardTestcases" name="NTANEETadmitacardserviceclick" time="0.000">
    <skipped/>
  </testcase> <!-- NTANEETadmitacardserviceclick -->
  <system-out/>
  <testcase classname="NTA.NTANEETadmitacardTestcases" name="NTAneetadmitcardvisible" time="0.000">
    <skipped/>
  </testcase> <!-- NTAneetadmitcardvisible -->
  <system-out/>
  <testcase classname="NTA.NTANEETadmitacardTestcases" name="NTAadmitcarddownloadneetdetails" time="0.000">
    <skipped/>
  </testcase> <!-- NTAadmitcarddownloadneetdetails -->
  <system-out/>
  <testcase classname="NTA.NTANEETadmitacardTestcases" name="NTAbacktodirectory" time="0.000">
    <skipped/>
  </testcase> <!-- NTAbacktodirectory -->
  <system-out/>
</testsuite> <!-- NTA.NTANEETadmitacardTestcases -->
