<?xml version="1.0" encoding="UTF-8"?>
<!-- Generated by org.testng.reporters.JUnitReportReporter -->
<testsuite hostname="DESKTOP-CLFL9AL" failures="0" tests="5" name="SPDepOfPersonnelAdministrativeReforms.ScheduledCasteTestCases" time="19.975" errors="0" timestamp="2023-05-02T08:58:03 IST" skipped="0">
  <testcase classname="SPDepOfPersonnelAdministrativeReforms.ScheduledCasteTestCases" name="allservicesnavigation" time="9.093"/>
  <system-out/>
  <testcase classname="SPDepOfPersonnelAdministrativeReforms.ScheduledCasteTestCases" name="ScheduledCastenavigation" time="5.308"/>
  <system-out/>
  <testcase classname="SPDepOfPersonnelAdministrativeReforms.ScheduledCasteTestCases" name="ScheduledCaste1TestCases" time="4.220"/>
  <system-out/>
  <testcase classname="SPDepOfPersonnelAdministrativeReforms.ScheduledCasteTestCases" name="ScheduledCaste2TestCase" time="0.167"/>
  <system-out/>
  <testcase classname="SPDepOfPersonnelAdministrativeReforms.ScheduledCasteTestCases" name="IMbacktodirectory" time="1.187"/>
  <system-out/>
</testsuite> <!-- SPDepOfPersonnelAdministrativeReforms.ScheduledCasteTestCases -->
