<?xml version="1.0" encoding="UTF-8"?>
<!-- Generated by org.testng.reporters.JUnitReportReporter -->
<testsuite hostname="DESKTOP-CLFL9AL" failures="0" tests="8" name="DHEAssam.DHERegisterationTestCases" time="0.000" errors="0" timestamp="2022-12-18T16:49:00 IST" skipped="8">
  <testcase classname="DHEAssam.DHERegisterationTestCases" name="allservicesnavigation" time="0.000">
    <skipped/>
  </testcase> <!-- allservicesnavigation -->
  <system-out/>
  <testcase classname="DHEAssam.DHERegisterationTestCases" name="DHEAssamdepartmentnavigation" time="0.000">
    <skipped/>
  </testcase> <!-- DHEAssamdepartmentnavigation -->
  <system-out/>
  <testcase classname="DHEAssam.DHERegisterationTestCases" name="DHERegisterationservicenavigation" time="0.000">
    <skipped/>
  </testcase> <!-- DHERegisterationservicenavigation -->
  <system-out/>
  <testcase classname="DHEAssam.DHERegisterationTestCases" name="DHERegisterationfilleamform" time="0.000">
    <skipped/>
  </testcase> <!-- DHERegisterationfilleamform -->
  <system-out/>
  <testcase classname="DHEAssam.DHERegisterationTestCases" name="DHEexaminationandcourseinformation" time="0.000">
    <skipped/>
  </testcase> <!-- DHEexaminationandcourseinformation -->
  <system-out/>
  <testcase classname="DHEAssam.DHERegisterationTestCases" name="DHEregisterationbankdetailspreview" time="0.000">
    <skipped/>
  </testcase> <!-- DHEregisterationbankdetailspreview -->
  <system-out/>
  <testcase classname="DHEAssam.DHERegisterationTestCases" name="DHEregisterationsubmit" time="0.000">
    <skipped/>
  </testcase> <!-- DHEregisterationsubmit -->
  <system-out/>
  <testcase classname="DHEAssam.DHERegisterationTestCases" name="DHEbacktodirectory" time="0.000">
    <skipped/>
  </testcase> <!-- DHEbacktodirectory -->
  <system-out/>
</testsuite> <!-- DHEAssam.DHERegisterationTestCases -->
