<?xml version="1.0" encoding="UTF-8"?>
<!-- Generated by org.testng.reporters.JUnitReportReporter -->
<testsuite hostname="DESKTOP-CLFL9AL" failures="0" tests="7" name="CPGRAMS.CPGRAMSUserRegisterationTestCases" time="0.000" errors="0" timestamp="2022-12-18T16:48:57 IST" skipped="7">
  <testcase classname="CPGRAMS.CPGRAMSUserRegisterationTestCases" name="allservicesnavigation" time="0.000">
    <skipped/>
  </testcase> <!-- allservicesnavigation -->
  <system-out/>
  <testcase classname="CPGRAMS.CPGRAMSUserRegisterationTestCases" name="CPGRAMSdepartmentnavigation" time="0.000">
    <skipped/>
  </testcase> <!-- CPGRAMSdepartmentnavigation -->
  <system-out/>
  <testcase classname="CPGRAMS.CPGRAMSUserRegisterationTestCases" name="CPGRAMSUserRegisterationServicenavigation" time="0.000">
    <skipped/>
  </testcase> <!-- CPGRAMSUserRegisterationServicenavigation -->
  <system-out/>
  <testcase classname="CPGRAMS.CPGRAMSUserRegisterationTestCases" name="CPGRAMSUserRegisterationfillform" time="0.000">
    <skipped/>
  </testcase> <!-- CPGRAMSUserRegisterationfillform -->
  <system-out/>
  <testcase classname="CPGRAMS.CPGRAMSUserRegisterationTestCases" name="CPGRAMSUserregisterationseeinfo" time="0.000">
    <skipped/>
  </testcase> <!-- CPGRAMSUserregisterationseeinfo -->
  <system-out/>
  <testcase classname="CPGRAMS.CPGRAMSUserRegisterationTestCases" name="CPGRAMSUserregisterationseeinfovisitservice" time="0.000">
    <skipped/>
  </testcase> <!-- CPGRAMSUserregisterationseeinfovisitservice -->
  <system-out/>
  <testcase classname="CPGRAMS.CPGRAMSUserRegisterationTestCases" name="CPGRAMSbacktohome" time="0.000">
    <skipped/>
  </testcase> <!-- CPGRAMSbacktohome -->
  <system-out/>
</testsuite> <!-- CPGRAMS.CPGRAMSUserRegisterationTestCases -->
