<?xml version="1.0" encoding="UTF-8"?>
<!-- Generated by org.testng.reporters.JUnitReportReporter -->
<testsuite hostname="DESKTOP-CLFL9AL" failures="0" tests="8" name="SPEmploymentDepartment.Duplicatetestcase" time="15.990" errors="0" timestamp="2024-04-12T00:35:51 IST" skipped="0">
  <testcase classname="SPEmploymentDepartment.Duplicatetestcase" name="allservicesnavigation" time="6.648"/>
  <system-out/>
  <testcase classname="SPEmploymentDepartment.Duplicatetestcase" name="Deptnavigation" time="5.192"/>
  <system-out/>
  <testcase classname="SPEmploymentDepartment.Duplicatetestcase" name="LogocheckTestCases" time="0.202"/>
  <system-out/>
  <testcase classname="SPEmploymentDepartment.Duplicatetestcase" name="ServicecountTestCases" time="0.098"/>
  <system-out/>
  <testcase classname="SPEmploymentDepartment.Duplicatetestcase" name="duplicateTestCases" time="0.163"/>
  <system-out/>
  <testcase classname="SPEmploymentDepartment.Duplicatetestcase" name="servicecountfromexcel" time="0.312"/>
  <system-out/>
  <testcase classname="SPEmploymentDepartment.Duplicatetestcase" name="InformationTestCases" time="3.178"/>
  <system-out/>
  <testcase classname="SPEmploymentDepartment.Duplicatetestcase" name="IMbacktodirectory" time="0.197"/>
  <system-out/>
</testsuite> <!-- SPEmploymentDepartment.Duplicatetestcase -->
