<?xml version="1.0" encoding="UTF-8"?>
<!-- Generated by org.testng.reporters.JUnitReportReporter -->
<testsuite hostname="DESKTOP-CLFL9AL" failures="0" tests="5" name="SPDepOfPersonnelAdministrativeReforms.CasteCertificateNonCreamyLayerTestCases" time="23.491" errors="0" timestamp="2023-05-02T08:58:03 IST" skipped="0">
  <testcase classname="SPDepOfPersonnelAdministrativeReforms.CasteCertificateNonCreamyLayerTestCases" name="allservicesnavigation" time="8.902"/>
  <system-out/>
  <testcase classname="SPDepOfPersonnelAdministrativeReforms.CasteCertificateNonCreamyLayerTestCases" name="CasteCertificateNonCreamyLayernavigation" time="5.229"/>
  <system-out/>
  <testcase classname="SPDepOfPersonnelAdministrativeReforms.CasteCertificateNonCreamyLayerTestCases" name="CasteCertificateNonCreamyLayer1TestCases" time="4.171"/>
  <system-out/>
  <testcase classname="SPDepOfPersonnelAdministrativeReforms.CasteCertificateNonCreamyLayerTestCases" name="CasteCertificateNonCreamyLayer2TestCase" time="0.393"/>
  <system-out/>
  <testcase classname="SPDepOfPersonnelAdministrativeReforms.CasteCertificateNonCreamyLayerTestCases" name="IMbacktodirectory" time="4.796"/>
  <system-out/>
</testsuite> <!-- SPDepOfPersonnelAdministrativeReforms.CasteCertificateNonCreamyLayerTestCases -->
