<?xml version="1.0" encoding="UTF-8"?>
<!-- Generated by org.testng.reporters.JUnitReportReporter -->
<testsuite hostname="DESKTOP-CLFL9AL" failures="0" tests="6" name="NTA.NTAAISSEConfirmationPageTestCases" time="0.000" errors="0" timestamp="2022-12-18T16:48:56 IST" skipped="6">
  <testcase classname="NTA.NTAAISSEConfirmationPageTestCases" name="allservicesnavigation" time="0.000">
    <skipped/>
  </testcase> <!-- allservicesnavigation -->
  <system-out/>
  <testcase classname="NTA.NTAAISSEConfirmationPageTestCases" name="NTAdepartmentnavigation" time="0.000">
    <skipped/>
  </testcase> <!-- NTAdepartmentnavigation -->
  <system-out/>
  <testcase classname="NTA.NTAAISSEConfirmationPageTestCases" name="NTAAISSEConfirmationdetailsserviceeclick" time="0.000">
    <skipped/>
  </testcase> <!-- NTAAISSEConfirmationdetailsserviceeclick -->
  <system-out/>
  <testcase classname="NTA.NTAAISSEConfirmationPageTestCases" name="NTAAISSEonfirmationdetailscanditatevisible" time="0.000">
    <skipped/>
  </testcase> <!-- NTAAISSEonfirmationdetailscanditatevisible -->
  <system-out/>
  <testcase classname="NTA.NTAAISSEConfirmationPageTestCases" name="NTAAISSEConfirmationdetailsdownload" time="0.000">
    <skipped/>
  </testcase> <!-- NTAAISSEConfirmationdetailsdownload -->
  <system-out/>
  <testcase classname="NTA.NTAAISSEConfirmationPageTestCases" name="NTAbacktodirectory" time="0.000">
    <skipped/>
  </testcase> <!-- NTAbacktodirectory -->
  <system-out/>
</testsuite> <!-- NTA.NTAAISSEConfirmationPageTestCases -->
