<?xml version="1.0" encoding="UTF-8"?>
<!-- Generated by org.testng.reporters.JUnitReportReporter -->
<testsuite hostname="DESKTOP-CLFL9AL" failures="0" tests="7" name="SPDeptOfUrbanAffairs.Duplicatetestcase" time="15.704" errors="0" timestamp="2024-04-12T00:35:51 IST" skipped="0">
  <testcase classname="SPDeptOfUrbanAffairs.Duplicatetestcase" name="allservicesnavigation" time="6.667"/>
  <system-out/>
  <testcase classname="SPDeptOfUrbanAffairs.Duplicatetestcase" name="Deptnavigation" time="5.210"/>
  <system-out/>
  <testcase classname="SPDeptOfUrbanAffairs.Duplicatetestcase" name="ServicecountTestCases" time="0.078"/>
  <system-out/>
  <testcase classname="SPDeptOfUrbanAffairs.Duplicatetestcase" name="duplicateTestCases" time="0.099"/>
  <system-out/>
  <testcase classname="SPDeptOfUrbanAffairs.Duplicatetestcase" name="servicecountfromexcel" time="0.228"/>
  <system-out/>
  <testcase classname="SPDeptOfUrbanAffairs.Duplicatetestcase" name="InformationTestCases" time="3.143"/>
  <system-out/>
  <testcase classname="SPDeptOfUrbanAffairs.Duplicatetestcase" name="IMbacktodirectory" time="0.279"/>
  <system-out/>
</testsuite> <!-- SPDeptOfUrbanAffairs.Duplicatetestcase -->
