<?xml version="1.0" encoding="UTF-8"?>
<!-- Generated by org.testng.reporters.JUnitReportReporter -->
<testsuite hostname="DESKTOP-CLFL9AL" failures="0" tests="9" name="SPDepartmentofUrbanLocalBodies.Duplicatetestcase" time="0.174" errors="1" timestamp="2024-04-01T15:58:13 IST" skipped="8">
  <testcase classname="SPDepartmentofUrbanLocalBodies.Duplicatetestcase" name="browserstart" time="0.174">
    <error message="The path to the driver executable The path to the driver executable must be set by the webdriver.chrome.driver system property; for more information, see https://chromedriver.chromium.org/. The latest version can be downloaded from https://chromedriver.chromium.org/downloads" type="java.lang.IllegalStateException">
      <![CDATA[java.lang.IllegalStateException: The path to the driver executable The path to the driver executable must be set by the webdriver.chrome.driver system property; for more information, see https://chromedriver.chromium.org/. The latest version can be downloaded from https://chromedriver.chromium.org/downloads
at org.openqa.selenium.internal.Require$StateChecker.nonNull(Require.java:311)
at org.openqa.selenium.remote.service.DriverService.findExecutable(DriverService.java:135)
at org.openqa.selenium.chrome.ChromeDriverService.access$000(ChromeDriverService.java:39)
at org.openqa.selenium.chrome.ChromeDriverService$Builder.findDefaultExecutable(ChromeDriverService.java:233)
at org.openqa.selenium.remote.service.DriverService$Builder.build(DriverService.java:437)
at org.openqa.selenium.chrome.ChromeDriverService.createServiceWithConfig(ChromeDriverService.java:142)
at org.openqa.selenium.chrome.ChromeDriver.<init>(ChromeDriver.java:70)
at Resources.Base2.initdriver(Base2.java:193)
at Resources.Base2.browserstart(Base2.java:250)
at java.base/jdk.internal.reflect.DirectMethodHandleAccessor.invoke(DirectMethodHandleAccessor.java:104)
at java.base/java.lang.reflect.Method.invoke(Method.java:577)
at org.testng.internal.MethodInvocationHelper.invokeMethod(MethodInvocationHelper.java:133)
at org.testng.internal.MethodInvocationHelper.invokeMethodConsideringTimeout(MethodInvocationHelper.java:62)
at org.testng.internal.ConfigInvoker.invokeConfigurationMethod(ConfigInvoker.java:385)
at org.testng.internal.ConfigInvoker.invokeConfigurations(ConfigInvoker.java:321)
at org.testng.SuiteRunner.privateRun(SuiteRunner.java:317)
at org.testng.SuiteRunner.run(SuiteRunner.java:276)
at org.testng.SuiteRunnerWorker.runSuite(SuiteRunnerWorker.java:53)
at org.testng.SuiteRunnerWorker.run(SuiteRunnerWorker.java:96)
at org.testng.TestNG.runSuitesSequentially(TestNG.java:1212)
at org.testng.TestNG.runSuitesLocally(TestNG.java:1134)
at org.testng.TestNG.runSuites(TestNG.java:1063)
at org.testng.TestNG.run(TestNG.java:1031)
at org.testng.remote.AbstractRemoteTestNG.run(AbstractRemoteTestNG.java:115)
at org.testng.remote.RemoteTestNG.initAndRun(RemoteTestNG.java:251)
at org.testng.remote.RemoteTestNG.main(RemoteTestNG.java:77)
]]>
    </error>
  </testcase> <!-- browserstart -->
  <system-out/>
  <testcase classname="SPDepartmentofUrbanLocalBodies.Duplicatetestcase" name="allservicesnavigation" time="0.000">
    <skipped/>
  </testcase> <!-- allservicesnavigation -->
  <system-out/>
  <testcase classname="SPDepartmentofUrbanLocalBodies.Duplicatetestcase" name="Deptnavigation" time="0.000">
    <skipped/>
  </testcase> <!-- Deptnavigation -->
  <system-out/>
  <testcase classname="SPDepartmentofUrbanLocalBodies.Duplicatetestcase" name="LogocheckTestCases" time="0.000">
    <skipped/>
  </testcase> <!-- LogocheckTestCases -->
  <system-out/>
  <testcase classname="SPDepartmentofUrbanLocalBodies.Duplicatetestcase" name="ServicecountTestCases" time="0.000">
    <skipped/>
  </testcase> <!-- ServicecountTestCases -->
  <system-out/>
  <testcase classname="SPDepartmentofUrbanLocalBodies.Duplicatetestcase" name="duplicateTestCases" time="0.000">
    <skipped/>
  </testcase> <!-- duplicateTestCases -->
  <system-out/>
  <testcase classname="SPDepartmentofUrbanLocalBodies.Duplicatetestcase" name="servicecountfromexcel" time="0.000">
    <skipped/>
  </testcase> <!-- servicecountfromexcel -->
  <system-out/>
  <testcase classname="SPDepartmentofUrbanLocalBodies.Duplicatetestcase" name="InformationTestCases" time="0.000">
    <skipped/>
  </testcase> <!-- InformationTestCases -->
  <system-out/>
  <testcase classname="SPDepartmentofUrbanLocalBodies.Duplicatetestcase" name="IMbacktodirectory" time="0.000">
    <skipped/>
  </testcase> <!-- IMbacktodirectory -->
  <system-out/>
</testsuite> <!-- SPDepartmentofUrbanLocalBodies.Duplicatetestcase -->
