<?xml version="1.0" encoding="UTF-8"?>
<!-- Generated by org.testng.reporters.JUnitReportReporter -->
<testsuite hostname="DESKTOP-CLFL9AL" failures="0" tests="5" name="SPRevenueDep.MarriageTestCases" time="20.673" errors="0" timestamp="2023-05-02T08:58:02 IST" skipped="0">
  <testcase classname="SPRevenueDep.MarriageTestCases" name="allservicesnavigation" time="10.444"/>
  <system-out/>
  <testcase classname="SPRevenueDep.MarriageTestCases" name="Marriagenavigation" time="3.004"/>
  <system-out/>
  <testcase classname="SPRevenueDep.MarriageTestCases" name="Marriage1TestCases" time="4.217"/>
  <system-out/>
  <testcase classname="SPRevenueDep.MarriageTestCases" name="Marriage2TestCase" time="0.450"/>
  <system-out/>
  <testcase classname="SPRevenueDep.MarriageTestCases" name="IMbacktodirectory" time="2.558"/>
  <system-out/>
</testsuite> <!-- SPRevenueDep.MarriageTestCases -->
