<?xml version="1.0" encoding="UTF-8"?>
<!-- Generated by org.testng.reporters.JUnitReportReporter -->
<testsuite hostname="DESKTOP-CLFL9AL" failures="0" tests="8" name="SPDepartmentOfLabour.MarriageFinancialAssistanceTestCase" time="30.640" errors="0" timestamp="2024-04-12T00:35:51 IST" skipped="0">
  <testcase classname="SPDepartmentOfLabour.MarriageFinancialAssistanceTestCase" name="allservicesnavigation" time="6.655"/>
  <system-out/>
  <testcase classname="SPDepartmentOfLabour.MarriageFinancialAssistanceTestCase" name="DeptNavigation" time="4.441"/>
  <system-out/>
  <testcase classname="SPDepartmentOfLabour.MarriageFinancialAssistanceTestCase" name="Seeinfoclick" time="4.981"/>
  <system-out/>
  <testcase classname="SPDepartmentOfLabour.MarriageFinancialAssistanceTestCase" name="VisitServiceclick" time="5.372"/>
  <system-out/>
  <testcase classname="SPDepartmentOfLabour.MarriageFinancialAssistanceTestCase" name="refreshpage" time="4.391"/>
  <system-out/>
  <testcase classname="SPDepartmentOfLabour.MarriageFinancialAssistanceTestCase" name="ServiceNavigationTestCase" time="4.293"/>
  <system-out/>
  <testcase classname="SPDepartmentOfLabour.MarriageFinancialAssistanceTestCase" name="ServicePlusPageTestCase" time="0.289"/>
  <system-out/>
  <testcase classname="SPDepartmentOfLabour.MarriageFinancialAssistanceTestCase" name="IMbacktodirectory" time="0.218"/>
  <system-out/>
</testsuite> <!-- SPDepartmentOfLabour.MarriageFinancialAssistanceTestCase -->
