<?xml version="1.0" encoding="UTF-8"?>
<!-- Generated by org.testng.reporters.JUnitReportReporter -->
<testsuite hostname="DESKTOP-CLFL9AL" failures="0" tests="5" name="SPRevenueDep.PermanentTestCases" time="21.189" errors="0" timestamp="2023-05-02T08:58:03 IST" skipped="0">
  <testcase classname="SPRevenueDep.PermanentTestCases" name="allservicesnavigation" time="10.258"/>
  <system-out/>
  <testcase classname="SPRevenueDep.PermanentTestCases" name="Permanentnavigation" time="5.226"/>
  <system-out/>
  <testcase classname="SPRevenueDep.PermanentTestCases" name="Permanent1TestCases" time="4.198"/>
  <system-out/>
  <testcase classname="SPRevenueDep.PermanentTestCases" name="Permanent2TestCase" time="0.152"/>
  <system-out/>
  <testcase classname="SPRevenueDep.PermanentTestCases" name="IMbacktodirectory" time="1.355"/>
  <system-out/>
</testsuite> <!-- SPRevenueDep.PermanentTestCases -->
