<?xml version="1.0" encoding="UTF-8"?>
<!-- Generated by org.testng.reporters.JUnitReportReporter -->
<testsuite hostname="DESKTOP-CLFL9AL" failures="0" tests="8" name="SPLabourDepartmentMeghalaya.LicenseforContractorsundertheContractLabourAct1970testcase" time="29.525" errors="0" timestamp="2024-04-12T00:35:51 IST" skipped="0">
  <testcase classname="SPLabourDepartmentMeghalaya.LicenseforContractorsundertheContractLabourAct1970testcase" name="allservicesnavigation" time="6.810"/>
  <system-out/>
  <testcase classname="SPLabourDepartmentMeghalaya.LicenseforContractorsundertheContractLabourAct1970testcase" name="DeptNavigation" time="4.253"/>
  <system-out/>
  <testcase classname="SPLabourDepartmentMeghalaya.LicenseforContractorsundertheContractLabourAct1970testcase" name="Seeinfoclick" time="3.011"/>
  <system-out/>
  <testcase classname="SPLabourDepartmentMeghalaya.LicenseforContractorsundertheContractLabourAct1970testcase" name="VisitServiceclick" time="5.593"/>
  <system-out/>
  <testcase classname="SPLabourDepartmentMeghalaya.LicenseforContractorsundertheContractLabourAct1970testcase" name="refreshpage" time="4.839"/>
  <system-out/>
  <testcase classname="SPLabourDepartmentMeghalaya.LicenseforContractorsundertheContractLabourAct1970testcase" name="ServiceNavigationTestCase" time="4.498"/>
  <system-out/>
  <testcase classname="SPLabourDepartmentMeghalaya.LicenseforContractorsundertheContractLabourAct1970testcase" name="ServicePlusPageTestCase" time="0.268"/>
  <system-out/>
  <testcase classname="SPLabourDepartmentMeghalaya.LicenseforContractorsundertheContractLabourAct1970testcase" name="IMbacktodirectory" time="0.253"/>
  <system-out/>
</testsuite> <!-- SPLabourDepartmentMeghalaya.LicenseforContractorsundertheContractLabourAct1970testcase -->
