<?xml version="1.0" encoding="UTF-8"?>
<!-- Generated by org.testng.reporters.JUnitReportReporter -->
<testsuite hostname="DESKTOP-CLFL9AL" failures="0" tests="5" name="SPDirectorateofEducation.HostelReimbursementTestCase" time="18.613" errors="0" timestamp="2023-05-02T07:30:02 IST" skipped="0">
  <testcase classname="SPDirectorateofEducation.HostelReimbursementTestCase" name="allservicesnavigation" time="9.979"/>
  <system-out/>
  <testcase classname="SPDirectorateofEducation.HostelReimbursementTestCase" name="HostelReimbursementnavigation" time="3.021"/>
  <system-out/>
  <testcase classname="SPDirectorateofEducation.HostelReimbursementTestCase" name="HostelReimbursement1TestCases" time="4.208"/>
  <system-out/>
  <testcase classname="SPDirectorateofEducation.HostelReimbursementTestCase" name="Scholarshiptostudents2TestCase" time="0.194"/>
  <system-out/>
  <testcase classname="SPDirectorateofEducation.HostelReimbursementTestCase" name="IMbacktodirectory" time="1.211"/>
  <system-out/>
</testsuite> <!-- SPDirectorateofEducation.HostelReimbursementTestCase -->
