<?xml version="1.0" encoding="UTF-8"?>
<!-- Generated by org.testng.reporters.JUnitReportReporter -->
<testsuite hostname="DESKTOP-CLFL9AL" failures="0" tests="6" name="NTA.NTACUETPGConfirmationdetailsTestcases" time="0.000" errors="0" timestamp="2022-12-18T16:48:59 IST" skipped="6">
  <testcase classname="NTA.NTACUETPGConfirmationdetailsTestcases" name="allservicesnavigation" time="0.000">
    <skipped/>
  </testcase> <!-- allservicesnavigation -->
  <system-out/>
  <testcase classname="NTA.NTACUETPGConfirmationdetailsTestcases" name="NTAdepartmentnavigation" time="0.000">
    <skipped/>
  </testcase> <!-- NTAdepartmentnavigation -->
  <system-out/>
  <testcase classname="NTA.NTACUETPGConfirmationdetailsTestcases" name="NTACUETPGConfirmationdetailserviceNavigation" time="0.000">
    <skipped/>
  </testcase> <!-- NTACUETPGConfirmationdetailserviceNavigation -->
  <system-out/>
  <testcase classname="NTA.NTACUETPGConfirmationdetailsTestcases" name="NTAPGConfirmationdetailscanditatevisible" time="0.000">
    <skipped/>
  </testcase> <!-- NTAPGConfirmationdetailscanditatevisible -->
  <system-out/>
  <testcase classname="NTA.NTACUETPGConfirmationdetailsTestcases" name="NTACUETPGConfirmationdetaildownloaddetails" time="0.000">
    <skipped/>
  </testcase> <!-- NTACUETPGConfirmationdetaildownloaddetails -->
  <system-out/>
  <testcase classname="NTA.NTACUETPGConfirmationdetailsTestcases" name="NTAbacktodirectory" time="0.000">
    <skipped/>
  </testcase> <!-- NTAbacktodirectory -->
  <system-out/>
</testsuite> <!-- NTA.NTACUETPGConfirmationdetailsTestcases -->
