<?xml version="1.0" encoding="UTF-8"?>
<!-- Generated by org.testng.reporters.JUnitReportReporter -->
<testsuite hostname="DESKTOP-CLFL9AL" failures="0" tests="7" name="SamagraShiksha.SamagraShikhsaTrackyourbenefitdetailsTestcases" time="0.000" errors="0" timestamp="2022-12-18T16:49:00 IST" skipped="7">
  <testcase classname="SamagraShiksha.SamagraShikhsaTrackyourbenefitdetailsTestcases" name="allservicesnavigation" time="0.000">
    <skipped/>
  </testcase> <!-- allservicesnavigation -->
  <system-out/>
  <testcase classname="SamagraShiksha.SamagraShikhsaTrackyourbenefitdetailsTestcases" name="SamagraShikshadepartmentnavigation" time="0.000">
    <skipped/>
  </testcase> <!-- SamagraShikshadepartmentnavigation -->
  <system-out/>
  <testcase classname="SamagraShiksha.SamagraShikhsaTrackyourbenefitdetailsTestcases" name="SamagraShikshaTrackyourbenefitdetailsServicenavigation" time="0.000">
    <skipped/>
  </testcase> <!-- SamagraShikshaTrackyourbenefitdetailsServicenavigation -->
  <system-out/>
  <testcase classname="SamagraShiksha.SamagraShikhsaTrackyourbenefitdetailsTestcases" name="SamagraShikshaTrackyourbenefitdetailssubmitdata" time="0.000">
    <skipped/>
  </testcase> <!-- SamagraShikshaTrackyourbenefitdetailssubmitdata -->
  <system-out/>
  <testcase classname="SamagraShiksha.SamagraShikhsaTrackyourbenefitdetailsTestcases" name="SamagraShikshaTrackyourbenefitdetailsseeinfo" time="0.000">
    <skipped/>
  </testcase> <!-- SamagraShikshaTrackyourbenefitdetailsseeinfo -->
  <system-out/>
  <testcase classname="SamagraShiksha.SamagraShikhsaTrackyourbenefitdetailsTestcases" name="SamagraShikshaTrackyourbenefitdetailsseeinfovisitservice" time="0.000">
    <skipped/>
  </testcase> <!-- SamagraShikshaTrackyourbenefitdetailsseeinfovisitservice -->
  <system-out/>
  <testcase classname="SamagraShiksha.SamagraShikhsaTrackyourbenefitdetailsTestcases" name="NSPbacktodirectory" time="0.000">
    <skipped/>
  </testcase> <!-- NSPbacktodirectory -->
  <system-out/>
</testsuite> <!-- SamagraShiksha.SamagraShikhsaTrackyourbenefitdetailsTestcases -->
