<?xml version="1.0" encoding="UTF-8"?>
<!-- Generated by org.testng.reporters.JUnitReportReporter -->
<testsuite hostname="DESKTOP-CLFL9AL" failures="0" tests="14" name="CarbonNeutral.CNCalculateyourcarbonfootprintTestCases" time="0.001" errors="0" timestamp="2022-12-18T16:49:00 IST" skipped="14">
  <testcase classname="CarbonNeutral.CNCalculateyourcarbonfootprintTestCases" name="allservicesnavigation" time="0.000">
    <skipped/>
  </testcase> <!-- allservicesnavigation -->
  <system-out/>
  <testcase classname="CarbonNeutral.CNCalculateyourcarbonfootprintTestCases" name="CarbonNeutraldepartmentnavigation" time="0.000">
    <skipped/>
  </testcase> <!-- CarbonNeutraldepartmentnavigation -->
  <system-out/>
  <testcase classname="CarbonNeutral.CNCalculateyourcarbonfootprintTestCases" name="CNcalculateyourcarbonfootprint" time="0.000">
    <skipped/>
  </testcase> <!-- CNcalculateyourcarbonfootprint -->
  <system-out/>
  <testcase classname="CarbonNeutral.CNCalculateyourcarbonfootprintTestCases" name="CNeditbutton" time="0.000">
    <skipped/>
  </testcase> <!-- CNeditbutton -->
  <system-out/>
  <testcase classname="CarbonNeutral.CNCalculateyourcarbonfootprintTestCases" name="CNCalculateindividualdetailsslider" time="0.000">
    <skipped/>
  </testcase> <!-- CNCalculateindividualdetailsslider -->
  <system-out/>
  <testcase classname="CarbonNeutral.CNCalculateyourcarbonfootprintTestCases" name="CNCalculateindividualdetailsslidersavenext" time="0.000">
    <skipped/>
  </testcase> <!-- CNCalculateindividualdetailsslidersavenext -->
  <system-out/>
  <testcase classname="CarbonNeutral.CNCalculateyourcarbonfootprintTestCases" name="CNCalculatetransportdetails" time="0.000">
    <skipped/>
  </testcase> <!-- CNCalculatetransportdetails -->
  <system-out/>
  <testcase classname="CarbonNeutral.CNCalculateyourcarbonfootprintTestCases" name="CNCalculateholidaydetailsslider" time="0.000">
    <skipped/>
  </testcase> <!-- CNCalculateholidaydetailsslider -->
  <system-out/>
  <testcase classname="CarbonNeutral.CNCalculateyourcarbonfootprintTestCases" name="CNCalculateholidaydetailsform" time="0.000">
    <skipped/>
  </testcase> <!-- CNCalculateholidaydetailsform -->
  <system-out/>
  <testcase classname="CarbonNeutral.CNCalculateyourcarbonfootprintTestCases" name="CNcalculatehouseenergydetails" time="0.000">
    <skipped/>
  </testcase> <!-- CNcalculatehouseenergydetails -->
  <system-out/>
  <testcase classname="CarbonNeutral.CNCalculateyourcarbonfootprintTestCases" name="CNcalculatewastemanagementdetails" time="0.001">
    <skipped/>
  </testcase> <!-- CNcalculatewastemanagementdetails -->
  <system-out/>
  <testcase classname="CarbonNeutral.CNCalculateyourcarbonfootprintTestCases" name="CNcheckcarbonemitter" time="0.000">
    <skipped/>
  </testcase> <!-- CNcheckcarbonemitter -->
  <system-out/>
  <testcase classname="CarbonNeutral.CNCalculateyourcarbonfootprintTestCases" name="CNviewdashboardnavigationyourcarbonfootprint" time="0.000">
    <skipped/>
  </testcase> <!-- CNviewdashboardnavigationyourcarbonfootprint -->
  <system-out/>
  <testcase classname="CarbonNeutral.CNCalculateyourcarbonfootprintTestCases" name="CNbacktodirectory" time="0.000">
    <skipped/>
  </testcase> <!-- CNbacktodirectory -->
  <system-out/>
</testsuite> <!-- CarbonNeutral.CNCalculateyourcarbonfootprintTestCases -->
