<?xml version="1.0" encoding="UTF-8"?>
<!-- Generated by org.testng.reporters.JUnitReportReporter -->
<testsuite hostname="DESKTOP-CLFL9AL" failures="0" tests="8" name="SPLabourDepartment.MedicalAssistanceWageCompensationduringillnessforregisteredworkerofHBOCWWBoardTestCases" time="28.851" errors="0" timestamp="2024-04-12T00:35:51 IST" skipped="0">
  <testcase classname="SPLabourDepartment.MedicalAssistanceWageCompensationduringillnessforregisteredworkerofHBOCWWBoardTestCases" name="allservicesnavigation" time="6.708"/>
  <system-out/>
  <testcase classname="SPLabourDepartment.MedicalAssistanceWageCompensationduringillnessforregisteredworkerofHBOCWWBoardTestCases" name="DeptNavigation" time="4.173"/>
  <system-out/>
  <testcase classname="SPLabourDepartment.MedicalAssistanceWageCompensationduringillnessforregisteredworkerofHBOCWWBoardTestCases" name="Seeinfoclick" time="3.084"/>
  <system-out/>
  <testcase classname="SPLabourDepartment.MedicalAssistanceWageCompensationduringillnessforregisteredworkerofHBOCWWBoardTestCases" name="VisitServiceclick" time="5.494"/>
  <system-out/>
  <testcase classname="SPLabourDepartment.MedicalAssistanceWageCompensationduringillnessforregisteredworkerofHBOCWWBoardTestCases" name="refreshpage" time="4.528"/>
  <system-out/>
  <testcase classname="SPLabourDepartment.MedicalAssistanceWageCompensationduringillnessforregisteredworkerofHBOCWWBoardTestCases" name="ServiceNavigationTestCase" time="4.376"/>
  <system-out/>
  <testcase classname="SPLabourDepartment.MedicalAssistanceWageCompensationduringillnessforregisteredworkerofHBOCWWBoardTestCases" name="ServicePlusPageTestCase" time="0.295"/>
  <system-out/>
  <testcase classname="SPLabourDepartment.MedicalAssistanceWageCompensationduringillnessforregisteredworkerofHBOCWWBoardTestCases" name="IMbacktodirectory" time="0.193"/>
  <system-out/>
</testsuite> <!-- SPLabourDepartment.MedicalAssistanceWageCompensationduringillnessforregisteredworkerofHBOCWWBoardTestCases -->
