<?xml version="1.0" encoding="UTF-8"?>
<!-- Generated by org.testng.reporters.JUnitReportReporter -->
<testsuite hostname="DESKTOP-CLFL9AL" failures="0" tests="8" name="SPPoliticalDepartmentMeghalaya.Duplicatetestcase" time="16.199" errors="0" timestamp="2024-04-12T00:35:51 IST" skipped="0">
  <testcase classname="SPPoliticalDepartmentMeghalaya.Duplicatetestcase" name="allservicesnavigation" time="6.660"/>
  <system-out/>
  <testcase classname="SPPoliticalDepartmentMeghalaya.Duplicatetestcase" name="Deptnavigation" time="5.209"/>
  <system-out/>
  <testcase classname="SPPoliticalDepartmentMeghalaya.Duplicatetestcase" name="LogocheckTestCases" time="0.255"/>
  <system-out/>
  <testcase classname="SPPoliticalDepartmentMeghalaya.Duplicatetestcase" name="ServicecountTestCases" time="0.113"/>
  <system-out/>
  <testcase classname="SPPoliticalDepartmentMeghalaya.Duplicatetestcase" name="duplicateTestCases" time="0.133"/>
  <system-out/>
  <testcase classname="SPPoliticalDepartmentMeghalaya.Duplicatetestcase" name="servicecountfromexcel" time="0.373"/>
  <system-out/>
  <testcase classname="SPPoliticalDepartmentMeghalaya.Duplicatetestcase" name="InformationTestCases" time="3.062"/>
  <system-out/>
  <testcase classname="SPPoliticalDepartmentMeghalaya.Duplicatetestcase" name="IMbacktodirectory" time="0.394"/>
  <system-out/>
</testsuite> <!-- SPPoliticalDepartmentMeghalaya.Duplicatetestcase -->
