<?xml version="1.0" encoding="UTF-8"?>
<!-- Generated by org.testng.reporters.JUnitReportReporter -->
<testsuite hostname="IN3241737W1" failures="0" tests="3" name="UMANG.Cowintest.NCHRegisterGrievanceTestcases" time="9.690" errors="0" timestamp="2022-07-04T09:46:32 IST" skipped="0">
  <testcase classname="UMANG.Cowintest.NCHRegisterGrievanceTestcases" name="ServiceDirectoryDeptnavigation" time="3.764"/>
  <system-out/>
  <testcase classname="UMANG.Cowintest.NCHRegisterGrievanceTestcases" name="NCHdepartmentnavigation" time="0.360"/>
  <system-out/>
  <testcase classname="UMANG.Cowintest.NCHRegisterGrievanceTestcases" name="NCHRegisterServiceNavigation" time="5.566"/>
  <system-out/>
</testsuite> <!-- UMANG.Cowintest.NCHRegisterGrievanceTestcases -->
