<?xml version="1.0" encoding="UTF-8"?>
<!-- Generated by org.testng.reporters.JUnitReportReporter -->
<testsuite hostname="DESKTOP-CLFL9AL" failures="0" tests="8" name="SPAgricultureDepartment.Duplicatetestcase" time="14.990" errors="0" timestamp="2024-04-12T00:35:51 IST" skipped="0">
  <testcase classname="SPAgricultureDepartment.Duplicatetestcase" name="allservicesnavigation" time="6.682"/>
  <system-out/>
  <testcase classname="SPAgricultureDepartment.Duplicatetestcase" name="Deptnavigation" time="4.441"/>
  <system-out/>
  <testcase classname="SPAgricultureDepartment.Duplicatetestcase" name="LogocheckTestCases" time="0.064"/>
  <system-out/>
  <testcase classname="SPAgricultureDepartment.Duplicatetestcase" name="ServicecountTestCases" time="0.031"/>
  <system-out/>
  <testcase classname="SPAgricultureDepartment.Duplicatetestcase" name="duplicateTestCases" time="0.048"/>
  <system-out/>
  <testcase classname="SPAgricultureDepartment.Duplicatetestcase" name="servicecountfromexcel" time="0.254"/>
  <system-out/>
  <testcase classname="SPAgricultureDepartment.Duplicatetestcase" name="InformationTestCases" time="3.312"/>
  <system-out/>
  <testcase classname="SPAgricultureDepartment.Duplicatetestcase" name="IMbacktodirectory" time="0.158"/>
  <system-out/>
</testsuite> <!-- SPAgricultureDepartment.Duplicatetestcase -->
