<?xml version="1.0" encoding="UTF-8"?>
<!-- Generated by org.testng.reporters.JUnitReportReporter -->
<testsuite hostname="DESKTOP-CLFL9AL" failures="0" tests="5" name="SPDepOfSocialWelfare.SCwomenTestCase" time="21.247" errors="0" timestamp="2023-05-02T07:30:03 IST" skipped="0">
  <testcase classname="SPDepOfSocialWelfare.SCwomenTestCase" name="allservicesnavigation" time="9.772"/>
  <system-out/>
  <testcase classname="SPDepOfSocialWelfare.SCwomenTestCase" name="SCwomennavigation" time="5.827"/>
  <system-out/>
  <testcase classname="SPDepOfSocialWelfare.SCwomenTestCase" name="SCwomen1TestCases" time="4.205"/>
  <system-out/>
  <testcase classname="SPDepOfSocialWelfare.SCwomenTestCase" name="SCwomen2TestCase" time="0.188"/>
  <system-out/>
  <testcase classname="SPDepOfSocialWelfare.SCwomenTestCase" name="IMbacktodirectory" time="1.255"/>
  <system-out/>
</testsuite> <!-- SPDepOfSocialWelfare.SCwomenTestCase -->
