<?xml version="1.0" encoding="UTF-8"?>
<!-- Generated by org.testng.reporters.JUnitReportReporter -->
<testsuite hostname="DESKTOP-CLFL9AL" failures="0" tests="7" name="SPDirectorateofFisheries.Duplicatetestcase" time="15.956" errors="0" timestamp="2024-04-12T00:35:51 IST" skipped="0">
  <testcase classname="SPDirectorateofFisheries.Duplicatetestcase" name="allservicesnavigation" time="6.674"/>
  <system-out/>
  <testcase classname="SPDirectorateofFisheries.Duplicatetestcase" name="Deptnavigation" time="5.451"/>
  <system-out/>
  <testcase classname="SPDirectorateofFisheries.Duplicatetestcase" name="ServicecountTestCases" time="0.071"/>
  <system-out/>
  <testcase classname="SPDirectorateofFisheries.Duplicatetestcase" name="duplicateTestCases" time="0.156"/>
  <system-out/>
  <testcase classname="SPDirectorateofFisheries.Duplicatetestcase" name="servicecountfromexcel" time="0.241"/>
  <system-out/>
  <testcase classname="SPDirectorateofFisheries.Duplicatetestcase" name="InformationTestCases" time="3.010"/>
  <system-out/>
  <testcase classname="SPDirectorateofFisheries.Duplicatetestcase" name="IMbacktodirectory" time="0.353"/>
  <system-out/>
</testsuite> <!-- SPDirectorateofFisheries.Duplicatetestcase -->
