<?xml version="1.0" encoding="UTF-8"?>
<!-- Generated by org.testng.reporters.JUnitReportReporter -->
<testsuite hostname="DESKTOP-CLFL9AL" failures="0" tests="5" name="SPDepartmentOfLabour.DeathTestCase" time="19.514" errors="0" timestamp="2023-05-02T08:58:03 IST" skipped="0">
  <testcase classname="SPDepartmentOfLabour.DeathTestCase" name="allservicesnavigation" time="8.777"/>
  <system-out/>
  <testcase classname="SPDepartmentOfLabour.DeathTestCase" name="Deathnavigation" time="5.178"/>
  <system-out/>
  <testcase classname="SPDepartmentOfLabour.DeathTestCase" name="Death1TestCases" time="4.200"/>
  <system-out/>
  <testcase classname="SPDepartmentOfLabour.DeathTestCase" name="Death2TestCase" time="0.166"/>
  <system-out/>
  <testcase classname="SPDepartmentOfLabour.DeathTestCase" name="IMbacktodirectory" time="1.193"/>
  <system-out/>
</testsuite> <!-- SPDepartmentOfLabour.DeathTestCase -->
