<?xml version="1.0" encoding="UTF-8"?>
<!-- Generated by org.testng.reporters.JUnitReportReporter -->
<testsuite hostname="DESKTOP-CLFL9AL" failures="0" tests="5" name="SPUrbanDevelopmentDepartment.DeathRecordTestCases" time="17.745" errors="0" timestamp="2023-05-02T08:58:03 IST" skipped="0">
  <testcase classname="SPUrbanDevelopmentDepartment.DeathRecordTestCases" name="allservicesnavigation" time="9.061"/>
  <system-out/>
  <testcase classname="SPUrbanDevelopmentDepartment.DeathRecordTestCases" name="DeathRecordnavigation" time="3.097"/>
  <system-out/>
  <testcase classname="SPUrbanDevelopmentDepartment.DeathRecordTestCases" name="DeathRecord1TestCases" time="4.232"/>
  <system-out/>
  <testcase classname="SPUrbanDevelopmentDepartment.DeathRecordTestCases" name="DeathRecord2TestCase" time="0.186"/>
  <system-out/>
  <testcase classname="SPUrbanDevelopmentDepartment.DeathRecordTestCases" name="IMbacktodirectory" time="1.169"/>
  <system-out/>
</testsuite> <!-- SPUrbanDevelopmentDepartment.DeathRecordTestCases -->
