<?xml version="1.0" encoding="UTF-8"?>
<!-- Generated by org.testng.reporters.JUnitReportReporter -->
<testsuite hostname="DESKTOP-CLFL9AL" failures="0" tests="8" name="SPDeptOfRevenue.LocalResidentTestCases" time="30.197" errors="0" timestamp="2024-04-12T00:35:51 IST" skipped="0">
  <testcase classname="SPDeptOfRevenue.LocalResidentTestCases" name="allservicesnavigation" time="6.754"/>
  <system-out/>
  <testcase classname="SPDeptOfRevenue.LocalResidentTestCases" name="DeptNavigation" time="5.246"/>
  <system-out/>
  <testcase classname="SPDeptOfRevenue.LocalResidentTestCases" name="Seeinfoclick" time="3.071"/>
  <system-out/>
  <testcase classname="SPDeptOfRevenue.LocalResidentTestCases" name="VisitServiceclick" time="5.519"/>
  <system-out/>
  <testcase classname="SPDeptOfRevenue.LocalResidentTestCases" name="refreshpage" time="4.831"/>
  <system-out/>
  <testcase classname="SPDeptOfRevenue.LocalResidentTestCases" name="ServiceNavigationTestCase" time="4.313"/>
  <system-out/>
  <testcase classname="SPDeptOfRevenue.LocalResidentTestCases" name="ServicePlusPageTestCase" time="0.256"/>
  <system-out/>
  <testcase classname="SPDeptOfRevenue.LocalResidentTestCases" name="IMbacktodirectory" time="0.207"/>
  <system-out/>
</testsuite> <!-- SPDeptOfRevenue.LocalResidentTestCases -->
