<?xml version="1.0" encoding="UTF-8"?>
<!-- Generated by org.testng.reporters.JUnitReportReporter -->
<testsuite hostname="DESKTOP-CLFL9AL" failures="0" tests="6" name="NTA.NTACUETPGAdmitCardTestcases" time="0.000" errors="0" timestamp="2022-12-18T16:48:59 IST" skipped="6">
  <testcase classname="NTA.NTACUETPGAdmitCardTestcases" name="allservicesnavigation" time="0.000">
    <skipped/>
  </testcase> <!-- allservicesnavigation -->
  <system-out/>
  <testcase classname="NTA.NTACUETPGAdmitCardTestcases" name="NTAdepartmentnavigation" time="0.000">
    <skipped/>
  </testcase> <!-- NTAdepartmentnavigation -->
  <system-out/>
  <testcase classname="NTA.NTACUETPGAdmitCardTestcases" name="NTACUETPGadmitcardServiceNavigation" time="0.000">
    <skipped/>
  </testcase> <!-- NTACUETPGadmitcardServiceNavigation -->
  <system-out/>
  <testcase classname="NTA.NTACUETPGAdmitCardTestcases" name="NTAadmitcardsessionCUETPGcanditatevisible" time="0.000">
    <skipped/>
  </testcase> <!-- NTAadmitcardsessionCUETPGcanditatevisible -->
  <system-out/>
  <testcase classname="NTA.NTACUETPGAdmitCardTestcases" name="NTAadmitcardsessionCUETPGdownloaddetails" time="0.000">
    <skipped/>
  </testcase> <!-- NTAadmitcardsessionCUETPGdownloaddetails -->
  <system-out/>
  <testcase classname="NTA.NTACUETPGAdmitCardTestcases" name="NTAbacktodirectory" time="0.000">
    <skipped/>
  </testcase> <!-- NTAbacktodirectory -->
  <system-out/>
</testsuite> <!-- NTA.NTACUETPGAdmitCardTestcases -->
