<?xml version="1.0" encoding="UTF-8"?>
<!-- Generated by org.testng.reporters.JUnitReportReporter -->
<testsuite hostname="DESKTOP-CLFL9AL" failures="0" tests="8" name="SPEmploymentDepartment.RelaxationinRenewalafterdelayoftwomonthsTestCases" time="29.557" errors="0" timestamp="2024-04-12T00:35:51 IST" skipped="0">
  <testcase classname="SPEmploymentDepartment.RelaxationinRenewalafterdelayoftwomonthsTestCases" name="allservicesnavigation" time="6.662"/>
  <system-out/>
  <testcase classname="SPEmploymentDepartment.RelaxationinRenewalafterdelayoftwomonthsTestCases" name="DeptNavigation" time="5.077"/>
  <system-out/>
  <testcase classname="SPEmploymentDepartment.RelaxationinRenewalafterdelayoftwomonthsTestCases" name="Seeinfoclick" time="3.018"/>
  <system-out/>
  <testcase classname="SPEmploymentDepartment.RelaxationinRenewalafterdelayoftwomonthsTestCases" name="VisitServiceclick" time="5.453"/>
  <system-out/>
  <testcase classname="SPEmploymentDepartment.RelaxationinRenewalafterdelayoftwomonthsTestCases" name="refreshpage" time="4.412"/>
  <system-out/>
  <testcase classname="SPEmploymentDepartment.RelaxationinRenewalafterdelayoftwomonthsTestCases" name="ServiceNavigationTestCase" time="4.396"/>
  <system-out/>
  <testcase classname="SPEmploymentDepartment.RelaxationinRenewalafterdelayoftwomonthsTestCases" name="ServicePlusPageTestCase" time="0.347"/>
  <system-out/>
  <testcase classname="SPEmploymentDepartment.RelaxationinRenewalafterdelayoftwomonthsTestCases" name="IMbacktodirectory" time="0.192"/>
  <system-out/>
</testsuite> <!-- SPEmploymentDepartment.RelaxationinRenewalafterdelayoftwomonthsTestCases -->
