<?xml version="1.0" encoding="UTF-8"?>
<!-- Generated by org.testng.reporters.JUnitReportReporter -->
<testsuite hostname="DESKTOP-CLFL9AL" failures="0" tests="13" name="UMANG.Cowintest.JASFeedbackformTestcases" time="0.003" errors="0" timestamp="2022-12-18T16:49:00 IST" skipped="13">
  <testcase classname="UMANG.Cowintest.JASFeedbackformTestcases" name="JASaddbuttonforreportbug" time="0.001">
    <skipped/>
  </testcase> <!-- JASaddbuttonforreportbug -->
  <system-out/>
  <testcase classname="UMANG.Cowintest.JASFeedbackformTestcases" name="JASaddfedbackform" time="0.001">
    <skipped/>
  </testcase> <!-- JASaddfedbackform -->
  <system-out/>
  <testcase classname="UMANG.Cowintest.JASFeedbackformTestcases" name="JASsuggestionform" time="0.000">
    <skipped/>
  </testcase> <!-- JASsuggestionform -->
  <system-out/>
  <testcase classname="UMANG.Cowintest.JASFeedbackformTestcases" name="JASreportbug" time="0.001">
    <skipped/>
  </testcase> <!-- JASreportbug -->
  <system-out/>
  <testcase classname="UMANG.Cowintest.JASFeedbackformTestcases" name="JASaddbuttonforsuggestion" time="0.000">
    <skipped/>
  </testcase> <!-- JASaddbuttonforsuggestion -->
  <system-out/>
  <testcase classname="UMANG.Cowintest.JASFeedbackformTestcases" name="JASaddbuttonforfeedback" time="0.000">
    <skipped/>
  </testcase> <!-- JASaddbuttonforfeedback -->
  <system-out/>
  <testcase classname="UMANG.Cowintest.JASFeedbackformTestcases" name="allservicesnavigation" time="0.000">
    <skipped/>
  </testcase> <!-- allservicesnavigation -->
  <system-out/>
  <testcase classname="UMANG.Cowintest.JASFeedbackformTestcases" name="JASdepartmentnavigation" time="0.000">
    <skipped/>
  </testcase> <!-- JASdepartmentnavigation -->
  <system-out/>
  <testcase classname="UMANG.Cowintest.JASFeedbackformTestcases" name="JASFeedbackformServiceNavigation" time="0.000">
    <skipped/>
  </testcase> <!-- JASFeedbackformServiceNavigation -->
  <system-out/>
  <testcase classname="UMANG.Cowintest.JASFeedbackformTestcases" name="JASreportbugpage" time="0.000">
    <skipped/>
  </testcase> <!-- JASreportbugpage -->
  <system-out/>
  <testcase classname="UMANG.Cowintest.JASFeedbackformTestcases" name="JASfeedbackpage" time="0.000">
    <skipped/>
  </testcase> <!-- JASfeedbackpage -->
  <system-out/>
  <testcase classname="UMANG.Cowintest.JASFeedbackformTestcases" name="JASsuggestionpage" time="0.000">
    <skipped/>
  </testcase> <!-- JASsuggestionpage -->
  <system-out/>
  <testcase classname="UMANG.Cowintest.JASFeedbackformTestcases" name="JASbacktoservicedirectory" time="0.000">
    <skipped/>
  </testcase> <!-- JASbacktoservicedirectory -->
  <system-out/>
</testsuite> <!-- UMANG.Cowintest.JASFeedbackformTestcases -->
