<?xml version="1.0" encoding="UTF-8"?>
<!-- Generated by org.testng.reporters.JUnitReportReporter -->
<testsuite hostname="IN3241737W1" failures="0" tests="4" name="ArundatiGoldScheme.ArundatiGSTrackStatus" time="10.533" errors="0" timestamp="2022-09-05T11:33:14 IST" skipped="0">
  <testcase classname="ArundatiGoldScheme.ArundatiGSTrackStatus" name="allservicesnavigation" time="2.737"/>
  <system-out/>
  <testcase classname="ArundatiGoldScheme.ArundatiGSTrackStatus" name="Arundhatigoldschemedepartmentnavigation" time="3.066"/>
  <system-out/>
  <testcase classname="ArundatiGoldScheme.ArundatiGSTrackStatus" name="ArundhatigoldschemeTrackStatusservcienavigation" time="4.097"/>
  <system-out/>
  <testcase classname="ArundatiGoldScheme.ArundatiGSTrackStatus" name="coffeboardbacktoservicedirectory" time="0.633"/>
  <system-out/>
</testsuite> <!-- ArundatiGoldScheme.ArundatiGSTrackStatus -->
