<?xml version="1.0" encoding="UTF-8"?>
<!-- Generated by org.testng.reporters.JUnitReportReporter -->
<testsuite hostname="DESKTOP-CLFL9AL" failures="0" tests="5" name="eGopala.eGopalaMyAlertsTestCases" time="0.000" errors="0" timestamp="2022-12-18T16:48:59 IST" skipped="5">
  <testcase classname="eGopala.eGopalaMyAlertsTestCases" name="allservicesnavigation" time="0.000">
    <skipped/>
  </testcase> <!-- allservicesnavigation -->
  <system-out/>
  <testcase classname="eGopala.eGopalaMyAlertsTestCases" name="eGopaladepartmentnavigation" time="0.000">
    <skipped/>
  </testcase> <!-- eGopaladepartmentnavigation -->
  <system-out/>
  <testcase classname="eGopala.eGopalaMyAlertsTestCases" name="eGopalamyalertsservicenavigation" time="0.000">
    <skipped/>
  </testcase> <!-- eGopalamyalertsservicenavigation -->
  <system-out/>
  <testcase classname="eGopala.eGopalaMyAlertsTestCases" name="eGopalamyalertscheckalerts" time="0.000">
    <skipped/>
  </testcase> <!-- eGopalamyalertscheckalerts -->
  <system-out/>
  <testcase classname="eGopala.eGopalaMyAlertsTestCases" name="eGopalamylaertsbacktodirectory" time="0.000">
    <skipped/>
  </testcase> <!-- eGopalamylaertsbacktodirectory -->
  <system-out/>
</testsuite> <!-- eGopala.eGopalaMyAlertsTestCases -->
