<?xml version="1.0" encoding="UTF-8"?>
<!-- Generated by org.testng.reporters.JUnitReportReporter -->
<testsuite hostname="DESKTOP-CLFL9AL" failures="0" tests="8" name="SPDirectorateOfHealthServices.DulariSchemeTestCase" time="29.614" errors="0" timestamp="2024-04-12T00:35:51 IST" skipped="0">
  <testcase classname="SPDirectorateOfHealthServices.DulariSchemeTestCase" name="allservicesnavigation" time="6.768"/>
  <system-out/>
  <testcase classname="SPDirectorateOfHealthServices.DulariSchemeTestCase" name="DeptNavigation" time="5.172"/>
  <system-out/>
  <testcase classname="SPDirectorateOfHealthServices.DulariSchemeTestCase" name="Seeinfoclick" time="3.015"/>
  <system-out/>
  <testcase classname="SPDirectorateOfHealthServices.DulariSchemeTestCase" name="VisitServiceclick" time="5.393"/>
  <system-out/>
  <testcase classname="SPDirectorateOfHealthServices.DulariSchemeTestCase" name="refreshpage" time="4.467"/>
  <system-out/>
  <testcase classname="SPDirectorateOfHealthServices.DulariSchemeTestCase" name="ServiceNavigationTestCase" time="4.363"/>
  <system-out/>
  <testcase classname="SPDirectorateOfHealthServices.DulariSchemeTestCase" name="ServicePlusPageTestCase" time="0.238"/>
  <system-out/>
  <testcase classname="SPDirectorateOfHealthServices.DulariSchemeTestCase" name="IMbacktodirectory" time="0.198"/>
  <system-out/>
</testsuite> <!-- SPDirectorateOfHealthServices.DulariSchemeTestCase -->
