<?xml version="1.0" encoding="UTF-8"?>
<!-- Generated by org.testng.reporters.JUnitReportReporter -->
<testsuite hostname="DESKTOP-CLFL9AL" failures="0" tests="8" name="SPDepartmentOfLabour.RegistrationofConstructionWorkersinANBOCWWBTestCase" time="31.700" errors="0" timestamp="2024-04-12T00:35:51 IST" skipped="0">
  <testcase classname="SPDepartmentOfLabour.RegistrationofConstructionWorkersinANBOCWWBTestCase" name="allservicesnavigation" time="6.614"/>
  <system-out/>
  <testcase classname="SPDepartmentOfLabour.RegistrationofConstructionWorkersinANBOCWWBTestCase" name="DeptNavigation" time="5.224"/>
  <system-out/>
  <testcase classname="SPDepartmentOfLabour.RegistrationofConstructionWorkersinANBOCWWBTestCase" name="Seeinfoclick" time="5.076"/>
  <system-out/>
  <testcase classname="SPDepartmentOfLabour.RegistrationofConstructionWorkersinANBOCWWBTestCase" name="VisitServiceclick" time="5.469"/>
  <system-out/>
  <testcase classname="SPDepartmentOfLabour.RegistrationofConstructionWorkersinANBOCWWBTestCase" name="refreshpage" time="4.489"/>
  <system-out/>
  <testcase classname="SPDepartmentOfLabour.RegistrationofConstructionWorkersinANBOCWWBTestCase" name="ServiceNavigationTestCase" time="4.325"/>
  <system-out/>
  <testcase classname="SPDepartmentOfLabour.RegistrationofConstructionWorkersinANBOCWWBTestCase" name="ServicePlusPageTestCase" time="0.254"/>
  <system-out/>
  <testcase classname="SPDepartmentOfLabour.RegistrationofConstructionWorkersinANBOCWWBTestCase" name="IMbacktodirectory" time="0.249"/>
  <system-out/>
</testsuite> <!-- SPDepartmentOfLabour.RegistrationofConstructionWorkersinANBOCWWBTestCase -->
