<?xml version="1.0" encoding="UTF-8"?>
<!-- Generated by org.testng.reporters.JUnitReportReporter -->
<testsuite hostname="DESKTOP-CLFL9AL" failures="0" tests="5" name="SPDeptOfUrbanAffairs.FormForCessPoolTestCase" time="21.077" errors="0" timestamp="2023-05-02T07:30:03 IST" skipped="0">
  <testcase classname="SPDeptOfUrbanAffairs.FormForCessPoolTestCase" name="allservicesnavigation" time="9.117"/>
  <system-out/>
  <testcase classname="SPDeptOfUrbanAffairs.FormForCessPoolTestCase" name="FormForCessPoolnavigation" time="5.101"/>
  <system-out/>
  <testcase classname="SPDeptOfUrbanAffairs.FormForCessPoolTestCase" name="FormForCessPool1TestCases" time="4.204"/>
  <system-out/>
  <testcase classname="SPDeptOfUrbanAffairs.FormForCessPoolTestCase" name="FormForCessPool2TestCase" time="0.206"/>
  <system-out/>
  <testcase classname="SPDeptOfUrbanAffairs.FormForCessPoolTestCase" name="IMbacktodirectory" time="2.449"/>
  <system-out/>
</testsuite> <!-- SPDeptOfUrbanAffairs.FormForCessPoolTestCase -->
