<?xml version="1.0" encoding="UTF-8"?>
<!-- Generated by org.testng.reporters.JUnitReportReporter -->
<testsuite hostname="DESKTOP-CLFL9AL" failures="0" tests="6" name="NTA.NTAICCRAIEEAUGScorecard" time="0.000" errors="0" timestamp="2022-12-18T16:48:57 IST" skipped="6">
  <testcase classname="NTA.NTAICCRAIEEAUGScorecard" name="allservicesnavigation" time="0.000">
    <skipped/>
  </testcase> <!-- allservicesnavigation -->
  <system-out/>
  <testcase classname="NTA.NTAICCRAIEEAUGScorecard" name="NTAdeptnavigation" time="0.000">
    <skipped/>
  </testcase> <!-- NTAdeptnavigation -->
  <system-out/>
  <testcase classname="NTA.NTAICCRAIEEAUGScorecard" name="NTAICCRAIEEAUGScorecardServiceNavigation" time="0.000">
    <skipped/>
  </testcase> <!-- NTAICCRAIEEAUGScorecardServiceNavigation -->
  <system-out/>
  <testcase classname="NTA.NTAICCRAIEEAUGScorecard" name="NTAICCRAIEEAUGscorecardvisible" time="0.000">
    <skipped/>
  </testcase> <!-- NTAICCRAIEEAUGscorecardvisible -->
  <system-out/>
  <testcase classname="NTA.NTAICCRAIEEAUGScorecard" name="NTAICCRAIEEAUGScorecarddownloaddetails" time="0.000">
    <skipped/>
  </testcase> <!-- NTAICCRAIEEAUGScorecarddownloaddetails -->
  <system-out/>
  <testcase classname="NTA.NTAICCRAIEEAUGScorecard" name="NTAbacktodirectory" time="0.000">
    <skipped/>
  </testcase> <!-- NTAbacktodirectory -->
  <system-out/>
</testsuite> <!-- NTA.NTAICCRAIEEAUGScorecard -->
