<?xml version="1.0" encoding="UTF-8"?>
<!-- Generated by org.testng.reporters.JUnitReportReporter -->
<testsuite hostname="DESKTOP-CLFL9AL" failures="0" tests="8" name="SPLabourDepartment.FinancialAssistancetoregisteredconstructionworkerofHBOCWWBoardforpurchaseconstructionofHouseTestCases" time="29.763" errors="0" timestamp="2024-04-12T00:35:51 IST" skipped="0">
  <testcase classname="SPLabourDepartment.FinancialAssistancetoregisteredconstructionworkerofHBOCWWBoardforpurchaseconstructionofHouseTestCases" name="allservicesnavigation" time="6.754"/>
  <system-out/>
  <testcase classname="SPLabourDepartment.FinancialAssistancetoregisteredconstructionworkerofHBOCWWBoardforpurchaseconstructionofHouseTestCases" name="DeptNavigation" time="5.094"/>
  <system-out/>
  <testcase classname="SPLabourDepartment.FinancialAssistancetoregisteredconstructionworkerofHBOCWWBoardforpurchaseconstructionofHouseTestCases" name="Seeinfoclick" time="2.989"/>
  <system-out/>
  <testcase classname="SPLabourDepartment.FinancialAssistancetoregisteredconstructionworkerofHBOCWWBoardforpurchaseconstructionofHouseTestCases" name="VisitServiceclick" time="5.400"/>
  <system-out/>
  <testcase classname="SPLabourDepartment.FinancialAssistancetoregisteredconstructionworkerofHBOCWWBoardforpurchaseconstructionofHouseTestCases" name="refreshpage" time="4.618"/>
  <system-out/>
  <testcase classname="SPLabourDepartment.FinancialAssistancetoregisteredconstructionworkerofHBOCWWBoardforpurchaseconstructionofHouseTestCases" name="ServiceNavigationTestCase" time="4.314"/>
  <system-out/>
  <testcase classname="SPLabourDepartment.FinancialAssistancetoregisteredconstructionworkerofHBOCWWBoardforpurchaseconstructionofHouseTestCases" name="ServicePlusPageTestCase" time="0.360"/>
  <system-out/>
  <testcase classname="SPLabourDepartment.FinancialAssistancetoregisteredconstructionworkerofHBOCWWBoardforpurchaseconstructionofHouseTestCases" name="IMbacktodirectory" time="0.234"/>
  <system-out/>
</testsuite> <!-- SPLabourDepartment.FinancialAssistancetoregisteredconstructionworkerofHBOCWWBoardforpurchaseconstructionofHouseTestCases -->
