<?xml version="1.0" encoding="UTF-8"?>
<!-- Generated by org.testng.reporters.JUnitReportReporter -->
<testsuite hostname="DESKTOP-CLFL9AL" failures="0" tests="6" name="CISF.CISFCheckComplaintTestCases" time="0.000" errors="0" timestamp="2022-12-18T16:48:59 IST" skipped="6">
  <testcase classname="CISF.CISFCheckComplaintTestCases" name="allservicesnavigation" time="0.000">
    <skipped/>
  </testcase> <!-- allservicesnavigation -->
  <system-out/>
  <testcase classname="CISF.CISFCheckComplaintTestCases" name="CISFdepartmentnavigation" time="0.000">
    <skipped/>
  </testcase> <!-- CISFdepartmentnavigation -->
  <system-out/>
  <testcase classname="CISF.CISFCheckComplaintTestCases" name="CISFcheckcomplaintservcienavigation" time="0.000">
    <skipped/>
  </testcase> <!-- CISFcheckcomplaintservcienavigation -->
  <system-out/>
  <testcase classname="CISF.CISFCheckComplaintTestCases" name="CISFcheckcomplaintservciebymobile" time="0.000">
    <skipped/>
  </testcase> <!-- CISFcheckcomplaintservciebymobile -->
  <system-out/>
  <testcase classname="CISF.CISFCheckComplaintTestCases" name="CISFcheckcomplaintservciebycomplaintno" time="0.000">
    <skipped/>
  </testcase> <!-- CISFcheckcomplaintservciebycomplaintno -->
  <system-out/>
  <testcase classname="CISF.CISFCheckComplaintTestCases" name="CISFcheckcompaintbacktoservicedirectory" time="0.000">
    <skipped/>
  </testcase> <!-- CISFcheckcompaintbacktoservicedirectory -->
  <system-out/>
</testsuite> <!-- CISF.CISFCheckComplaintTestCases -->
