<?xml version="1.0" encoding="UTF-8"?>
<!-- Generated by org.testng.reporters.JUnitReportReporter -->
<testsuite hostname="DESKTOP-CLFL9AL" failures="0" tests="8" name="SPDepartmentofCommerceandIndustriesMeghalaya.Duplicatetestcase" time="14.757" errors="0" timestamp="2024-04-12T00:35:51 IST" skipped="0">
  <testcase classname="SPDepartmentofCommerceandIndustriesMeghalaya.Duplicatetestcase" name="allservicesnavigation" time="6.599"/>
  <system-out/>
  <testcase classname="SPDepartmentofCommerceandIndustriesMeghalaya.Duplicatetestcase" name="Deptnavigation" time="4.566"/>
  <system-out/>
  <testcase classname="SPDepartmentofCommerceandIndustriesMeghalaya.Duplicatetestcase" name="LogocheckTestCases" time="0.054"/>
  <system-out/>
  <testcase classname="SPDepartmentofCommerceandIndustriesMeghalaya.Duplicatetestcase" name="ServicecountTestCases" time="0.036"/>
  <system-out/>
  <testcase classname="SPDepartmentofCommerceandIndustriesMeghalaya.Duplicatetestcase" name="duplicateTestCases" time="0.056"/>
  <system-out/>
  <testcase classname="SPDepartmentofCommerceandIndustriesMeghalaya.Duplicatetestcase" name="servicecountfromexcel" time="0.207"/>
  <system-out/>
  <testcase classname="SPDepartmentofCommerceandIndustriesMeghalaya.Duplicatetestcase" name="InformationTestCases" time="3.069"/>
  <system-out/>
  <testcase classname="SPDepartmentofCommerceandIndustriesMeghalaya.Duplicatetestcase" name="IMbacktodirectory" time="0.170"/>
  <system-out/>
</testsuite> <!-- SPDepartmentofCommerceandIndustriesMeghalaya.Duplicatetestcase -->
