<?xml version="1.0" encoding="UTF-8"?>
<!-- Generated by org.testng.reporters.JUnitReportReporter -->
<testsuite hostname="DESKTOP-CLFL9AL" failures="0" tests="8" name="SPDirectorateOfHealthServices.AyushmanBharatPradhanMantriJanArogyaYojanaTestCase" time="29.757" errors="0" timestamp="2024-04-12T00:35:51 IST" skipped="0">
  <testcase classname="SPDirectorateOfHealthServices.AyushmanBharatPradhanMantriJanArogyaYojanaTestCase" name="allservicesnavigation" time="6.736"/>
  <system-out/>
  <testcase classname="SPDirectorateOfHealthServices.AyushmanBharatPradhanMantriJanArogyaYojanaTestCase" name="DeptNavigation" time="5.030"/>
  <system-out/>
  <testcase classname="SPDirectorateOfHealthServices.AyushmanBharatPradhanMantriJanArogyaYojanaTestCase" name="Seeinfoclick" time="3.064"/>
  <system-out/>
  <testcase classname="SPDirectorateOfHealthServices.AyushmanBharatPradhanMantriJanArogyaYojanaTestCase" name="VisitServiceclick" time="5.407"/>
  <system-out/>
  <testcase classname="SPDirectorateOfHealthServices.AyushmanBharatPradhanMantriJanArogyaYojanaTestCase" name="refreshpage" time="4.771"/>
  <system-out/>
  <testcase classname="SPDirectorateOfHealthServices.AyushmanBharatPradhanMantriJanArogyaYojanaTestCase" name="ServiceNavigationTestCase" time="4.305"/>
  <system-out/>
  <testcase classname="SPDirectorateOfHealthServices.AyushmanBharatPradhanMantriJanArogyaYojanaTestCase" name="ServicePlusPageTestCase" time="0.244"/>
  <system-out/>
  <testcase classname="SPDirectorateOfHealthServices.AyushmanBharatPradhanMantriJanArogyaYojanaTestCase" name="IMbacktodirectory" time="0.200"/>
  <system-out/>
</testsuite> <!-- SPDirectorateOfHealthServices.AyushmanBharatPradhanMantriJanArogyaYojanaTestCase -->
