<?xml version="1.0" encoding="UTF-8"?>
<!-- Generated by org.testng.reporters.JUnitReportReporter -->
<testsuite hostname="DESKTOP-CLFL9AL" failures="0" tests="8" name="SPDepOfSocialWelfare.UTChandigarhICDSStateEnhancementTestCase" time="29.818" errors="0" timestamp="2024-04-12T00:35:51 IST" skipped="0">
  <testcase classname="SPDepOfSocialWelfare.UTChandigarhICDSStateEnhancementTestCase" name="allservicesnavigation" time="6.754"/>
  <system-out/>
  <testcase classname="SPDepOfSocialWelfare.UTChandigarhICDSStateEnhancementTestCase" name="DeptNavigation" time="5.530"/>
  <system-out/>
  <testcase classname="SPDepOfSocialWelfare.UTChandigarhICDSStateEnhancementTestCase" name="Seeinfoclick" time="2.961"/>
  <system-out/>
  <testcase classname="SPDepOfSocialWelfare.UTChandigarhICDSStateEnhancementTestCase" name="VisitServiceclick" time="5.338"/>
  <system-out/>
  <testcase classname="SPDepOfSocialWelfare.UTChandigarhICDSStateEnhancementTestCase" name="refreshpage" time="4.513"/>
  <system-out/>
  <testcase classname="SPDepOfSocialWelfare.UTChandigarhICDSStateEnhancementTestCase" name="ServiceNavigationTestCase" time="4.312"/>
  <system-out/>
  <testcase classname="SPDepOfSocialWelfare.UTChandigarhICDSStateEnhancementTestCase" name="ServicePlusPageTestCase" time="0.249"/>
  <system-out/>
  <testcase classname="SPDepOfSocialWelfare.UTChandigarhICDSStateEnhancementTestCase" name="IMbacktodirectory" time="0.161"/>
  <system-out/>
</testsuite> <!-- SPDepOfSocialWelfare.UTChandigarhICDSStateEnhancementTestCase -->
