<?xml version="1.0" encoding="UTF-8"?>
<!-- Generated by org.testng.reporters.JUnitReportReporter -->
<testsuite hostname="DESKTOP-CLFL9AL" failures="0" tests="8" name="SPDepartmentOfLabour.FuneralFinancialAssistanceTestCase" time="30.981" errors="0" timestamp="2024-04-12T00:35:51 IST" skipped="0">
  <testcase classname="SPDepartmentOfLabour.FuneralFinancialAssistanceTestCase" name="allservicesnavigation" time="6.682"/>
  <system-out/>
  <testcase classname="SPDepartmentOfLabour.FuneralFinancialAssistanceTestCase" name="DeptNavigation" time="5.339"/>
  <system-out/>
  <testcase classname="SPDepartmentOfLabour.FuneralFinancialAssistanceTestCase" name="Seeinfoclick" time="5.166"/>
  <system-out/>
  <testcase classname="SPDepartmentOfLabour.FuneralFinancialAssistanceTestCase" name="VisitServiceclick" time="5.509"/>
  <system-out/>
  <testcase classname="SPDepartmentOfLabour.FuneralFinancialAssistanceTestCase" name="refreshpage" time="3.584"/>
  <system-out/>
  <testcase classname="SPDepartmentOfLabour.FuneralFinancialAssistanceTestCase" name="ServiceNavigationTestCase" time="4.301"/>
  <system-out/>
  <testcase classname="SPDepartmentOfLabour.FuneralFinancialAssistanceTestCase" name="ServicePlusPageTestCase" time="0.217"/>
  <system-out/>
  <testcase classname="SPDepartmentOfLabour.FuneralFinancialAssistanceTestCase" name="IMbacktodirectory" time="0.183"/>
  <system-out/>
</testsuite> <!-- SPDepartmentOfLabour.FuneralFinancialAssistanceTestCase -->
