<?xml version="1.0" encoding="UTF-8"?>
<!-- Generated by org.testng.reporters.JUnitReportReporter -->
<testsuite hostname="DESKTOP-CLFL9AL" failures="0" tests="5" name="SPDepartmentOfRevenue.ScheduledCasteTestCases" time="21.118" errors="0" timestamp="2023-05-02T08:58:03 IST" skipped="0">
  <testcase classname="SPDepartmentOfRevenue.ScheduledCasteTestCases" name="allservicesnavigation" time="12.176"/>
  <system-out/>
  <testcase classname="SPDepartmentOfRevenue.ScheduledCasteTestCases" name="ScheduledCastenavigation" time="3.294"/>
  <system-out/>
  <testcase classname="SPDepartmentOfRevenue.ScheduledCasteTestCases" name="ScheduledCaste1TestCases" time="4.203"/>
  <system-out/>
  <testcase classname="SPDepartmentOfRevenue.ScheduledCasteTestCases" name="ScheduledCaste2TestCase" time="0.177"/>
  <system-out/>
  <testcase classname="SPDepartmentOfRevenue.ScheduledCasteTestCases" name="IMbacktodirectory" time="1.268"/>
  <system-out/>
</testsuite> <!-- SPDepartmentOfRevenue.ScheduledCasteTestCases -->
