<?xml version="1.0" encoding="UTF-8"?>
<!-- Generated by org.testng.reporters.JUnitReportReporter -->
<testsuite hostname="DESKTOP-CLFL9AL" failures="0" tests="5" name="TNMSME.TNMSMEUploadDocuments" time="0.000" errors="0" timestamp="2022-12-18T16:48:59 IST" skipped="5">
  <testcase classname="TNMSME.TNMSMEUploadDocuments" name="allservicesnavigation" time="0.000">
    <skipped/>
  </testcase> <!-- allservicesnavigation -->
  <system-out/>
  <testcase classname="TNMSME.TNMSMEUploadDocuments" name="TNMSMEdepartmentnavigation" time="0.000">
    <skipped/>
  </testcase> <!-- TNMSMEdepartmentnavigation -->
  <system-out/>
  <testcase classname="TNMSME.TNMSMEUploadDocuments" name="TNMSMEuploaddocumnetsservicenavigation" time="0.000">
    <skipped/>
  </testcase> <!-- TNMSMEuploaddocumnetsservicenavigation -->
  <system-out/>
  <testcase classname="TNMSME.TNMSMEUploadDocuments" name="TMMSMEuploaddocumetsall" time="0.000">
    <skipped/>
  </testcase> <!-- TMMSMEuploaddocumetsall -->
  <system-out/>
  <testcase classname="TNMSME.TNMSMEUploadDocuments" name="TNMSMEUploadacktodirectory" time="0.000">
    <skipped/>
  </testcase> <!-- TNMSMEUploadacktodirectory -->
  <system-out/>
</testsuite> <!-- TNMSME.TNMSMEUploadDocuments -->
