<?xml version="1.0" encoding="UTF-8"?>
<!-- Generated by org.testng.reporters.JUnitReportReporter -->
<testsuite hostname="DESKTOP-CLFL9AL" failures="0" tests="8" name="SPDepartmentOfLabour.MedicalFinancialAssistanceTestCase" time="31.684" errors="0" timestamp="2024-04-12T00:35:51 IST" skipped="0">
  <testcase classname="SPDepartmentOfLabour.MedicalFinancialAssistanceTestCase" name="allservicesnavigation" time="6.675"/>
  <system-out/>
  <testcase classname="SPDepartmentOfLabour.MedicalFinancialAssistanceTestCase" name="DeptNavigation" time="4.463"/>
  <system-out/>
  <testcase classname="SPDepartmentOfLabour.MedicalFinancialAssistanceTestCase" name="Seeinfoclick" time="5.011"/>
  <system-out/>
  <testcase classname="SPDepartmentOfLabour.MedicalFinancialAssistanceTestCase" name="VisitServiceclick" time="5.633"/>
  <system-out/>
  <testcase classname="SPDepartmentOfLabour.MedicalFinancialAssistanceTestCase" name="refreshpage" time="5.068"/>
  <system-out/>
  <testcase classname="SPDepartmentOfLabour.MedicalFinancialAssistanceTestCase" name="ServiceNavigationTestCase" time="4.374"/>
  <system-out/>
  <testcase classname="SPDepartmentOfLabour.MedicalFinancialAssistanceTestCase" name="ServicePlusPageTestCase" time="0.238"/>
  <system-out/>
  <testcase classname="SPDepartmentOfLabour.MedicalFinancialAssistanceTestCase" name="IMbacktodirectory" time="0.222"/>
  <system-out/>
</testsuite> <!-- SPDepartmentOfLabour.MedicalFinancialAssistanceTestCase -->
