<?xml version="1.0" encoding="UTF-8"?>
<!-- Generated by org.testng.reporters.JUnitReportReporter -->
<testsuite hostname="DESKTOP-CLFL9AL" failures="0" tests="6" name="NTA.NTAJEEScoreCardSession2TestCases" time="0.000" errors="0" timestamp="2022-12-18T16:49:00 IST" skipped="6">
  <testcase classname="NTA.NTAJEEScoreCardSession2TestCases" name="allservicesnavigation" time="0.000">
    <skipped/>
  </testcase> <!-- allservicesnavigation -->
  <system-out/>
  <testcase classname="NTA.NTAJEEScoreCardSession2TestCases" name="NTAservicesnavigation" time="0.000">
    <skipped/>
  </testcase> <!-- NTAservicesnavigation -->
  <system-out/>
  <testcase classname="NTA.NTAJEEScoreCardSession2TestCases" name="NTASCorecardsession2servcieclick" time="0.000">
    <skipped/>
  </testcase> <!-- NTASCorecardsession2servcieclick -->
  <system-out/>
  <testcase classname="NTA.NTAJEEScoreCardSession2TestCases" name="NTAscorecardsession2canditatevisible" time="0.000">
    <skipped/>
  </testcase> <!-- NTAscorecardsession2canditatevisible -->
  <system-out/>
  <testcase classname="NTA.NTAJEEScoreCardSession2TestCases" name="NTAscorecard2downloaddetails" time="0.000">
    <skipped/>
  </testcase> <!-- NTAscorecard2downloaddetails -->
  <system-out/>
  <testcase classname="NTA.NTAJEEScoreCardSession2TestCases" name="NTAbacktodirectory" time="0.000">
    <skipped/>
  </testcase> <!-- NTAbacktodirectory -->
  <system-out/>
</testsuite> <!-- NTA.NTAJEEScoreCardSession2TestCases -->
