<?xml version="1.0" encoding="UTF-8"?>
<!-- Generated by org.testng.reporters.JUnitReportReporter -->
<testsuite hostname="DESKTOP-CLFL9AL" failures="0" tests="8" name="SPAgricultureDepartmentHaryana.Duplicatetestcase" time="14.841" errors="0" timestamp="2024-04-12T00:35:51 IST" skipped="0">
  <testcase classname="SPAgricultureDepartmentHaryana.Duplicatetestcase" name="allservicesnavigation" time="6.607"/>
  <system-out/>
  <testcase classname="SPAgricultureDepartmentHaryana.Duplicatetestcase" name="Deptnavigation" time="4.365"/>
  <system-out/>
  <testcase classname="SPAgricultureDepartmentHaryana.Duplicatetestcase" name="LogocheckTestCases" time="0.053"/>
  <system-out/>
  <testcase classname="SPAgricultureDepartmentHaryana.Duplicatetestcase" name="ServicecountTestCases" time="0.035"/>
  <system-out/>
  <testcase classname="SPAgricultureDepartmentHaryana.Duplicatetestcase" name="duplicateTestCases" time="0.145"/>
  <system-out/>
  <testcase classname="SPAgricultureDepartmentHaryana.Duplicatetestcase" name="servicecountfromexcel" time="0.397"/>
  <system-out/>
  <testcase classname="SPAgricultureDepartmentHaryana.Duplicatetestcase" name="InformationTestCases" time="3.045"/>
  <system-out/>
  <testcase classname="SPAgricultureDepartmentHaryana.Duplicatetestcase" name="IMbacktodirectory" time="0.194"/>
  <system-out/>
</testsuite> <!-- SPAgricultureDepartmentHaryana.Duplicatetestcase -->
