<?xml version="1.0" encoding="UTF-8"?>
<!-- Generated by org.testng.reporters.JUnitReportReporter -->
<testsuite hostname="DESKTOP-CLFL9AL" failures="0" tests="5" name="SPDepOfPersonnelAdministrativeReforms.CircleofficerULBTestCases" time="25.999" errors="0" timestamp="2023-05-02T08:58:03 IST" skipped="0">
  <testcase classname="SPDepOfPersonnelAdministrativeReforms.CircleofficerULBTestCases" name="allservicesnavigation" time="14.466"/>
  <system-out/>
  <testcase classname="SPDepOfPersonnelAdministrativeReforms.CircleofficerULBTestCases" name="CircleofficerULBnavigation" time="5.834"/>
  <system-out/>
  <testcase classname="SPDepOfPersonnelAdministrativeReforms.CircleofficerULBTestCases" name="CircleofficerULB1TestCases" time="4.243"/>
  <system-out/>
  <testcase classname="SPDepOfPersonnelAdministrativeReforms.CircleofficerULBTestCases" name="CircleofficerULB2TestCase" time="0.169"/>
  <system-out/>
  <testcase classname="SPDepOfPersonnelAdministrativeReforms.CircleofficerULBTestCases" name="IMbacktodirectory" time="1.287"/>
  <system-out/>
</testsuite> <!-- SPDepOfPersonnelAdministrativeReforms.CircleofficerULBTestCases -->
