<?xml version="1.0" encoding="UTF-8"?>
<!-- Generated by org.testng.reporters.JUnitReportReporter -->
<testsuite hostname="DESKTOP-CLFL9AL" failures="0" tests="8" name="SPDirectorateOfSchoolEducation.MeritScholarshipontheBasisof5thClassScholarshipExamTestCase" time="29.931" errors="0" timestamp="2024-04-12T00:35:51 IST" skipped="0">
  <testcase classname="SPDirectorateOfSchoolEducation.MeritScholarshipontheBasisof5thClassScholarshipExamTestCase" name="allservicesnavigation" time="6.751"/>
  <system-out/>
  <testcase classname="SPDirectorateOfSchoolEducation.MeritScholarshipontheBasisof5thClassScholarshipExamTestCase" name="DeptNavigation" time="5.334"/>
  <system-out/>
  <testcase classname="SPDirectorateOfSchoolEducation.MeritScholarshipontheBasisof5thClassScholarshipExamTestCase" name="Seeinfoclick" time="3.093"/>
  <system-out/>
  <testcase classname="SPDirectorateOfSchoolEducation.MeritScholarshipontheBasisof5thClassScholarshipExamTestCase" name="VisitServiceclick" time="5.488"/>
  <system-out/>
  <testcase classname="SPDirectorateOfSchoolEducation.MeritScholarshipontheBasisof5thClassScholarshipExamTestCase" name="refreshpage" time="4.522"/>
  <system-out/>
  <testcase classname="SPDirectorateOfSchoolEducation.MeritScholarshipontheBasisof5thClassScholarshipExamTestCase" name="ServiceNavigationTestCase" time="4.309"/>
  <system-out/>
  <testcase classname="SPDirectorateOfSchoolEducation.MeritScholarshipontheBasisof5thClassScholarshipExamTestCase" name="ServicePlusPageTestCase" time="0.243"/>
  <system-out/>
  <testcase classname="SPDirectorateOfSchoolEducation.MeritScholarshipontheBasisof5thClassScholarshipExamTestCase" name="IMbacktodirectory" time="0.191"/>
  <system-out/>
</testsuite> <!-- SPDirectorateOfSchoolEducation.MeritScholarshipontheBasisof5thClassScholarshipExamTestCase -->
