<?xml version="1.0" encoding="UTF-8"?>
<!-- Generated by org.testng.reporters.JUnitReportReporter -->
<testsuite hostname="DESKTOP-CLFL9AL" failures="0" tests="8" name="AICTE.AICTEapprovedInstituteTestcases" time="0.000" errors="0" timestamp="2022-12-18T16:48:57 IST" skipped="8">
  <testcase classname="AICTE.AICTEapprovedInstituteTestcases" name="allservicesnavigation" time="0.000">
    <skipped/>
  </testcase> <!-- allservicesnavigation -->
  <system-out/>
  <testcase classname="AICTE.AICTEapprovedInstituteTestcases" name="AICTEdepartmentnavigation" time="0.000">
    <skipped/>
  </testcase> <!-- AICTEdepartmentnavigation -->
  <system-out/>
  <testcase classname="AICTE.AICTEapprovedInstituteTestcases" name="AICTEapprovedinstitutionsServiceNavigation" time="0.000">
    <skipped/>
  </testcase> <!-- AICTEapprovedinstitutionsServiceNavigation -->
  <system-out/>
  <testcase classname="AICTE.AICTEapprovedInstituteTestcases" name="AICTEapprovedinstitutionsfillform" time="0.000">
    <skipped/>
  </testcase> <!-- AICTEapprovedinstitutionsfillform -->
  <system-out/>
  <testcase classname="AICTE.AICTEapprovedInstituteTestcases" name="AICTEsearch" time="0.000">
    <skipped/>
  </testcase> <!-- AICTEsearch -->
  <system-out/>
  <testcase classname="AICTE.AICTEapprovedInstituteTestcases" name="AICTEcoursedetails" time="0.000">
    <skipped/>
  </testcase> <!-- AICTEcoursedetails -->
  <system-out/>
  <testcase classname="AICTE.AICTEapprovedInstituteTestcases" name="AICTEfacultydetails" time="0.000">
    <skipped/>
  </testcase> <!-- AICTEfacultydetails -->
  <system-out/>
  <testcase classname="AICTE.AICTEapprovedInstituteTestcases" name="AICTETObacktoservicedirectory" time="0.000">
    <skipped/>
  </testcase> <!-- AICTETObacktoservicedirectory -->
  <system-out/>
</testsuite> <!-- AICTE.AICTEapprovedInstituteTestcases -->
