<?xml version="1.0" encoding="UTF-8"?>
<!-- Generated by org.testng.reporters.JUnitReportReporter -->
<testsuite hostname="DESKTOP-CLFL9AL" failures="0" tests="5" name="SPDepartmentOfLabour.MedicalTestCase" time="19.608" errors="0" timestamp="2023-05-02T08:58:03 IST" skipped="0">
  <testcase classname="SPDepartmentOfLabour.MedicalTestCase" name="allservicesnavigation" time="8.808"/>
  <system-out/>
  <testcase classname="SPDepartmentOfLabour.MedicalTestCase" name="Medicalnavigation" time="5.244"/>
  <system-out/>
  <testcase classname="SPDepartmentOfLabour.MedicalTestCase" name="Medical1TestCases" time="4.214"/>
  <system-out/>
  <testcase classname="SPDepartmentOfLabour.MedicalTestCase" name="Medical2TestCase" time="0.171"/>
  <system-out/>
  <testcase classname="SPDepartmentOfLabour.MedicalTestCase" name="IMbacktodirectory" time="1.171"/>
  <system-out/>
</testsuite> <!-- SPDepartmentOfLabour.MedicalTestCase -->
