<?xml version="1.0" encoding="UTF-8"?>
<!-- Generated by org.testng.reporters.JUnitReportReporter -->
<testsuite hostname="DESKTOP-CLFL9AL" failures="0" tests="8" name="SPEmploymentDepartment.AdditionQualificationandotherrelatedcertificatesTestCases" time="30.136" errors="0" timestamp="2024-04-12T00:35:51 IST" skipped="0">
  <testcase classname="SPEmploymentDepartment.AdditionQualificationandotherrelatedcertificatesTestCases" name="allservicesnavigation" time="6.611"/>
  <system-out/>
  <testcase classname="SPEmploymentDepartment.AdditionQualificationandotherrelatedcertificatesTestCases" name="DeptNavigation" time="5.150"/>
  <system-out/>
  <testcase classname="SPEmploymentDepartment.AdditionQualificationandotherrelatedcertificatesTestCases" name="Seeinfoclick" time="3.008"/>
  <system-out/>
  <testcase classname="SPEmploymentDepartment.AdditionQualificationandotherrelatedcertificatesTestCases" name="VisitServiceclick" time="5.488"/>
  <system-out/>
  <testcase classname="SPEmploymentDepartment.AdditionQualificationandotherrelatedcertificatesTestCases" name="refreshpage" time="5.061"/>
  <system-out/>
  <testcase classname="SPEmploymentDepartment.AdditionQualificationandotherrelatedcertificatesTestCases" name="ServiceNavigationTestCase" time="4.358"/>
  <system-out/>
  <testcase classname="SPEmploymentDepartment.AdditionQualificationandotherrelatedcertificatesTestCases" name="ServicePlusPageTestCase" time="0.223"/>
  <system-out/>
  <testcase classname="SPEmploymentDepartment.AdditionQualificationandotherrelatedcertificatesTestCases" name="IMbacktodirectory" time="0.237"/>
  <system-out/>
</testsuite> <!-- SPEmploymentDepartment.AdditionQualificationandotherrelatedcertificatesTestCases -->
