<?xml version="1.0" encoding="UTF-8"?>
<!-- Generated by org.testng.reporters.JUnitReportReporter -->
<testsuite hostname="DESKTOP-CLFL9AL" failures="0" tests="5" name="SPDepOfPersonnelAdministrativeReforms.AssetCertificateTestCases" time="20.009" errors="0" timestamp="2023-05-02T08:58:03 IST" skipped="0">
  <testcase classname="SPDepOfPersonnelAdministrativeReforms.AssetCertificateTestCases" name="allservicesnavigation" time="9.076"/>
  <system-out/>
  <testcase classname="SPDepOfPersonnelAdministrativeReforms.AssetCertificateTestCases" name="AssetCertificatenavigation" time="5.313"/>
  <system-out/>
  <testcase classname="SPDepOfPersonnelAdministrativeReforms.AssetCertificateTestCases" name="AssetCertificate1TestCases" time="4.221"/>
  <system-out/>
  <testcase classname="SPDepOfPersonnelAdministrativeReforms.AssetCertificateTestCases" name="AssetCertificate2TestCase" time="0.185"/>
  <system-out/>
  <testcase classname="SPDepOfPersonnelAdministrativeReforms.AssetCertificateTestCases" name="IMbacktodirectory" time="1.214"/>
  <system-out/>
</testsuite> <!-- SPDepOfPersonnelAdministrativeReforms.AssetCertificateTestCases -->
