<?xml version="1.0" encoding="UTF-8"?>
<!-- Generated by org.testng.reporters.JUnitReportReporter -->
<testsuite hostname="DESKTOP-CLFL9AL" failures="0" tests="8" name="SPDepartmentOfLabour.DeathFinancialBenefitTestCase" time="23.857" errors="1" timestamp="2024-04-12T00:35:51 IST" skipped="1">
  <testcase classname="SPDepartmentOfLabour.DeathFinancialBenefitTestCase" name="allservicesnavigation" time="6.584"/>
  <system-out/>
  <testcase classname="SPDepartmentOfLabour.DeathFinancialBenefitTestCase" name="DeptNavigation" time="4.366"/>
  <system-out/>
  <testcase classname="SPDepartmentOfLabour.DeathFinancialBenefitTestCase" name="Seeinfoclick" time="3.384">
    <error message="element click intercepted: Element &lt;iframe _ngcontent-serverapp-c16=&quot;&quot; id=&quot;myIframe&quot; src=&quot;https://web.umang.gov.in/servicepluscentral/52049?previousUrl=/home/all-department&quot; class=&quot;ng-star-inserted&quot; cd_frame_id_=&quot;504b4dc2bd06886f7e879658e58ee27b&quot;&gt;&lt;/iframe&gt; is not clickable at point (1287, 627). Other element would receive the click: &lt;div class=&quot;sf-bot-icon handle&quot; id=&quot;sf-bot-icon&quot; draggable=&quot;true&quot; style=&quot;display: block; background: url(&amp;quot;//s3-umangconvai-prod-chatbot.s3.ap-south-1.amazonaws.com/UMANG/imgs/AVATAR-svgb814d67225e9a3f5a6b91022f8079b0c.svg&amp;quot;) center center / contain no-repeat;&quot;&gt;...&lt;/div&gt;
  (Session info: chrome=123.0.6312.106)
Build info: version: &#039;4.4.0&#039;, revision: &#039;e5c75ed026a&#039;
System info: host: &#039;DESKTOP-CLFL9AL&#039;, ip: &#039;192.168.1.4&#039;, os.name: &#039;Windows 10&#039;, os.arch: &#039;amd64&#039;, os.version: &#039;10.0&#039;, java.version: &#039;18.0.1.1&#039;
Driver info: org.openqa.selenium.chrome.ChromeDriver
Command: [73c5bdf7e568d3b7bb613f650498d4ef, clickElement {id=f.0630E3D958F59D807B86B3A6AE07B5CF.d.CF0CC82412BA4D8F04378296F129C6BD.e.462534}]
Capabilities {acceptInsecureCerts: true, browserName: chrome, browserVersion: 123.0.6312.106, chrome: {chromedriverVersion: 122.0.6261.94 (880dbf29479c..., userDataDir: C:\Users\dell\AppData\Local...}, fedcm:accounts: true, goog:chromeOptions: {debuggerAddress: localhost:51078}, networkConnectionEnabled: false, pageLoadStrategy: normal, platformName: WINDOWS, proxy: Proxy(), se:cdp: ws://localhost:51078/devtoo..., se:cdpVersion: 123.0.6312.106, setWindowRect: true, strictFileInteractability: false, timeouts: {implicit: 0, pageLoad: 300000, script: 30000}, unhandledPromptBehavior: dismiss and notify, webauthn:extension:credBlob: true, webauthn:extension:largeBlob: true, webauthn:extension:minPinLength: true, webauthn:extension:prf: true, webauthn:virtualAuthenticators: true}
Element: [[ChromeDriver: chrome on WINDOWS (73c5bdf7e568d3b7bb613f650498d4ef)] -&gt; xpath: //h4[normalize-space()=&#039;Death Financial Benefit&#039;]//following::img[@src=&#039;./assets/images/infoIcon.png&#039;][1]]
Session ID: 73c5bdf7e568d3b7bb613f650498d4ef" type="org.openqa.selenium.ElementClickInterceptedException">
      <![CDATA[org.openqa.selenium.ElementClickInterceptedException: element click intercepted: Element <iframe _ngcontent-serverapp-c16="" id="myIframe" src="https://web.umang.gov.in/servicepluscentral/52049?previousUrl=/home/all-department" class="ng-star-inserted" cd_frame_id_="504b4dc2bd06886f7e879658e58ee27b"></iframe> is not clickable at point (1287, 627). Other element would receive the click: <div class="sf-bot-icon handle" id="sf-bot-icon" draggable="true" style="display: block; background: url(&quot;//s3-umangconvai-prod-chatbot.s3.ap-south-1.amazonaws.com/UMANG/imgs/AVATAR-svgb814d67225e9a3f5a6b91022f8079b0c.svg&quot;) center center / contain no-repeat;">...</div>
  (Session info: chrome=123.0.6312.106)
Build info: version: '4.4.0', revision: 'e5c75ed026a'
System info: host: 'DESKTOP-CLFL9AL', ip: '192.168.1.4', os.name: 'Windows 10', os.arch: 'amd64', os.version: '10.0', java.version: '18.0.1.1'
Driver info: org.openqa.selenium.chrome.ChromeDriver
Command: [73c5bdf7e568d3b7bb613f650498d4ef, clickElement {id=f.0630E3D958F59D807B86B3A6AE07B5CF.d.CF0CC82412BA4D8F04378296F129C6BD.e.462534}]
Capabilities {acceptInsecureCerts: true, browserName: chrome, browserVersion: 123.0.6312.106, chrome: {chromedriverVersion: 122.0.6261.94 (880dbf29479c..., userDataDir: C:\Users\dell\AppData\Local...}, fedcm:accounts: true, goog:chromeOptions: {debuggerAddress: localhost:51078}, networkConnectionEnabled: false, pageLoadStrategy: normal, platformName: WINDOWS, proxy: Proxy(), se:cdp: ws://localhost:51078/devtoo..., se:cdpVersion: 123.0.6312.106, setWindowRect: true, strictFileInteractability: false, timeouts: {implicit: 0, pageLoad: 300000, script: 30000}, unhandledPromptBehavior: dismiss and notify, webauthn:extension:credBlob: true, webauthn:extension:largeBlob: true, webauthn:extension:minPinLength: true, webauthn:extension:prf: true, webauthn:virtualAuthenticators: true}
Element: [[ChromeDriver: chrome on WINDOWS (73c5bdf7e568d3b7bb613f650498d4ef)] -> xpath: //h4[normalize-space()='Death Financial Benefit']//following::img[@src='./assets/images/infoIcon.png'][1]]
Session ID: 73c5bdf7e568d3b7bb613f650498d4ef
at java.base/jdk.internal.reflect.DirectConstructorHandleAccessor.newInstance(DirectConstructorHandleAccessor.java:67)
at java.base/java.lang.reflect.Constructor.newInstanceWithCaller(Constructor.java:499)
at java.base/java.lang.reflect.Constructor.newInstance(Constructor.java:483)
at org.openqa.selenium.remote.codec.w3c.W3CHttpResponseCodec.createException(W3CHttpResponseCodec.java:200)
at org.openqa.selenium.remote.codec.w3c.W3CHttpResponseCodec.decode(W3CHttpResponseCodec.java:133)
at org.openqa.selenium.remote.codec.w3c.W3CHttpResponseCodec.decode(W3CHttpResponseCodec.java:53)
at org.openqa.selenium.remote.HttpCommandExecutor.execute(HttpCommandExecutor.java:184)
at org.openqa.selenium.remote.service.DriverCommandExecutor.invokeExecute(DriverCommandExecutor.java:167)
at org.openqa.selenium.remote.service.DriverCommandExecutor.execute(DriverCommandExecutor.java:142)
at org.openqa.selenium.remote.RemoteWebDriver.execute(RemoteWebDriver.java:547)
at org.openqa.selenium.remote.RemoteWebElement.execute(RemoteWebElement.java:257)
at org.openqa.selenium.remote.RemoteWebElement.click(RemoteWebElement.java:78)
at SPDepartmentOfLabour.DeathFinancialBenefitTestCase.Seeinfoclick(DeathFinancialBenefitTestCase.java:56)
at java.base/jdk.internal.reflect.DirectMethodHandleAccessor.invoke(DirectMethodHandleAccessor.java:104)
at java.base/java.lang.reflect.Method.invoke(Method.java:577)
at org.testng.internal.MethodInvocationHelper.invokeMethod(MethodInvocationHelper.java:133)
at org.testng.internal.TestInvoker.invokeMethod(TestInvoker.java:598)
at org.testng.internal.TestInvoker.invokeTestMethod(TestInvoker.java:173)
at org.testng.internal.MethodRunner.runInSequence(MethodRunner.java:46)
at org.testng.internal.TestInvoker$MethodInvocationAgent.invoke(TestInvoker.java:824)
at org.testng.internal.TestInvoker.invokeTestMethods(TestInvoker.java:146)
at org.testng.internal.TestMethodWorker.invokeTestMethods(TestMethodWorker.java:146)
at org.testng.internal.TestMethodWorker.run(TestMethodWorker.java:128)
at java.base/java.util.ArrayList.forEach(ArrayList.java:1511)
at org.testng.TestRunner.privateRun(TestRunner.java:794)
at org.testng.TestRunner.run(TestRunner.java:596)
at org.testng.SuiteRunner.runTest(SuiteRunner.java:377)
at org.testng.SuiteRunner.runSequentially(SuiteRunner.java:371)
at org.testng.SuiteRunner.privateRun(SuiteRunner.java:332)
at org.testng.SuiteRunner.run(SuiteRunner.java:276)
at org.testng.SuiteRunnerWorker.runSuite(SuiteRunnerWorker.java:53)
at org.testng.SuiteRunnerWorker.run(SuiteRunnerWorker.java:96)
at org.testng.TestNG.runSuitesSequentially(TestNG.java:1212)
at org.testng.TestNG.runSuitesLocally(TestNG.java:1134)
at org.testng.TestNG.runSuites(TestNG.java:1063)
at org.testng.TestNG.run(TestNG.java:1031)
at org.testng.remote.AbstractRemoteTestNG.run(AbstractRemoteTestNG.java:115)
at org.testng.remote.RemoteTestNG.initAndRun(RemoteTestNG.java:251)
at org.testng.remote.RemoteTestNG.main(RemoteTestNG.java:77)
]]>
    </error>
  </testcase> <!-- Seeinfoclick -->
  <system-out/>
  <testcase classname="SPDepartmentOfLabour.DeathFinancialBenefitTestCase" name="VisitServiceclick" time="0.045">
    <skipped/>
  </testcase> <!-- VisitServiceclick -->
  <system-out/>
  <testcase classname="SPDepartmentOfLabour.DeathFinancialBenefitTestCase" name="refreshpage" time="4.773"/>
  <system-out/>
  <testcase classname="SPDepartmentOfLabour.DeathFinancialBenefitTestCase" name="ServiceNavigationTestCase" time="4.279"/>
  <system-out/>
  <testcase classname="SPDepartmentOfLabour.DeathFinancialBenefitTestCase" name="ServicePlusPageTestCase" time="0.285"/>
  <system-out/>
  <testcase classname="SPDepartmentOfLabour.DeathFinancialBenefitTestCase" name="IMbacktodirectory" time="0.141"/>
  <system-out/>
</testsuite> <!-- SPDepartmentOfLabour.DeathFinancialBenefitTestCase -->
