<?xml version="1.0" encoding="UTF-8"?>
<!-- Generated by org.testng.reporters.JUnitReportReporter -->
<testsuite hostname="DESKTOP-CLFL9AL" failures="1" tests="8" name="SPLabourDepartment.FamilyPensionforPensionerofHBOCWWBoardTestCases" time="25.108" errors="0" timestamp="2024-04-12T00:35:51 IST" skipped="2">
  <testcase classname="SPLabourDepartment.FamilyPensionforPensionerofHBOCWWBoardTestCases" name="allservicesnavigation" time="6.875"/>
  <system-out/>
  <testcase classname="SPLabourDepartment.FamilyPensionforPensionerofHBOCWWBoardTestCases" name="DeptNavigation" time="5.050">
    <failure message="Not matched expected [Labour Department Haryanat] but found [Labour Department Haryana]" type="java.lang.AssertionError">
      <![CDATA[java.lang.AssertionError: Not matched expected [Labour Department Haryanat] but found [Labour Department Haryana]
at org.testng.Assert.fail(Assert.java:99)
at org.testng.Assert.failNotEquals(Assert.java:1037)
at org.testng.Assert.assertEqualsImpl(Assert.java:140)
at org.testng.Assert.assertEquals(Assert.java:122)
at org.testng.Assert.assertEquals(Assert.java:629)
at SPLabourDepartment.FamilyPensionforPensionerofHBOCWWBoardTestCases.DeptNavigation(FamilyPensionforPensionerofHBOCWWBoardTestCases.java:45)
at java.base/jdk.internal.reflect.DirectMethodHandleAccessor.invoke(DirectMethodHandleAccessor.java:104)
at java.base/java.lang.reflect.Method.invoke(Method.java:577)
at org.testng.internal.MethodInvocationHelper.invokeMethod(MethodInvocationHelper.java:133)
at org.testng.internal.TestInvoker.invokeMethod(TestInvoker.java:598)
at org.testng.internal.TestInvoker.invokeTestMethod(TestInvoker.java:173)
at org.testng.internal.MethodRunner.runInSequence(MethodRunner.java:46)
at org.testng.internal.TestInvoker$MethodInvocationAgent.invoke(TestInvoker.java:824)
at org.testng.internal.TestInvoker.invokeTestMethods(TestInvoker.java:146)
at org.testng.internal.TestMethodWorker.invokeTestMethods(TestMethodWorker.java:146)
at org.testng.internal.TestMethodWorker.run(TestMethodWorker.java:128)
at java.base/java.util.ArrayList.forEach(ArrayList.java:1511)
at org.testng.TestRunner.privateRun(TestRunner.java:794)
at org.testng.TestRunner.run(TestRunner.java:596)
at org.testng.SuiteRunner.runTest(SuiteRunner.java:377)
at org.testng.SuiteRunner.runSequentially(SuiteRunner.java:371)
at org.testng.SuiteRunner.privateRun(SuiteRunner.java:332)
at org.testng.SuiteRunner.run(SuiteRunner.java:276)
at org.testng.SuiteRunnerWorker.runSuite(SuiteRunnerWorker.java:53)
at org.testng.SuiteRunnerWorker.run(SuiteRunnerWorker.java:96)
at org.testng.TestNG.runSuitesSequentially(TestNG.java:1212)
at org.testng.TestNG.runSuitesLocally(TestNG.java:1134)
at org.testng.TestNG.runSuites(TestNG.java:1063)
at org.testng.TestNG.run(TestNG.java:1031)
at org.testng.remote.AbstractRemoteTestNG.run(AbstractRemoteTestNG.java:115)
at org.testng.remote.RemoteTestNG.initAndRun(RemoteTestNG.java:251)
at org.testng.remote.RemoteTestNG.main(RemoteTestNG.java:77)
]]>
    </failure>
  </testcase> <!-- DeptNavigation -->
  <system-out/>
  <testcase classname="SPLabourDepartment.FamilyPensionforPensionerofHBOCWWBoardTestCases" name="Seeinfoclick" time="3.156"/>
  <system-out/>
  <testcase classname="SPLabourDepartment.FamilyPensionforPensionerofHBOCWWBoardTestCases" name="VisitServiceclick" time="5.399"/>
  <system-out/>
  <testcase classname="SPLabourDepartment.FamilyPensionforPensionerofHBOCWWBoardTestCases" name="refreshpage" time="4.436"/>
  <system-out/>
  <testcase classname="SPLabourDepartment.FamilyPensionforPensionerofHBOCWWBoardTestCases" name="ServiceNavigationTestCase" time="0.118">
    <skipped/>
  </testcase> <!-- ServiceNavigationTestCase -->
  <system-out/>
  <testcase classname="SPLabourDepartment.FamilyPensionforPensionerofHBOCWWBoardTestCases" name="ServicePlusPageTestCase" time="0.000">
    <skipped/>
  </testcase> <!-- ServicePlusPageTestCase -->
  <system-out/>
  <testcase classname="SPLabourDepartment.FamilyPensionforPensionerofHBOCWWBoardTestCases" name="IMbacktodirectory" time="0.074"/>
  <system-out/>
</testsuite> <!-- SPLabourDepartment.FamilyPensionforPensionerofHBOCWWBoardTestCases -->
