<?xml version="1.0" encoding="UTF-8"?>
<!-- Generated by org.testng.reporters.JUnitReportReporter -->
<testsuite hostname="DESKTOP-CLFL9AL" failures="0" tests="8" name="SPFoodSuppliesDepartmentHaryana.Duplicatetestcase" time="15.489" errors="0" timestamp="2024-04-12T00:35:51 IST" skipped="0">
  <testcase classname="SPFoodSuppliesDepartmentHaryana.Duplicatetestcase" name="allservicesnavigation" time="6.643"/>
  <system-out/>
  <testcase classname="SPFoodSuppliesDepartmentHaryana.Duplicatetestcase" name="Deptnavigation" time="5.010"/>
  <system-out/>
  <testcase classname="SPFoodSuppliesDepartmentHaryana.Duplicatetestcase" name="LogocheckTestCases" time="0.124"/>
  <system-out/>
  <testcase classname="SPFoodSuppliesDepartmentHaryana.Duplicatetestcase" name="ServicecountTestCases" time="0.093"/>
  <system-out/>
  <testcase classname="SPFoodSuppliesDepartmentHaryana.Duplicatetestcase" name="duplicateTestCases" time="0.209"/>
  <system-out/>
  <testcase classname="SPFoodSuppliesDepartmentHaryana.Duplicatetestcase" name="servicecountfromexcel" time="0.167"/>
  <system-out/>
  <testcase classname="SPFoodSuppliesDepartmentHaryana.Duplicatetestcase" name="InformationTestCases" time="3.144"/>
  <system-out/>
  <testcase classname="SPFoodSuppliesDepartmentHaryana.Duplicatetestcase" name="IMbacktodirectory" time="0.099"/>
  <system-out/>
</testsuite> <!-- SPFoodSuppliesDepartmentHaryana.Duplicatetestcase -->
