<?xml version="1.0" encoding="UTF-8"?>
<!-- Generated by org.testng.reporters.JUnitReportReporter -->
<testsuite hostname="DESKTOP-CLFL9AL" failures="0" tests="8" name="SPDepOfSocialWelfare.FinancialAssistancetoDependentChildrenofWidowsandDestituteWomenTestCase" time="29.234" errors="0" timestamp="2024-04-12T00:35:51 IST" skipped="0">
  <testcase classname="SPDepOfSocialWelfare.FinancialAssistancetoDependentChildrenofWidowsandDestituteWomenTestCase" name="allservicesnavigation" time="6.736"/>
  <system-out/>
  <testcase classname="SPDepOfSocialWelfare.FinancialAssistancetoDependentChildrenofWidowsandDestituteWomenTestCase" name="DeptNavigation" time="5.373"/>
  <system-out/>
  <testcase classname="SPDepOfSocialWelfare.FinancialAssistancetoDependentChildrenofWidowsandDestituteWomenTestCase" name="Seeinfoclick" time="2.908"/>
  <system-out/>
  <testcase classname="SPDepOfSocialWelfare.FinancialAssistancetoDependentChildrenofWidowsandDestituteWomenTestCase" name="VisitServiceclick" time="5.415"/>
  <system-out/>
  <testcase classname="SPDepOfSocialWelfare.FinancialAssistancetoDependentChildrenofWidowsandDestituteWomenTestCase" name="refreshpage" time="3.978"/>
  <system-out/>
  <testcase classname="SPDepOfSocialWelfare.FinancialAssistancetoDependentChildrenofWidowsandDestituteWomenTestCase" name="ServiceNavigationTestCase" time="4.324"/>
  <system-out/>
  <testcase classname="SPDepOfSocialWelfare.FinancialAssistancetoDependentChildrenofWidowsandDestituteWomenTestCase" name="ServicePlusPageTestCase" time="0.278"/>
  <system-out/>
  <testcase classname="SPDepOfSocialWelfare.FinancialAssistancetoDependentChildrenofWidowsandDestituteWomenTestCase" name="IMbacktodirectory" time="0.222"/>
  <system-out/>
</testsuite> <!-- SPDepOfSocialWelfare.FinancialAssistancetoDependentChildrenofWidowsandDestituteWomenTestCase -->
