<?xml version="1.0" encoding="UTF-8"?>
<!-- Generated by org.testng.reporters.JUnitReportReporter -->
<testsuite hostname="DESKTOP-CLFL9AL" failures="0" tests="8" name="SPLabourDepartmentMeghalaya.LicensetoWorkasaFactorytestcase" time="29.787" errors="0" timestamp="2024-04-12T00:35:51 IST" skipped="0">
  <testcase classname="SPLabourDepartmentMeghalaya.LicensetoWorkasaFactorytestcase" name="allservicesnavigation" time="6.718"/>
  <system-out/>
  <testcase classname="SPLabourDepartmentMeghalaya.LicensetoWorkasaFactorytestcase" name="DeptNavigation" time="5.192"/>
  <system-out/>
  <testcase classname="SPLabourDepartmentMeghalaya.LicensetoWorkasaFactorytestcase" name="Seeinfoclick" time="2.999"/>
  <system-out/>
  <testcase classname="SPLabourDepartmentMeghalaya.LicensetoWorkasaFactorytestcase" name="VisitServiceclick" time="5.426"/>
  <system-out/>
  <testcase classname="SPLabourDepartmentMeghalaya.LicensetoWorkasaFactorytestcase" name="refreshpage" time="4.499"/>
  <system-out/>
  <testcase classname="SPLabourDepartmentMeghalaya.LicensetoWorkasaFactorytestcase" name="ServiceNavigationTestCase" time="4.353"/>
  <system-out/>
  <testcase classname="SPLabourDepartmentMeghalaya.LicensetoWorkasaFactorytestcase" name="ServicePlusPageTestCase" time="0.387"/>
  <system-out/>
  <testcase classname="SPLabourDepartmentMeghalaya.LicensetoWorkasaFactorytestcase" name="IMbacktodirectory" time="0.213"/>
  <system-out/>
</testsuite> <!-- SPLabourDepartmentMeghalaya.LicensetoWorkasaFactorytestcase -->
