<?xml version="1.0" encoding="UTF-8"?>
<!-- Generated by org.testng.reporters.JUnitReportReporter -->
<testsuite hostname="DESKTOP-CLFL9AL" failures="0" tests="8" name="SPLabourDepartment.MukhyaMantriSamajikSurakshaYojnaforregisteredworkerofHBOCWWBoardTestCases" time="30.051" errors="0" timestamp="2024-04-12T00:35:51 IST" skipped="0">
  <testcase classname="SPLabourDepartment.MukhyaMantriSamajikSurakshaYojnaforregisteredworkerofHBOCWWBoardTestCases" name="allservicesnavigation" time="6.776"/>
  <system-out/>
  <testcase classname="SPLabourDepartment.MukhyaMantriSamajikSurakshaYojnaforregisteredworkerofHBOCWWBoardTestCases" name="DeptNavigation" time="5.210"/>
  <system-out/>
  <testcase classname="SPLabourDepartment.MukhyaMantriSamajikSurakshaYojnaforregisteredworkerofHBOCWWBoardTestCases" name="Seeinfoclick" time="3.065"/>
  <system-out/>
  <testcase classname="SPLabourDepartment.MukhyaMantriSamajikSurakshaYojnaforregisteredworkerofHBOCWWBoardTestCases" name="VisitServiceclick" time="5.474"/>
  <system-out/>
  <testcase classname="SPLabourDepartment.MukhyaMantriSamajikSurakshaYojnaforregisteredworkerofHBOCWWBoardTestCases" name="refreshpage" time="4.627"/>
  <system-out/>
  <testcase classname="SPLabourDepartment.MukhyaMantriSamajikSurakshaYojnaforregisteredworkerofHBOCWWBoardTestCases" name="ServiceNavigationTestCase" time="4.348"/>
  <system-out/>
  <testcase classname="SPLabourDepartment.MukhyaMantriSamajikSurakshaYojnaforregisteredworkerofHBOCWWBoardTestCases" name="ServicePlusPageTestCase" time="0.345"/>
  <system-out/>
  <testcase classname="SPLabourDepartment.MukhyaMantriSamajikSurakshaYojnaforregisteredworkerofHBOCWWBoardTestCases" name="IMbacktodirectory" time="0.206"/>
  <system-out/>
</testsuite> <!-- SPLabourDepartment.MukhyaMantriSamajikSurakshaYojnaforregisteredworkerofHBOCWWBoardTestCases -->
