<?xml version="1.0" encoding="UTF-8"?>
<!-- Generated by org.testng.reporters.JUnitReportReporter -->
<testsuite hostname="IN3241737W1" failures="0" tests="8" name="NTA.NTAJEEAdmitcardsession2" time="38.123" errors="0" timestamp="2022-07-29T11:50:48 IST" skipped="0">
  <testcase classname="NTA.NTAJEEAdmitcardsession2" name="ServiceDirectoryDeptnavigation" time="0.792"/>
  <system-out/>
  <testcase classname="NTA.NTAJEEAdmitcardsession2" name="NTAdepartmentnavigation" time="2.391"/>
  <system-out/>
  <testcase classname="NTA.NTAJEEAdmitcardsession2" name="NTAadmitcardsession2ServiceNavigation" time="10.160"/>
  <system-out/>
  <testcase classname="NTA.NTAJEEAdmitcardsession2" name="NTAadmitcardsession2canditatevisible" time="0.417"/>
  <system-out/>
  <testcase classname="NTA.NTAJEEAdmitcardsession2" name="NTAadmitcardsession2downloaddetails" time="12.695"/>
  <system-out/>
  <testcase classname="NTA.NTAJEEAdmitcardsession2" name="NTAadmitcardsession2info" time="4.580"/>
  <system-out/>
  <testcase classname="NTA.NTAJEEAdmitcardsession2" name="NTAadmitcardsession2infoinfoservciebutton" time="6.725"/>
  <system-out/>
  <testcase classname="NTA.NTAJEEAdmitcardsession2" name="AICTEbacktodirectory" time="0.363"/>
  <system-out/>
</testsuite> <!-- NTA.NTAJEEAdmitcardsession2 -->
