<?xml version="1.0" encoding="UTF-8"?>
<!-- Generated by org.testng.reporters.JUnitReportReporter -->
<testsuite hostname="DESKTOP-CLFL9AL" failures="0" tests="7" name="eGopala.eGopalaPashuPoshanTestCases" time="0.000" errors="0" timestamp="2022-12-18T16:48:57 IST" skipped="7">
  <testcase classname="eGopala.eGopalaPashuPoshanTestCases" name="allservicesnavigation" time="0.000">
    <skipped/>
  </testcase> <!-- allservicesnavigation -->
  <system-out/>
  <testcase classname="eGopala.eGopalaPashuPoshanTestCases" name="eGopaladepartmentnavigation" time="0.000">
    <skipped/>
  </testcase> <!-- eGopaladepartmentnavigation -->
  <system-out/>
  <testcase classname="eGopala.eGopalaPashuPoshanTestCases" name="eGopalapashuposhanservicenavigation" time="0.000">
    <skipped/>
  </testcase> <!-- eGopalapashuposhanservicenavigation -->
  <system-out/>
  <testcase classname="eGopala.eGopalaPashuPoshanTestCases" name="eGopalapashuposhanaddfeed" time="0.000">
    <skipped/>
  </testcase> <!-- eGopalapashuposhanaddfeed -->
  <system-out/>
  <testcase classname="eGopala.eGopalaPashuPoshanTestCases" name="eGopalapashuposhanaddfeedagain" time="0.000">
    <skipped/>
  </testcase> <!-- eGopalapashuposhanaddfeedagain -->
  <system-out/>
  <testcase classname="eGopala.eGopalaPashuPoshanTestCases" name="eGopalapashuposhanperformrationbalancing" time="0.000">
    <skipped/>
  </testcase> <!-- eGopalapashuposhanperformrationbalancing -->
  <system-out/>
  <testcase classname="eGopala.eGopalaPashuPoshanTestCases" name="eGopalapashuposhanbacktodirectory" time="0.000">
    <skipped/>
  </testcase> <!-- eGopalapashuposhanbacktodirectory -->
  <system-out/>
</testsuite> <!-- eGopala.eGopalaPashuPoshanTestCases -->
