<?xml version="1.0" encoding="UTF-8"?>
<!-- Generated by org.testng.reporters.JUnitReportReporter -->
<testsuite hostname="DESKTOP-CLFL9AL" failures="0" tests="6" name="NTA.NTAUGCNETDEC21n22Mergedconfirmationtestcases" time="0.000" errors="0" timestamp="2022-12-18T16:48:58 IST" skipped="6">
  <testcase classname="NTA.NTAUGCNETDEC21n22Mergedconfirmationtestcases" name="allservicesnavigation" time="0.000">
    <skipped/>
  </testcase> <!-- allservicesnavigation -->
  <system-out/>
  <testcase classname="NTA.NTAUGCNETDEC21n22Mergedconfirmationtestcases" name="NTAservicesnavigation" time="0.000">
    <skipped/>
  </testcase> <!-- NTAservicesnavigation -->
  <system-out/>
  <testcase classname="NTA.NTAUGCNETDEC21n22Mergedconfirmationtestcases" name="NTAUGCNETDEC21n22Mergedconfirmationserviceclick" time="0.000">
    <skipped/>
  </testcase> <!-- NTAUGCNETDEC21n22Mergedconfirmationserviceclick -->
  <system-out/>
  <testcase classname="NTA.NTAUGCNETDEC21n22Mergedconfirmationtestcases" name="NTAMergedNETconfirmationdetailscanditatevisible" time="0.000">
    <skipped/>
  </testcase> <!-- NTAMergedNETconfirmationdetailscanditatevisible -->
  <system-out/>
  <testcase classname="NTA.NTAUGCNETDEC21n22Mergedconfirmationtestcases" name="NTAMergedNETconfirmationdetailscanditatevisibledownloaddetails" time="0.000">
    <skipped/>
  </testcase> <!-- NTAMergedNETconfirmationdetailscanditatevisibledownloaddetails -->
  <system-out/>
  <testcase classname="NTA.NTAUGCNETDEC21n22Mergedconfirmationtestcases" name="NTAbacktodirectory" time="0.000">
    <skipped/>
  </testcase> <!-- NTAbacktodirectory -->
  <system-out/>
</testsuite> <!-- NTA.NTAUGCNETDEC21n22Mergedconfirmationtestcases -->
