<?xml version="1.0" encoding="UTF-8"?>
<!-- Generated by org.testng.reporters.JUnitReportReporter -->
<testsuite hostname="DESKTOP-CLFL9AL" failures="0" tests="8" name="SPDepartmentOfLabour.ScholarshiptoEligibleHostelinmatesITITestCase" time="31.887" errors="0" timestamp="2024-04-12T00:35:51 IST" skipped="0">
  <testcase classname="SPDepartmentOfLabour.ScholarshiptoEligibleHostelinmatesITITestCase" name="allservicesnavigation" time="6.757"/>
  <system-out/>
  <testcase classname="SPDepartmentOfLabour.ScholarshiptoEligibleHostelinmatesITITestCase" name="DeptNavigation" time="5.459"/>
  <system-out/>
  <testcase classname="SPDepartmentOfLabour.ScholarshiptoEligibleHostelinmatesITITestCase" name="Seeinfoclick" time="5.044"/>
  <system-out/>
  <testcase classname="SPDepartmentOfLabour.ScholarshiptoEligibleHostelinmatesITITestCase" name="VisitServiceclick" time="5.465"/>
  <system-out/>
  <testcase classname="SPDepartmentOfLabour.ScholarshiptoEligibleHostelinmatesITITestCase" name="refreshpage" time="4.433"/>
  <system-out/>
  <testcase classname="SPDepartmentOfLabour.ScholarshiptoEligibleHostelinmatesITITestCase" name="ServiceNavigationTestCase" time="4.308"/>
  <system-out/>
  <testcase classname="SPDepartmentOfLabour.ScholarshiptoEligibleHostelinmatesITITestCase" name="ServicePlusPageTestCase" time="0.240"/>
  <system-out/>
  <testcase classname="SPDepartmentOfLabour.ScholarshiptoEligibleHostelinmatesITITestCase" name="IMbacktodirectory" time="0.181"/>
  <system-out/>
</testsuite> <!-- SPDepartmentOfLabour.ScholarshiptoEligibleHostelinmatesITITestCase -->
