<?xml version="1.0" encoding="UTF-8"?>
<!-- Generated by org.testng.reporters.JUnitReportReporter -->
<testsuite hostname="DESKTOP-CLFL9AL" failures="0" tests="8" name="SPDirectorateOfSchoolEducation.FreeUniformandExerciseNotebookstoschoolchildrenuptoElementaryClassesTestCase" time="29.757" errors="0" timestamp="2024-04-12T00:35:51 IST" skipped="0">
  <testcase classname="SPDirectorateOfSchoolEducation.FreeUniformandExerciseNotebookstoschoolchildrenuptoElementaryClassesTestCase" name="allservicesnavigation" time="6.692"/>
  <system-out/>
  <testcase classname="SPDirectorateOfSchoolEducation.FreeUniformandExerciseNotebookstoschoolchildrenuptoElementaryClassesTestCase" name="DeptNavigation" time="5.286"/>
  <system-out/>
  <testcase classname="SPDirectorateOfSchoolEducation.FreeUniformandExerciseNotebookstoschoolchildrenuptoElementaryClassesTestCase" name="Seeinfoclick" time="3.004"/>
  <system-out/>
  <testcase classname="SPDirectorateOfSchoolEducation.FreeUniformandExerciseNotebookstoschoolchildrenuptoElementaryClassesTestCase" name="VisitServiceclick" time="5.388"/>
  <system-out/>
  <testcase classname="SPDirectorateOfSchoolEducation.FreeUniformandExerciseNotebookstoschoolchildrenuptoElementaryClassesTestCase" name="refreshpage" time="4.523"/>
  <system-out/>
  <testcase classname="SPDirectorateOfSchoolEducation.FreeUniformandExerciseNotebookstoschoolchildrenuptoElementaryClassesTestCase" name="ServiceNavigationTestCase" time="4.315"/>
  <system-out/>
  <testcase classname="SPDirectorateOfSchoolEducation.FreeUniformandExerciseNotebookstoschoolchildrenuptoElementaryClassesTestCase" name="ServicePlusPageTestCase" time="0.314"/>
  <system-out/>
  <testcase classname="SPDirectorateOfSchoolEducation.FreeUniformandExerciseNotebookstoschoolchildrenuptoElementaryClassesTestCase" name="IMbacktodirectory" time="0.235"/>
  <system-out/>
</testsuite> <!-- SPDirectorateOfSchoolEducation.FreeUniformandExerciseNotebookstoschoolchildrenuptoElementaryClassesTestCase -->
