<?xml version="1.0" encoding="UTF-8"?>
<!-- Generated by org.testng.reporters.JUnitReportReporter -->
<testsuite hostname="DESKTOP-CLFL9AL" failures="0" tests="4" name="InspireManak.InspireManakInspireVideosTestCases" time="0.000" errors="0" timestamp="2022-12-18T16:48:58 IST" skipped="4">
  <testcase classname="InspireManak.InspireManakInspireVideosTestCases" name="allservicesnavigation" time="0.000">
    <skipped/>
  </testcase> <!-- allservicesnavigation -->
  <system-out/>
  <testcase classname="InspireManak.InspireManakInspireVideosTestCases" name="InspireManakdepartmentnavigation" time="0.000">
    <skipped/>
  </testcase> <!-- InspireManakdepartmentnavigation -->
  <system-out/>
  <testcase classname="InspireManak.InspireManakInspireVideosTestCases" name="InspireManakVideosdetails" time="0.000">
    <skipped/>
  </testcase> <!-- InspireManakVideosdetails -->
  <system-out/>
  <testcase classname="InspireManak.InspireManakInspireVideosTestCases" name="IMbacktodirectory" time="0.000">
    <skipped/>
  </testcase> <!-- IMbacktodirectory -->
  <system-out/>
</testsuite> <!-- InspireManak.InspireManakInspireVideosTestCases -->
