<?xml version="1.0" encoding="UTF-8"?>
<!-- Generated by org.testng.reporters.JUnitReportReporter -->
<testsuite hostname="DESKTOP-CLFL9AL" failures="0" tests="8" name="SPDepartmenOfHome.ExtensionofpurchaseperiodofweaponTestCase" time="28.449" errors="0" timestamp="2024-04-12T00:35:51 IST" skipped="0">
  <testcase classname="SPDepartmenOfHome.ExtensionofpurchaseperiodofweaponTestCase" name="allservicesnavigation" time="6.718"/>
  <system-out/>
  <testcase classname="SPDepartmenOfHome.ExtensionofpurchaseperiodofweaponTestCase" name="DeptNavigation" time="4.208"/>
  <system-out/>
  <testcase classname="SPDepartmenOfHome.ExtensionofpurchaseperiodofweaponTestCase" name="Seeinfoclick" time="2.973"/>
  <system-out/>
  <testcase classname="SPDepartmenOfHome.ExtensionofpurchaseperiodofweaponTestCase" name="VisitServiceclick" time="5.388"/>
  <system-out/>
  <testcase classname="SPDepartmenOfHome.ExtensionofpurchaseperiodofweaponTestCase" name="refreshpage" time="4.479"/>
  <system-out/>
  <testcase classname="SPDepartmenOfHome.ExtensionofpurchaseperiodofweaponTestCase" name="ServiceNavigationTestCase" time="4.279"/>
  <system-out/>
  <testcase classname="SPDepartmenOfHome.ExtensionofpurchaseperiodofweaponTestCase" name="ServicePlusPageTestCase" time="0.231"/>
  <system-out/>
  <testcase classname="SPDepartmenOfHome.ExtensionofpurchaseperiodofweaponTestCase" name="IMbacktodirectory" time="0.173"/>
  <system-out/>
</testsuite> <!-- SPDepartmenOfHome.ExtensionofpurchaseperiodofweaponTestCase -->
