<?xml version="1.0" encoding="UTF-8"?>
<!-- Generated by org.testng.reporters.JUnitReportReporter -->
<testsuite hostname="DESKTOP-CLFL9AL" failures="0" tests="5" name="SPDirectorateofEducation.ScholarshiptostudentsTestCase" time="17.599" errors="0" timestamp="2023-05-02T07:30:02 IST" skipped="0">
  <testcase classname="SPDirectorateofEducation.ScholarshiptostudentsTestCase" name="allservicesnavigation" time="8.858"/>
  <system-out/>
  <testcase classname="SPDirectorateofEducation.ScholarshiptostudentsTestCase" name="Scholarshiptostudentsnavigation" time="3.154"/>
  <system-out/>
  <testcase classname="SPDirectorateofEducation.ScholarshiptostudentsTestCase" name="Scholarshiptostudents1TestCases" time="4.229"/>
  <system-out/>
  <testcase classname="SPDirectorateofEducation.ScholarshiptostudentsTestCase" name="Scholarshiptostudents2TestCase" time="0.165"/>
  <system-out/>
  <testcase classname="SPDirectorateofEducation.ScholarshiptostudentsTestCase" name="IMbacktodirectory" time="1.193"/>
  <system-out/>
</testsuite> <!-- SPDirectorateofEducation.ScholarshiptostudentsTestCase -->
