<?xml version="1.0" encoding="UTF-8"?>
<!-- Generated by org.testng.reporters.JUnitReportReporter -->
<testsuite hostname="DESKTOP-CLFL9AL" failures="0" tests="5" name="SPDepOfEmpowerment.DisabledPersonTestCases" time="13.451" errors="0" timestamp="2023-10-15T20:24:23 IST" skipped="0">
  <testcase classname="SPDepOfEmpowerment.DisabledPersonTestCases" name="allservicesnavigation" time="4.048"/>
  <system-out/>
  <testcase classname="SPDepOfEmpowerment.DisabledPersonTestCases" name="DeptNavigation" time="3.377"/>
  <system-out/>
  <testcase classname="SPDepOfEmpowerment.DisabledPersonTestCases" name="ServiceNavigationTestCase" time="4.266"/>
  <system-out/>
  <testcase classname="SPDepOfEmpowerment.DisabledPersonTestCases" name="ServicePlusPageTestCase" time="0.184"/>
  <system-out/>
  <testcase classname="SPDepOfEmpowerment.DisabledPersonTestCases" name="IMbacktodirectory" time="1.576"/>
  <system-out/>
</testsuite> <!-- SPDepOfEmpowerment.DisabledPersonTestCases -->
