<?xml version="1.0" encoding="UTF-8"?>
<!-- Generated by org.testng.reporters.JUnitReportReporter -->
<testsuite hostname="DESKTOP-CLFL9AL" failures="0" tests="12" name="CPGRAMS.CPGRAMSViewStatusTestCases" time="0.001" errors="0" timestamp="2022-12-18T16:48:57 IST" skipped="12">
  <testcase classname="CPGRAMS.CPGRAMSViewStatusTestCases" name="allservicesnavigation" time="0.000">
    <skipped/>
  </testcase> <!-- allservicesnavigation -->
  <system-out/>
  <testcase classname="CPGRAMS.CPGRAMSViewStatusTestCases" name="CPGRAMSdepartmentnavigation" time="0.000">
    <skipped/>
  </testcase> <!-- CPGRAMSdepartmentnavigation -->
  <system-out/>
  <testcase classname="CPGRAMS.CPGRAMSViewStatusTestCases" name="CPGRAMSViewstatusServicenavigation" time="0.000">
    <skipped/>
  </testcase> <!-- CPGRAMSViewstatusServicenavigation -->
  <system-out/>
  <testcase classname="CPGRAMS.CPGRAMSViewStatusTestCases" name="CPGRAMSViewstatusServicedetails" time="0.000">
    <skipped/>
  </testcase> <!-- CPGRAMSViewstatusServicedetails -->
  <system-out/>
  <testcase classname="CPGRAMS.CPGRAMSViewStatusTestCases" name="CPGRAMSViewstatusseeinfo" time="0.000">
    <skipped/>
  </testcase> <!-- CPGRAMSViewstatusseeinfo -->
  <system-out/>
  <testcase classname="CPGRAMS.CPGRAMSViewStatusTestCases" name="CPGRAMSViewstatusShowdetails" time="0.000">
    <skipped/>
  </testcase> <!-- CPGRAMSViewstatusShowdetails -->
  <system-out/>
  <testcase classname="CPGRAMS.CPGRAMSViewStatusTestCases" name="CPGRAMSViewstatusseeinfovisitservice" time="0.001">
    <skipped/>
  </testcase> <!-- CPGRAMSViewstatusseeinfovisitservice -->
  <system-out/>
  <testcase classname="CPGRAMS.CPGRAMSViewStatusTestCases" name="CPGRAMSlogout" time="0.000">
    <skipped/>
  </testcase> <!-- CPGRAMSlogout -->
  <system-out/>
  <testcase classname="CPGRAMS.CPGRAMSViewStatusTestCases" name="CPGRAMSforgotpassword" time="0.000">
    <skipped/>
  </testcase> <!-- CPGRAMSforgotpassword -->
  <system-out/>
  <testcase classname="CPGRAMS.CPGRAMSViewStatusTestCases" name="CPGRAMSnewuserlink" time="0.000">
    <skipped/>
  </testcase> <!-- CPGRAMSnewuserlink -->
  <system-out/>
  <testcase classname="CPGRAMS.CPGRAMSViewStatusTestCases" name="iconservicenavigation" time="0.000">
    <skipped/>
  </testcase> <!-- iconservicenavigation -->
  <system-out/>
  <testcase classname="CPGRAMS.CPGRAMSViewStatusTestCases" name="CPGRAMSbacktohome" time="0.000">
    <skipped/>
  </testcase> <!-- CPGRAMSbacktohome -->
  <system-out/>
</testsuite> <!-- CPGRAMS.CPGRAMSViewStatusTestCases -->
