<?xml version="1.0" encoding="UTF-8"?>
<!-- Generated by org.testng.reporters.JUnitReportReporter -->
<testsuite hostname="DESKTOP-CLFL9AL" failures="0" tests="8" name="SPLabourDepartment.FinancialAssistanceforEducationofchildrenofregisteredworkerofHBOCWWBoardTestCases" time="29.922" errors="0" timestamp="2024-04-12T00:35:51 IST" skipped="0">
  <testcase classname="SPLabourDepartment.FinancialAssistanceforEducationofchildrenofregisteredworkerofHBOCWWBoardTestCases" name="allservicesnavigation" time="6.760"/>
  <system-out/>
  <testcase classname="SPLabourDepartment.FinancialAssistanceforEducationofchildrenofregisteredworkerofHBOCWWBoardTestCases" name="DeptNavigation" time="5.293"/>
  <system-out/>
  <testcase classname="SPLabourDepartment.FinancialAssistanceforEducationofchildrenofregisteredworkerofHBOCWWBoardTestCases" name="Seeinfoclick" time="3.109"/>
  <system-out/>
  <testcase classname="SPLabourDepartment.FinancialAssistanceforEducationofchildrenofregisteredworkerofHBOCWWBoardTestCases" name="VisitServiceclick" time="5.442"/>
  <system-out/>
  <testcase classname="SPLabourDepartment.FinancialAssistanceforEducationofchildrenofregisteredworkerofHBOCWWBoardTestCases" name="refreshpage" time="4.535"/>
  <system-out/>
  <testcase classname="SPLabourDepartment.FinancialAssistanceforEducationofchildrenofregisteredworkerofHBOCWWBoardTestCases" name="ServiceNavigationTestCase" time="4.327"/>
  <system-out/>
  <testcase classname="SPLabourDepartment.FinancialAssistanceforEducationofchildrenofregisteredworkerofHBOCWWBoardTestCases" name="ServicePlusPageTestCase" time="0.260"/>
  <system-out/>
  <testcase classname="SPLabourDepartment.FinancialAssistanceforEducationofchildrenofregisteredworkerofHBOCWWBoardTestCases" name="IMbacktodirectory" time="0.196"/>
  <system-out/>
</testsuite> <!-- SPLabourDepartment.FinancialAssistanceforEducationofchildrenofregisteredworkerofHBOCWWBoardTestCases -->
