<?xml version="1.0" encoding="UTF-8"?>
<!-- Generated by org.testng.reporters.JUnitReportReporter -->
<testsuite hostname="IN3241737W1" failures="0" tests="8" name="NSP.NSPSearchInformationTestCases" time="18.133" errors="0" timestamp="2022-08-22T11:29:18 IST" skipped="0">
  <testcase classname="NSP.NSPSearchInformationTestCases" name="ServiceDirectoryDeptnavigation" time="1.612"/>
  <system-out/>
  <testcase classname="NSP.NSPSearchInformationTestCases" name="NSPdepartmentnavigation" time="9.047"/>
  <system-out/>
  <testcase classname="NSP.NSPSearchInformationTestCases" name="NSPSearchInformationServiceNavigation" time="3.051"/>
  <system-out/>
  <testcase classname="NSP.NSPSearchInformationTestCases" name="centralschemes" time="0.804"/>
  <system-out/>
  <testcase classname="NSP.NSPSearchInformationTestCases" name="UGCschemes" time="0.787"/>
  <system-out/>
  <testcase classname="NSP.NSPSearchInformationTestCases" name="AICTEschemes" time="0.677"/>
  <system-out/>
  <testcase classname="NSP.NSPSearchInformationTestCases" name="Stateschemes" time="0.846"/>
  <system-out/>
  <testcase classname="NSP.NSPSearchInformationTestCases" name="NTAbacktodirectory" time="1.309"/>
  <system-out/>
</testsuite> <!-- NSP.NSPSearchInformationTestCases -->
