<?xml version="1.0" encoding="UTF-8"?>
<!-- Generated by org.testng.reporters.JUnitReportReporter -->
<testsuite hostname="DESKTOP-CLFL9AL" failures="0" tests="5" name="NSP.NSPCheckEligibiltyTestcases" time="0.000" errors="0" timestamp="2022-12-18T16:48:58 IST" skipped="5">
  <testcase classname="NSP.NSPCheckEligibiltyTestcases" name="allservicesnavigation" time="0.000">
    <skipped/>
  </testcase> <!-- allservicesnavigation -->
  <system-out/>
  <testcase classname="NSP.NSPCheckEligibiltyTestcases" name="nspservicesnavigation" time="0.000">
    <skipped/>
  </testcase> <!-- nspservicesnavigation -->
  <system-out/>
  <testcase classname="NSP.NSPCheckEligibiltyTestcases" name="applyfreshpassport" time="0.000">
    <skipped/>
  </testcase> <!-- applyfreshpassport -->
  <system-out/>
  <testcase classname="NSP.NSPCheckEligibiltyTestcases" name="NSPcheckeligibiltyfilldata" time="0.000">
    <skipped/>
  </testcase> <!-- NSPcheckeligibiltyfilldata -->
  <system-out/>
  <testcase classname="NSP.NSPCheckEligibiltyTestcases" name="NSPbacktoservicedirectory" time="0.000">
    <skipped/>
  </testcase> <!-- NSPbacktoservicedirectory -->
  <system-out/>
</testsuite> <!-- NSP.NSPCheckEligibiltyTestcases -->
