<?xml version="1.0" encoding="UTF-8"?>
<!-- Generated by org.testng.reporters.JUnitReportReporter -->
<testsuite hostname="DESKTOP-CLFL9AL" failures="0" tests="8" name="SPDirectorateofEducation.ReimbursementofSchoolStationaryKitsSchoolStationaryKitsTestCase" time="29.616" errors="0" timestamp="2024-04-12T00:35:51 IST" skipped="0">
  <testcase classname="SPDirectorateofEducation.ReimbursementofSchoolStationaryKitsSchoolStationaryKitsTestCase" name="allservicesnavigation" time="6.839"/>
  <system-out/>
  <testcase classname="SPDirectorateofEducation.ReimbursementofSchoolStationaryKitsSchoolStationaryKitsTestCase" name="Deptnavigation" time="5.268"/>
  <system-out/>
  <testcase classname="SPDirectorateofEducation.ReimbursementofSchoolStationaryKitsSchoolStationaryKitsTestCase" name="Seeinfoclick" time="2.964"/>
  <system-out/>
  <testcase classname="SPDirectorateofEducation.ReimbursementofSchoolStationaryKitsSchoolStationaryKitsTestCase" name="VisitServiceclick" time="5.416"/>
  <system-out/>
  <testcase classname="SPDirectorateofEducation.ReimbursementofSchoolStationaryKitsSchoolStationaryKitsTestCase" name="refreshpage" time="4.395"/>
  <system-out/>
  <testcase classname="SPDirectorateofEducation.ReimbursementofSchoolStationaryKitsSchoolStationaryKitsTestCase" name="ServiceNavigationTestCase" time="4.326"/>
  <system-out/>
  <testcase classname="SPDirectorateofEducation.ReimbursementofSchoolStationaryKitsSchoolStationaryKitsTestCase" name="ServicePlusPageTestCase" time="0.251"/>
  <system-out/>
  <testcase classname="SPDirectorateofEducation.ReimbursementofSchoolStationaryKitsSchoolStationaryKitsTestCase" name="IMbacktodirectory" time="0.157"/>
  <system-out/>
</testsuite> <!-- SPDirectorateofEducation.ReimbursementofSchoolStationaryKitsSchoolStationaryKitsTestCase -->
