<?xml version="1.0" encoding="UTF-8"?>
<!-- Generated by org.testng.reporters.JUnitReportReporter -->
<testsuite hostname="DESKTOP-CLFL9AL" failures="0" tests="6" name="NSP.NSPapplyforfreshTestcases" time="0.000" errors="0" timestamp="2022-12-18T16:48:57 IST" skipped="6">
  <testcase classname="NSP.NSPapplyforfreshTestcases" name="allservicesnavigation" time="0.000">
    <skipped/>
  </testcase> <!-- allservicesnavigation -->
  <system-out/>
  <testcase classname="NSP.NSPapplyforfreshTestcases" name="nspservicesnavigation" time="0.000">
    <skipped/>
  </testcase> <!-- nspservicesnavigation -->
  <system-out/>
  <testcase classname="NSP.NSPapplyforfreshTestcases" name="applyfreshpassport" time="0.000">
    <skipped/>
  </testcase> <!-- applyfreshpassport -->
  <system-out/>
  <testcase classname="NSP.NSPapplyforfreshTestcases" name="applyfreshpassportLogin" time="0.000">
    <skipped/>
  </testcase> <!-- applyfreshpassportLogin -->
  <system-out/>
  <testcase classname="NSP.NSPapplyforfreshTestcases" name="applyfreshpassportLogout" time="0.000">
    <skipped/>
  </testcase> <!-- applyfreshpassportLogout -->
  <system-out/>
  <testcase classname="NSP.NSPapplyforfreshTestcases" name="NSPbacktodirectory" time="0.000">
    <skipped/>
  </testcase> <!-- NSPbacktodirectory -->
  <system-out/>
</testsuite> <!-- NSP.NSPapplyforfreshTestcases -->
