<?xml version="1.0" encoding="UTF-8"?>
<!-- Generated by org.testng.reporters.JUnitReportReporter -->
<testsuite hostname="DESKTOP-CLFL9AL" failures="0" tests="5" name="SPDepartmentOfRevenue.CertificateofUnemploymentTestCases" time="22.933" errors="0" timestamp="2023-05-02T08:58:03 IST" skipped="0">
  <testcase classname="SPDepartmentOfRevenue.CertificateofUnemploymentTestCases" name="allservicesnavigation" time="12.129"/>
  <system-out/>
  <testcase classname="SPDepartmentOfRevenue.CertificateofUnemploymentTestCases" name="CertificateofUnemploymentnavigation" time="5.177"/>
  <system-out/>
  <testcase classname="SPDepartmentOfRevenue.CertificateofUnemploymentTestCases" name="CertificateofUnemployment1TestCases" time="4.215"/>
  <system-out/>
  <testcase classname="SPDepartmentOfRevenue.CertificateofUnemploymentTestCases" name="CertificateofUnemployment2TestCase" time="0.186"/>
  <system-out/>
  <testcase classname="SPDepartmentOfRevenue.CertificateofUnemploymentTestCases" name="IMbacktodirectory" time="1.226"/>
  <system-out/>
</testsuite> <!-- SPDepartmentOfRevenue.CertificateofUnemploymentTestCases -->
