<?xml version="1.0" encoding="UTF-8"?>
<!-- Generated by org.testng.reporters.JUnitReportReporter -->
<testsuite hostname="DESKTOP-CLFL9AL" failures="0" tests="5" name="SPDepOfPersonnelAdministrativeReforms.CasteCertificateForSTWhereLocalInspectionReportIsRequiredTestCases" time="0.000" errors="0" timestamp="2023-12-22T13:21:45 IST" skipped="5">
  <testcase classname="SPDepOfPersonnelAdministrativeReforms.CasteCertificateForSTWhereLocalInspectionReportIsRequiredTestCases" name="allservicesnavigation" time="0.000">
    <skipped/>
  </testcase> <!-- allservicesnavigation -->
  <system-out/>
  <testcase classname="SPDepOfPersonnelAdministrativeReforms.CasteCertificateForSTWhereLocalInspectionReportIsRequiredTestCases" name="DeptNavigation" time="0.000">
    <skipped/>
  </testcase> <!-- DeptNavigation -->
  <system-out/>
  <testcase classname="SPDepOfPersonnelAdministrativeReforms.CasteCertificateForSTWhereLocalInspectionReportIsRequiredTestCases" name="ServiceNavigationTestCase" time="0.000">
    <skipped/>
  </testcase> <!-- ServiceNavigationTestCase -->
  <system-out/>
  <testcase classname="SPDepOfPersonnelAdministrativeReforms.CasteCertificateForSTWhereLocalInspectionReportIsRequiredTestCases" name="ServicePlusPageTestCase" time="0.000">
    <skipped/>
  </testcase> <!-- ServicePlusPageTestCase -->
  <system-out/>
  <testcase classname="SPDepOfPersonnelAdministrativeReforms.CasteCertificateForSTWhereLocalInspectionReportIsRequiredTestCases" name="IMbacktodirectory" time="0.000">
    <skipped/>
  </testcase> <!-- IMbacktodirectory -->
  <system-out/>
</testsuite> <!-- SPDepOfPersonnelAdministrativeReforms.CasteCertificateForSTWhereLocalInspectionReportIsRequiredTestCases -->
