<?xml version="1.0" encoding="UTF-8"?>
<!-- Generated by org.testng.reporters.JUnitReportReporter -->
<testsuite hostname="DESKTOP-CLFL9AL" failures="0" tests="6" name="NTA.NTAICCRAIEEAUGTestCases" time="0.000" errors="0" timestamp="2022-12-18T16:48:59 IST" skipped="6">
  <testcase classname="NTA.NTAICCRAIEEAUGTestCases" name="allservicesnavigation" time="0.000">
    <skipped/>
  </testcase> <!-- allservicesnavigation -->
  <system-out/>
  <testcase classname="NTA.NTAICCRAIEEAUGTestCases" name="NTAdeptnavigation" time="0.000">
    <skipped/>
  </testcase> <!-- NTAdeptnavigation -->
  <system-out/>
  <testcase classname="NTA.NTAICCRAIEEAUGTestCases" name="NTAICCRAIEEAUGConfirmationdetailsServiceNavigation" time="0.000">
    <skipped/>
  </testcase> <!-- NTAICCRAIEEAUGConfirmationdetailsServiceNavigation -->
  <system-out/>
  <testcase classname="NTA.NTAICCRAIEEAUGTestCases" name="NTAICCRAIEEAUGconfirmationdetailsvisible" time="0.000">
    <skipped/>
  </testcase> <!-- NTAICCRAIEEAUGconfirmationdetailsvisible -->
  <system-out/>
  <testcase classname="NTA.NTAICCRAIEEAUGTestCases" name="NTAICCRAIEEAUGConfirmationdetailsdownloaddetails" time="0.000">
    <skipped/>
  </testcase> <!-- NTAICCRAIEEAUGConfirmationdetailsdownloaddetails -->
  <system-out/>
  <testcase classname="NTA.NTAICCRAIEEAUGTestCases" name="NTAbacktodirectory" time="0.000">
    <skipped/>
  </testcase> <!-- NTAbacktodirectory -->
  <system-out/>
</testsuite> <!-- NTA.NTAICCRAIEEAUGTestCases -->
