<?xml version="1.0" encoding="UTF-8"?>
<!-- Generated by org.testng.reporters.JUnitReportReporter -->
<testsuite hostname="DESKTOP-CLFL9AL" failures="0" tests="8" name="SPLabourDepartment.GrantforpurchaseoftoolsforregisteredworkerofHBOCWWBoardTestCases" time="28.844" errors="0" timestamp="2024-04-12T00:35:51 IST" skipped="0">
  <testcase classname="SPLabourDepartment.GrantforpurchaseoftoolsforregisteredworkerofHBOCWWBoardTestCases" name="allservicesnavigation" time="6.673"/>
  <system-out/>
  <testcase classname="SPLabourDepartment.GrantforpurchaseoftoolsforregisteredworkerofHBOCWWBoardTestCases" name="DeptNavigation" time="4.288"/>
  <system-out/>
  <testcase classname="SPLabourDepartment.GrantforpurchaseoftoolsforregisteredworkerofHBOCWWBoardTestCases" name="Seeinfoclick" time="3.180"/>
  <system-out/>
  <testcase classname="SPLabourDepartment.GrantforpurchaseoftoolsforregisteredworkerofHBOCWWBoardTestCases" name="VisitServiceclick" time="5.440"/>
  <system-out/>
  <testcase classname="SPLabourDepartment.GrantforpurchaseoftoolsforregisteredworkerofHBOCWWBoardTestCases" name="refreshpage" time="4.378"/>
  <system-out/>
  <testcase classname="SPLabourDepartment.GrantforpurchaseoftoolsforregisteredworkerofHBOCWWBoardTestCases" name="ServiceNavigationTestCase" time="4.434"/>
  <system-out/>
  <testcase classname="SPLabourDepartment.GrantforpurchaseoftoolsforregisteredworkerofHBOCWWBoardTestCases" name="ServicePlusPageTestCase" time="0.253"/>
  <system-out/>
  <testcase classname="SPLabourDepartment.GrantforpurchaseoftoolsforregisteredworkerofHBOCWWBoardTestCases" name="IMbacktodirectory" time="0.198"/>
  <system-out/>
</testsuite> <!-- SPLabourDepartment.GrantforpurchaseoftoolsforregisteredworkerofHBOCWWBoardTestCases -->
