<?xml version="1.0" encoding="UTF-8"?>
<!-- Generated by org.testng.reporters.JUnitReportReporter -->
<testsuite hostname="DESKTOP-CLFL9AL" failures="0" tests="8" name="SPDirectorateOfSchoolEducation.MeritoriousScholarshipToSCSTStudentFrom9thTo12thClassTestCase" time="29.636" errors="0" timestamp="2024-04-12T00:35:51 IST" skipped="0">
  <testcase classname="SPDirectorateOfSchoolEducation.MeritoriousScholarshipToSCSTStudentFrom9thTo12thClassTestCase" name="allservicesnavigation" time="6.710"/>
  <system-out/>
  <testcase classname="SPDirectorateOfSchoolEducation.MeritoriousScholarshipToSCSTStudentFrom9thTo12thClassTestCase" name="DeptNavigation" time="5.143"/>
  <system-out/>
  <testcase classname="SPDirectorateOfSchoolEducation.MeritoriousScholarshipToSCSTStudentFrom9thTo12thClassTestCase" name="Seeinfoclick" time="3.017"/>
  <system-out/>
  <testcase classname="SPDirectorateOfSchoolEducation.MeritoriousScholarshipToSCSTStudentFrom9thTo12thClassTestCase" name="VisitServiceclick" time="5.360"/>
  <system-out/>
  <testcase classname="SPDirectorateOfSchoolEducation.MeritoriousScholarshipToSCSTStudentFrom9thTo12thClassTestCase" name="refreshpage" time="4.490"/>
  <system-out/>
  <testcase classname="SPDirectorateOfSchoolEducation.MeritoriousScholarshipToSCSTStudentFrom9thTo12thClassTestCase" name="ServiceNavigationTestCase" time="4.426"/>
  <system-out/>
  <testcase classname="SPDirectorateOfSchoolEducation.MeritoriousScholarshipToSCSTStudentFrom9thTo12thClassTestCase" name="ServicePlusPageTestCase" time="0.241"/>
  <system-out/>
  <testcase classname="SPDirectorateOfSchoolEducation.MeritoriousScholarshipToSCSTStudentFrom9thTo12thClassTestCase" name="IMbacktodirectory" time="0.249"/>
  <system-out/>
</testsuite> <!-- SPDirectorateOfSchoolEducation.MeritoriousScholarshipToSCSTStudentFrom9thTo12thClassTestCase -->
