<?xml version="1.0" encoding="UTF-8"?>
<!-- Generated by org.testng.reporters.JUnitReportReporter -->
<testsuite hostname="DESKTOP-CLFL9AL" failures="0" tests="8" name="SPDeptOfScientificAndIndustrial.TechnologyDevelopmentandUtilizationProgrammeforWomenTDUPWTestCase" time="29.421" errors="0" timestamp="2024-04-12T00:35:51 IST" skipped="0">
  <testcase classname="SPDeptOfScientificAndIndustrial.TechnologyDevelopmentandUtilizationProgrammeforWomenTDUPWTestCase" name="allservicesnavigation" time="6.677"/>
  <system-out/>
  <testcase classname="SPDeptOfScientificAndIndustrial.TechnologyDevelopmentandUtilizationProgrammeforWomenTDUPWTestCase" name="DeptNavigation" time="5.233"/>
  <system-out/>
  <testcase classname="SPDeptOfScientificAndIndustrial.TechnologyDevelopmentandUtilizationProgrammeforWomenTDUPWTestCase" name="Seeinfoclick" time="2.929"/>
  <system-out/>
  <testcase classname="SPDeptOfScientificAndIndustrial.TechnologyDevelopmentandUtilizationProgrammeforWomenTDUPWTestCase" name="VisitServiceclick" time="5.382"/>
  <system-out/>
  <testcase classname="SPDeptOfScientificAndIndustrial.TechnologyDevelopmentandUtilizationProgrammeforWomenTDUPWTestCase" name="refreshpage" time="4.531"/>
  <system-out/>
  <testcase classname="SPDeptOfScientificAndIndustrial.TechnologyDevelopmentandUtilizationProgrammeforWomenTDUPWTestCase" name="ServiceNavigationTestCase" time="4.271"/>
  <system-out/>
  <testcase classname="SPDeptOfScientificAndIndustrial.TechnologyDevelopmentandUtilizationProgrammeforWomenTDUPWTestCase" name="ServicePlusPageTestCase" time="0.245"/>
  <system-out/>
  <testcase classname="SPDeptOfScientificAndIndustrial.TechnologyDevelopmentandUtilizationProgrammeforWomenTDUPWTestCase" name="IMbacktodirectory" time="0.153"/>
  <system-out/>
</testsuite> <!-- SPDeptOfScientificAndIndustrial.TechnologyDevelopmentandUtilizationProgrammeforWomenTDUPWTestCase -->
