<?xml version="1.0" encoding="UTF-8"?>
<!-- Generated by org.testng.reporters.JUnitReportReporter -->
<testsuite hostname="DESKTOP-CLFL9AL" failures="0" tests="9" name="GallantaryAwards.GallantaryAwardCategoryTestCases" time="0.000" errors="0" timestamp="2022-12-18T16:48:59 IST" skipped="9">
  <testcase classname="GallantaryAwards.GallantaryAwardCategoryTestCases" name="allservicesnavigation" time="0.000">
    <skipped/>
  </testcase> <!-- allservicesnavigation -->
  <system-out/>
  <testcase classname="GallantaryAwards.GallantaryAwardCategoryTestCases" name="GAdepartmentnavigation" time="0.000">
    <skipped/>
  </testcase> <!-- GAdepartmentnavigation -->
  <system-out/>
  <testcase classname="GallantaryAwards.GallantaryAwardCategoryTestCases" name="GAAwardservicenavigation" time="0.000">
    <skipped/>
  </testcase> <!-- GAAwardservicenavigation -->
  <system-out/>
  <testcase classname="GallantaryAwards.GallantaryAwardCategoryTestCases" name="GAawardcategorysearch" time="0.000">
    <skipped/>
  </testcase> <!-- GAawardcategorysearch -->
  <system-out/>
  <testcase classname="GallantaryAwards.GallantaryAwardCategoryTestCases" name="GAawardmedaldesc" time="0.000">
    <skipped/>
  </testcase> <!-- GAawardmedaldesc -->
  <system-out/>
  <testcase classname="GallantaryAwards.GallantaryAwardCategoryTestCases" name="GAawardbardesc" time="0.000">
    <skipped/>
  </testcase> <!-- GAawardbardesc -->
  <system-out/>
  <testcase classname="GallantaryAwards.GallantaryAwardCategoryTestCases" name="GAawardribbondesc" time="0.000">
    <skipped/>
  </testcase> <!-- GAawardribbondesc -->
  <system-out/>
  <testcase classname="GallantaryAwards.GallantaryAwardCategoryTestCases" name="GAawardclose" time="0.000">
    <skipped/>
  </testcase> <!-- GAawardclose -->
  <system-out/>
  <testcase classname="GallantaryAwards.GallantaryAwardCategoryTestCases" name="GAbacktohome" time="0.000">
    <skipped/>
  </testcase> <!-- GAbacktohome -->
  <system-out/>
</testsuite> <!-- GallantaryAwards.GallantaryAwardCategoryTestCases -->
