<?xml version="1.0" encoding="UTF-8"?>
<!-- Generated by org.testng.reporters.JUnitReportReporter -->
<testsuite hostname="DESKTOP-CLFL9AL" failures="0" tests="5" name="SPDepOfPersonnelAdministrativeReforms.ScheduledCasteULBTestCases" time="21.504" errors="0" timestamp="2023-05-02T08:58:03 IST" skipped="0">
  <testcase classname="SPDepOfPersonnelAdministrativeReforms.ScheduledCasteULBTestCases" name="allservicesnavigation" time="9.459"/>
  <system-out/>
  <testcase classname="SPDepOfPersonnelAdministrativeReforms.ScheduledCasteULBTestCases" name="ScheduledCasteULBnavigation" time="5.284"/>
  <system-out/>
  <testcase classname="SPDepOfPersonnelAdministrativeReforms.ScheduledCasteULBTestCases" name="ScheduledCasteULB1TestCases" time="4.233"/>
  <system-out/>
  <testcase classname="SPDepOfPersonnelAdministrativeReforms.ScheduledCasteULBTestCases" name="ScheduledCasteULB2TestCase" time="0.365"/>
  <system-out/>
  <testcase classname="SPDepOfPersonnelAdministrativeReforms.ScheduledCasteULBTestCases" name="IMbacktodirectory" time="2.163"/>
  <system-out/>
</testsuite> <!-- SPDepOfPersonnelAdministrativeReforms.ScheduledCasteULBTestCases -->
