<?xml version="1.0" encoding="UTF-8"?>
<!-- Generated by org.testng.reporters.JUnitReportReporter -->
<testsuite hostname="DESKTOP-CLFL9AL" failures="0" tests="8" name="TNMSME.TNMSMEApplySchemeTestCases" time="0.001" errors="0" timestamp="2022-12-18T16:48:58 IST" skipped="8">
  <testcase classname="TNMSME.TNMSMEApplySchemeTestCases" name="allservicesnavigation" time="0.000">
    <skipped/>
  </testcase> <!-- allservicesnavigation -->
  <system-out/>
  <testcase classname="TNMSME.TNMSMEApplySchemeTestCases" name="TNMSMEdepartmentnavigation" time="0.000">
    <skipped/>
  </testcase> <!-- TNMSMEdepartmentnavigation -->
  <system-out/>
  <testcase classname="TNMSME.TNMSMEApplySchemeTestCases" name="TNMSMEapplyschemeservicenavigation" time="0.000">
    <skipped/>
  </testcase> <!-- TNMSMEapplyschemeservicenavigation -->
  <system-out/>
  <testcase classname="TNMSME.TNMSMEApplySchemeTestCases" name="TMMSMEapplyschemeentreprenuerdetails" time="0.000">
    <skipped/>
  </testcase> <!-- TMMSMEapplyschemeentreprenuerdetails -->
  <system-out/>
  <testcase classname="TNMSME.TNMSMEApplySchemeTestCases" name="TNMSMEapplyschemecommunicationdetails" time="0.000">
    <skipped/>
  </testcase> <!-- TNMSMEapplyschemecommunicationdetails -->
  <system-out/>
  <testcase classname="TNMSME.TNMSMEApplySchemeTestCases" name="TNMSMEapplyschemequalificationdetails" time="0.001">
    <skipped/>
  </testcase> <!-- TNMSMEapplyschemequalificationdetails -->
  <system-out/>
  <testcase classname="TNMSME.TNMSMEApplySchemeTestCases" name="TNMSMEapplyschemeunitdetails" time="0.000">
    <skipped/>
  </testcase> <!-- TNMSMEapplyschemeunitdetails -->
  <system-out/>
  <testcase classname="TNMSME.TNMSMEApplySchemeTestCases" name="TNMSMEbacktodirectory" time="0.000">
    <skipped/>
  </testcase> <!-- TNMSMEbacktodirectory -->
  <system-out/>
</testsuite> <!-- TNMSME.TNMSMEApplySchemeTestCases -->
