<?xml version="1.0" encoding="UTF-8"?>
<!-- Generated by org.testng.reporters.JUnitReportReporter -->
<testsuite hostname="DESKTOP-CLFL9AL" failures="0" tests="12" name="eGopala.eGopalaAyurvedicVeterinaryMedicineTestCases" time="0.000" errors="0" timestamp="2022-12-18T16:48:58 IST" skipped="12">
  <testcase classname="eGopala.eGopalaAyurvedicVeterinaryMedicineTestCases" name="allservicesnavigation" time="0.000">
    <skipped/>
  </testcase> <!-- allservicesnavigation -->
  <system-out/>
  <testcase classname="eGopala.eGopalaAyurvedicVeterinaryMedicineTestCases" name="eGopaladepartmentnavigation" time="0.000">
    <skipped/>
  </testcase> <!-- eGopaladepartmentnavigation -->
  <system-out/>
  <testcase classname="eGopala.eGopalaAyurvedicVeterinaryMedicineTestCases" name="eGopalaAyurvedicVeterinaryMedicineservicenavigation" time="0.000">
    <skipped/>
  </testcase> <!-- eGopalaAyurvedicVeterinaryMedicineservicenavigation -->
  <system-out/>
  <testcase classname="eGopala.eGopalaAyurvedicVeterinaryMedicineTestCases" name="eGopalaAyurvedicVeterinaryMedicineUnderrelated" time="0.000">
    <skipped/>
  </testcase> <!-- eGopalaAyurvedicVeterinaryMedicineUnderrelated -->
  <system-out/>
  <testcase classname="eGopala.eGopalaAyurvedicVeterinaryMedicineTestCases" name="eGopalaAyurvedicVeterinarybloodrelated" time="0.000">
    <skipped/>
  </testcase> <!-- eGopalaAyurvedicVeterinarybloodrelated -->
  <system-out/>
  <testcase classname="eGopala.eGopalaAyurvedicVeterinaryMedicineTestCases" name="eGopalaAyurvedicVeterinaryFMD" time="0.000">
    <skipped/>
  </testcase> <!-- eGopalaAyurvedicVeterinaryFMD -->
  <system-out/>
  <testcase classname="eGopala.eGopalaAyurvedicVeterinaryMedicineTestCases" name="eGopalaAyurvedicVeterinarydigetiverelated" time="0.000">
    <skipped/>
  </testcase> <!-- eGopalaAyurvedicVeterinarydigetiverelated -->
  <system-out/>
  <testcase classname="eGopala.eGopalaAyurvedicVeterinaryMedicineTestCases" name="eGopalaAyurvedicVeterinaryallergy" time="0.000">
    <skipped/>
  </testcase> <!-- eGopalaAyurvedicVeterinaryallergy -->
  <system-out/>
  <testcase classname="eGopala.eGopalaAyurvedicVeterinaryMedicineTestCases" name="eGopalaAyurvedicVeterinarypoisoning" time="0.000">
    <skipped/>
  </testcase> <!-- eGopalaAyurvedicVeterinarypoisoning -->
  <system-out/>
  <testcase classname="eGopala.eGopalaAyurvedicVeterinaryMedicineTestCases" name="eGopalaAyurvedicVeterinaryothers" time="0.000">
    <skipped/>
  </testcase> <!-- eGopalaAyurvedicVeterinaryothers -->
  <system-out/>
  <testcase classname="eGopala.eGopalaAyurvedicVeterinaryMedicineTestCases" name="eGopalaAyurvedicVeterinaryviewpdf" time="0.000">
    <skipped/>
  </testcase> <!-- eGopalaAyurvedicVeterinaryviewpdf -->
  <system-out/>
  <testcase classname="eGopala.eGopalaAyurvedicVeterinaryMedicineTestCases" name="eGopalaAyurvedicVeterinarybacktodirectory" time="0.000">
    <skipped/>
  </testcase> <!-- eGopalaAyurvedicVeterinarybacktodirectory -->
  <system-out/>
</testsuite> <!-- eGopala.eGopalaAyurvedicVeterinaryMedicineTestCases -->
