<?xml version="1.0" encoding="UTF-8"?>
<!-- Generated by org.testng.reporters.JUnitReportReporter -->
<testsuite hostname="DESKTOP-CLFL9AL" failures="0" tests="5" name="SPUrbanDevelopmentDepartment.BirthRecordTestCases" time="20.639" errors="0" timestamp="2023-05-02T08:58:03 IST" skipped="0">
  <testcase classname="SPUrbanDevelopmentDepartment.BirthRecordTestCases" name="allservicesnavigation" time="8.850"/>
  <system-out/>
  <testcase classname="SPUrbanDevelopmentDepartment.BirthRecordTestCases" name="BirthRecordnavigation" time="6.176"/>
  <system-out/>
  <testcase classname="SPUrbanDevelopmentDepartment.BirthRecordTestCases" name="BirthCertificate1TestCases" time="4.231"/>
  <system-out/>
  <testcase classname="SPUrbanDevelopmentDepartment.BirthRecordTestCases" name="BirthRecord2TestCase" time="0.186"/>
  <system-out/>
  <testcase classname="SPUrbanDevelopmentDepartment.BirthRecordTestCases" name="IMbacktodirectory" time="1.196"/>
  <system-out/>
</testsuite> <!-- SPUrbanDevelopmentDepartment.BirthRecordTestCases -->
