<?xml version="1.0" encoding="UTF-8"?>
<!-- Generated by org.testng.reporters.JUnitReportReporter -->
<testsuite hostname="DESKTOP-CLFL9AL" failures="0" tests="8" name="SPLabourDepartment.FinancialAssistancefortreatmentofChronicDiseasesforregisteredworkerofHBOCWWBoardTestCases" time="29.669" errors="0" timestamp="2024-04-12T00:35:51 IST" skipped="0">
  <testcase classname="SPLabourDepartment.FinancialAssistancefortreatmentofChronicDiseasesforregisteredworkerofHBOCWWBoardTestCases" name="allservicesnavigation" time="6.692"/>
  <system-out/>
  <testcase classname="SPLabourDepartment.FinancialAssistancefortreatmentofChronicDiseasesforregisteredworkerofHBOCWWBoardTestCases" name="DeptNavigation" time="5.129"/>
  <system-out/>
  <testcase classname="SPLabourDepartment.FinancialAssistancefortreatmentofChronicDiseasesforregisteredworkerofHBOCWWBoardTestCases" name="Seeinfoclick" time="2.994"/>
  <system-out/>
  <testcase classname="SPLabourDepartment.FinancialAssistancefortreatmentofChronicDiseasesforregisteredworkerofHBOCWWBoardTestCases" name="VisitServiceclick" time="5.494"/>
  <system-out/>
  <testcase classname="SPLabourDepartment.FinancialAssistancefortreatmentofChronicDiseasesforregisteredworkerofHBOCWWBoardTestCases" name="refreshpage" time="4.476"/>
  <system-out/>
  <testcase classname="SPLabourDepartment.FinancialAssistancefortreatmentofChronicDiseasesforregisteredworkerofHBOCWWBoardTestCases" name="ServiceNavigationTestCase" time="4.342"/>
  <system-out/>
  <testcase classname="SPLabourDepartment.FinancialAssistancefortreatmentofChronicDiseasesforregisteredworkerofHBOCWWBoardTestCases" name="ServicePlusPageTestCase" time="0.248"/>
  <system-out/>
  <testcase classname="SPLabourDepartment.FinancialAssistancefortreatmentofChronicDiseasesforregisteredworkerofHBOCWWBoardTestCases" name="IMbacktodirectory" time="0.294"/>
  <system-out/>
</testsuite> <!-- SPLabourDepartment.FinancialAssistancefortreatmentofChronicDiseasesforregisteredworkerofHBOCWWBoardTestCases -->
