<?xml version="1.0" encoding="UTF-8"?>
<!-- Generated by org.testng.reporters.JUnitReportReporter -->
<testsuite hostname="DESKTOP-CLFL9AL" failures="0" tests="5" name="SPEducationDepartment.ElementarySchoolsTestCase" time="19.836" errors="0" timestamp="2023-05-02T07:30:03 IST" skipped="0">
  <testcase classname="SPEducationDepartment.ElementarySchoolsTestCase" name="allservicesnavigation" time="8.948"/>
  <system-out/>
  <testcase classname="SPEducationDepartment.ElementarySchoolsTestCase" name="ElementarySchoolsnavigation" time="5.312"/>
  <system-out/>
  <testcase classname="SPEducationDepartment.ElementarySchoolsTestCase" name="ElementarySchools1TestCases" time="4.214"/>
  <system-out/>
  <testcase classname="SPEducationDepartment.ElementarySchoolsTestCase" name="ElementarySchools2TestCase" time="0.169"/>
  <system-out/>
  <testcase classname="SPEducationDepartment.ElementarySchoolsTestCase" name="IMbacktodirectory" time="1.193"/>
  <system-out/>
</testsuite> <!-- SPEducationDepartment.ElementarySchoolsTestCase -->
