<?xml version="1.0" encoding="UTF-8"?>
<!-- Generated by org.testng.reporters.JUnitReportReporter -->
<testsuite hostname="DESKTOP-CLFL9AL" failures="0" tests="6" name="NTA.NTACSIRUGCScoreCardTestCases" time="0.000" errors="0" timestamp="2022-12-18T16:48:58 IST" skipped="6">
  <testcase classname="NTA.NTACSIRUGCScoreCardTestCases" name="allservicesnavigation" time="0.000">
    <skipped/>
  </testcase> <!-- allservicesnavigation -->
  <system-out/>
  <testcase classname="NTA.NTACSIRUGCScoreCardTestCases" name="NTAdeptnavigation" time="0.000">
    <skipped/>
  </testcase> <!-- NTAdeptnavigation -->
  <system-out/>
  <testcase classname="NTA.NTACSIRUGCScoreCardTestCases" name="NTACISRUGCScorecardServiceNavigation" time="0.000">
    <skipped/>
  </testcase> <!-- NTACISRUGCScorecardServiceNavigation -->
  <system-out/>
  <testcase classname="NTA.NTACSIRUGCScoreCardTestCases" name="NTACISRUGCScorecardvisible" time="0.000">
    <skipped/>
  </testcase> <!-- NTACISRUGCScorecardvisible -->
  <system-out/>
  <testcase classname="NTA.NTACSIRUGCScoreCardTestCases" name="NTACISRUGCScoreCarddownloaddetails" time="0.000">
    <skipped/>
  </testcase> <!-- NTACISRUGCScoreCarddownloaddetails -->
  <system-out/>
  <testcase classname="NTA.NTACSIRUGCScoreCardTestCases" name="NTAbacktodirectory" time="0.000">
    <skipped/>
  </testcase> <!-- NTAbacktodirectory -->
  <system-out/>
</testsuite> <!-- NTA.NTACSIRUGCScoreCardTestCases -->
