<?xml version="1.0" encoding="UTF-8"?>
<!-- Generated by org.testng.reporters.JUnitReportReporter -->
<testsuite hostname="DESKTOP-CLFL9AL" failures="0" tests="6" name="NTA.NTAICARAICEPHDTestcases" time="0.000" errors="0" timestamp="2022-12-18T16:48:58 IST" skipped="6">
  <testcase classname="NTA.NTAICARAICEPHDTestcases" name="allservicesnavigation" time="0.000">
    <skipped/>
  </testcase> <!-- allservicesnavigation -->
  <system-out/>
  <testcase classname="NTA.NTAICARAICEPHDTestcases" name="NTAdeptnavigation" time="0.000">
    <skipped/>
  </testcase> <!-- NTAdeptnavigation -->
  <system-out/>
  <testcase classname="NTA.NTAICARAICEPHDTestcases" name="NTAICARAICEPHDConfirmationdetailsServiceNavigation" time="0.000">
    <skipped/>
  </testcase> <!-- NTAICARAICEPHDConfirmationdetailsServiceNavigation -->
  <system-out/>
  <testcase classname="NTA.NTAICARAICEPHDTestcases" name="NTAICARAICEPHDConfirmationdetailssvisible" time="0.000">
    <skipped/>
  </testcase> <!-- NTAICARAICEPHDConfirmationdetailssvisible -->
  <system-out/>
  <testcase classname="NTA.NTAICARAICEPHDTestcases" name="NTAICARAICEPHDConfirmationdetailsdownloaddetails" time="0.000">
    <skipped/>
  </testcase> <!-- NTAICARAICEPHDConfirmationdetailsdownloaddetails -->
  <system-out/>
  <testcase classname="NTA.NTAICARAICEPHDTestcases" name="NTAbacktodirectory" time="0.000">
    <skipped/>
  </testcase> <!-- NTAbacktodirectory -->
  <system-out/>
</testsuite> <!-- NTA.NTAICARAICEPHDTestcases -->
