<?xml version="1.0" encoding="UTF-8"?>
<!-- Generated by org.testng.reporters.JUnitReportReporter -->
<testsuite hostname="DESKTOP-CLFL9AL" failures="0" tests="8" name="SPLabourDepartment.FuneralAssistanceforregisteredworkerofHBOCWWBoardTestCases" time="28.879" errors="0" timestamp="2024-04-12T00:35:51 IST" skipped="0">
  <testcase classname="SPLabourDepartment.FuneralAssistanceforregisteredworkerofHBOCWWBoardTestCases" name="allservicesnavigation" time="6.812"/>
  <system-out/>
  <testcase classname="SPLabourDepartment.FuneralAssistanceforregisteredworkerofHBOCWWBoardTestCases" name="DeptNavigation" time="5.247"/>
  <system-out/>
  <testcase classname="SPLabourDepartment.FuneralAssistanceforregisteredworkerofHBOCWWBoardTestCases" name="Seeinfoclick" time="2.997"/>
  <system-out/>
  <testcase classname="SPLabourDepartment.FuneralAssistanceforregisteredworkerofHBOCWWBoardTestCases" name="VisitServiceclick" time="5.478"/>
  <system-out/>
  <testcase classname="SPLabourDepartment.FuneralAssistanceforregisteredworkerofHBOCWWBoardTestCases" name="refreshpage" time="3.494"/>
  <system-out/>
  <testcase classname="SPLabourDepartment.FuneralAssistanceforregisteredworkerofHBOCWWBoardTestCases" name="ServiceNavigationTestCase" time="4.381"/>
  <system-out/>
  <testcase classname="SPLabourDepartment.FuneralAssistanceforregisteredworkerofHBOCWWBoardTestCases" name="ServicePlusPageTestCase" time="0.250"/>
  <system-out/>
  <testcase classname="SPLabourDepartment.FuneralAssistanceforregisteredworkerofHBOCWWBoardTestCases" name="IMbacktodirectory" time="0.220"/>
  <system-out/>
</testsuite> <!-- SPLabourDepartment.FuneralAssistanceforregisteredworkerofHBOCWWBoardTestCases -->
