<?xml version="1.0" encoding="UTF-8"?>
<!-- Generated by org.testng.reporters.JUnitReportReporter -->
<testsuite hostname="DESKTOP-CLFL9AL" failures="0" tests="5" name="SPRevenueDep.IncomeTestCases" time="19.820" errors="0" timestamp="2023-05-02T08:58:03 IST" skipped="0">
  <testcase classname="SPRevenueDep.IncomeTestCases" name="allservicesnavigation" time="8.907"/>
  <system-out/>
  <testcase classname="SPRevenueDep.IncomeTestCases" name="Incomenavigation" time="5.211"/>
  <system-out/>
  <testcase classname="SPRevenueDep.IncomeTestCases" name="Income1TestCases" time="4.227"/>
  <system-out/>
  <testcase classname="SPRevenueDep.IncomeTestCases" name="Income2TestCase" time="0.175"/>
  <system-out/>
  <testcase classname="SPRevenueDep.IncomeTestCases" name="IMbacktodirectory" time="1.300"/>
  <system-out/>
</testsuite> <!-- SPRevenueDep.IncomeTestCases -->
