<?xml version="1.0" encoding="UTF-8"?>
<!-- Generated by org.testng.reporters.JUnitReportReporter -->
<testsuite hostname="DESKTOP-CLFL9AL" failures="0" tests="5" name="SPRevenueDep.STTestCases" time="18.904" errors="0" timestamp="2023-05-02T08:58:02 IST" skipped="0">
  <testcase classname="SPRevenueDep.STTestCases" name="allservicesnavigation" time="10.097"/>
  <system-out/>
  <testcase classname="SPRevenueDep.STTestCases" name="STnavigation" time="3.098"/>
  <system-out/>
  <testcase classname="SPRevenueDep.STTestCases" name="ST1TestCases" time="4.289"/>
  <system-out/>
  <testcase classname="SPRevenueDep.STTestCases" name="ST2TestCase" time="0.184"/>
  <system-out/>
  <testcase classname="SPRevenueDep.STTestCases" name="IMbacktodirectory" time="1.236"/>
  <system-out/>
</testsuite> <!-- SPRevenueDep.STTestCases -->
