<?xml version="1.0" encoding="UTF-8"?>
<!-- Generated by org.testng.reporters.JUnitReportReporter -->
<testsuite hostname="DESKTOP-CLFL9AL" failures="0" tests="5" name="Elderline.ElderlineEmotionalSupportTestCases" time="19.392" errors="0" timestamp="2023-01-06T13:02:24 IST" skipped="0">
  <testcase classname="Elderline.ElderlineEmotionalSupportTestCases" name="allservicesnavigation" time="11.380"/>
  <system-out/>
  <testcase classname="Elderline.ElderlineEmotionalSupportTestCases" name="Elderlinedepartmentnavigation" time="4.555"/>
  <system-out/>
  <testcase classname="Elderline.ElderlineEmotionalSupportTestCases" name="ElderlineemotionalsuportTestCases" time="0.322"/>
  <system-out/>
  <testcase classname="Elderline.ElderlineEmotionalSupportTestCases" name="emotionalsupportTestCases" time="1.766"/>
  <system-out/>
  <testcase classname="Elderline.ElderlineEmotionalSupportTestCases" name="IMbacktodirectory" time="1.369"/>
  <system-out/>
</testsuite> <!-- Elderline.ElderlineEmotionalSupportTestCases -->
