<?xml version="1.0" encoding="UTF-8"?>
<!-- Generated by org.testng.reporters.JUnitReportReporter -->
<testsuite hostname="DESKTOP-CLFL9AL" failures="0" tests="8" name="SPPoliticalDepartmentMeghalaya.IncomeCertificatetestcase" time="30.129" errors="0" timestamp="2024-04-12T00:35:51 IST" skipped="0">
  <testcase classname="SPPoliticalDepartmentMeghalaya.IncomeCertificatetestcase" name="allservicesnavigation" time="6.725"/>
  <system-out/>
  <testcase classname="SPPoliticalDepartmentMeghalaya.IncomeCertificatetestcase" name="DeptNavigation" time="5.012"/>
  <system-out/>
  <testcase classname="SPPoliticalDepartmentMeghalaya.IncomeCertificatetestcase" name="Seeinfoclick" time="3.114"/>
  <system-out/>
  <testcase classname="SPPoliticalDepartmentMeghalaya.IncomeCertificatetestcase" name="VisitServiceclick" time="5.611"/>
  <system-out/>
  <testcase classname="SPPoliticalDepartmentMeghalaya.IncomeCertificatetestcase" name="refreshpage" time="4.771"/>
  <system-out/>
  <testcase classname="SPPoliticalDepartmentMeghalaya.IncomeCertificatetestcase" name="ServiceNavigationTestCase" time="4.365"/>
  <system-out/>
  <testcase classname="SPPoliticalDepartmentMeghalaya.IncomeCertificatetestcase" name="ServicePlusPageTestCase" time="0.268"/>
  <system-out/>
  <testcase classname="SPPoliticalDepartmentMeghalaya.IncomeCertificatetestcase" name="IMbacktodirectory" time="0.263"/>
  <system-out/>
</testsuite> <!-- SPPoliticalDepartmentMeghalaya.IncomeCertificatetestcase -->
