<?xml version="1.0" encoding="UTF-8"?>
<!-- Generated by org.testng.reporters.JUnitReportReporter -->
<testsuite hostname="DESKTOP-CLFL9AL" failures="0" tests="8" name="SPDepartmentOfLabour.SkillDevelopmentFinancialBenefitTestCase" time="31.363" errors="0" timestamp="2024-04-12T00:35:51 IST" skipped="0">
  <testcase classname="SPDepartmentOfLabour.SkillDevelopmentFinancialBenefitTestCase" name="allservicesnavigation" time="6.645"/>
  <system-out/>
  <testcase classname="SPDepartmentOfLabour.SkillDevelopmentFinancialBenefitTestCase" name="DeptNavigation" time="4.590"/>
  <system-out/>
  <testcase classname="SPDepartmentOfLabour.SkillDevelopmentFinancialBenefitTestCase" name="Seeinfoclick" time="5.029"/>
  <system-out/>
  <testcase classname="SPDepartmentOfLabour.SkillDevelopmentFinancialBenefitTestCase" name="VisitServiceclick" time="5.453"/>
  <system-out/>
  <testcase classname="SPDepartmentOfLabour.SkillDevelopmentFinancialBenefitTestCase" name="refreshpage" time="4.845"/>
  <system-out/>
  <testcase classname="SPDepartmentOfLabour.SkillDevelopmentFinancialBenefitTestCase" name="ServiceNavigationTestCase" time="4.323"/>
  <system-out/>
  <testcase classname="SPDepartmentOfLabour.SkillDevelopmentFinancialBenefitTestCase" name="ServicePlusPageTestCase" time="0.231"/>
  <system-out/>
  <testcase classname="SPDepartmentOfLabour.SkillDevelopmentFinancialBenefitTestCase" name="IMbacktodirectory" time="0.247"/>
  <system-out/>
</testsuite> <!-- SPDepartmentOfLabour.SkillDevelopmentFinancialBenefitTestCase -->
