<?xml version="1.0" encoding="UTF-8"?>
<!-- Generated by org.testng.reporters.JUnitReportReporter -->
<testsuite hostname="DESKTOP-CLFL9AL" failures="0" tests="8" name="SPDirectorateofFisheries.RegistrationForTransportofFishandFisheryProductsfromMainlandTestCase" time="29.677" errors="0" timestamp="2024-04-12T00:35:51 IST" skipped="0">
  <testcase classname="SPDirectorateofFisheries.RegistrationForTransportofFishandFisheryProductsfromMainlandTestCase" name="allservicesnavigation" time="6.721"/>
  <system-out/>
  <testcase classname="SPDirectorateofFisheries.RegistrationForTransportofFishandFisheryProductsfromMainlandTestCase" name="DeptNavigation" time="5.273"/>
  <system-out/>
  <testcase classname="SPDirectorateofFisheries.RegistrationForTransportofFishandFisheryProductsfromMainlandTestCase" name="Seeinfoclick" time="2.942"/>
  <system-out/>
  <testcase classname="SPDirectorateofFisheries.RegistrationForTransportofFishandFisheryProductsfromMainlandTestCase" name="VisitServiceclick" time="5.490"/>
  <system-out/>
  <testcase classname="SPDirectorateofFisheries.RegistrationForTransportofFishandFisheryProductsfromMainlandTestCase" name="refreshpage" time="4.488"/>
  <system-out/>
  <testcase classname="SPDirectorateofFisheries.RegistrationForTransportofFishandFisheryProductsfromMainlandTestCase" name="ServiceNavigationTestCase" time="4.328"/>
  <system-out/>
  <testcase classname="SPDirectorateofFisheries.RegistrationForTransportofFishandFisheryProductsfromMainlandTestCase" name="ServicePlusPageTestCase" time="0.236"/>
  <system-out/>
  <testcase classname="SPDirectorateofFisheries.RegistrationForTransportofFishandFisheryProductsfromMainlandTestCase" name="IMbacktodirectory" time="0.199"/>
  <system-out/>
</testsuite> <!-- SPDirectorateofFisheries.RegistrationForTransportofFishandFisheryProductsfromMainlandTestCase -->
