<?xml version="1.0" encoding="UTF-8"?>
<!-- Generated by org.testng.reporters.JUnitReportReporter -->
<testsuite hostname="DESKTOP-CLFL9AL" failures="0" tests="5" name="SPZilaSainikBoard.ScholarshipTestCase" time="20.399" errors="0" timestamp="2023-05-02T08:58:03 IST" skipped="0">
  <testcase classname="SPZilaSainikBoard.ScholarshipTestCase" name="allservicesnavigation" time="9.614"/>
  <system-out/>
  <testcase classname="SPZilaSainikBoard.ScholarshipTestCase" name="Scholarshipnavigation" time="5.160"/>
  <system-out/>
  <testcase classname="SPZilaSainikBoard.ScholarshipTestCase" name="Scholarship1TestCases" time="4.228"/>
  <system-out/>
  <testcase classname="SPZilaSainikBoard.ScholarshipTestCase" name="Scholarship2TestCase" time="0.176"/>
  <system-out/>
  <testcase classname="SPZilaSainikBoard.ScholarshipTestCase" name="IMbacktodirectory" time="1.221"/>
  <system-out/>
</testsuite> <!-- SPZilaSainikBoard.ScholarshipTestCase -->
