<?xml version="1.0" encoding="UTF-8"?>
<!-- Generated by org.testng.reporters.JUnitReportReporter -->
<testsuite hostname="DESKTOP-CLFL9AL" failures="0" tests="8" name="SPEmploymentDepartment.TransferofRegistrationfromOneExchangetoanotherexchangeTestCases" time="29.848" errors="0" timestamp="2024-04-12T00:35:51 IST" skipped="0">
  <testcase classname="SPEmploymentDepartment.TransferofRegistrationfromOneExchangetoanotherexchangeTestCases" name="allservicesnavigation" time="6.802"/>
  <system-out/>
  <testcase classname="SPEmploymentDepartment.TransferofRegistrationfromOneExchangetoanotherexchangeTestCases" name="DeptNavigation" time="5.245"/>
  <system-out/>
  <testcase classname="SPEmploymentDepartment.TransferofRegistrationfromOneExchangetoanotherexchangeTestCases" name="Seeinfoclick" time="3.061"/>
  <system-out/>
  <testcase classname="SPEmploymentDepartment.TransferofRegistrationfromOneExchangetoanotherexchangeTestCases" name="VisitServiceclick" time="5.522"/>
  <system-out/>
  <testcase classname="SPEmploymentDepartment.TransferofRegistrationfromOneExchangetoanotherexchangeTestCases" name="refreshpage" time="4.376"/>
  <system-out/>
  <testcase classname="SPEmploymentDepartment.TransferofRegistrationfromOneExchangetoanotherexchangeTestCases" name="ServiceNavigationTestCase" time="4.312"/>
  <system-out/>
  <testcase classname="SPEmploymentDepartment.TransferofRegistrationfromOneExchangetoanotherexchangeTestCases" name="ServicePlusPageTestCase" time="0.301"/>
  <system-out/>
  <testcase classname="SPEmploymentDepartment.TransferofRegistrationfromOneExchangetoanotherexchangeTestCases" name="IMbacktodirectory" time="0.229"/>
  <system-out/>
</testsuite> <!-- SPEmploymentDepartment.TransferofRegistrationfromOneExchangetoanotherexchangeTestCases -->
