<?xml version="1.0" encoding="UTF-8"?>
<!-- Generated by org.testng.reporters.JUnitReportReporter -->
<testsuite hostname="DESKTOP-CLFL9AL" failures="0" tests="8" name="SPPublicHealthEngineeringDepartmentHaryana.Duplicatetestcase" time="15.611" errors="0" timestamp="2024-04-12T00:35:51 IST" skipped="0">
  <testcase classname="SPPublicHealthEngineeringDepartmentHaryana.Duplicatetestcase" name="allservicesnavigation" time="6.752"/>
  <system-out/>
  <testcase classname="SPPublicHealthEngineeringDepartmentHaryana.Duplicatetestcase" name="Deptnavigation" time="4.784"/>
  <system-out/>
  <testcase classname="SPPublicHealthEngineeringDepartmentHaryana.Duplicatetestcase" name="LogocheckTestCases" time="0.132"/>
  <system-out/>
  <testcase classname="SPPublicHealthEngineeringDepartmentHaryana.Duplicatetestcase" name="ServicecountTestCases" time="0.249"/>
  <system-out/>
  <testcase classname="SPPublicHealthEngineeringDepartmentHaryana.Duplicatetestcase" name="duplicateTestCases" time="0.156"/>
  <system-out/>
  <testcase classname="SPPublicHealthEngineeringDepartmentHaryana.Duplicatetestcase" name="servicecountfromexcel" time="0.251"/>
  <system-out/>
  <testcase classname="SPPublicHealthEngineeringDepartmentHaryana.Duplicatetestcase" name="InformationTestCases" time="3.050"/>
  <system-out/>
  <testcase classname="SPPublicHealthEngineeringDepartmentHaryana.Duplicatetestcase" name="IMbacktodirectory" time="0.237"/>
  <system-out/>
</testsuite> <!-- SPPublicHealthEngineeringDepartmentHaryana.Duplicatetestcase -->
