<?xml version="1.0" encoding="UTF-8"?>
<!-- Generated by org.testng.reporters.JUnitReportReporter -->
<testsuite hostname="DESKTOP-CLFL9AL" failures="0" tests="5" name="SPDepOfPersonnelAdministrativeReforms.EBCINonCreamyLayerTestCases" time="23.564" errors="0" timestamp="2023-05-02T08:58:03 IST" skipped="0">
  <testcase classname="SPDepOfPersonnelAdministrativeReforms.EBCINonCreamyLayerTestCases" name="allservicesnavigation" time="12.587"/>
  <system-out/>
  <testcase classname="SPDepOfPersonnelAdministrativeReforms.EBCINonCreamyLayerTestCases" name="EBCINonCreamyLayernavigation" time="5.277"/>
  <system-out/>
  <testcase classname="SPDepOfPersonnelAdministrativeReforms.EBCINonCreamyLayerTestCases" name="EBCINonCreamyLayer1TestCases" time="4.212"/>
  <system-out/>
  <testcase classname="SPDepOfPersonnelAdministrativeReforms.EBCINonCreamyLayerTestCases" name="EBCINonCreamyLayer2TestCase" time="0.179"/>
  <system-out/>
  <testcase classname="SPDepOfPersonnelAdministrativeReforms.EBCINonCreamyLayerTestCases" name="IMbacktodirectory" time="1.309"/>
  <system-out/>
</testsuite> <!-- SPDepOfPersonnelAdministrativeReforms.EBCINonCreamyLayerTestCases -->
