<?xml version="1.0" encoding="UTF-8"?>
<!-- Generated by org.testng.reporters.JUnitReportReporter -->
<testsuite hostname="DESKTOP-CLFL9AL" failures="0" tests="7" name="IndianCouncilforCultureRelations.ICCRApplicantRegistrationTestCases" time="0.000" errors="0" timestamp="2022-12-18T16:49:00 IST" skipped="7">
  <testcase classname="IndianCouncilforCultureRelations.ICCRApplicantRegistrationTestCases" name="allservicesnavigation" time="0.000">
    <skipped/>
  </testcase> <!-- allservicesnavigation -->
  <system-out/>
  <testcase classname="IndianCouncilforCultureRelations.ICCRApplicantRegistrationTestCases" name="ICCRdepartmentnavigation" time="0.000">
    <skipped/>
  </testcase> <!-- ICCRdepartmentnavigation -->
  <system-out/>
  <testcase classname="IndianCouncilforCultureRelations.ICCRApplicantRegistrationTestCases" name="ICCRApplicantregisterationServicenavigation" time="0.000">
    <skipped/>
  </testcase> <!-- ICCRApplicantregisterationServicenavigation -->
  <system-out/>
  <testcase classname="IndianCouncilforCultureRelations.ICCRApplicantRegistrationTestCases" name="ICCRApplicantregisterationfilldata" time="0.000">
    <skipped/>
  </testcase> <!-- ICCRApplicantregisterationfilldata -->
  <system-out/>
  <testcase classname="IndianCouncilforCultureRelations.ICCRApplicantRegistrationTestCases" name="ICCRApplicantregisterationseeinfo" time="0.000">
    <skipped/>
  </testcase> <!-- ICCRApplicantregisterationseeinfo -->
  <system-out/>
  <testcase classname="IndianCouncilforCultureRelations.ICCRApplicantRegistrationTestCases" name="ICCRApplicantregisterationseeinfovisitservice" time="0.000">
    <skipped/>
  </testcase> <!-- ICCRApplicantregisterationseeinfovisitservice -->
  <system-out/>
  <testcase classname="IndianCouncilforCultureRelations.ICCRApplicantRegistrationTestCases" name="NSPbacktodirectory" time="0.000">
    <skipped/>
  </testcase> <!-- NSPbacktodirectory -->
  <system-out/>
</testsuite> <!-- IndianCouncilforCultureRelations.ICCRApplicantRegistrationTestCases -->
