<?xml version="1.0" encoding="UTF-8"?>
<!-- Generated by org.testng.reporters.JUnitReportReporter -->
<testsuite hostname="DESKTOP-CLFL9AL" failures="0" tests="8" name="AICTE.AICTETrackapplicationstatusTestcases" time="0.005" errors="0" timestamp="2022-12-18T16:48:57 IST" skipped="8">
  <testcase classname="AICTE.AICTETrackapplicationstatusTestcases" name="allservicesnavigation" time="0.000">
    <skipped/>
  </testcase> <!-- allservicesnavigation -->
  <system-out/>
  <testcase classname="AICTE.AICTETrackapplicationstatusTestcases" name="AICTEdepartmentnavigation" time="0.000">
    <skipped/>
  </testcase> <!-- AICTEdepartmentnavigation -->
  <system-out/>
  <testcase classname="AICTE.AICTETrackapplicationstatusTestcases" name="AICTEapprovedinstitutionsServiceNavigation" time="0.000">
    <skipped/>
  </testcase> <!-- AICTEapprovedinstitutionsServiceNavigation -->
  <system-out/>
  <testcase classname="AICTE.AICTETrackapplicationstatusTestcases" name="AICTETrackstatussearchinvalid" time="0.000">
    <skipped/>
  </testcase> <!-- AICTETrackstatussearchinvalid -->
  <system-out/>
  <testcase classname="AICTE.AICTETrackapplicationstatusTestcases" name="AICTETrackstatussearchvalid" time="0.000">
    <skipped/>
  </testcase> <!-- AICTETrackstatussearchvalid -->
  <system-out/>
  <testcase classname="AICTE.AICTETrackapplicationstatusTestcases" name="AICTETrackstatattendancedetails" time="0.000">
    <skipped/>
  </testcase> <!-- AICTETrackstatattendancedetails -->
  <system-out/>
  <testcase classname="AICTE.AICTETrackapplicationstatusTestcases" name="AICTEPaymentdetails" time="0.005">
    <skipped/>
  </testcase> <!-- AICTEPaymentdetails -->
  <system-out/>
  <testcase classname="AICTE.AICTETrackapplicationstatusTestcases" name="AICTETObacktoservicedirectory" time="0.000">
    <skipped/>
  </testcase> <!-- AICTETObacktoservicedirectory -->
  <system-out/>
</testsuite> <!-- AICTE.AICTETrackapplicationstatusTestcases -->
