<?xml version="1.0" encoding="UTF-8"?>
<!-- Generated by org.testng.reporters.JUnitReportReporter -->
<testsuite hostname="DESKTOP-CLFL9AL" failures="0" tests="8" name="SPDepartmentofCommerceandIndustriesMeghalaya.CommonApplicationFormforSingleWindowAgencyClearanceTestCases" time="29.242" errors="0" timestamp="2024-04-12T00:35:51 IST" skipped="0">
  <testcase classname="SPDepartmentofCommerceandIndustriesMeghalaya.CommonApplicationFormforSingleWindowAgencyClearanceTestCases" name="allservicesnavigation" time="6.611"/>
  <system-out/>
  <testcase classname="SPDepartmentofCommerceandIndustriesMeghalaya.CommonApplicationFormforSingleWindowAgencyClearanceTestCases" name="DeptNavigation" time="5.228"/>
  <system-out/>
  <testcase classname="SPDepartmentofCommerceandIndustriesMeghalaya.CommonApplicationFormforSingleWindowAgencyClearanceTestCases" name="Seeinfoclick" time="2.952"/>
  <system-out/>
  <testcase classname="SPDepartmentofCommerceandIndustriesMeghalaya.CommonApplicationFormforSingleWindowAgencyClearanceTestCases" name="VisitServiceclick" time="5.473"/>
  <system-out/>
  <testcase classname="SPDepartmentofCommerceandIndustriesMeghalaya.CommonApplicationFormforSingleWindowAgencyClearanceTestCases" name="refreshpage" time="4.351"/>
  <system-out/>
  <testcase classname="SPDepartmentofCommerceandIndustriesMeghalaya.CommonApplicationFormforSingleWindowAgencyClearanceTestCases" name="ServiceNavigationTestCase" time="4.282"/>
  <system-out/>
  <testcase classname="SPDepartmentofCommerceandIndustriesMeghalaya.CommonApplicationFormforSingleWindowAgencyClearanceTestCases" name="ServicePlusPageTestCase" time="0.188"/>
  <system-out/>
  <testcase classname="SPDepartmentofCommerceandIndustriesMeghalaya.CommonApplicationFormforSingleWindowAgencyClearanceTestCases" name="IMbacktodirectory" time="0.157"/>
  <system-out/>
</testsuite> <!-- SPDepartmentofCommerceandIndustriesMeghalaya.CommonApplicationFormforSingleWindowAgencyClearanceTestCases -->
