<?xml version="1.0" encoding="UTF-8"?>
<!-- Generated by org.testng.reporters.JUnitReportReporter -->
<testsuite hostname="DESKTOP-CLFL9AL" failures="0" tests="5" name="SPRevenueDep.RenewalofFoodstuffLicenseTestCases" time="0.000" errors="0" timestamp="2023-12-22T13:21:45 IST" skipped="5">
  <testcase classname="SPRevenueDep.RenewalofFoodstuffLicenseTestCases" name="allservicesnavigation" time="0.000">
    <skipped/>
  </testcase> <!-- allservicesnavigation -->
  <system-out/>
  <testcase classname="SPRevenueDep.RenewalofFoodstuffLicenseTestCases" name="DeptNavigation" time="0.000">
    <skipped/>
  </testcase> <!-- DeptNavigation -->
  <system-out/>
  <testcase classname="SPRevenueDep.RenewalofFoodstuffLicenseTestCases" name="ServiceNavigationTestCase" time="0.000">
    <skipped/>
  </testcase> <!-- ServiceNavigationTestCase -->
  <system-out/>
  <testcase classname="SPRevenueDep.RenewalofFoodstuffLicenseTestCases" name="ServicePlusPageTestCase" time="0.000">
    <skipped/>
  </testcase> <!-- ServicePlusPageTestCase -->
  <system-out/>
  <testcase classname="SPRevenueDep.RenewalofFoodstuffLicenseTestCases" name="Umangbackbutton" time="0.000">
    <skipped/>
  </testcase> <!-- Umangbackbutton -->
  <system-out/>
</testsuite> <!-- SPRevenueDep.RenewalofFoodstuffLicenseTestCases -->
