<?xml version="1.0" encoding="UTF-8"?>
<!-- Generated by org.testng.reporters.JUnitReportReporter -->
<testsuite hostname="DESKTOP-CLFL9AL" failures="0" tests="5" name="SPDepOfSocialWelfare.ChildrenofWidowsTestCase" time="20.841" errors="0" timestamp="2023-05-02T07:30:03 IST" skipped="0">
  <testcase classname="SPDepOfSocialWelfare.ChildrenofWidowsTestCase" name="allservicesnavigation" time="9.064"/>
  <system-out/>
  <testcase classname="SPDepOfSocialWelfare.ChildrenofWidowsTestCase" name="ChildrenofWidowsnavigation" time="5.219"/>
  <system-out/>
  <testcase classname="SPDepOfSocialWelfare.ChildrenofWidowsTestCase" name="ChildrenofWidows1TestCases" time="4.217"/>
  <system-out/>
  <testcase classname="SPDepOfSocialWelfare.ChildrenofWidowsTestCase" name="ChildrenofWidows2TestCase" time="0.423"/>
  <system-out/>
  <testcase classname="SPDepOfSocialWelfare.ChildrenofWidowsTestCase" name="IMbacktodirectory" time="1.918"/>
  <system-out/>
</testsuite> <!-- SPDepOfSocialWelfare.ChildrenofWidowsTestCase -->
