<?xml version="1.0" encoding="UTF-8"?>
<!-- Generated by org.testng.reporters.JUnitReportReporter -->
<testsuite hostname="DESKTOP-CLFL9AL" failures="0" tests="5" name="SPDepartmentOfLabour.DisabilityTestCase" time="20.748" errors="0" timestamp="2023-05-02T08:58:02 IST" skipped="0">
  <testcase classname="SPDepartmentOfLabour.DisabilityTestCase" name="allservicesnavigation" time="9.852"/>
  <system-out/>
  <testcase classname="SPDepartmentOfLabour.DisabilityTestCase" name="Disabilitynavigation" time="5.177"/>
  <system-out/>
  <testcase classname="SPDepartmentOfLabour.DisabilityTestCase" name="Disability1TestCases" time="4.212"/>
  <system-out/>
  <testcase classname="SPDepartmentOfLabour.DisabilityTestCase" name="Disability2TestCase" time="0.175"/>
  <system-out/>
  <testcase classname="SPDepartmentOfLabour.DisabilityTestCase" name="IMbacktodirectory" time="1.332"/>
  <system-out/>
</testsuite> <!-- SPDepartmentOfLabour.DisabilityTestCase -->
