<?xml version="1.0" encoding="UTF-8"?>
<!-- Generated by org.testng.reporters.JUnitReportReporter -->
<testsuite hostname="DESKTOP-CLFL9AL" failures="0" tests="5" name="SPUrbanDevelopmentDepartment.ExistingBirthRecordTestCases" time="18.453" errors="0" timestamp="2023-05-02T08:58:03 IST" skipped="0">
  <testcase classname="SPUrbanDevelopmentDepartment.ExistingBirthRecordTestCases" name="allservicesnavigation" time="9.585"/>
  <system-out/>
  <testcase classname="SPUrbanDevelopmentDepartment.ExistingBirthRecordTestCases" name="ExistingBirthRecordnavigation" time="3.065"/>
  <system-out/>
  <testcase classname="SPUrbanDevelopmentDepartment.ExistingBirthRecordTestCases" name="ExistingBirthRecord1TestCases" time="4.207"/>
  <system-out/>
  <testcase classname="SPUrbanDevelopmentDepartment.ExistingBirthRecordTestCases" name="ExistingBirthRecord2TestCase" time="0.157"/>
  <system-out/>
  <testcase classname="SPUrbanDevelopmentDepartment.ExistingBirthRecordTestCases" name="IMbacktodirectory" time="1.439"/>
  <system-out/>
</testsuite> <!-- SPUrbanDevelopmentDepartment.ExistingBirthRecordTestCases -->
