<?xml version="1.0" encoding="UTF-8"?>
<!-- Generated by org.testng.reporters.JUnitReportReporter -->
<testsuite hostname="DESKTOP-CLFL9AL" failures="0" tests="5" name="DHEAssam.DHEDownloadAcknowldegementTestCases" time="0.000" errors="0" timestamp="2022-12-18T16:48:58 IST" skipped="5">
  <testcase classname="DHEAssam.DHEDownloadAcknowldegementTestCases" name="allservicesnavigation" time="0.000">
    <skipped/>
  </testcase> <!-- allservicesnavigation -->
  <system-out/>
  <testcase classname="DHEAssam.DHEDownloadAcknowldegementTestCases" name="DHEAssamdepartmentnavigation" time="0.000">
    <skipped/>
  </testcase> <!-- DHEAssamdepartmentnavigation -->
  <system-out/>
  <testcase classname="DHEAssam.DHEDownloadAcknowldegementTestCases" name="DHEdownloadacknowledgementservicenavigation" time="0.000">
    <skipped/>
  </testcase> <!-- DHEdownloadacknowledgementservicenavigation -->
  <system-out/>
  <testcase classname="DHEAssam.DHEDownloadAcknowldegementTestCases" name="DHEdownlaodacknowledgementvaliddata" time="0.000">
    <skipped/>
  </testcase> <!-- DHEdownlaodacknowledgementvaliddata -->
  <system-out/>
  <testcase classname="DHEAssam.DHEDownloadAcknowldegementTestCases" name="DHEbacktodirectory" time="0.000">
    <skipped/>
  </testcase> <!-- DHEbacktodirectory -->
  <system-out/>
</testsuite> <!-- DHEAssam.DHEDownloadAcknowldegementTestCases -->
