<?xml version="1.0" encoding="UTF-8"?>
<!-- Generated by org.testng.reporters.JUnitReportReporter -->
<testsuite hostname="DESKTOP-CLFL9AL" failures="0" tests="7" name="UMANG.Cowintest.GSTNSearchtaxpayertestcases" time="0.000" errors="0" timestamp="2022-12-18T16:48:56 IST" skipped="7">
  <testcase classname="UMANG.Cowintest.GSTNSearchtaxpayertestcases" name="allservicesnavigation" time="0.000">
    <skipped/>
  </testcase> <!-- allservicesnavigation -->
  <system-out/>
  <testcase classname="UMANG.Cowintest.GSTNSearchtaxpayertestcases" name="GSTNdepartmentnavigation" time="0.000">
    <skipped/>
  </testcase> <!-- GSTNdepartmentnavigation -->
  <system-out/>
  <testcase classname="UMANG.Cowintest.GSTNSearchtaxpayertestcases" name="GSTNSearchtaxpayerServiceNavigation" time="0.000">
    <skipped/>
  </testcase> <!-- GSTNSearchtaxpayerServiceNavigation -->
  <system-out/>
  <testcase classname="UMANG.Cowintest.GSTNSearchtaxpayertestcases" name="GSTNblankdata" time="0.000">
    <skipped/>
  </testcase> <!-- GSTNblankdata -->
  <system-out/>
  <testcase classname="UMANG.Cowintest.GSTNSearchtaxpayertestcases" name="GSTNinvaliddata" time="0.000">
    <skipped/>
  </testcase> <!-- GSTNinvaliddata -->
  <system-out/>
  <testcase classname="UMANG.Cowintest.GSTNSearchtaxpayertestcases" name="GSTNvaliddata" time="0.000">
    <skipped/>
  </testcase> <!-- GSTNvaliddata -->
  <system-out/>
  <testcase classname="UMANG.Cowintest.GSTNSearchtaxpayertestcases" name="GSTNbacktoservicedirectory" time="0.000">
    <skipped/>
  </testcase> <!-- GSTNbacktoservicedirectory -->
  <system-out/>
</testsuite> <!-- UMANG.Cowintest.GSTNSearchtaxpayertestcases -->
