<?xml version="1.0" encoding="UTF-8"?>
<!-- Generated by org.testng.reporters.JUnitReportReporter -->
<testsuite hostname="DESKTOP-CLFL9AL" failures="0" tests="5" name="DelhiPolice.DPUnidentifiedPersonTestCases" time="0.000" errors="0" timestamp="2022-12-18T16:49:00 IST" skipped="5">
  <testcase classname="DelhiPolice.DPUnidentifiedPersonTestCases" name="allservicesnavigation" time="0.000">
    <skipped/>
  </testcase> <!-- allservicesnavigation -->
  <system-out/>
  <testcase classname="DelhiPolice.DPUnidentifiedPersonTestCases" name="DelhiPolicedepartmentnavigation" time="0.000">
    <skipped/>
  </testcase> <!-- DelhiPolicedepartmentnavigation -->
  <system-out/>
  <testcase classname="DelhiPolice.DPUnidentifiedPersonTestCases" name="DPunidentifiedpersonservicenavigation" time="0.000">
    <skipped/>
  </testcase> <!-- DPunidentifiedpersonservicenavigation -->
  <system-out/>
  <testcase classname="DelhiPolice.DPUnidentifiedPersonTestCases" name="DPunidentifiedpersonfillformandsubmitdata" time="0.000">
    <skipped/>
  </testcase> <!-- DPunidentifiedpersonfillformandsubmitdata -->
  <system-out/>
  <testcase classname="DelhiPolice.DPUnidentifiedPersonTestCases" name="SSbacktodirectory" time="0.000">
    <skipped/>
  </testcase> <!-- SSbacktodirectory -->
  <system-out/>
</testsuite> <!-- DelhiPolice.DPUnidentifiedPersonTestCases -->
