<?xml version="1.0" encoding="UTF-8"?>
<!-- Generated by org.testng.reporters.JUnitReportReporter -->
<testsuite hostname="DESKTOP-CLFL9AL" failures="0" tests="7" name="UMANG.Cowintest.CRISAvailibityandFareEnquiryTestCases" time="0.000" errors="0" timestamp="2022-12-18T16:48:58 IST" skipped="7">
  <testcase classname="UMANG.Cowintest.CRISAvailibityandFareEnquiryTestCases" name="CRISticketsavail" time="0.000">
    <skipped/>
  </testcase> <!-- CRISticketsavail -->
  <system-out/>
  <testcase classname="UMANG.Cowintest.CRISAvailibityandFareEnquiryTestCases" name="allservicesnavigation" time="0.000">
    <skipped/>
  </testcase> <!-- allservicesnavigation -->
  <system-out/>
  <testcase classname="UMANG.Cowintest.CRISAvailibityandFareEnquiryTestCases" name="CRISdepartmentnavigation" time="0.000">
    <skipped/>
  </testcase> <!-- CRISdepartmentnavigation -->
  <system-out/>
  <testcase classname="UMANG.Cowintest.CRISAvailibityandFareEnquiryTestCases" name="CRISServiceNavigation" time="0.000">
    <skipped/>
  </testcase> <!-- CRISServiceNavigation -->
  <system-out/>
  <testcase classname="UMANG.Cowintest.CRISAvailibityandFareEnquiryTestCases" name="CRISafnoclassavailable" time="0.000">
    <skipped/>
  </testcase> <!-- CRISafnoclassavailable -->
  <system-out/>
  <testcase classname="UMANG.Cowintest.CRISAvailibityandFareEnquiryTestCases" name="CRISafvaliddetails" time="0.000">
    <skipped/>
  </testcase> <!-- CRISafvaliddetails -->
  <system-out/>
  <testcase classname="UMANG.Cowintest.CRISAvailibityandFareEnquiryTestCases" name="CRISbacktoservicedirectory" time="0.000">
    <skipped/>
  </testcase> <!-- CRISbacktoservicedirectory -->
  <system-out/>
</testsuite> <!-- UMANG.Cowintest.CRISAvailibityandFareEnquiryTestCases -->
