<?xml version="1.0" encoding="UTF-8"?>
<!-- Generated by org.testng.reporters.JUnitReportReporter -->
<testsuite hostname="DESKTOP-CLFL9AL" failures="0" tests="5" name="SPEducationDepartment.PlaySchoolTestCase" time="22.396" errors="0" timestamp="2023-05-02T07:30:03 IST" skipped="0">
  <testcase classname="SPEducationDepartment.PlaySchoolTestCase" name="allservicesnavigation" time="13.593"/>
  <system-out/>
  <testcase classname="SPEducationDepartment.PlaySchoolTestCase" name="PlaySchoolnavigation" time="3.129"/>
  <system-out/>
  <testcase classname="SPEducationDepartment.PlaySchoolTestCase" name="PlaySchool1TestCases" time="4.193"/>
  <system-out/>
  <testcase classname="SPEducationDepartment.PlaySchoolTestCase" name="PlaySchool2TestCase" time="0.170"/>
  <system-out/>
  <testcase classname="SPEducationDepartment.PlaySchoolTestCase" name="IMbacktodirectory" time="1.311"/>
  <system-out/>
</testsuite> <!-- SPEducationDepartment.PlaySchoolTestCase -->
