<?xml version="1.0" encoding="UTF-8"?>
<!-- Generated by org.testng.reporters.JUnitReportReporter -->
<testsuite hostname="DESKTOP-CLFL9AL" failures="0" tests="6" name="NTA.NTAICARAICEPHDScoreCardTestCases" time="0.000" errors="0" timestamp="2022-12-18T16:48:58 IST" skipped="6">
  <testcase classname="NTA.NTAICARAICEPHDScoreCardTestCases" name="allservicesnavigation" time="0.000">
    <skipped/>
  </testcase> <!-- allservicesnavigation -->
  <system-out/>
  <testcase classname="NTA.NTAICARAICEPHDScoreCardTestCases" name="NTAdeptnavigation" time="0.000">
    <skipped/>
  </testcase> <!-- NTAdeptnavigation -->
  <system-out/>
  <testcase classname="NTA.NTAICARAICEPHDScoreCardTestCases" name="NTAICARAICEPHDScoreCardServiceNavigation" time="0.000">
    <skipped/>
  </testcase> <!-- NTAICARAICEPHDScoreCardServiceNavigation -->
  <system-out/>
  <testcase classname="NTA.NTAICARAICEPHDScoreCardTestCases" name="NTAICARAICEPHDScoreCarddetailssvisible" time="0.000">
    <skipped/>
  </testcase> <!-- NTAICARAICEPHDScoreCarddetailssvisible -->
  <system-out/>
  <testcase classname="NTA.NTAICARAICEPHDScoreCardTestCases" name="NTAICARAICEPHDScorecarddownloaddetails" time="0.000">
    <skipped/>
  </testcase> <!-- NTAICARAICEPHDScorecarddownloaddetails -->
  <system-out/>
  <testcase classname="NTA.NTAICARAICEPHDScoreCardTestCases" name="NTAbacktodirectory" time="0.000">
    <skipped/>
  </testcase> <!-- NTAbacktodirectory -->
  <system-out/>
</testsuite> <!-- NTA.NTAICARAICEPHDScoreCardTestCases -->
