<?xml version="1.0" encoding="UTF-8"?>
<!-- Generated by org.testng.reporters.JUnitReportReporter -->
<testsuite hostname="IN3241737W1" failures="0" tests="1" name="UMANG.Cowintest.testdynamicdepartment" time="0.000" errors="0" timestamp="2022-08-17T11:27:03 IST" skipped="1">
  <testcase classname="UMANG.Cowintest.testdynamicdepartment" name="TestSuitedepartment" time="0.000">
    <skipped/>
  </testcase> <!-- TestSuitedepartment -->
  <system-out/>
</testsuite> <!-- UMANG.Cowintest.testdynamicdepartment -->
