<?xml version="1.0" encoding="UTF-8"?>
<!-- Generated by org.testng.reporters.JUnitReportReporter -->
<testsuite hostname="DESKTOP-CLFL9AL" failures="0" tests="7" name="TNMSME.TNMSMERegisterationTestCases" time="0.001" errors="0" timestamp="2022-12-18T16:49:00 IST" skipped="7">
  <testcase classname="TNMSME.TNMSMERegisterationTestCases" name="allservicesnavigation" time="0.000">
    <skipped/>
  </testcase> <!-- allservicesnavigation -->
  <system-out/>
  <testcase classname="TNMSME.TNMSMERegisterationTestCases" name="TNMSMEdepartmentnavigation" time="0.000">
    <skipped/>
  </testcase> <!-- TNMSMEdepartmentnavigation -->
  <system-out/>
  <testcase classname="TNMSME.TNMSMERegisterationTestCases" name="TNMSMERegisterationservicenavigation" time="0.000">
    <skipped/>
  </testcase> <!-- TNMSMERegisterationservicenavigation -->
  <system-out/>
  <testcase classname="TNMSME.TNMSMERegisterationTestCases" name="TNMSMERegisterationform" time="0.000">
    <skipped/>
  </testcase> <!-- TNMSMERegisterationform -->
  <system-out/>
  <testcase classname="TNMSME.TNMSMERegisterationTestCases" name="TNMSMElogin" time="0.000">
    <skipped/>
  </testcase> <!-- TNMSMElogin -->
  <system-out/>
  <testcase classname="TNMSME.TNMSMERegisterationTestCases" name="TNMSMEforgetpassword" time="0.001">
    <skipped/>
  </testcase> <!-- TNMSMEforgetpassword -->
  <system-out/>
  <testcase classname="TNMSME.TNMSMERegisterationTestCases" name="TNMSMEregisterbacktodirectory" time="0.000">
    <skipped/>
  </testcase> <!-- TNMSMEregisterbacktodirectory -->
  <system-out/>
</testsuite> <!-- TNMSME.TNMSMERegisterationTestCases -->
