<?xml version="1.0" encoding="UTF-8"?>
<!-- Generated by org.testng.reporters.JUnitReportReporter -->
<testsuite hostname="DESKTOP-CLFL9AL" failures="0" tests="8" name="SPDepOfEmpowerment.SchemeofAssistancetoDisabledPersonsforPurchaseFittingofAidsAppliancesADIPSCHEMETestCases" time="29.143" errors="0" timestamp="2024-04-12T00:35:51 IST" skipped="0">
  <testcase classname="SPDepOfEmpowerment.SchemeofAssistancetoDisabledPersonsforPurchaseFittingofAidsAppliancesADIPSCHEMETestCases" name="allservicesnavigation" time="6.634"/>
  <system-out/>
  <testcase classname="SPDepOfEmpowerment.SchemeofAssistancetoDisabledPersonsforPurchaseFittingofAidsAppliancesADIPSCHEMETestCases" name="DeptNavigation" time="5.179"/>
  <system-out/>
  <testcase classname="SPDepOfEmpowerment.SchemeofAssistancetoDisabledPersonsforPurchaseFittingofAidsAppliancesADIPSCHEMETestCases" name="Seeinfoclick" time="2.909"/>
  <system-out/>
  <testcase classname="SPDepOfEmpowerment.SchemeofAssistancetoDisabledPersonsforPurchaseFittingofAidsAppliancesADIPSCHEMETestCases" name="VisitServiceclick" time="5.407"/>
  <system-out/>
  <testcase classname="SPDepOfEmpowerment.SchemeofAssistancetoDisabledPersonsforPurchaseFittingofAidsAppliancesADIPSCHEMETestCases" name="refreshpage" time="4.380"/>
  <system-out/>
  <testcase classname="SPDepOfEmpowerment.SchemeofAssistancetoDisabledPersonsforPurchaseFittingofAidsAppliancesADIPSCHEMETestCases" name="ServiceNavigationTestCase" time="4.259"/>
  <system-out/>
  <testcase classname="SPDepOfEmpowerment.SchemeofAssistancetoDisabledPersonsforPurchaseFittingofAidsAppliancesADIPSCHEMETestCases" name="ServicePlusPageTestCase" time="0.182"/>
  <system-out/>
  <testcase classname="SPDepOfEmpowerment.SchemeofAssistancetoDisabledPersonsforPurchaseFittingofAidsAppliancesADIPSCHEMETestCases" name="IMbacktodirectory" time="0.193"/>
  <system-out/>
</testsuite> <!-- SPDepOfEmpowerment.SchemeofAssistancetoDisabledPersonsforPurchaseFittingofAidsAppliancesADIPSCHEMETestCases -->
