<?xml version="1.0" encoding="UTF-8"?>
<!-- Generated by org.testng.reporters.JUnitReportReporter -->
<testsuite hostname="DESKTOP-CLFL9AL" failures="0" tests="10" name="Coffeeboard.CoffeeboardgrowerregisterationTestCases" time="0.000" errors="0" timestamp="2022-12-18T16:48:57 IST" skipped="10">
  <testcase classname="Coffeeboard.CoffeeboardgrowerregisterationTestCases" name="allservicesnavigation" time="0.000">
    <skipped/>
  </testcase> <!-- allservicesnavigation -->
  <system-out/>
  <testcase classname="Coffeeboard.CoffeeboardgrowerregisterationTestCases" name="Coffeeboarddepartmentnavigation" time="0.000">
    <skipped/>
  </testcase> <!-- Coffeeboarddepartmentnavigation -->
  <system-out/>
  <testcase classname="Coffeeboard.CoffeeboardgrowerregisterationTestCases" name="CoffeeboardgrowerregisterationServiceNavigation" time="0.000">
    <skipped/>
  </testcase> <!-- CoffeeboardgrowerregisterationServiceNavigation -->
  <system-out/>
  <testcase classname="Coffeeboard.CoffeeboardgrowerregisterationTestCases" name="CoffeeboardGrowerregisterationapplicantdetails" time="0.000">
    <skipped/>
  </testcase> <!-- CoffeeboardGrowerregisterationapplicantdetails -->
  <system-out/>
  <testcase classname="Coffeeboard.CoffeeboardgrowerregisterationTestCases" name="CoffeeboardGrowerregisterationresidentaddress" time="0.000">
    <skipped/>
  </testcase> <!-- CoffeeboardGrowerregisterationresidentaddress -->
  <system-out/>
  <testcase classname="Coffeeboard.CoffeeboardgrowerregisterationTestCases" name="CoffeeboardGrowerrestateaddress" time="0.000">
    <skipped/>
  </testcase> <!-- CoffeeboardGrowerrestateaddress -->
  <system-out/>
  <testcase classname="Coffeeboard.CoffeeboardgrowerregisterationTestCases" name="CoffeeboardEstateparticulars" time="0.000">
    <skipped/>
  </testcase> <!-- CoffeeboardEstateparticulars -->
  <system-out/>
  <testcase classname="Coffeeboard.CoffeeboardgrowerregisterationTestCases" name="CoffeeboardGrowerregisterationseeinfo" time="0.000">
    <skipped/>
  </testcase> <!-- CoffeeboardGrowerregisterationseeinfo -->
  <system-out/>
  <testcase classname="Coffeeboard.CoffeeboardgrowerregisterationTestCases" name="CoffeeboardGrowerregisterationseeinfovisitservice" time="0.000">
    <skipped/>
  </testcase> <!-- CoffeeboardGrowerregisterationseeinfovisitservice -->
  <system-out/>
  <testcase classname="Coffeeboard.CoffeeboardgrowerregisterationTestCases" name="coffeboardbacktoservicedirectory" time="0.000">
    <skipped/>
  </testcase> <!-- coffeboardbacktoservicedirectory -->
  <system-out/>
</testsuite> <!-- Coffeeboard.CoffeeboardgrowerregisterationTestCases -->
