<?xml version="1.0" encoding="UTF-8"?>
<!-- Generated by org.testng.reporters.JUnitReportReporter -->
<testsuite hostname="DESKTOP-CLFL9AL" failures="0" tests="5" name="SPDepOfPersonnelAdministrativeReforms.ScheduledCasteSDOTestCases" time="22.970" errors="0" timestamp="2023-05-02T08:58:03 IST" skipped="0">
  <testcase classname="SPDepOfPersonnelAdministrativeReforms.ScheduledCasteSDOTestCases" name="allservicesnavigation" time="9.012"/>
  <system-out/>
  <testcase classname="SPDepOfPersonnelAdministrativeReforms.ScheduledCasteSDOTestCases" name="ScheduledCasteSDOnavigation" time="5.478"/>
  <system-out/>
  <testcase classname="SPDepOfPersonnelAdministrativeReforms.ScheduledCasteSDOTestCases" name="ScheduledCasteSDO1TestCases" time="4.240"/>
  <system-out/>
  <testcase classname="SPDepOfPersonnelAdministrativeReforms.ScheduledCasteSDOTestCases" name="ScheduledCasteSDO2TestCase" time="0.337"/>
  <system-out/>
  <testcase classname="SPDepOfPersonnelAdministrativeReforms.ScheduledCasteSDOTestCases" name="IMbacktodirectory" time="3.903"/>
  <system-out/>
</testsuite> <!-- SPDepOfPersonnelAdministrativeReforms.ScheduledCasteSDOTestCases -->
