<?xml version="1.0" encoding="UTF-8"?>
<!-- Generated by org.testng.reporters.JUnitReportReporter -->
<testsuite hostname="DESKTOP-CLFL9AL" failures="0" tests="5" name="Elderline.ElderlineElderGuidanceTestCases" time="36.448" errors="0" timestamp="2023-01-06T13:02:24 IST" skipped="0">
  <testcase classname="Elderline.ElderlineElderGuidanceTestCases" name="allservicesnavigation" time="12.554"/>
  <system-out/>
  <testcase classname="Elderline.ElderlineElderGuidanceTestCases" name="Elderlinedepartmentnavigation" time="3.928"/>
  <system-out/>
  <testcase classname="Elderline.ElderlineElderGuidanceTestCases" name="ElderlineelderguidanceTestCases" time="0.377"/>
  <system-out/>
  <testcase classname="Elderline.ElderlineElderGuidanceTestCases" name="ElderGuidanceTestCases" time="18.103"/>
  <system-out/>
  <testcase classname="Elderline.ElderlineElderGuidanceTestCases" name="IMbacktodirectory" time="1.486"/>
  <system-out/>
</testsuite> <!-- Elderline.ElderlineElderGuidanceTestCases -->
