<?xml version="1.0" encoding="UTF-8"?>
<!-- Generated by org.testng.reporters.JUnitReportReporter -->
<testsuite hostname="DESKTOP-CLFL9AL" failures="0" tests="8" name="SPDirectorateOfIndustries.EntrepreneurshipDevelopmentandSkillupgradationTestCases" time="29.302" errors="0" timestamp="2024-04-12T00:35:51 IST" skipped="0">
  <testcase classname="SPDirectorateOfIndustries.EntrepreneurshipDevelopmentandSkillupgradationTestCases" name="allservicesnavigation" time="6.654"/>
  <system-out/>
  <testcase classname="SPDirectorateOfIndustries.EntrepreneurshipDevelopmentandSkillupgradationTestCases" name="DeptNavigation" time="4.537"/>
  <system-out/>
  <testcase classname="SPDirectorateOfIndustries.EntrepreneurshipDevelopmentandSkillupgradationTestCases" name="Seeinfoclick" time="3.060"/>
  <system-out/>
  <testcase classname="SPDirectorateOfIndustries.EntrepreneurshipDevelopmentandSkillupgradationTestCases" name="VisitServiceclick" time="5.385"/>
  <system-out/>
  <testcase classname="SPDirectorateOfIndustries.EntrepreneurshipDevelopmentandSkillupgradationTestCases" name="refreshpage" time="4.837"/>
  <system-out/>
  <testcase classname="SPDirectorateOfIndustries.EntrepreneurshipDevelopmentandSkillupgradationTestCases" name="ServiceNavigationTestCase" time="4.335"/>
  <system-out/>
  <testcase classname="SPDirectorateOfIndustries.EntrepreneurshipDevelopmentandSkillupgradationTestCases" name="ServicePlusPageTestCase" time="0.286"/>
  <system-out/>
  <testcase classname="SPDirectorateOfIndustries.EntrepreneurshipDevelopmentandSkillupgradationTestCases" name="IMbacktodirectory" time="0.208"/>
  <system-out/>
</testsuite> <!-- SPDirectorateOfIndustries.EntrepreneurshipDevelopmentandSkillupgradationTestCases -->
