<?xml version="1.0" encoding="UTF-8"?>
<!-- Generated by org.testng.reporters.JUnitReportReporter -->
<testsuite hostname="DESKTOP-CLFL9AL" failures="0" tests="5" name="SPDirectorateOfHealthServices.AyushmanBharatTestCase" time="21.171" errors="0" timestamp="2023-05-02T07:30:02 IST" skipped="0">
  <testcase classname="SPDirectorateOfHealthServices.AyushmanBharatTestCase" name="allservicesnavigation" time="10.331"/>
  <system-out/>
  <testcase classname="SPDirectorateOfHealthServices.AyushmanBharatTestCase" name="AyushmanBharatnavigation" time="5.204"/>
  <system-out/>
  <testcase classname="SPDirectorateOfHealthServices.AyushmanBharatTestCase" name="AyushmanBharat1TestCases" time="4.232"/>
  <system-out/>
  <testcase classname="SPDirectorateOfHealthServices.AyushmanBharatTestCase" name="AyushmanBharat2TestCase" time="0.163"/>
  <system-out/>
  <testcase classname="SPDirectorateOfHealthServices.AyushmanBharatTestCase" name="IMbacktodirectory" time="1.241"/>
  <system-out/>
</testsuite> <!-- SPDirectorateOfHealthServices.AyushmanBharatTestCase -->
