<?xml version="1.0" encoding="UTF-8"?>
<!-- Generated by org.testng.reporters.JUnitReportReporter -->
<testsuite hostname="DESKTOP-CLFL9AL" failures="0" tests="5" name="SPDepartmenOfHome.RegistrationofOutsideArmsLicenseTestCase" time="0.001" errors="0" timestamp="2023-12-22T13:21:46 IST" skipped="5">
  <testcase classname="SPDepartmenOfHome.RegistrationofOutsideArmsLicenseTestCase" name="allservicesnavigation" time="0.000">
    <skipped/>
  </testcase> <!-- allservicesnavigation -->
  <system-out/>
  <testcase classname="SPDepartmenOfHome.RegistrationofOutsideArmsLicenseTestCase" name="Deptnavigation" time="0.000">
    <skipped/>
  </testcase> <!-- Deptnavigation -->
  <system-out/>
  <testcase classname="SPDepartmenOfHome.RegistrationofOutsideArmsLicenseTestCase" name="ServiceNavigationTestCase" time="0.001">
    <skipped/>
  </testcase> <!-- ServiceNavigationTestCase -->
  <system-out/>
  <testcase classname="SPDepartmenOfHome.RegistrationofOutsideArmsLicenseTestCase" name="ServicePlusPageTestCase" time="0.000">
    <skipped/>
  </testcase> <!-- ServicePlusPageTestCase -->
  <system-out/>
  <testcase classname="SPDepartmenOfHome.RegistrationofOutsideArmsLicenseTestCase" name="IMbacktodirectory" time="0.000">
    <skipped/>
  </testcase> <!-- IMbacktodirectory -->
  <system-out/>
</testsuite> <!-- SPDepartmenOfHome.RegistrationofOutsideArmsLicenseTestCase -->
