<?xml version="1.0" encoding="UTF-8"?>
<!-- Generated by org.testng.reporters.JUnitReportReporter -->
<testsuite hostname="DESKTOP-CLFL9AL" failures="0" tests="8" name="SPDepartmentofHorticulture.ApplicationforPurchaseofPlantMaterialfromDepartmentalNursery" time="28.495" errors="0" timestamp="2024-04-12T00:35:51 IST" skipped="0">
  <testcase classname="SPDepartmentofHorticulture.ApplicationforPurchaseofPlantMaterialfromDepartmentalNursery" name="allservicesnavigation" time="6.635"/>
  <system-out/>
  <testcase classname="SPDepartmentofHorticulture.ApplicationforPurchaseofPlantMaterialfromDepartmentalNursery" name="Deptnavigation" time="4.344"/>
  <system-out/>
  <testcase classname="SPDepartmentofHorticulture.ApplicationforPurchaseofPlantMaterialfromDepartmentalNursery" name="Seeinfoclick" time="2.951"/>
  <system-out/>
  <testcase classname="SPDepartmentofHorticulture.ApplicationforPurchaseofPlantMaterialfromDepartmentalNursery" name="VisitServiceclick" time="5.426"/>
  <system-out/>
  <testcase classname="SPDepartmentofHorticulture.ApplicationforPurchaseofPlantMaterialfromDepartmentalNursery" name="refreshpage" time="4.446"/>
  <system-out/>
  <testcase classname="SPDepartmentofHorticulture.ApplicationforPurchaseofPlantMaterialfromDepartmentalNursery" name="ServiceNavigationTestCase" time="4.374"/>
  <system-out/>
  <testcase classname="SPDepartmentofHorticulture.ApplicationforPurchaseofPlantMaterialfromDepartmentalNursery" name="ServicePlusPageTestCase" time="0.142"/>
  <system-out/>
  <testcase classname="SPDepartmentofHorticulture.ApplicationforPurchaseofPlantMaterialfromDepartmentalNursery" name="IMbacktodirectory" time="0.177"/>
  <system-out/>
</testsuite> <!-- SPDepartmentofHorticulture.ApplicationforPurchaseofPlantMaterialfromDepartmentalNursery -->
