<?xml version="1.0" encoding="UTF-8"?>
<!-- Generated by org.testng.reporters.JUnitReportReporter -->
<testsuite hostname="DESKTOP-CLFL9AL" failures="0" tests="8" name="SPDepartmentofHorticulture.ApplicationforassistanceonestablishmentofCAstoresFPUsrefervanscanningunitsetc" time="29.261" errors="0" timestamp="2024-04-12T00:35:51 IST" skipped="0">
  <testcase classname="SPDepartmentofHorticulture.ApplicationforassistanceonestablishmentofCAstoresFPUsrefervanscanningunitsetc" name="allservicesnavigation" time="6.608"/>
  <system-out/>
  <testcase classname="SPDepartmentofHorticulture.ApplicationforassistanceonestablishmentofCAstoresFPUsrefervanscanningunitsetc" name="Deptnavigation" time="5.370"/>
  <system-out/>
  <testcase classname="SPDepartmentofHorticulture.ApplicationforassistanceonestablishmentofCAstoresFPUsrefervanscanningunitsetc" name="Seeinfoclick" time="3.068"/>
  <system-out/>
  <testcase classname="SPDepartmentofHorticulture.ApplicationforassistanceonestablishmentofCAstoresFPUsrefervanscanningunitsetc" name="VisitServiceclick" time="5.912"/>
  <system-out/>
  <testcase classname="SPDepartmentofHorticulture.ApplicationforassistanceonestablishmentofCAstoresFPUsrefervanscanningunitsetc" name="refreshpage" time="3.542"/>
  <system-out/>
  <testcase classname="SPDepartmentofHorticulture.ApplicationforassistanceonestablishmentofCAstoresFPUsrefervanscanningunitsetc" name="ServiceNavigationTestCase" time="4.423"/>
  <system-out/>
  <testcase classname="SPDepartmentofHorticulture.ApplicationforassistanceonestablishmentofCAstoresFPUsrefervanscanningunitsetc" name="ServicePlusPageTestCase" time="0.149"/>
  <system-out/>
  <testcase classname="SPDepartmentofHorticulture.ApplicationforassistanceonestablishmentofCAstoresFPUsrefervanscanningunitsetc" name="IMbacktodirectory" time="0.189"/>
  <system-out/>
</testsuite> <!-- SPDepartmentofHorticulture.ApplicationforassistanceonestablishmentofCAstoresFPUsrefervanscanningunitsetc -->
