<?xml version="1.0" encoding="UTF-8"?>
<!-- Generated by org.testng.reporters.JUnitReportReporter -->
<testsuite hostname="DESKTOP-CLFL9AL" failures="0" tests="5" name="SPDirectorateOfSchoolEducation.MeritoriousScholarshipTestCase" time="21.206" errors="0" timestamp="2023-05-02T07:30:03 IST" skipped="0">
  <testcase classname="SPDirectorateOfSchoolEducation.MeritoriousScholarshipTestCase" name="allservicesnavigation" time="10.458"/>
  <system-out/>
  <testcase classname="SPDirectorateOfSchoolEducation.MeritoriousScholarshipTestCase" name="MeritoriousScholarshipnavigation" time="5.153"/>
  <system-out/>
  <testcase classname="SPDirectorateOfSchoolEducation.MeritoriousScholarshipTestCase" name="MeritoriousScholarship1TestCases" time="4.214"/>
  <system-out/>
  <testcase classname="SPDirectorateOfSchoolEducation.MeritoriousScholarshipTestCase" name="MeritoriousScholarship2TestCase" time="0.162"/>
  <system-out/>
  <testcase classname="SPDirectorateOfSchoolEducation.MeritoriousScholarshipTestCase" name="IMbacktodirectory" time="1.219"/>
  <system-out/>
</testsuite> <!-- SPDirectorateOfSchoolEducation.MeritoriousScholarshipTestCase -->
