<?xml version="1.0" encoding="UTF-8"?>
<!-- Generated by org.testng.reporters.JUnitReportReporter -->
<testsuite hostname="DESKTOP-CLFL9AL" failures="0" tests="5" name="SPDepartmentOfRevenue.AssetsCertificateTestCases" time="22.159" errors="0" timestamp="2023-05-02T08:58:03 IST" skipped="0">
  <testcase classname="SPDepartmentOfRevenue.AssetsCertificateTestCases" name="allservicesnavigation" time="8.963"/>
  <system-out/>
  <testcase classname="SPDepartmentOfRevenue.AssetsCertificateTestCases" name="AssetsCertificatenavigation" time="5.127"/>
  <system-out/>
  <testcase classname="SPDepartmentOfRevenue.AssetsCertificateTestCases" name="AssetsCertificate1TestCases" time="4.289"/>
  <system-out/>
  <testcase classname="SPDepartmentOfRevenue.AssetsCertificateTestCases" name="AssetsCertificate2TestCase" time="0.370"/>
  <system-out/>
  <testcase classname="SPDepartmentOfRevenue.AssetsCertificateTestCases" name="IMbacktodirectory" time="3.410"/>
  <system-out/>
</testsuite> <!-- SPDepartmentOfRevenue.AssetsCertificateTestCases -->
