<?xml version="1.0" encoding="UTF-8"?>
<!-- Generated by org.testng.reporters.JUnitReportReporter -->
<testsuite hostname="DESKTOP-CLFL9AL" failures="0" tests="10" name="DeptofMinorityWelfare.UKMAApplySchemeTestCases" time="0.000" errors="0" timestamp="2022-12-18T16:48:58 IST" skipped="10">
  <testcase classname="DeptofMinorityWelfare.UKMAApplySchemeTestCases" name="allservicesnavigation" time="0.000">
    <skipped/>
  </testcase> <!-- allservicesnavigation -->
  <system-out/>
  <testcase classname="DeptofMinorityWelfare.UKMAApplySchemeTestCases" name="UKMinorityAffairdepartmentnavigation" time="0.000">
    <skipped/>
  </testcase> <!-- UKMinorityAffairdepartmentnavigation -->
  <system-out/>
  <testcase classname="DeptofMinorityWelfare.UKMAApplySchemeTestCases" name="UKMinorityaffairapplyschemeservicenavigation" time="0.000">
    <skipped/>
  </testcase> <!-- UKMinorityaffairapplyschemeservicenavigation -->
  <system-out/>
  <testcase classname="DeptofMinorityWelfare.UKMAApplySchemeTestCases" name="UKMinorityapplyschemeexamdetails" time="0.000">
    <skipped/>
  </testcase> <!-- UKMinorityapplyschemeexamdetails -->
  <system-out/>
  <testcase classname="DeptofMinorityWelfare.UKMAApplySchemeTestCases" name="UKMinorityapplyschemepersonaldetails" time="0.000">
    <skipped/>
  </testcase> <!-- UKMinorityapplyschemepersonaldetails -->
  <system-out/>
  <testcase classname="DeptofMinorityWelfare.UKMAApplySchemeTestCases" name="UKMinorityapplyschemeaddressdetails" time="0.000">
    <skipped/>
  </testcase> <!-- UKMinorityapplyschemeaddressdetails -->
  <system-out/>
  <testcase classname="DeptofMinorityWelfare.UKMAApplySchemeTestCases" name="UKMinorityapplyschemebankdetails" time="0.000">
    <skipped/>
  </testcase> <!-- UKMinorityapplyschemebankdetails -->
  <system-out/>
  <testcase classname="DeptofMinorityWelfare.UKMAApplySchemeTestCases" name="UKMinorityapplyschemedeclaration" time="0.000">
    <skipped/>
  </testcase> <!-- UKMinorityapplyschemedeclaration -->
  <system-out/>
  <testcase classname="DeptofMinorityWelfare.UKMAApplySchemeTestCases" name="UKMinorityapplyschemesubmit" time="0.000">
    <skipped/>
  </testcase> <!-- UKMinorityapplyschemesubmit -->
  <system-out/>
  <testcase classname="DeptofMinorityWelfare.UKMAApplySchemeTestCases" name="UKMinorityaffairDbacktodirectory" time="0.000">
    <skipped/>
  </testcase> <!-- UKMinorityaffairDbacktodirectory -->
  <system-out/>
</testsuite> <!-- DeptofMinorityWelfare.UKMAApplySchemeTestCases -->
