<?xml version="1.0" encoding="UTF-8"?>
<!-- Generated by org.testng.reporters.JUnitReportReporter -->
<testsuite hostname="DESKTOP-CLFL9AL" failures="0" tests="5" name="SPDepOfPersonnelAdministrativeReforms.CasteCertificateSDOTestCases" time="29.076" errors="0" timestamp="2023-05-02T08:58:03 IST" skipped="0">
  <testcase classname="SPDepOfPersonnelAdministrativeReforms.CasteCertificateSDOTestCases" name="allservicesnavigation" time="13.797"/>
  <system-out/>
  <testcase classname="SPDepOfPersonnelAdministrativeReforms.CasteCertificateSDOTestCases" name="CasteCertificateSDOnavigation" time="5.581"/>
  <system-out/>
  <testcase classname="SPDepOfPersonnelAdministrativeReforms.CasteCertificateSDOTestCases" name="CasteCertificateSDO1TestCases" time="4.197"/>
  <system-out/>
  <testcase classname="SPDepOfPersonnelAdministrativeReforms.CasteCertificateSDOTestCases" name="CasteCertificateSDO2TestCase" time="0.334"/>
  <system-out/>
  <testcase classname="SPDepOfPersonnelAdministrativeReforms.CasteCertificateSDOTestCases" name="IMbacktodirectory" time="5.167"/>
  <system-out/>
</testsuite> <!-- SPDepOfPersonnelAdministrativeReforms.CasteCertificateSDOTestCases -->
