<?xml version="1.0" encoding="UTF-8"?>
<!-- Generated by org.testng.reporters.JUnitReportReporter -->
<testsuite hostname="DESKTOP-CLFL9AL" failures="0" tests="8" name="SPDirectorateofFisheries.ProvidingCompensationtowardslossofFishingimplementsduetoNaturalCalamityNaturalCalamityTestCase" time="29.474" errors="0" timestamp="2024-04-12T00:35:51 IST" skipped="0">
  <testcase classname="SPDirectorateofFisheries.ProvidingCompensationtowardslossofFishingimplementsduetoNaturalCalamityNaturalCalamityTestCase" name="allservicesnavigation" time="6.763"/>
  <system-out/>
  <testcase classname="SPDirectorateofFisheries.ProvidingCompensationtowardslossofFishingimplementsduetoNaturalCalamityNaturalCalamityTestCase" name="DeptNavigation" time="5.204"/>
  <system-out/>
  <testcase classname="SPDirectorateofFisheries.ProvidingCompensationtowardslossofFishingimplementsduetoNaturalCalamityNaturalCalamityTestCase" name="Seeinfoclick" time="2.969"/>
  <system-out/>
  <testcase classname="SPDirectorateofFisheries.ProvidingCompensationtowardslossofFishingimplementsduetoNaturalCalamityNaturalCalamityTestCase" name="VisitServiceclick" time="5.401"/>
  <system-out/>
  <testcase classname="SPDirectorateofFisheries.ProvidingCompensationtowardslossofFishingimplementsduetoNaturalCalamityNaturalCalamityTestCase" name="refreshpage" time="4.421"/>
  <system-out/>
  <testcase classname="SPDirectorateofFisheries.ProvidingCompensationtowardslossofFishingimplementsduetoNaturalCalamityNaturalCalamityTestCase" name="ServiceNavigationTestCase" time="4.297"/>
  <system-out/>
  <testcase classname="SPDirectorateofFisheries.ProvidingCompensationtowardslossofFishingimplementsduetoNaturalCalamityNaturalCalamityTestCase" name="ServicePlusPageTestCase" time="0.241"/>
  <system-out/>
  <testcase classname="SPDirectorateofFisheries.ProvidingCompensationtowardslossofFishingimplementsduetoNaturalCalamityNaturalCalamityTestCase" name="IMbacktodirectory" time="0.178"/>
  <system-out/>
</testsuite> <!-- SPDirectorateofFisheries.ProvidingCompensationtowardslossofFishingimplementsduetoNaturalCalamityNaturalCalamityTestCase -->
