<?xml version="1.0" encoding="UTF-8"?>
<!-- Generated by org.testng.reporters.JUnitReportReporter -->
<testsuite hostname="DESKTOP-CLFL9AL" failures="0" tests="5" name="SPRevenueDep.GunTestCases" time="21.814" errors="0" timestamp="2023-05-02T08:58:03 IST" skipped="0">
  <testcase classname="SPRevenueDep.GunTestCases" name="allservicesnavigation" time="9.065"/>
  <system-out/>
  <testcase classname="SPRevenueDep.GunTestCases" name="Gunnavigation" time="5.140"/>
  <system-out/>
  <testcase classname="SPRevenueDep.GunTestCases" name="Gun1TestCases" time="4.260"/>
  <system-out/>
  <testcase classname="SPRevenueDep.GunTestCases" name="Gun2TestCase" time="0.185"/>
  <system-out/>
  <testcase classname="SPRevenueDep.GunTestCases" name="IMbacktodirectory" time="3.164"/>
  <system-out/>
</testsuite> <!-- SPRevenueDep.GunTestCases -->
