<?xml version="1.0" encoding="UTF-8"?>
<!-- Generated by org.testng.reporters.JUnitReportReporter -->
<testsuite hostname="DESKTOP-CLFL9AL" failures="0" tests="8" name="SPDeptOfAnimalHusbandry.TrainingofPartTimeVolunteerforArtificialInseminationandCastrationwithStipendwithoutstipendTestCase" time="29.784" errors="0" timestamp="2024-04-12T00:35:51 IST" skipped="0">
  <testcase classname="SPDeptOfAnimalHusbandry.TrainingofPartTimeVolunteerforArtificialInseminationandCastrationwithStipendwithoutstipendTestCase" name="allservicesnavigation" time="6.638"/>
  <system-out/>
  <testcase classname="SPDeptOfAnimalHusbandry.TrainingofPartTimeVolunteerforArtificialInseminationandCastrationwithStipendwithoutstipendTestCase" name="DeptNavigation" time="5.556"/>
  <system-out/>
  <testcase classname="SPDeptOfAnimalHusbandry.TrainingofPartTimeVolunteerforArtificialInseminationandCastrationwithStipendwithoutstipendTestCase" name="Seeinfoclick" time="3.002"/>
  <system-out/>
  <testcase classname="SPDeptOfAnimalHusbandry.TrainingofPartTimeVolunteerforArtificialInseminationandCastrationwithStipendwithoutstipendTestCase" name="VisitServiceclick" time="5.422"/>
  <system-out/>
  <testcase classname="SPDeptOfAnimalHusbandry.TrainingofPartTimeVolunteerforArtificialInseminationandCastrationwithStipendwithoutstipendTestCase" name="refreshpage" time="4.530"/>
  <system-out/>
  <testcase classname="SPDeptOfAnimalHusbandry.TrainingofPartTimeVolunteerforArtificialInseminationandCastrationwithStipendwithoutstipendTestCase" name="ServiceNavigationTestCase" time="4.277"/>
  <system-out/>
  <testcase classname="SPDeptOfAnimalHusbandry.TrainingofPartTimeVolunteerforArtificialInseminationandCastrationwithStipendwithoutstipendTestCase" name="ServicePlusPageTestCase" time="0.188"/>
  <system-out/>
  <testcase classname="SPDeptOfAnimalHusbandry.TrainingofPartTimeVolunteerforArtificialInseminationandCastrationwithStipendwithoutstipendTestCase" name="IMbacktodirectory" time="0.171"/>
  <system-out/>
</testsuite> <!-- SPDeptOfAnimalHusbandry.TrainingofPartTimeVolunteerforArtificialInseminationandCastrationwithStipendwithoutstipendTestCase -->
