<?xml version="1.0" encoding="UTF-8"?>
<!-- Generated by org.testng.reporters.JUnitReportReporter -->
<testsuite hostname="DESKTOP-CLFL9AL" failures="0" tests="6" name="DelhiPolice.DPViewLostReportDocumentandFAQTestCases" time="0.000" errors="0" timestamp="2022-12-18T16:48:59 IST" skipped="6">
  <testcase classname="DelhiPolice.DPViewLostReportDocumentandFAQTestCases" name="allservicesnavigation" time="0.000">
    <skipped/>
  </testcase> <!-- allservicesnavigation -->
  <system-out/>
  <testcase classname="DelhiPolice.DPViewLostReportDocumentandFAQTestCases" name="DelhiPolicedepartmentnavigation" time="0.000">
    <skipped/>
  </testcase> <!-- DelhiPolicedepartmentnavigation -->
  <system-out/>
  <testcase classname="DelhiPolice.DPViewLostReportDocumentandFAQTestCases" name="DPViewLostreportdocumentandFAqservicenavigation" time="0.000">
    <skipped/>
  </testcase> <!-- DPViewLostreportdocumentandFAqservicenavigation -->
  <system-out/>
  <testcase classname="DelhiPolice.DPViewLostReportDocumentandFAQTestCases" name="DPDcoumentlost" time="0.000">
    <skipped/>
  </testcase> <!-- DPDcoumentlost -->
  <system-out/>
  <testcase classname="DelhiPolice.DPViewLostReportDocumentandFAQTestCases" name="DPFAQ" time="0.000">
    <skipped/>
  </testcase> <!-- DPFAQ -->
  <system-out/>
  <testcase classname="DelhiPolice.DPViewLostReportDocumentandFAQTestCases" name="SSbacktodirectory" time="0.000">
    <skipped/>
  </testcase> <!-- SSbacktodirectory -->
  <system-out/>
</testsuite> <!-- DelhiPolice.DPViewLostReportDocumentandFAQTestCases -->
