<?xml version="1.0" encoding="UTF-8"?>
<!-- Generated by org.testng.reporters.JUnitReportReporter -->
<testsuite hostname="DESKTOP-CLFL9AL" failures="0" tests="8" name="SPDirectorateOfSchoolEducation.AttendanceScholarshiptoGirlsStudentsFrom1stto5thClassTestCase" time="28.723" errors="0" timestamp="2024-04-12T00:35:51 IST" skipped="0">
  <testcase classname="SPDirectorateOfSchoolEducation.AttendanceScholarshiptoGirlsStudentsFrom1stto5thClassTestCase" name="allservicesnavigation" time="6.670"/>
  <system-out/>
  <testcase classname="SPDirectorateOfSchoolEducation.AttendanceScholarshiptoGirlsStudentsFrom1stto5thClassTestCase" name="DeptNavigation" time="4.443"/>
  <system-out/>
  <testcase classname="SPDirectorateOfSchoolEducation.AttendanceScholarshiptoGirlsStudentsFrom1stto5thClassTestCase" name="Seeinfoclick" time="3.015"/>
  <system-out/>
  <testcase classname="SPDirectorateOfSchoolEducation.AttendanceScholarshiptoGirlsStudentsFrom1stto5thClassTestCase" name="VisitServiceclick" time="5.406"/>
  <system-out/>
  <testcase classname="SPDirectorateOfSchoolEducation.AttendanceScholarshiptoGirlsStudentsFrom1stto5thClassTestCase" name="refreshpage" time="4.348"/>
  <system-out/>
  <testcase classname="SPDirectorateOfSchoolEducation.AttendanceScholarshiptoGirlsStudentsFrom1stto5thClassTestCase" name="ServiceNavigationTestCase" time="4.320"/>
  <system-out/>
  <testcase classname="SPDirectorateOfSchoolEducation.AttendanceScholarshiptoGirlsStudentsFrom1stto5thClassTestCase" name="ServicePlusPageTestCase" time="0.255"/>
  <system-out/>
  <testcase classname="SPDirectorateOfSchoolEducation.AttendanceScholarshiptoGirlsStudentsFrom1stto5thClassTestCase" name="IMbacktodirectory" time="0.266"/>
  <system-out/>
</testsuite> <!-- SPDirectorateOfSchoolEducation.AttendanceScholarshiptoGirlsStudentsFrom1stto5thClassTestCase -->
