<?xml version="1.0" encoding="UTF-8"?>
<!-- Generated by org.testng.reporters.JUnitReportReporter -->
<testsuite hostname="DESKTOP-CLFL9AL" failures="0" tests="5" name="SPDepartmentOfLabour.StipendOneTestCase" time="23.061" errors="0" timestamp="2023-05-02T08:58:03 IST" skipped="0">
  <testcase classname="SPDepartmentOfLabour.StipendOneTestCase" name="allservicesnavigation" time="10.706"/>
  <system-out/>
  <testcase classname="SPDepartmentOfLabour.StipendOneTestCase" name="StipendOnenavigation" time="6.362"/>
  <system-out/>
  <testcase classname="SPDepartmentOfLabour.StipendOneTestCase" name="StipendOne1TestCases" time="4.229"/>
  <system-out/>
  <testcase classname="SPDepartmentOfLabour.StipendOneTestCase" name="StipendOne2TestCase" time="0.186"/>
  <system-out/>
  <testcase classname="SPDepartmentOfLabour.StipendOneTestCase" name="IMbacktodirectory" time="1.578"/>
  <system-out/>
</testsuite> <!-- SPDepartmentOfLabour.StipendOneTestCase -->
