<?xml version="1.0" encoding="UTF-8"?>
<!-- Generated by org.testng.reporters.JUnitReportReporter -->
<testsuite hostname="DESKTOP-CLFL9AL" failures="0" tests="6" name="UMANG.Cowintest.CRISTrainScheduleTestcases" time="0.000" errors="0" timestamp="2022-12-18T16:48:56 IST" skipped="6">
  <testcase classname="UMANG.Cowintest.CRISTrainScheduleTestcases" name="search" time="0.000">
    <skipped/>
  </testcase> <!-- search -->
  <system-out/>
  <testcase classname="UMANG.Cowintest.CRISTrainScheduleTestcases" name="allservicesnavigation" time="0.000">
    <skipped/>
  </testcase> <!-- allservicesnavigation -->
  <system-out/>
  <testcase classname="UMANG.Cowintest.CRISTrainScheduleTestcases" name="CRISdepartmentnavigation" time="0.000">
    <skipped/>
  </testcase> <!-- CRISdepartmentnavigation -->
  <system-out/>
  <testcase classname="UMANG.Cowintest.CRISTrainScheduleTestcases" name="crisServiceNavigation" time="0.000">
    <skipped/>
  </testcase> <!-- crisServiceNavigation -->
  <system-out/>
  <testcase classname="UMANG.Cowintest.CRISTrainScheduleTestcases" name="CRIStrainschedule" time="0.000">
    <skipped/>
  </testcase> <!-- CRIStrainschedule -->
  <system-out/>
  <testcase classname="UMANG.Cowintest.CRISTrainScheduleTestcases" name="CRISbacktoservicedirectory" time="0.000">
    <skipped/>
  </testcase> <!-- CRISbacktoservicedirectory -->
  <system-out/>
</testsuite> <!-- UMANG.Cowintest.CRISTrainScheduleTestcases -->
