<?xml version="1.0" encoding="UTF-8"?>
<!-- Generated by org.testng.reporters.JUnitReportReporter -->
<testsuite hostname="DESKTOP-CLFL9AL" failures="0" tests="7" name="MAUD.MAUDPropertyTaxDetailsTestCases" time="0.000" errors="0" timestamp="2022-12-18T16:49:00 IST" skipped="7">
  <testcase classname="MAUD.MAUDPropertyTaxDetailsTestCases" name="allservicesnavigation" time="0.000">
    <skipped/>
  </testcase> <!-- allservicesnavigation -->
  <system-out/>
  <testcase classname="MAUD.MAUDPropertyTaxDetailsTestCases" name="MAUDdepartmentnavigation" time="0.000">
    <skipped/>
  </testcase> <!-- MAUDdepartmentnavigation -->
  <system-out/>
  <testcase classname="MAUD.MAUDPropertyTaxDetailsTestCases" name="MAUDpropertytaxdetailservicenavigation" time="0.000">
    <skipped/>
  </testcase> <!-- MAUDpropertytaxdetailservicenavigation -->
  <system-out/>
  <testcase classname="MAUD.MAUDPropertyTaxDetailsTestCases" name="MAUDpropertytaxdetailfillformansubmit" time="0.000">
    <skipped/>
  </testcase> <!-- MAUDpropertytaxdetailfillformansubmit -->
  <system-out/>
  <testcase classname="MAUD.MAUDPropertyTaxDetailsTestCases" name="MAUDpropertytaxdetailseeinfo" time="0.000">
    <skipped/>
  </testcase> <!-- MAUDpropertytaxdetailseeinfo -->
  <system-out/>
  <testcase classname="MAUD.MAUDPropertyTaxDetailsTestCases" name="MAUDpropertytaxdetailseeinfovisitservice" time="0.000">
    <skipped/>
  </testcase> <!-- MAUDpropertytaxdetailseeinfovisitservice -->
  <system-out/>
  <testcase classname="MAUD.MAUDPropertyTaxDetailsTestCases" name="MAUDbacktodirectory" time="0.000">
    <skipped/>
  </testcase> <!-- MAUDbacktodirectory -->
  <system-out/>
</testsuite> <!-- MAUD.MAUDPropertyTaxDetailsTestCases -->
