<?xml version="1.0" encoding="UTF-8"?>
<!-- Generated by org.testng.reporters.JUnitReportReporter -->
<testsuite hostname="DESKTOP-CLFL9AL" failures="0" tests="8" name="SPPublicHealthEngineeringDepartmentHaryana.LodgeComplaintforWaterSeweronShikayatNivaranKendraofPublicHealthEngineeringDepartmenttestcase" time="30.381" errors="0" timestamp="2024-04-12T00:35:51 IST" skipped="0">
  <testcase classname="SPPublicHealthEngineeringDepartmentHaryana.LodgeComplaintforWaterSeweronShikayatNivaranKendraofPublicHealthEngineeringDepartmenttestcase" name="allservicesnavigation" time="6.916"/>
  <system-out/>
  <testcase classname="SPPublicHealthEngineeringDepartmentHaryana.LodgeComplaintforWaterSeweronShikayatNivaranKendraofPublicHealthEngineeringDepartmenttestcase" name="DeptNavigation" time="5.286"/>
  <system-out/>
  <testcase classname="SPPublicHealthEngineeringDepartmentHaryana.LodgeComplaintforWaterSeweronShikayatNivaranKendraofPublicHealthEngineeringDepartmenttestcase" name="Seeinfoclick" time="3.206"/>
  <system-out/>
  <testcase classname="SPPublicHealthEngineeringDepartmentHaryana.LodgeComplaintforWaterSeweronShikayatNivaranKendraofPublicHealthEngineeringDepartmenttestcase" name="VisitServiceclick" time="5.666"/>
  <system-out/>
  <testcase classname="SPPublicHealthEngineeringDepartmentHaryana.LodgeComplaintforWaterSeweronShikayatNivaranKendraofPublicHealthEngineeringDepartmenttestcase" name="refreshpage" time="4.427"/>
  <system-out/>
  <testcase classname="SPPublicHealthEngineeringDepartmentHaryana.LodgeComplaintforWaterSeweronShikayatNivaranKendraofPublicHealthEngineeringDepartmenttestcase" name="ServiceNavigationTestCase" time="4.375"/>
  <system-out/>
  <testcase classname="SPPublicHealthEngineeringDepartmentHaryana.LodgeComplaintforWaterSeweronShikayatNivaranKendraofPublicHealthEngineeringDepartmenttestcase" name="ServicePlusPageTestCase" time="0.271"/>
  <system-out/>
  <testcase classname="SPPublicHealthEngineeringDepartmentHaryana.LodgeComplaintforWaterSeweronShikayatNivaranKendraofPublicHealthEngineeringDepartmenttestcase" name="IMbacktodirectory" time="0.234"/>
  <system-out/>
</testsuite> <!-- SPPublicHealthEngineeringDepartmentHaryana.LodgeComplaintforWaterSeweronShikayatNivaranKendraofPublicHealthEngineeringDepartmenttestcase -->
