<?xml version="1.0" encoding="UTF-8"?>
<!-- Generated by org.testng.reporters.JUnitReportReporter -->
<testsuite hostname="DESKTOP-CLFL9AL" failures="0" tests="8" name="SPDirectorateOfTechnicalEducation.UTChandigarhStipendSchemeofGovtITITestCases" time="29.612" errors="0" timestamp="2024-04-12T00:35:51 IST" skipped="0">
  <testcase classname="SPDirectorateOfTechnicalEducation.UTChandigarhStipendSchemeofGovtITITestCases" name="allservicesnavigation" time="6.734"/>
  <system-out/>
  <testcase classname="SPDirectorateOfTechnicalEducation.UTChandigarhStipendSchemeofGovtITITestCases" name="DeptNavigation" time="4.427"/>
  <system-out/>
  <testcase classname="SPDirectorateOfTechnicalEducation.UTChandigarhStipendSchemeofGovtITITestCases" name="Seeinfoclick" time="3.051"/>
  <system-out/>
  <testcase classname="SPDirectorateOfTechnicalEducation.UTChandigarhStipendSchemeofGovtITITestCases" name="VisitServiceclick" time="5.538"/>
  <system-out/>
  <testcase classname="SPDirectorateOfTechnicalEducation.UTChandigarhStipendSchemeofGovtITITestCases" name="refreshpage" time="5.003"/>
  <system-out/>
  <testcase classname="SPDirectorateOfTechnicalEducation.UTChandigarhStipendSchemeofGovtITITestCases" name="ServiceNavigationTestCase" time="4.357"/>
  <system-out/>
  <testcase classname="SPDirectorateOfTechnicalEducation.UTChandigarhStipendSchemeofGovtITITestCases" name="ServicePlusPageTestCase" time="0.265"/>
  <system-out/>
  <testcase classname="SPDirectorateOfTechnicalEducation.UTChandigarhStipendSchemeofGovtITITestCases" name="IMbacktodirectory" time="0.237"/>
  <system-out/>
</testsuite> <!-- SPDirectorateOfTechnicalEducation.UTChandigarhStipendSchemeofGovtITITestCases -->
