<?xml version="1.0" encoding="UTF-8"?>
<!-- Generated by org.testng.reporters.JUnitReportReporter -->
<testsuite hostname="DESKTOP-CLFL9AL" failures="0" tests="8" name="SPPrintingandStationeryDepartmentHaryana.Duplicatetestcase" time="15.933" errors="0" timestamp="2024-04-12T00:35:51 IST" skipped="0">
  <testcase classname="SPPrintingandStationeryDepartmentHaryana.Duplicatetestcase" name="allservicesnavigation" time="6.697"/>
  <system-out/>
  <testcase classname="SPPrintingandStationeryDepartmentHaryana.Duplicatetestcase" name="Deptnavigation" time="5.093"/>
  <system-out/>
  <testcase classname="SPPrintingandStationeryDepartmentHaryana.Duplicatetestcase" name="LogocheckTestCases" time="0.126"/>
  <system-out/>
  <testcase classname="SPPrintingandStationeryDepartmentHaryana.Duplicatetestcase" name="ServicecountTestCases" time="0.124"/>
  <system-out/>
  <testcase classname="SPPrintingandStationeryDepartmentHaryana.Duplicatetestcase" name="duplicateTestCases" time="0.221"/>
  <system-out/>
  <testcase classname="SPPrintingandStationeryDepartmentHaryana.Duplicatetestcase" name="servicecountfromexcel" time="0.185"/>
  <system-out/>
  <testcase classname="SPPrintingandStationeryDepartmentHaryana.Duplicatetestcase" name="InformationTestCases" time="3.265"/>
  <system-out/>
  <testcase classname="SPPrintingandStationeryDepartmentHaryana.Duplicatetestcase" name="IMbacktodirectory" time="0.222"/>
  <system-out/>
</testsuite> <!-- SPPrintingandStationeryDepartmentHaryana.Duplicatetestcase -->
