<?xml version="1.0" encoding="UTF-8"?>
<!-- Generated by org.testng.reporters.JUnitReportReporter -->
<testsuite hostname="DESKTOP-CLFL9AL" failures="0" tests="8" name="SPCCET.Duplicatetestcase" time="15.711" errors="0" timestamp="2024-04-12T00:35:51 IST" skipped="0">
  <testcase classname="SPCCET.Duplicatetestcase" name="allservicesnavigation" time="6.612"/>
  <system-out/>
  <testcase classname="SPCCET.Duplicatetestcase" name="Deptnavigation" time="5.267"/>
  <system-out/>
  <testcase classname="SPCCET.Duplicatetestcase" name="LogocheckTestCases" time="0.050"/>
  <system-out/>
  <testcase classname="SPCCET.Duplicatetestcase" name="ServicecountTestCases" time="0.122"/>
  <system-out/>
  <testcase classname="SPCCET.Duplicatetestcase" name="duplicateTestCases" time="0.057"/>
  <system-out/>
  <testcase classname="SPCCET.Duplicatetestcase" name="servicecountfromexcel" time="0.311"/>
  <system-out/>
  <testcase classname="SPCCET.Duplicatetestcase" name="InformationTestCases" time="3.115"/>
  <system-out/>
  <testcase classname="SPCCET.Duplicatetestcase" name="IMbacktodirectory" time="0.177"/>
  <system-out/>
</testsuite> <!-- SPCCET.Duplicatetestcase -->
