<?xml version="1.0" encoding="UTF-8"?>
<!-- Generated by org.testng.reporters.JUnitReportReporter -->
<testsuite hostname="DESKTOP-CLFL9AL" failures="0" tests="5" name="GallantaryAwards.GallantaryAwardEMagazineTestCases" time="0.000" errors="0" timestamp="2022-12-18T16:48:57 IST" skipped="5">
  <testcase classname="GallantaryAwards.GallantaryAwardEMagazineTestCases" name="allservicesnavigation" time="0.000">
    <skipped/>
  </testcase> <!-- allservicesnavigation -->
  <system-out/>
  <testcase classname="GallantaryAwards.GallantaryAwardEMagazineTestCases" name="GAdepartmentnavigation" time="0.000">
    <skipped/>
  </testcase> <!-- GAdepartmentnavigation -->
  <system-out/>
  <testcase classname="GallantaryAwards.GallantaryAwardEMagazineTestCases" name="GAEmagazineservicenavigationcancelbutton" time="0.000">
    <skipped/>
  </testcase> <!-- GAEmagazineservicenavigationcancelbutton -->
  <system-out/>
  <testcase classname="GallantaryAwards.GallantaryAwardEMagazineTestCases" name="GAEmagazinespdfopen" time="0.000">
    <skipped/>
  </testcase> <!-- GAEmagazinespdfopen -->
  <system-out/>
  <testcase classname="GallantaryAwards.GallantaryAwardEMagazineTestCases" name="GAbacktodirectory" time="0.000">
    <skipped/>
  </testcase> <!-- GAbacktodirectory -->
  <system-out/>
</testsuite> <!-- GallantaryAwards.GallantaryAwardEMagazineTestCases -->
