<?xml version="1.0" encoding="UTF-8"?>
<!-- Generated by org.testng.reporters.JUnitReportReporter -->
<testsuite hostname="DESKTOP-CLFL9AL" failures="0" tests="8" name="ArundatiGoldScheme.ArundhatiapplyforGoldschemeTestCases" time="0.000" errors="0" timestamp="2022-12-18T16:48:58 IST" skipped="8">
  <testcase classname="ArundatiGoldScheme.ArundhatiapplyforGoldschemeTestCases" name="allservicesnavigation" time="0.000">
    <skipped/>
  </testcase> <!-- allservicesnavigation -->
  <system-out/>
  <testcase classname="ArundatiGoldScheme.ArundhatiapplyforGoldschemeTestCases" name="Arundhatigoldschemedepartmentnavigation" time="0.000">
    <skipped/>
  </testcase> <!-- Arundhatigoldschemedepartmentnavigation -->
  <system-out/>
  <testcase classname="ArundatiGoldScheme.ArundhatiapplyforGoldschemeTestCases" name="Arundhatigoldschemeapplyservcienavigation" time="0.000">
    <skipped/>
  </testcase> <!-- Arundhatigoldschemeapplyservcienavigation -->
  <system-out/>
  <testcase classname="ArundatiGoldScheme.ArundhatiapplyforGoldschemeTestCases" name="Arundhatigoldschemeapplybasicdetails" time="0.000">
    <skipped/>
  </testcase> <!-- Arundhatigoldschemeapplybasicdetails -->
  <system-out/>
  <testcase classname="ArundatiGoldScheme.ArundhatiapplyforGoldschemeTestCases" name="Arundhatigoldschemeapplyapplicantdetails" time="0.000">
    <skipped/>
  </testcase> <!-- Arundhatigoldschemeapplyapplicantdetails -->
  <system-out/>
  <testcase classname="ArundatiGoldScheme.ArundhatiapplyforGoldschemeTestCases" name="Arundhatigoldschemeapplybankdetails" time="0.000">
    <skipped/>
  </testcase> <!-- Arundhatigoldschemeapplybankdetails -->
  <system-out/>
  <testcase classname="ArundatiGoldScheme.ArundhatiapplyforGoldschemeTestCases" name="Arundhatigoldschemeapplydeclration" time="0.000">
    <skipped/>
  </testcase> <!-- Arundhatigoldschemeapplydeclration -->
  <system-out/>
  <testcase classname="ArundatiGoldScheme.ArundhatiapplyforGoldschemeTestCases" name="ArundhatiGSbacktoservicedirectory" time="0.000">
    <skipped/>
  </testcase> <!-- ArundhatiGSbacktoservicedirectory -->
  <system-out/>
</testsuite> <!-- ArundatiGoldScheme.ArundhatiapplyforGoldschemeTestCases -->
