<?xml version="1.0" encoding="UTF-8"?>
<!-- Generated by org.testng.reporters.JUnitReportReporter -->
<testsuite hostname="DESKTOP-CLFL9AL" failures="0" tests="8" name="UMANG.Cowintest.SKillIndiaCanditateRegisterTestCases" time="0.000" errors="0" timestamp="2022-12-18T16:48:58 IST" skipped="8">
  <testcase classname="UMANG.Cowintest.SKillIndiaCanditateRegisterTestCases" name="SIRegisterotherDetails" time="0.000">
    <skipped/>
  </testcase> <!-- SIRegisterotherDetails -->
  <system-out/>
  <testcase classname="UMANG.Cowintest.SKillIndiaCanditateRegisterTestCases" name="PreviewRegisterotherDetails" time="0.000">
    <skipped/>
  </testcase> <!-- PreviewRegisterotherDetails -->
  <system-out/>
  <testcase classname="UMANG.Cowintest.SKillIndiaCanditateRegisterTestCases" name="SubmitRegisterotherDetails" time="0.000">
    <skipped/>
  </testcase> <!-- SubmitRegisterotherDetails -->
  <system-out/>
  <testcase classname="UMANG.Cowintest.SKillIndiaCanditateRegisterTestCases" name="allservicesnavigation" time="0.000">
    <skipped/>
  </testcase> <!-- allservicesnavigation -->
  <system-out/>
  <testcase classname="UMANG.Cowintest.SKillIndiaCanditateRegisterTestCases" name="SIdepartmentnavigation" time="0.000">
    <skipped/>
  </testcase> <!-- SIdepartmentnavigation -->
  <system-out/>
  <testcase classname="UMANG.Cowintest.SKillIndiaCanditateRegisterTestCases" name="SICandidateRegisterNavigation" time="0.000">
    <skipped/>
  </testcase> <!-- SICandidateRegisterNavigation -->
  <system-out/>
  <testcase classname="UMANG.Cowintest.SKillIndiaCanditateRegisterTestCases" name="SIRegisterBasicDetails" time="0.000">
    <skipped/>
  </testcase> <!-- SIRegisterBasicDetails -->
  <system-out/>
  <testcase classname="UMANG.Cowintest.SKillIndiaCanditateRegisterTestCases" name="SKillIndiabacktoservicedirectory" time="0.000">
    <skipped/>
  </testcase> <!-- SKillIndiabacktoservicedirectory -->
  <system-out/>
</testsuite> <!-- UMANG.Cowintest.SKillIndiaCanditateRegisterTestCases -->
