<?xml version="1.0" encoding="UTF-8"?>
<!-- Generated by org.testng.reporters.JUnitReportReporter -->
<testsuite hostname="DESKTOP-CLFL9AL" failures="0" tests="5" name="SPDirectorateofFisheries.ProductsfromIslandsTestCase" time="18.426" errors="0" timestamp="2023-05-02T07:30:02 IST" skipped="0">
  <testcase classname="SPDirectorateofFisheries.ProductsfromIslandsTestCase" name="allservicesnavigation" time="9.049"/>
  <system-out/>
  <testcase classname="SPDirectorateofFisheries.ProductsfromIslandsTestCase" name="ProductsfromIslandsnavigation" time="2.974"/>
  <system-out/>
  <testcase classname="SPDirectorateofFisheries.ProductsfromIslandsTestCase" name="ProductsfromIslands1TestCases" time="4.199"/>
  <system-out/>
  <testcase classname="SPDirectorateofFisheries.ProductsfromIslandsTestCase" name="ProductsfromIslands2TestCase" time="0.400"/>
  <system-out/>
  <testcase classname="SPDirectorateofFisheries.ProductsfromIslandsTestCase" name="IMbacktodirectory" time="1.804"/>
  <system-out/>
</testsuite> <!-- SPDirectorateofFisheries.ProductsfromIslandsTestCase -->
