<?xml version="1.0" encoding="UTF-8"?>
<!-- Generated by org.testng.reporters.JUnitReportReporter -->
<testsuite hostname="DESKTOP-CLFL9AL" failures="0" tests="6" name="GallantaryAwards.GallantaryAwardInspirationalAudiosTestCases" time="0.000" errors="0" timestamp="2022-12-18T16:48:57 IST" skipped="6">
  <testcase classname="GallantaryAwards.GallantaryAwardInspirationalAudiosTestCases" name="allservicesnavigation" time="0.000">
    <skipped/>
  </testcase> <!-- allservicesnavigation -->
  <system-out/>
  <testcase classname="GallantaryAwards.GallantaryAwardInspirationalAudiosTestCases" name="GAdepartmentnavigation" time="0.000">
    <skipped/>
  </testcase> <!-- GAdepartmentnavigation -->
  <system-out/>
  <testcase classname="GallantaryAwards.GallantaryAwardInspirationalAudiosTestCases" name="GAinspirationalaudioservicenavigation" time="0.000">
    <skipped/>
  </testcase> <!-- GAinspirationalaudioservicenavigation -->
  <system-out/>
  <testcase classname="GallantaryAwards.GallantaryAwardInspirationalAudiosTestCases" name="GAinspirationalaudiovisible" time="0.000">
    <skipped/>
  </testcase> <!-- GAinspirationalaudiovisible -->
  <system-out/>
  <testcase classname="GallantaryAwards.GallantaryAwardInspirationalAudiosTestCases" name="GAinspirationalaudiovisiblesearch" time="0.000">
    <skipped/>
  </testcase> <!-- GAinspirationalaudiovisiblesearch -->
  <system-out/>
  <testcase classname="GallantaryAwards.GallantaryAwardInspirationalAudiosTestCases" name="GAbacktodirectory" time="0.000">
    <skipped/>
  </testcase> <!-- GAbacktodirectory -->
  <system-out/>
</testsuite> <!-- GallantaryAwards.GallantaryAwardInspirationalAudiosTestCases -->
