<?xml version="1.0" encoding="UTF-8"?>
<!-- Generated by org.testng.reporters.JUnitReportReporter -->
<testsuite hostname="DESKTOP-CLFL9AL" failures="0" tests="5" name="SPDepOfSocialWelfare.PetrolsubsidyTestCase" time="18.935" errors="0" timestamp="2023-05-02T07:30:03 IST" skipped="0">
  <testcase classname="SPDepOfSocialWelfare.PetrolsubsidyTestCase" name="allservicesnavigation" time="9.997"/>
  <system-out/>
  <testcase classname="SPDepOfSocialWelfare.PetrolsubsidyTestCase" name="Petrolsubsidynavigation" time="3.225"/>
  <system-out/>
  <testcase classname="SPDepOfSocialWelfare.PetrolsubsidyTestCase" name="PetrolsubsidyTestCases" time="4.184"/>
  <system-out/>
  <testcase classname="SPDepOfSocialWelfare.PetrolsubsidyTestCase" name="Petrolsubsidy2TestCase" time="0.186"/>
  <system-out/>
  <testcase classname="SPDepOfSocialWelfare.PetrolsubsidyTestCase" name="IMbacktodirectory" time="1.343"/>
  <system-out/>
</testsuite> <!-- SPDepOfSocialWelfare.PetrolsubsidyTestCase -->
