<?xml version="1.0" encoding="UTF-8"?>
<!-- Generated by org.testng.reporters.JUnitReportReporter -->
<testsuite hostname="DESKTOP-CLFL9AL" failures="0" tests="5" name="SPDirectorateOfSchoolEducation.ScholarshipExamTestCase" time="17.636" errors="0" timestamp="2023-05-02T07:30:03 IST" skipped="0">
  <testcase classname="SPDirectorateOfSchoolEducation.ScholarshipExamTestCase" name="allservicesnavigation" time="9.091"/>
  <system-out/>
  <testcase classname="SPDirectorateOfSchoolEducation.ScholarshipExamTestCase" name="ScholarshipExamnavigation" time="2.950"/>
  <system-out/>
  <testcase classname="SPDirectorateOfSchoolEducation.ScholarshipExamTestCase" name="ScholarshipExam1TestCases" time="4.178"/>
  <system-out/>
  <testcase classname="SPDirectorateOfSchoolEducation.ScholarshipExamTestCase" name="ScholarshipExam2TestCase" time="0.210"/>
  <system-out/>
  <testcase classname="SPDirectorateOfSchoolEducation.ScholarshipExamTestCase" name="IMbacktodirectory" time="1.207"/>
  <system-out/>
</testsuite> <!-- SPDirectorateOfSchoolEducation.ScholarshipExamTestCase -->
