<?xml version="1.0" encoding="UTF-8"?>
<!-- Generated by org.testng.reporters.JUnitReportReporter -->
<testsuite hostname="DESKTOP-CLFL9AL" failures="0" tests="8" name="SPDepartmentofForestTripura.Duplicatetestcase" time="16.027" errors="0" timestamp="2024-04-12T00:35:51 IST" skipped="0">
  <testcase classname="SPDepartmentofForestTripura.Duplicatetestcase" name="allservicesnavigation" time="6.640"/>
  <system-out/>
  <testcase classname="SPDepartmentofForestTripura.Duplicatetestcase" name="Deptnavigation" time="5.521"/>
  <system-out/>
  <testcase classname="SPDepartmentofForestTripura.Duplicatetestcase" name="LogocheckTestCases" time="0.065"/>
  <system-out/>
  <testcase classname="SPDepartmentofForestTripura.Duplicatetestcase" name="ServicecountTestCases" time="0.059"/>
  <system-out/>
  <testcase classname="SPDepartmentofForestTripura.Duplicatetestcase" name="duplicateTestCases" time="0.094"/>
  <system-out/>
  <testcase classname="SPDepartmentofForestTripura.Duplicatetestcase" name="servicecountfromexcel" time="0.347"/>
  <system-out/>
  <testcase classname="SPDepartmentofForestTripura.Duplicatetestcase" name="InformationTestCases" time="3.137"/>
  <system-out/>
  <testcase classname="SPDepartmentofForestTripura.Duplicatetestcase" name="IMbacktodirectory" time="0.164"/>
  <system-out/>
</testsuite> <!-- SPDepartmentofForestTripura.Duplicatetestcase -->
