<?xml version="1.0" encoding="UTF-8"?>
<!-- Generated by org.testng.reporters.JUnitReportReporter -->
<testsuite hostname="DESKTOP-CLFL9AL" failures="0" tests="5" name="SPDepOfPersonnelAdministrativeReforms.STCentralTestCases" time="17.598" errors="0" timestamp="2023-05-02T08:58:03 IST" skipped="0">
  <testcase classname="SPDepOfPersonnelAdministrativeReforms.STCentralTestCases" name="allservicesnavigation" time="8.894"/>
  <system-out/>
  <testcase classname="SPDepOfPersonnelAdministrativeReforms.STCentralTestCases" name="STCentralnavigation" time="3.117"/>
  <system-out/>
  <testcase classname="SPDepOfPersonnelAdministrativeReforms.STCentralTestCases" name="STCentral1TestCases" time="4.227"/>
  <system-out/>
  <testcase classname="SPDepOfPersonnelAdministrativeReforms.STCentralTestCases" name="STCentral2TestCase" time="0.184"/>
  <system-out/>
  <testcase classname="SPDepOfPersonnelAdministrativeReforms.STCentralTestCases" name="IMbacktodirectory" time="1.176"/>
  <system-out/>
</testsuite> <!-- SPDepOfPersonnelAdministrativeReforms.STCentralTestCases -->
