<?xml version="1.0" encoding="UTF-8"?>
<!-- Generated by org.testng.reporters.JUnitReportReporter -->
<testsuite hostname="DESKTOP-CLFL9AL" failures="0" tests="7" name="CISF.CISFConsultancyTestCases" time="0.000" errors="0" timestamp="2022-12-18T16:48:59 IST" skipped="7">
  <testcase classname="CISF.CISFConsultancyTestCases" name="allservicesnavigation" time="0.000">
    <skipped/>
  </testcase> <!-- allservicesnavigation -->
  <system-out/>
  <testcase classname="CISF.CISFConsultancyTestCases" name="CISFdepartmentnavigation" time="0.000">
    <skipped/>
  </testcase> <!-- CISFdepartmentnavigation -->
  <system-out/>
  <testcase classname="CISF.CISFConsultancyTestCases" name="CISFConsultancyservcienavigation" time="0.000">
    <skipped/>
  </testcase> <!-- CISFConsultancyservcienavigation -->
  <system-out/>
  <testcase classname="CISF.CISFConsultancyTestCases" name="CISFConsultancydownloadpdf" time="0.000">
    <skipped/>
  </testcase> <!-- CISFConsultancydownloadpdf -->
  <system-out/>
  <testcase classname="CISF.CISFConsultancyTestCases" name="CISFConsultancyfillappformservicenavigation" time="0.000">
    <skipped/>
  </testcase> <!-- CISFConsultancyfillappformservicenavigation -->
  <system-out/>
  <testcase classname="CISF.CISFConsultancyTestCases" name="CISFConsultancyfillappformpage" time="0.000">
    <skipped/>
  </testcase> <!-- CISFConsultancyfillappformpage -->
  <system-out/>
  <testcase classname="CISF.CISFConsultancyTestCases" name="CISFbacktodirectoryagain" time="0.000">
    <skipped/>
  </testcase> <!-- CISFbacktodirectoryagain -->
  <system-out/>
</testsuite> <!-- CISF.CISFConsultancyTestCases -->
