<?xml version="1.0" encoding="UTF-8"?>
<!-- Generated by org.testng.reporters.JUnitReportReporter -->
<testsuite hostname="IN3241737W1" failures="0" tests="1" name="UMANG.Cowintest.testngdynamic" time="28.511" errors="0" timestamp="2022-07-11T09:09:43 IST" skipped="0">
  <testcase classname="UMANG.Cowintest.testngdynamic" name="TestSuite" time="28.511"/>
  <system-out/>
</testsuite> <!-- UMANG.Cowintest.testngdynamic -->
