<?xml version="1.0" encoding="UTF-8"?>
<!-- Generated by org.testng.reporters.JUnitReportReporter -->
<testsuite hostname="DESKTOP-CLFL9AL" failures="0" tests="8" name="SPDepartmenOfHome.AcquisitionofFirearmTestCase" time="30.113" errors="0" timestamp="2024-04-12T00:35:51 IST" skipped="0">
  <testcase classname="SPDepartmenOfHome.AcquisitionofFirearmTestCase" name="allservicesnavigation" time="6.640"/>
  <system-out/>
  <testcase classname="SPDepartmenOfHome.AcquisitionofFirearmTestCase" name="DeptNavigation" time="5.395"/>
  <system-out/>
  <testcase classname="SPDepartmenOfHome.AcquisitionofFirearmTestCase" name="Seeinfoclick" time="2.985"/>
  <system-out/>
  <testcase classname="SPDepartmenOfHome.AcquisitionofFirearmTestCase" name="VisitServiceclick" time="5.441"/>
  <system-out/>
  <testcase classname="SPDepartmenOfHome.AcquisitionofFirearmTestCase" name="refreshpage" time="4.913"/>
  <system-out/>
  <testcase classname="SPDepartmenOfHome.AcquisitionofFirearmTestCase" name="ServiceNavigationTestCase" time="4.266"/>
  <system-out/>
  <testcase classname="SPDepartmenOfHome.AcquisitionofFirearmTestCase" name="ServicePlusPageTestCase" time="0.229"/>
  <system-out/>
  <testcase classname="SPDepartmenOfHome.AcquisitionofFirearmTestCase" name="IMbacktodirectory" time="0.244"/>
  <system-out/>
</testsuite> <!-- SPDepartmenOfHome.AcquisitionofFirearmTestCase -->
