<?xml version="1.0" encoding="UTF-8"?>
<!-- Generated by org.testng.reporters.JUnitReportReporter -->
<testsuite hostname="DESKTOP-CLFL9AL" failures="0" tests="8" name="SPLabourDepartment.PaternityBenefitSchemeformaleregisteredworkerofHBOCWWBoardTestCases" time="29.396" errors="0" timestamp="2024-04-12T00:35:51 IST" skipped="0">
  <testcase classname="SPLabourDepartment.PaternityBenefitSchemeformaleregisteredworkerofHBOCWWBoardTestCases" name="allservicesnavigation" time="6.686"/>
  <system-out/>
  <testcase classname="SPLabourDepartment.PaternityBenefitSchemeformaleregisteredworkerofHBOCWWBoardTestCases" name="DeptNavigation" time="4.398"/>
  <system-out/>
  <testcase classname="SPLabourDepartment.PaternityBenefitSchemeformaleregisteredworkerofHBOCWWBoardTestCases" name="Seeinfoclick" time="2.999"/>
  <system-out/>
  <testcase classname="SPLabourDepartment.PaternityBenefitSchemeformaleregisteredworkerofHBOCWWBoardTestCases" name="VisitServiceclick" time="5.527"/>
  <system-out/>
  <testcase classname="SPLabourDepartment.PaternityBenefitSchemeformaleregisteredworkerofHBOCWWBoardTestCases" name="refreshpage" time="4.762"/>
  <system-out/>
  <testcase classname="SPLabourDepartment.PaternityBenefitSchemeformaleregisteredworkerofHBOCWWBoardTestCases" name="ServiceNavigationTestCase" time="4.394"/>
  <system-out/>
  <testcase classname="SPLabourDepartment.PaternityBenefitSchemeformaleregisteredworkerofHBOCWWBoardTestCases" name="ServicePlusPageTestCase" time="0.403"/>
  <system-out/>
  <testcase classname="SPLabourDepartment.PaternityBenefitSchemeformaleregisteredworkerofHBOCWWBoardTestCases" name="IMbacktodirectory" time="0.227"/>
  <system-out/>
</testsuite> <!-- SPLabourDepartment.PaternityBenefitSchemeformaleregisteredworkerofHBOCWWBoardTestCases -->
