<?xml version="1.0" encoding="UTF-8"?>
<!-- Generated by org.testng.reporters.JUnitReportReporter -->
<testsuite hostname="DESKTOP-CLFL9AL" failures="0" tests="7" name="SPDeptOfScientificAndIndustrial.Duplicatetestcase" time="15.640" errors="0" timestamp="2024-04-12T00:35:51 IST" skipped="0">
  <testcase classname="SPDeptOfScientificAndIndustrial.Duplicatetestcase" name="allservicesnavigation" time="6.599"/>
  <system-out/>
  <testcase classname="SPDeptOfScientificAndIndustrial.Duplicatetestcase" name="Deptnavigation" time="5.158"/>
  <system-out/>
  <testcase classname="SPDeptOfScientificAndIndustrial.Duplicatetestcase" name="ServicecountTestCases" time="0.087"/>
  <system-out/>
  <testcase classname="SPDeptOfScientificAndIndustrial.Duplicatetestcase" name="duplicateTestCases" time="0.167"/>
  <system-out/>
  <testcase classname="SPDeptOfScientificAndIndustrial.Duplicatetestcase" name="servicecountfromexcel" time="0.311"/>
  <system-out/>
  <testcase classname="SPDeptOfScientificAndIndustrial.Duplicatetestcase" name="InformationTestCases" time="3.128"/>
  <system-out/>
  <testcase classname="SPDeptOfScientificAndIndustrial.Duplicatetestcase" name="IMbacktodirectory" time="0.190"/>
  <system-out/>
</testsuite> <!-- SPDeptOfScientificAndIndustrial.Duplicatetestcase -->
