<?xml version="1.0" encoding="UTF-8"?>
<!-- Generated by org.testng.reporters.JUnitReportReporter -->
<testsuite hostname="DESKTOP-CLFL9AL" failures="0" tests="5" name="AICTE.AICTECheckEligibilityTestcases" time="0.000" errors="0" timestamp="2022-12-18T16:48:57 IST" skipped="5">
  <testcase classname="AICTE.AICTECheckEligibilityTestcases" name="allservicesnavigation" time="0.000">
    <skipped/>
  </testcase> <!-- allservicesnavigation -->
  <system-out/>
  <testcase classname="AICTE.AICTECheckEligibilityTestcases" name="AICTEdepartmentnavigation" time="0.000">
    <skipped/>
  </testcase> <!-- AICTEdepartmentnavigation -->
  <system-out/>
  <testcase classname="AICTE.AICTECheckEligibilityTestcases" name="AICTEcheckeligibiltyServiceNavigation" time="0.000">
    <skipped/>
  </testcase> <!-- AICTEcheckeligibiltyServiceNavigation -->
  <system-out/>
  <testcase classname="AICTE.AICTECheckEligibilityTestcases" name="AICTEcheckeligibiltyfilldetails" time="0.000">
    <skipped/>
  </testcase> <!-- AICTEcheckeligibiltyfilldetails -->
  <system-out/>
  <testcase classname="AICTE.AICTECheckEligibilityTestcases" name="AICTEbacktodirectory" time="0.000">
    <skipped/>
  </testcase> <!-- AICTEbacktodirectory -->
  <system-out/>
</testsuite> <!-- AICTE.AICTECheckEligibilityTestcases -->
