<?xml version="1.0" encoding="UTF-8"?>
<!-- Generated by org.testng.reporters.JUnitReportReporter -->
<testsuite hostname="DESKTOP-CLFL9AL" failures="0" tests="8" name="SPDirectorateofEducation.HostelReimbursementofcashinlieuofMessbillStipendTestCase" time="29.977" errors="0" timestamp="2024-04-12T00:35:51 IST" skipped="0">
  <testcase classname="SPDirectorateofEducation.HostelReimbursementofcashinlieuofMessbillStipendTestCase" name="allservicesnavigation" time="6.605"/>
  <system-out/>
  <testcase classname="SPDirectorateofEducation.HostelReimbursementofcashinlieuofMessbillStipendTestCase" name="Deptnavigation" time="5.300"/>
  <system-out/>
  <testcase classname="SPDirectorateofEducation.HostelReimbursementofcashinlieuofMessbillStipendTestCase" name="Seeinfoclick" time="3.108"/>
  <system-out/>
  <testcase classname="SPDirectorateofEducation.HostelReimbursementofcashinlieuofMessbillStipendTestCase" name="VisitServiceclick" time="5.424"/>
  <system-out/>
  <testcase classname="SPDirectorateofEducation.HostelReimbursementofcashinlieuofMessbillStipendTestCase" name="refreshpage" time="4.755"/>
  <system-out/>
  <testcase classname="SPDirectorateofEducation.HostelReimbursementofcashinlieuofMessbillStipendTestCase" name="ServiceNavigationTestCase" time="4.300"/>
  <system-out/>
  <testcase classname="SPDirectorateofEducation.HostelReimbursementofcashinlieuofMessbillStipendTestCase" name="ServicePlusPageTestCase" time="0.290"/>
  <system-out/>
  <testcase classname="SPDirectorateofEducation.HostelReimbursementofcashinlieuofMessbillStipendTestCase" name="IMbacktodirectory" time="0.195"/>
  <system-out/>
</testsuite> <!-- SPDirectorateofEducation.HostelReimbursementofcashinlieuofMessbillStipendTestCase -->
