<?xml version="1.0" encoding="UTF-8"?>
<!-- Generated by org.testng.reporters.JUnitReportReporter -->
<testsuite hostname="IN3241737W1" failures="0" tests="5" name="TNMeeSevaTestCases.TNMeeSevaSearchStatus" time="15.151" errors="0" timestamp="2022-10-10T09:49:28 IST" skipped="0">
  <testcase classname="TNMeeSevaTestCases.TNMeeSevaSearchStatus" name="allservicesnavigation" time="6.229"/>
  <system-out/>
  <testcase classname="TNMeeSevaTestCases.TNMeeSevaSearchStatus" name="TNmeeSevadepartmentnavigation" time="4.032"/>
  <system-out/>
  <testcase classname="TNMeeSevaTestCases.TNMeeSevaSearchStatus" name="TNmeeSevaSearchnavigation" time="0.382"/>
  <system-out/>
  <testcase classname="TNMeeSevaTestCases.TNMeeSevaSearchStatus" name="TNmeeSevaSearchstatus" time="3.897"/>
  <system-out/>
  <testcase classname="TNMeeSevaTestCases.TNMeeSevaSearchStatus" name="TNMeeSevabacktodirectory" time="0.611"/>
  <system-out/>
</testsuite> <!-- TNMeeSevaTestCases.TNMeeSevaSearchStatus -->
