<?xml version="1.0" encoding="UTF-8"?>
<!-- Generated by org.testng.reporters.JUnitReportReporter -->
<testsuite hostname="DESKTOP-CLFL9AL" failures="0" tests="8" name="SPLabourDepartment.PensionSchemeforregisteredworkerofHBOCWWBoardTestCases" time="30.144" errors="0" timestamp="2024-04-12T00:35:51 IST" skipped="0">
  <testcase classname="SPLabourDepartment.PensionSchemeforregisteredworkerofHBOCWWBoardTestCases" name="allservicesnavigation" time="6.851"/>
  <system-out/>
  <testcase classname="SPLabourDepartment.PensionSchemeforregisteredworkerofHBOCWWBoardTestCases" name="DeptNavigation" time="5.324"/>
  <system-out/>
  <testcase classname="SPLabourDepartment.PensionSchemeforregisteredworkerofHBOCWWBoardTestCases" name="Seeinfoclick" time="3.200"/>
  <system-out/>
  <testcase classname="SPLabourDepartment.PensionSchemeforregisteredworkerofHBOCWWBoardTestCases" name="VisitServiceclick" time="5.414"/>
  <system-out/>
  <testcase classname="SPLabourDepartment.PensionSchemeforregisteredworkerofHBOCWWBoardTestCases" name="refreshpage" time="4.432"/>
  <system-out/>
  <testcase classname="SPLabourDepartment.PensionSchemeforregisteredworkerofHBOCWWBoardTestCases" name="ServiceNavigationTestCase" time="4.353"/>
  <system-out/>
  <testcase classname="SPLabourDepartment.PensionSchemeforregisteredworkerofHBOCWWBoardTestCases" name="ServicePlusPageTestCase" time="0.371"/>
  <system-out/>
  <testcase classname="SPLabourDepartment.PensionSchemeforregisteredworkerofHBOCWWBoardTestCases" name="IMbacktodirectory" time="0.199"/>
  <system-out/>
</testsuite> <!-- SPLabourDepartment.PensionSchemeforregisteredworkerofHBOCWWBoardTestCases -->
