<?xml version="1.0" encoding="UTF-8"?>
<!-- Generated by org.testng.reporters.JUnitReportReporter -->
<testsuite hostname="DESKTOP-CLFL9AL" failures="0" tests="9" name="IndianCouncilforCultureRelations.ICCRApplicationStatusTestcases" time="0.000" errors="0" timestamp="2022-12-18T16:48:59 IST" skipped="9">
  <testcase classname="IndianCouncilforCultureRelations.ICCRApplicationStatusTestcases" name="allservicesnavigation" time="0.000">
    <skipped/>
  </testcase> <!-- allservicesnavigation -->
  <system-out/>
  <testcase classname="IndianCouncilforCultureRelations.ICCRApplicationStatusTestcases" name="ICCRdepartmentnavigation" time="0.000">
    <skipped/>
  </testcase> <!-- ICCRdepartmentnavigation -->
  <system-out/>
  <testcase classname="IndianCouncilforCultureRelations.ICCRApplicationStatusTestcases" name="ICCRApplicationStatusServicenavigationwithinvaliddata" time="0.000">
    <skipped/>
  </testcase> <!-- ICCRApplicationStatusServicenavigationwithinvaliddata -->
  <system-out/>
  <testcase classname="IndianCouncilforCultureRelations.ICCRApplicationStatusTestcases" name="ICCRApplicationStatusServicenavigationwithvalidadata" time="0.000">
    <skipped/>
  </testcase> <!-- ICCRApplicationStatusServicenavigationwithvalidadata -->
  <system-out/>
  <testcase classname="IndianCouncilforCultureRelations.ICCRApplicationStatusTestcases" name="ICCRApplicationStatuscheck" time="0.000">
    <skipped/>
  </testcase> <!-- ICCRApplicationStatuscheck -->
  <system-out/>
  <testcase classname="IndianCouncilforCultureRelations.ICCRApplicationStatusTestcases" name="ICCRapplicantstatusseeinfo" time="0.000">
    <skipped/>
  </testcase> <!-- ICCRapplicantstatusseeinfo -->
  <system-out/>
  <testcase classname="IndianCouncilforCultureRelations.ICCRApplicationStatusTestcases" name="ICCRapplicantstatusseeinfovisitservice" time="0.000">
    <skipped/>
  </testcase> <!-- ICCRapplicantstatusseeinfovisitservice -->
  <system-out/>
  <testcase classname="IndianCouncilforCultureRelations.ICCRApplicationStatusTestcases" name="ICCRapplicantstatuslogout" time="0.000">
    <skipped/>
  </testcase> <!-- ICCRapplicantstatuslogout -->
  <system-out/>
  <testcase classname="IndianCouncilforCultureRelations.ICCRApplicationStatusTestcases" name="ICCRApplictionStatusbacktohome" time="0.000">
    <skipped/>
  </testcase> <!-- ICCRApplictionStatusbacktohome -->
  <system-out/>
</testsuite> <!-- IndianCouncilforCultureRelations.ICCRApplicationStatusTestcases -->
