<?xml version="1.0" encoding="UTF-8"?>
<!-- Generated by org.testng.reporters.JUnitReportReporter -->
<testsuite hostname="DESKTOP-CLFL9AL" failures="0" tests="4" name="DelhiPolice.DPHelplinenumberTestCases" time="0.000" errors="0" timestamp="2022-12-18T16:49:00 IST" skipped="4">
  <testcase classname="DelhiPolice.DPHelplinenumberTestCases" name="allservicesnavigation" time="0.000">
    <skipped/>
  </testcase> <!-- allservicesnavigation -->
  <system-out/>
  <testcase classname="DelhiPolice.DPHelplinenumberTestCases" name="DelhiPolicedepartmentnavigation" time="0.000">
    <skipped/>
  </testcase> <!-- DelhiPolicedepartmentnavigation -->
  <system-out/>
  <testcase classname="DelhiPolice.DPHelplinenumberTestCases" name="DPHElplineservicenavigationdeatilscoming" time="0.000">
    <skipped/>
  </testcase> <!-- DPHElplineservicenavigationdeatilscoming -->
  <system-out/>
  <testcase classname="DelhiPolice.DPHelplinenumberTestCases" name="SSbacktodirectory" time="0.000">
    <skipped/>
  </testcase> <!-- SSbacktodirectory -->
  <system-out/>
</testsuite> <!-- DelhiPolice.DPHelplinenumberTestCases -->
