<?xml version="1.0" encoding="UTF-8"?>
<!-- Generated by org.testng.reporters.JUnitReportReporter -->
<testsuite hostname="IN3241737W1" failures="0" tests="7" name="UMANG.Cowintest.CertificateCorrection" time="75.538" errors="0" timestamp="2022-06-07T18:47:58 IST" skipped="0">
  <testcase classname="UMANG.Cowintest.CertificateCorrection" name="Login" time="11.187"/>
  <system-out/>
  <testcase classname="UMANG.Cowintest.CertificateCorrection" name="ServiceDirectoryDeptnavigation" time="4.118"/>
  <system-out/>
  <testcase classname="UMANG.Cowintest.CertificateCorrection" name="departmentnavigation" time="0.105"/>
  <system-out/>
  <testcase classname="UMANG.Cowintest.CertificateCorrection" name="Correctioncertificate" time="0.256"/>
  <system-out/>
  <testcase classname="UMANG.Cowintest.CertificateCorrection" name="SubmitmobileandOTP" time="53.858"/>
  <system-out/>
  <testcase classname="UMANG.Cowintest.CertificateCorrection" name="correctiondetails" time="0.911"/>
  <system-out/>
  <testcase classname="UMANG.Cowintest.CertificateCorrection" name="submitdetails" time="5.103"/>
  <system-out/>
</testsuite> <!-- UMANG.Cowintest.CertificateCorrection -->
