<?xml version="1.0" encoding="UTF-8"?>
<!-- Generated by org.testng.reporters.JUnitReportReporter -->
<testsuite hostname="DESKTOP-CLFL9AL" failures="0" tests="8" name="SPDirectorateofEducation.ScholarshiptostudentspursuinghighereducationinmainlandintheformofmessbillreimbursementTestCase" time="29.612" errors="0" timestamp="2024-04-12T00:35:51 IST" skipped="0">
  <testcase classname="SPDirectorateofEducation.ScholarshiptostudentspursuinghighereducationinmainlandintheformofmessbillreimbursementTestCase" name="allservicesnavigation" time="6.714"/>
  <system-out/>
  <testcase classname="SPDirectorateofEducation.ScholarshiptostudentspursuinghighereducationinmainlandintheformofmessbillreimbursementTestCase" name="Deptnavigation" time="5.344"/>
  <system-out/>
  <testcase classname="SPDirectorateofEducation.ScholarshiptostudentspursuinghighereducationinmainlandintheformofmessbillreimbursementTestCase" name="Seeinfoclick" time="2.964"/>
  <system-out/>
  <testcase classname="SPDirectorateofEducation.ScholarshiptostudentspursuinghighereducationinmainlandintheformofmessbillreimbursementTestCase" name="VisitServiceclick" time="5.398"/>
  <system-out/>
  <testcase classname="SPDirectorateofEducation.ScholarshiptostudentspursuinghighereducationinmainlandintheformofmessbillreimbursementTestCase" name="refreshpage" time="4.422"/>
  <system-out/>
  <testcase classname="SPDirectorateofEducation.ScholarshiptostudentspursuinghighereducationinmainlandintheformofmessbillreimbursementTestCase" name="ServiceNavigationTestCase" time="4.264"/>
  <system-out/>
  <testcase classname="SPDirectorateofEducation.ScholarshiptostudentspursuinghighereducationinmainlandintheformofmessbillreimbursementTestCase" name="ServicePlusPageTestCase" time="0.259"/>
  <system-out/>
  <testcase classname="SPDirectorateofEducation.ScholarshiptostudentspursuinghighereducationinmainlandintheformofmessbillreimbursementTestCase" name="IMbacktodirectory" time="0.247"/>
  <system-out/>
</testsuite> <!-- SPDirectorateofEducation.ScholarshiptostudentspursuinghighereducationinmainlandintheformofmessbillreimbursementTestCase -->
