<?xml version="1.0" encoding="UTF-8"?>
<!-- Generated by org.testng.reporters.JUnitReportReporter -->
<testsuite hostname="DESKTOP-CLFL9AL" failures="0" tests="8" name="SPDirectorateOfSchoolEducation.Duplicatetestcase" time="16.096" errors="0" timestamp="2024-04-12T00:35:51 IST" skipped="0">
  <testcase classname="SPDirectorateOfSchoolEducation.Duplicatetestcase" name="allservicesnavigation" time="6.684"/>
  <system-out/>
  <testcase classname="SPDirectorateOfSchoolEducation.Duplicatetestcase" name="Deptnavigation" time="5.349"/>
  <system-out/>
  <testcase classname="SPDirectorateOfSchoolEducation.Duplicatetestcase" name="LogocheckTestCases" time="0.117"/>
  <system-out/>
  <testcase classname="SPDirectorateOfSchoolEducation.Duplicatetestcase" name="ServicecountTestCases" time="0.167"/>
  <system-out/>
  <testcase classname="SPDirectorateOfSchoolEducation.Duplicatetestcase" name="duplicateTestCases" time="0.305"/>
  <system-out/>
  <testcase classname="SPDirectorateOfSchoolEducation.Duplicatetestcase" name="servicecountfromexcel" time="0.246"/>
  <system-out/>
  <testcase classname="SPDirectorateOfSchoolEducation.Duplicatetestcase" name="InformationTestCases" time="3.034"/>
  <system-out/>
  <testcase classname="SPDirectorateOfSchoolEducation.Duplicatetestcase" name="IMbacktodirectory" time="0.194"/>
  <system-out/>
</testsuite> <!-- SPDirectorateOfSchoolEducation.Duplicatetestcase -->
