<?xml version="1.0" encoding="UTF-8"?>
<!-- Generated by org.testng.reporters.JUnitReportReporter -->
<testsuite hostname="DESKTOP-CLFL9AL" failures="0" tests="5" name="SPDirectorateofFisheries.NaturalCalamityTestCase" time="21.140" errors="0" timestamp="2023-05-02T07:30:03 IST" skipped="0">
  <testcase classname="SPDirectorateofFisheries.NaturalCalamityTestCase" name="allservicesnavigation" time="10.121"/>
  <system-out/>
  <testcase classname="SPDirectorateofFisheries.NaturalCalamityTestCase" name="NaturalCalamitynavigation" time="5.244"/>
  <system-out/>
  <testcase classname="SPDirectorateofFisheries.NaturalCalamityTestCase" name="NaturalCalamity1TestCases" time="4.349"/>
  <system-out/>
  <testcase classname="SPDirectorateofFisheries.NaturalCalamityTestCase" name="NaturalCalamity2TestCase" time="0.192"/>
  <system-out/>
  <testcase classname="SPDirectorateofFisheries.NaturalCalamityTestCase" name="IMbacktodirectory" time="1.234"/>
  <system-out/>
</testsuite> <!-- SPDirectorateofFisheries.NaturalCalamityTestCase -->
