<?xml version="1.0" encoding="UTF-8"?>
<!-- Generated by org.testng.reporters.JUnitReportReporter -->
<testsuite hostname="DESKTOP-CLFL9AL" failures="0" tests="5" name="SPDepartmenOfHome.JurisdictionTestCase" time="20.155" errors="0" timestamp="2023-05-02T08:58:03 IST" skipped="0">
  <testcase classname="SPDepartmenOfHome.JurisdictionTestCase" name="allservicesnavigation" time="8.961"/>
  <system-out/>
  <testcase classname="SPDepartmenOfHome.JurisdictionTestCase" name="Jurisdictionnavigation" time="5.039"/>
  <system-out/>
  <testcase classname="SPDepartmenOfHome.JurisdictionTestCase" name="Jurisdiction1TestCases" time="4.216"/>
  <system-out/>
  <testcase classname="SPDepartmenOfHome.JurisdictionTestCase" name="Jurisdiction2TestCase" time="0.256"/>
  <system-out/>
  <testcase classname="SPDepartmenOfHome.JurisdictionTestCase" name="IMbacktodirectory" time="1.683"/>
  <system-out/>
</testsuite> <!-- SPDepartmenOfHome.JurisdictionTestCase -->
