<?xml version="1.0" encoding="UTF-8"?>
<!-- Generated by org.testng.reporters.JUnitReportReporter -->
<testsuite hostname="DESKTOP-CLFL9AL" failures="0" tests="5" name="SPDepOfPersonnelAdministrativeReforms.SCCentralTestCases" time="21.022" errors="0" timestamp="2023-05-02T08:58:03 IST" skipped="0">
  <testcase classname="SPDepOfPersonnelAdministrativeReforms.SCCentralTestCases" name="allservicesnavigation" time="8.841"/>
  <system-out/>
  <testcase classname="SPDepOfPersonnelAdministrativeReforms.SCCentralTestCases" name="SCCentralnavigation" time="3.235"/>
  <system-out/>
  <testcase classname="SPDepOfPersonnelAdministrativeReforms.SCCentralTestCases" name="SCCentral1TestCases" time="4.220"/>
  <system-out/>
  <testcase classname="SPDepOfPersonnelAdministrativeReforms.SCCentralTestCases" name="SCCentral2TestCase" time="0.278"/>
  <system-out/>
  <testcase classname="SPDepOfPersonnelAdministrativeReforms.SCCentralTestCases" name="IMbacktodirectory" time="4.448"/>
  <system-out/>
</testsuite> <!-- SPDepOfPersonnelAdministrativeReforms.SCCentralTestCases -->
