<?xml version="1.0" encoding="UTF-8"?>
<!-- Generated by org.testng.reporters.JUnitReportReporter -->
<testsuite hostname="DESKTOP-CLFL9AL" failures="0" tests="5" name="SPMinistryOfNewAndRenewableResources.SchemeTestCases" time="20.796" errors="0" timestamp="2023-05-02T08:58:02 IST" skipped="0">
  <testcase classname="SPMinistryOfNewAndRenewableResources.SchemeTestCases" name="allservicesnavigation" time="9.416"/>
  <system-out/>
  <testcase classname="SPMinistryOfNewAndRenewableResources.SchemeTestCases" name="Schemenavigation" time="5.167"/>
  <system-out/>
  <testcase classname="SPMinistryOfNewAndRenewableResources.SchemeTestCases" name="Scheme1TestCases" time="4.322"/>
  <system-out/>
  <testcase classname="SPMinistryOfNewAndRenewableResources.SchemeTestCases" name="Scheme2TestCase" time="0.180"/>
  <system-out/>
  <testcase classname="SPMinistryOfNewAndRenewableResources.SchemeTestCases" name="IMbacktodirectory" time="1.711"/>
  <system-out/>
</testsuite> <!-- SPMinistryOfNewAndRenewableResources.SchemeTestCases -->
