<?xml version="1.0" encoding="UTF-8"?>
<!-- Generated by org.testng.reporters.JUnitReportReporter -->
<testsuite hostname="DESKTOP-CLFL9AL" failures="0" tests="8" name="SPDepartmenOfHome.DeletionofWeaponfromArmsLicenseTestCase" time="29.616" errors="0" timestamp="2024-04-12T00:35:51 IST" skipped="0">
  <testcase classname="SPDepartmenOfHome.DeletionofWeaponfromArmsLicenseTestCase" name="allservicesnavigation" time="6.656"/>
  <system-out/>
  <testcase classname="SPDepartmenOfHome.DeletionofWeaponfromArmsLicenseTestCase" name="DeptNavigation" time="5.289"/>
  <system-out/>
  <testcase classname="SPDepartmenOfHome.DeletionofWeaponfromArmsLicenseTestCase" name="Seeinfoclick" time="3.043"/>
  <system-out/>
  <testcase classname="SPDepartmenOfHome.DeletionofWeaponfromArmsLicenseTestCase" name="VisitServiceclick" time="5.375"/>
  <system-out/>
  <testcase classname="SPDepartmenOfHome.DeletionofWeaponfromArmsLicenseTestCase" name="refreshpage" time="4.517"/>
  <system-out/>
  <testcase classname="SPDepartmenOfHome.DeletionofWeaponfromArmsLicenseTestCase" name="ServiceNavigationTestCase" time="4.304"/>
  <system-out/>
  <testcase classname="SPDepartmenOfHome.DeletionofWeaponfromArmsLicenseTestCase" name="ServicePlusPageTestCase" time="0.224"/>
  <system-out/>
  <testcase classname="SPDepartmenOfHome.DeletionofWeaponfromArmsLicenseTestCase" name="IMbacktodirectory" time="0.208"/>
  <system-out/>
</testsuite> <!-- SPDepartmenOfHome.DeletionofWeaponfromArmsLicenseTestCase -->
