<?xml version="1.0" encoding="UTF-8"?>
<!-- Generated by org.testng.reporters.JUnitReportReporter -->
<testsuite hostname="DESKTOP-CLFL9AL" failures="0" tests="5" name="ORS.ORSMyLabreportTestCases" time="0.000" errors="0" timestamp="2022-12-18T16:48:57 IST" skipped="5">
  <testcase classname="ORS.ORSMyLabreportTestCases" name="allservicesnavigation" time="0.000">
    <skipped/>
  </testcase> <!-- allservicesnavigation -->
  <system-out/>
  <testcase classname="ORS.ORSMyLabreportTestCases" name="ORSdepartmentnavigation" time="0.000">
    <skipped/>
  </testcase> <!-- ORSdepartmentnavigation -->
  <system-out/>
  <testcase classname="ORS.ORSMyLabreportTestCases" name="ORSLabReportservicenavigation" time="0.000">
    <skipped/>
  </testcase> <!-- ORSLabReportservicenavigation -->
  <system-out/>
  <testcase classname="ORS.ORSMyLabreportTestCases" name="ORSMyLabreportsearch" time="0.000">
    <skipped/>
  </testcase> <!-- ORSMyLabreportsearch -->
  <system-out/>
  <testcase classname="ORS.ORSMyLabreportTestCases" name="ORSbacktodirectory" time="0.000">
    <skipped/>
  </testcase> <!-- ORSbacktodirectory -->
  <system-out/>
</testsuite> <!-- ORS.ORSMyLabreportTestCases -->
