<?xml version="1.0" encoding="UTF-8"?>
<!-- Generated by org.testng.reporters.JUnitReportReporter -->
<testsuite hostname="DESKTOP-CLFL9AL" failures="0" tests="8" name="SPDepartmenOfHome.ChangeofQuantityofAmmunitioninArmLicenseTestCase" time="30.095" errors="0" timestamp="2024-04-12T00:35:51 IST" skipped="0">
  <testcase classname="SPDepartmenOfHome.ChangeofQuantityofAmmunitioninArmLicenseTestCase" name="allservicesnavigation" time="6.688"/>
  <system-out/>
  <testcase classname="SPDepartmenOfHome.ChangeofQuantityofAmmunitioninArmLicenseTestCase" name="DeptNavigation" time="5.438"/>
  <system-out/>
  <testcase classname="SPDepartmenOfHome.ChangeofQuantityofAmmunitioninArmLicenseTestCase" name="Seeinfoclick" time="3.025"/>
  <system-out/>
  <testcase classname="SPDepartmenOfHome.ChangeofQuantityofAmmunitioninArmLicenseTestCase" name="VisitServiceclick" time="5.377"/>
  <system-out/>
  <testcase classname="SPDepartmenOfHome.ChangeofQuantityofAmmunitioninArmLicenseTestCase" name="refreshpage" time="4.905"/>
  <system-out/>
  <testcase classname="SPDepartmenOfHome.ChangeofQuantityofAmmunitioninArmLicenseTestCase" name="ServiceNavigationTestCase" time="4.282"/>
  <system-out/>
  <testcase classname="SPDepartmenOfHome.ChangeofQuantityofAmmunitioninArmLicenseTestCase" name="ServicePlusPageTestCase" time="0.226"/>
  <system-out/>
  <testcase classname="SPDepartmenOfHome.ChangeofQuantityofAmmunitioninArmLicenseTestCase" name="IMbacktodirectory" time="0.154"/>
  <system-out/>
</testsuite> <!-- SPDepartmenOfHome.ChangeofQuantityofAmmunitioninArmLicenseTestCase -->
