<?xml version="1.0" encoding="UTF-8"?>
<!-- Generated by org.testng.reporters.JUnitReportReporter -->
<testsuite hostname="DESKTOP-CLFL9AL" failures="0" tests="6" name="NSP.NSPSearchInstituteTestCases" time="0.000" errors="0" timestamp="2022-12-18T16:48:59 IST" skipped="6">
  <testcase classname="NSP.NSPSearchInstituteTestCases" name="allservicesnavigation" time="0.000">
    <skipped/>
  </testcase> <!-- allservicesnavigation -->
  <system-out/>
  <testcase classname="NSP.NSPSearchInstituteTestCases" name="nspservicesnavigation" time="0.000">
    <skipped/>
  </testcase> <!-- nspservicesnavigation -->
  <system-out/>
  <testcase classname="NSP.NSPSearchInstituteTestCases" name="searchinstitute" time="0.000">
    <skipped/>
  </testcase> <!-- searchinstitute -->
  <system-out/>
  <testcase classname="NSP.NSPSearchInstituteTestCases" name="NSPSearchInformation" time="0.000">
    <skipped/>
  </testcase> <!-- NSPSearchInformation -->
  <system-out/>
  <testcase classname="NSP.NSPSearchInstituteTestCases" name="NSPSearchInformationsearchbox" time="0.000">
    <skipped/>
  </testcase> <!-- NSPSearchInformationsearchbox -->
  <system-out/>
  <testcase classname="NSP.NSPSearchInstituteTestCases" name="NSPbacktodirectory" time="0.000">
    <skipped/>
  </testcase> <!-- NSPbacktodirectory -->
  <system-out/>
</testsuite> <!-- NSP.NSPSearchInstituteTestCases -->
