<?xml version="1.0" encoding="UTF-8"?>
<!-- Generated by org.testng.reporters.JUnitReportReporter -->
<testsuite hostname="DESKTOP-CLFL9AL" failures="0" tests="5" name="SPDepartmentOfRevenue.Duplicatetestcase" time="0.001" errors="0" timestamp="2024-04-01T15:58:13 IST" skipped="5">
  <testcase classname="SPDepartmentOfRevenue.Duplicatetestcase" name="allservicesnavigation" time="0.000">
    <skipped/>
  </testcase> <!-- allservicesnavigation -->
  <system-out/>
  <testcase classname="SPDepartmentOfRevenue.Duplicatetestcase" name="Deptnavigation" time="0.000">
    <skipped/>
  </testcase> <!-- Deptnavigation -->
  <system-out/>
  <testcase classname="SPDepartmentOfRevenue.Duplicatetestcase" name="ServicecountTestCases" time="0.000">
    <skipped/>
  </testcase> <!-- ServicecountTestCases -->
  <system-out/>
  <testcase classname="SPDepartmentOfRevenue.Duplicatetestcase" name="duplicateTestCases" time="0.000">
    <skipped/>
  </testcase> <!-- duplicateTestCases -->
  <system-out/>
  <testcase classname="SPDepartmentOfRevenue.Duplicatetestcase" name="IMbacktodirectory" time="0.001">
    <skipped/>
  </testcase> <!-- IMbacktodirectory -->
  <system-out/>
</testsuite> <!-- SPDepartmentOfRevenue.Duplicatetestcase -->
