<?xml version="1.0" encoding="UTF-8"?>
<!-- Generated by org.testng.reporters.JUnitReportReporter -->
<testsuite hostname="DESKTOP-CLFL9AL" failures="0" tests="5" name="SPDepartmentOfRevenue.CategoryCertificateTestCases" time="17.355" errors="0" timestamp="2023-05-02T08:58:02 IST" skipped="0">
  <testcase classname="SPDepartmentOfRevenue.CategoryCertificateTestCases" name="allservicesnavigation" time="8.931"/>
  <system-out/>
  <testcase classname="SPDepartmentOfRevenue.CategoryCertificateTestCases" name="CategoryCertificatenavigation" time="2.895"/>
  <system-out/>
  <testcase classname="SPDepartmentOfRevenue.CategoryCertificateTestCases" name="CategoryCertificate1TestCases" time="4.185"/>
  <system-out/>
  <testcase classname="SPDepartmentOfRevenue.CategoryCertificateTestCases" name="CategoryCertificate2TestCase" time="0.162"/>
  <system-out/>
  <testcase classname="SPDepartmentOfRevenue.CategoryCertificateTestCases" name="IMbacktodirectory" time="1.182"/>
  <system-out/>
</testsuite> <!-- SPDepartmentOfRevenue.CategoryCertificateTestCases -->
