<?xml version="1.0" encoding="UTF-8"?>
<!-- Generated by org.testng.reporters.JUnitReportReporter -->
<testsuite hostname="DESKTOP-CLFL9AL" failures="0" tests="6" name="NTA.NTANEETConfirmationdetailsTestCases" time="0.000" errors="0" timestamp="2022-12-18T16:48:56 IST" skipped="6">
  <testcase classname="NTA.NTANEETConfirmationdetailsTestCases" name="allservicesnavigation" time="0.000">
    <skipped/>
  </testcase> <!-- allservicesnavigation -->
  <system-out/>
  <testcase classname="NTA.NTANEETConfirmationdetailsTestCases" name="NTAdepartmentnavigation" time="0.000">
    <skipped/>
  </testcase> <!-- NTAdepartmentnavigation -->
  <system-out/>
  <testcase classname="NTA.NTANEETConfirmationdetailsTestCases" name="NTANEETConfirmationdetailsservicenavigation" time="0.000">
    <skipped/>
  </testcase> <!-- NTANEETConfirmationdetailsservicenavigation -->
  <system-out/>
  <testcase classname="NTA.NTANEETConfirmationdetailsTestCases" name="NTANEETConfirmationdetailscanditatevisible" time="0.000">
    <skipped/>
  </testcase> <!-- NTANEETConfirmationdetailscanditatevisible -->
  <system-out/>
  <testcase classname="NTA.NTANEETConfirmationdetailsTestCases" name="NTANEETconfirmationdetailsdownload" time="0.000">
    <skipped/>
  </testcase> <!-- NTANEETconfirmationdetailsdownload -->
  <system-out/>
  <testcase classname="NTA.NTANEETConfirmationdetailsTestCases" name="NTAbacktodirectory" time="0.000">
    <skipped/>
  </testcase> <!-- NTAbacktodirectory -->
  <system-out/>
</testsuite> <!-- NTA.NTANEETConfirmationdetailsTestCases -->
