<?xml version="1.0" encoding="UTF-8"?>
<!-- Generated by org.testng.reporters.JUnitReportReporter -->
<testsuite hostname="DESKTOP-CLFL9AL" failures="0" tests="5" name="SPDepOfSocialWelfare.DaughtersofWidowsTestCase" time="20.667" errors="0" timestamp="2023-05-02T07:30:02 IST" skipped="0">
  <testcase classname="SPDepOfSocialWelfare.DaughtersofWidowsTestCase" name="allservicesnavigation" time="9.372"/>
  <system-out/>
  <testcase classname="SPDepOfSocialWelfare.DaughtersofWidowsTestCase" name="DaughtersofWidowsnavigation" time="5.374"/>
  <system-out/>
  <testcase classname="SPDepOfSocialWelfare.DaughtersofWidowsTestCase" name="DaughtersofWidows1TestCases" time="4.188"/>
  <system-out/>
  <testcase classname="SPDepOfSocialWelfare.DaughtersofWidowsTestCase" name="DaughtersofWidows2TestCase" time="0.341"/>
  <system-out/>
  <testcase classname="SPDepOfSocialWelfare.DaughtersofWidowsTestCase" name="IMbacktodirectory" time="1.392"/>
  <system-out/>
</testsuite> <!-- SPDepOfSocialWelfare.DaughtersofWidowsTestCase -->
