<?xml version="1.0" encoding="UTF-8"?>
<!-- Generated by org.testng.reporters.JUnitReportReporter -->
<testsuite hostname="DESKTOP-CLFL9AL" failures="0" tests="5" name="SPDeptOfAnimalHusbandry.DairyFarmingTestCase" time="18.106" errors="0" timestamp="2023-05-02T07:30:03 IST" skipped="0">
  <testcase classname="SPDeptOfAnimalHusbandry.DairyFarmingTestCase" name="allservicesnavigation" time="8.817"/>
  <system-out/>
  <testcase classname="SPDeptOfAnimalHusbandry.DairyFarmingTestCase" name="DairyFarmingnavigation" time="3.262"/>
  <system-out/>
  <testcase classname="SPDeptOfAnimalHusbandry.DairyFarmingTestCase" name="DairyFarming1TestCases" time="4.217"/>
  <system-out/>
  <testcase classname="SPDeptOfAnimalHusbandry.DairyFarmingTestCase" name="DairyFarming2TestCase" time="0.183"/>
  <system-out/>
  <testcase classname="SPDeptOfAnimalHusbandry.DairyFarmingTestCase" name="IMbacktodirectory" time="1.627"/>
  <system-out/>
</testsuite> <!-- SPDeptOfAnimalHusbandry.DairyFarmingTestCase -->
