<?xml version="1.0" encoding="UTF-8"?>
<!-- Generated by org.testng.reporters.JUnitReportReporter -->
<testsuite hostname="DESKTOP-CLFL9AL" failures="0" tests="8" name="SPAgricultureDepartmentHaryana.RenewalORDuplicateORAmendmentinAcknowledgmentofReceiptAuthorizationletterofFertilizerDealerServicesDistrictlevTestCases" time="29.982" errors="0" timestamp="2024-04-12T00:35:51 IST" skipped="0">
  <testcase classname="SPAgricultureDepartmentHaryana.RenewalORDuplicateORAmendmentinAcknowledgmentofReceiptAuthorizationletterofFertilizerDealerServicesDistrictlevTestCases" name="allservicesnavigation" time="6.689"/>
  <system-out/>
  <testcase classname="SPAgricultureDepartmentHaryana.RenewalORDuplicateORAmendmentinAcknowledgmentofReceiptAuthorizationletterofFertilizerDealerServicesDistrictlevTestCases" name="Deptnavigation" time="5.254"/>
  <system-out/>
  <testcase classname="SPAgricultureDepartmentHaryana.RenewalORDuplicateORAmendmentinAcknowledgmentofReceiptAuthorizationletterofFertilizerDealerServicesDistrictlevTestCases" name="Seeinfoclick" time="2.926"/>
  <system-out/>
  <testcase classname="SPAgricultureDepartmentHaryana.RenewalORDuplicateORAmendmentinAcknowledgmentofReceiptAuthorizationletterofFertilizerDealerServicesDistrictlevTestCases" name="VisitServiceclick" time="5.348"/>
  <system-out/>
  <testcase classname="SPAgricultureDepartmentHaryana.RenewalORDuplicateORAmendmentinAcknowledgmentofReceiptAuthorizationletterofFertilizerDealerServicesDistrictlevTestCases" name="refreshpage" time="5.032"/>
  <system-out/>
  <testcase classname="SPAgricultureDepartmentHaryana.RenewalORDuplicateORAmendmentinAcknowledgmentofReceiptAuthorizationletterofFertilizerDealerServicesDistrictlevTestCases" name="ServiceNavigationTestCase" time="4.301"/>
  <system-out/>
  <testcase classname="SPAgricultureDepartmentHaryana.RenewalORDuplicateORAmendmentinAcknowledgmentofReceiptAuthorizationletterofFertilizerDealerServicesDistrictlevTestCases" name="ServicePlusPageTestCase" time="0.245"/>
  <system-out/>
  <testcase classname="SPAgricultureDepartmentHaryana.RenewalORDuplicateORAmendmentinAcknowledgmentofReceiptAuthorizationletterofFertilizerDealerServicesDistrictlevTestCases" name="IMbacktodirectory" time="0.187"/>
  <system-out/>
</testsuite> <!-- SPAgricultureDepartmentHaryana.RenewalORDuplicateORAmendmentinAcknowledgmentofReceiptAuthorizationletterofFertilizerDealerServicesDistrictlevTestCases -->
