<?xml version="1.0" encoding="UTF-8"?>
<!-- Generated by org.testng.reporters.JUnitReportReporter -->
<testsuite hostname="DESKTOP-CLFL9AL" failures="0" tests="8" name="SPDepartmentofForestTripura.ExtractionPermitofTreesTestCases" time="30.012" errors="0" timestamp="2024-04-12T00:35:51 IST" skipped="0">
  <testcase classname="SPDepartmentofForestTripura.ExtractionPermitofTreesTestCases" name="allservicesnavigation" time="6.615"/>
  <system-out/>
  <testcase classname="SPDepartmentofForestTripura.ExtractionPermitofTreesTestCases" name="DeptNavigation" time="5.319"/>
  <system-out/>
  <testcase classname="SPDepartmentofForestTripura.ExtractionPermitofTreesTestCases" name="Seeinfoclick" time="3.061"/>
  <system-out/>
  <testcase classname="SPDepartmentofForestTripura.ExtractionPermitofTreesTestCases" name="VisitServiceclick" time="5.403"/>
  <system-out/>
  <testcase classname="SPDepartmentofForestTripura.ExtractionPermitofTreesTestCases" name="refreshpage" time="4.867"/>
  <system-out/>
  <testcase classname="SPDepartmentofForestTripura.ExtractionPermitofTreesTestCases" name="ServiceNavigationTestCase" time="4.326"/>
  <system-out/>
  <testcase classname="SPDepartmentofForestTripura.ExtractionPermitofTreesTestCases" name="ServicePlusPageTestCase" time="0.211"/>
  <system-out/>
  <testcase classname="SPDepartmentofForestTripura.ExtractionPermitofTreesTestCases" name="IMbacktodirectory" time="0.210"/>
  <system-out/>
</testsuite> <!-- SPDepartmentofForestTripura.ExtractionPermitofTreesTestCases -->
