<?xml version="1.0" encoding="UTF-8"?>
<!-- Generated by org.testng.reporters.JUnitReportReporter -->
<testsuite hostname="DESKTOP-CLFL9AL" failures="0" tests="6" name="UMANG.Cowintest.CRISPNRStatusTestCases" time="0.000" errors="0" timestamp="2022-12-18T16:48:57 IST" skipped="6">
  <testcase classname="UMANG.Cowintest.CRISPNRStatusTestCases" name="allservicesnavigation" time="0.000">
    <skipped/>
  </testcase> <!-- allservicesnavigation -->
  <system-out/>
  <testcase classname="UMANG.Cowintest.CRISPNRStatusTestCases" name="CRISdepartmentnavigation" time="0.000">
    <skipped/>
  </testcase> <!-- CRISdepartmentnavigation -->
  <system-out/>
  <testcase classname="UMANG.Cowintest.CRISPNRStatusTestCases" name="CRISServiceNavigation" time="0.000">
    <skipped/>
  </testcase> <!-- CRISServiceNavigation -->
  <system-out/>
  <testcase classname="UMANG.Cowintest.CRISPNRStatusTestCases" name="CRISpnrinvalidpnr" time="0.000">
    <skipped/>
  </testcase> <!-- CRISpnrinvalidpnr -->
  <system-out/>
  <testcase classname="UMANG.Cowintest.CRISPNRStatusTestCases" name="CRISflushedpnr" time="0.000">
    <skipped/>
  </testcase> <!-- CRISflushedpnr -->
  <system-out/>
  <testcase classname="UMANG.Cowintest.CRISPNRStatusTestCases" name="CRISbacktoservicedirectory" time="0.000">
    <skipped/>
  </testcase> <!-- CRISbacktoservicedirectory -->
  <system-out/>
</testsuite> <!-- UMANG.Cowintest.CRISPNRStatusTestCases -->
